=== Resource Snapshot: No-Cache VM - before_income - Payload: 1000 - Endpoint: income ===
Timestamp: Wed Nov  5 14:13:15 UTC 2025

Memory Usage:
              total        used        free      shared  buff/cache   available
Mem:          1.9Gi       564Mi       186Mi        31Mi       1.1Gi       1.1Gi
Swap:            0B          0B          0B

Disk Usage:
Filesystem      Size  Used Avail Use% Mounted on
/dev/root       7.6G  4.0G  3.6G  53% /

Nginx Cache Size:

Database Size:
 pg_size_pretty 
----------------
 14 MB
(1 row)


==========================================

=== Resource Snapshot: Cache-Hit VM - before_income - Payload: 1000 - Endpoint: income ===
Timestamp: Wed Nov  5 14:13:15 UTC 2025

Memory Usage:
              total        used        free      shared  buff/cache   available
Mem:          1.9Gi       670Mi       340Mi        39Mi       914Mi       1.0Gi
Swap:            0B          0B          0B

Disk Usage:
Filesystem      Size  Used Avail Use% Mounted on
/dev/root       7.6G  4.2G  3.4G  56% /

Nginx Cache Size:
8.0K	/var/cache/nginx/

Database Size:
 pg_size_pretty 
----------------
 13 MB
(1 row)


==========================================

=== Resource Snapshot: Cache-Miss VM - before_income - Payload: 1000 - Endpoint: income ===
Timestamp: Wed Nov  5 14:13:15 UTC 2025

Memory Usage:
              total        used        free      shared  buff/cache   available
Mem:          1.9Gi       378Mi       193Mi        31Mi       1.3Gi       1.3Gi
Swap:            0B          0B          0B

Disk Usage:
Filesystem      Size  Used Avail Use% Mounted on
/dev/root       7.6G  3.4G  4.2G  45% /

Nginx Cache Size:
8.0K	/var/cache/nginx/

Database Size:
 pg_size_pretty 
----------------
 12 MB
(1 row)


==========================================

=== Resource Snapshot: No-Cache VM - after_income - Payload: 1000 - Endpoint: income ===
Timestamp: Wed Nov  5 14:51:00 UTC 2025

Memory Usage:
              total        used        free      shared  buff/cache   available
Mem:          1.9Gi       571Mi       122Mi        31Mi       1.2Gi       1.1Gi
Swap:            0B          0B          0B

Disk Usage:
Filesystem      Size  Used Avail Use% Mounted on
/dev/root       7.6G  4.0G  3.7G  53% /

Nginx Cache Size:

Database Size:
 pg_size_pretty 
----------------
 14 MB
(1 row)


==========================================

=== Resource Snapshot: Cache-Hit VM - after_income - Payload: 1000 - Endpoint: income ===
Timestamp: Wed Nov  5 14:51:00 UTC 2025

Memory Usage:
              total        used        free      shared  buff/cache   available
Mem:          1.9Gi       660Mi        91Mi        39Mi       1.1Gi       1.0Gi
Swap:            0B          0B          0B

Disk Usage:
Filesystem      Size  Used Avail Use% Mounted on
/dev/root       7.6G  4.8G  2.8G  64% /

Nginx Cache Size:
8.0K	/var/cache/nginx/

Database Size:
 pg_size_pretty 
----------------
 13 MB
(1 row)


==========================================

=== Resource Snapshot: Cache-Miss VM - after_income - Payload: 1000 - Endpoint: income ===
Timestamp: Wed Nov  5 14:51:00 UTC 2025

Memory Usage:
              total        used        free      shared  buff/cache   available
Mem:          1.9Gi       391Mi       178Mi        31Mi       1.3Gi       1.3Gi
Swap:            0B          0B          0B

Disk Usage:
Filesystem      Size  Used Avail Use% Mounted on
/dev/root       7.6G  3.4G  4.2G  45% /

Nginx Cache Size:
8.0K	/var/cache/nginx/

Database Size:
 pg_size_pretty 
----------------
 12 MB
(1 row)


==========================================

