=== Resource Snapshot: No-Cache VM - before_income - Payload: 16000 - Endpoint: income ===
Timestamp: Wed Nov  5 19:25:11 UTC 2025

Memory Usage:
              total        used        free      shared  buff/cache   available
Mem:          1.9Gi       613Mi        92Mi        31Mi       1.2Gi       1.1Gi
Swap:            0B          0B          0B

Disk Usage:
Filesystem      Size  Used Avail Use% Mounted on
/dev/root       7.6G  4.2G  3.5G  55% /

Nginx Cache Size:

Database Size:
 pg_size_pretty 
----------------
 18 MB
(1 row)


==========================================

=== Resource Snapshot: Cache-Hit VM - before_income - Payload: 16000 - Endpoint: income ===
Timestamp: Wed Nov  5 19:25:11 UTC 2025

Memory Usage:
              total        used        free      shared  buff/cache   available
Mem:          1.9Gi       608Mi       909Mi        40Mi       408Mi       1.1Gi
Swap:            0B          0B          0B

Disk Usage:
Filesystem      Size  Used Avail Use% Mounted on
/dev/root       7.6G  4.3G  3.3G  57% /

Nginx Cache Size:
8.0K	/var/cache/nginx/

Database Size:
 pg_size_pretty 
----------------
 15 MB
(1 row)


==========================================

=== Resource Snapshot: Cache-Miss VM - before_income - Payload: 16000 - Endpoint: income ===
Timestamp: Wed Nov  5 19:25:11 UTC 2025

Memory Usage:
              total        used        free      shared  buff/cache   available
Mem:          1.9Gi       414Mi       127Mi        31Mi       1.4Gi       1.3Gi
Swap:            0B          0B          0B

Disk Usage:
Filesystem      Size  Used Avail Use% Mounted on
/dev/root       7.6G  3.4G  4.2G  45% /

Nginx Cache Size:
8.0K	/var/cache/nginx/

Database Size:
 pg_size_pretty 
----------------
 15 MB
(1 row)


==========================================

=== Resource Snapshot: No-Cache VM - after_income - Payload: 16000 - Endpoint: income ===
Timestamp: Wed Nov  5 20:03:08 UTC 2025

Memory Usage:
              total        used        free      shared  buff/cache   available
Mem:          1.9Gi       751Mi        92Mi        31Mi       1.1Gi       955Mi
Swap:            0B          0B          0B

Disk Usage:
Filesystem      Size  Used Avail Use% Mounted on
/dev/root       7.6G  4.1G  3.6G  54% /

Nginx Cache Size:

Database Size:
 pg_size_pretty 
----------------
 18 MB
(1 row)


==========================================

=== Resource Snapshot: Cache-Hit VM - after_income - Payload: 16000 - Endpoint: income ===
Timestamp: Wed Nov  5 20:03:08 UTC 2025

Memory Usage:
              total        used        free      shared  buff/cache   available
Mem:          1.9Gi       698Mi        92Mi        40Mi       1.1Gi       995Mi
Swap:            0B          0B          0B

Disk Usage:
Filesystem      Size  Used Avail Use% Mounted on
/dev/root       7.6G  6.4G  1.3G  84% /

Nginx Cache Size:
8.0K	/var/cache/nginx/

Database Size:
 pg_size_pretty 
----------------
 15 MB
(1 row)


==========================================

=== Resource Snapshot: Cache-Miss VM - after_income - Payload: 16000 - Endpoint: income ===
Timestamp: Wed Nov  5 20:03:09 UTC 2025

Memory Usage:
              total        used        free      shared  buff/cache   available
Mem:          1.9Gi       402Mi       136Mi        31Mi       1.4Gi       1.3Gi
Swap:            0B          0B          0B

Disk Usage:
Filesystem      Size  Used Avail Use% Mounted on
/dev/root       7.6G  3.4G  4.2G  45% /

Nginx Cache Size:
8.0K	/var/cache/nginx/

Database Size:
 pg_size_pretty 
----------------
 15 MB
(1 row)


==========================================

