=== Resource Snapshot: No-Cache VM - before_automatic - Payload: 100 - Endpoint: automatic ===
Timestamp: Wed Nov  5 10:59:16 UTC 2025

Memory Usage:
              total        used        free      shared  buff/cache   available
Mem:          1.9Gi       581Mi       101Mi        31Mi       1.2Gi       1.1Gi
Swap:            0B          0B          0B

Disk Usage:
Filesystem      Size  Used Avail Use% Mounted on
/dev/root       7.6G  4.0G  3.7G  52% /

Nginx Cache Size:

Database Size:
 pg_size_pretty 
----------------
 19 MB
(1 row)


==========================================

=== Resource Snapshot: Cache-Hit VM - before_automatic - Payload: 100 - Endpoint: automatic ===
Timestamp: Wed Nov  5 10:59:17 UTC 2025

Memory Usage:
              total        used        free      shared  buff/cache   available
Mem:          1.9Gi       657Mi       419Mi        38Mi       848Mi       1.0Gi
Swap:            0B          0B          0B

Disk Usage:
Filesystem      Size  Used Avail Use% Mounted on
/dev/root       7.6G  4.0G  3.6G  53% /

Nginx Cache Size:
8.0K	/var/cache/nginx/

Database Size:
 pg_size_pretty 
----------------
 18 MB
(1 row)


==========================================

=== Resource Snapshot: Cache-Miss VM - before_automatic - Payload: 100 - Endpoint: automatic ===
Timestamp: Wed Nov  5 10:59:18 UTC 2025

Memory Usage:
              total        used        free      shared  buff/cache   available
Mem:          1.9Gi       386Mi       194Mi        31Mi       1.3Gi       1.3Gi
Swap:            0B          0B          0B

Disk Usage:
Filesystem      Size  Used Avail Use% Mounted on
/dev/root       7.6G  3.4G  4.3G  45% /

Nginx Cache Size:
8.0K	/var/cache/nginx/

Database Size:
 pg_size_pretty 
----------------
 17 MB
(1 row)


==========================================

=== Resource Snapshot: No-Cache VM - after_automatic - Payload: 100 - Endpoint: automatic ===
Timestamp: Wed Nov  5 11:37:07 UTC 2025

Memory Usage:
              total        used        free      shared  buff/cache   available
Mem:          1.9Gi       560Mi        98Mi        31Mi       1.2Gi       1.1Gi
Swap:            0B          0B          0B

Disk Usage:
Filesystem      Size  Used Avail Use% Mounted on
/dev/root       7.6G  4.0G  3.6G  53% /

Nginx Cache Size:

Database Size:
 pg_size_pretty 
----------------
 19 MB
(1 row)


==========================================

=== Resource Snapshot: Cache-Hit VM - after_automatic - Payload: 100 - Endpoint: automatic ===
Timestamp: Wed Nov  5 11:37:07 UTC 2025

Memory Usage:
              total        used        free      shared  buff/cache   available
Mem:          1.9Gi       678Mi       351Mi        38Mi       895Mi       1.0Gi
Swap:            0B          0B          0B

Disk Usage:
Filesystem      Size  Used Avail Use% Mounted on
/dev/root       7.6G  4.1G  3.6G  54% /

Nginx Cache Size:
8.0K	/var/cache/nginx/

Database Size:
 pg_size_pretty 
----------------
 18 MB
(1 row)


==========================================

=== Resource Snapshot: Cache-Miss VM - after_automatic - Payload: 100 - Endpoint: automatic ===
Timestamp: Wed Nov  5 11:37:07 UTC 2025

Memory Usage:
              total        used        free      shared  buff/cache   available
Mem:          1.9Gi       382Mi       196Mi        31Mi       1.3Gi       1.3Gi
Swap:            0B          0B          0B

Disk Usage:
Filesystem      Size  Used Avail Use% Mounted on
/dev/root       7.6G  3.4G  4.3G  45% /

Nginx Cache Size:
8.0K	/var/cache/nginx/

Database Size:
 pg_size_pretty 
----------------
 17 MB
(1 row)


==========================================

