=== Resource Snapshot: No-Cache VM - before_income - Payload: 10 - Endpoint: income ===
Timestamp: Wed Nov  5 10:19:10 UTC 2025

Memory Usage:
              total        used        free      shared  buff/cache   available
Mem:          1.9Gi       563Mi       180Mi        31Mi       1.2Gi       1.1Gi
Swap:            0B          0B          0B

Disk Usage:
Filesystem      Size  Used Avail Use% Mounted on
/dev/root       7.6G  4.0G  3.7G  53% /

Nginx Cache Size:

Database Size:
 pg_size_pretty 
----------------
 19 MB
(1 row)


==========================================

=== Resource Snapshot: Cache-Hit VM - before_income - Payload: 10 - Endpoint: income ===
Timestamp: Wed Nov  5 10:19:10 UTC 2025

Memory Usage:
              total        used        free      shared  buff/cache   available
Mem:          1.9Gi       674Mi       486Mi        36Mi       765Mi       1.0Gi
Swap:            0B          0B          0B

Disk Usage:
Filesystem      Size  Used Avail Use% Mounted on
/dev/root       7.6G  4.1G  3.6G  53% /

Nginx Cache Size:
8.0K	/var/cache/nginx/

Database Size:
 pg_size_pretty 
----------------
 18 MB
(1 row)


==========================================

=== Resource Snapshot: Cache-Miss VM - before_income - Payload: 10 - Endpoint: income ===
Timestamp: Wed Nov  5 10:19:11 UTC 2025

Memory Usage:
              total        used        free      shared  buff/cache   available
Mem:          1.9Gi       367Mi       214Mi        31Mi       1.3Gi       1.3Gi
Swap:            0B          0B          0B

Disk Usage:
Filesystem      Size  Used Avail Use% Mounted on
/dev/root       7.6G  3.4G  4.3G  45% /

Nginx Cache Size:
8.0K	/var/cache/nginx/

Database Size:
 pg_size_pretty 
----------------
 17 MB
(1 row)


==========================================

=== Resource Snapshot: No-Cache VM - after_income - Payload: 10 - Endpoint: income ===
Timestamp: Wed Nov  5 10:56:52 UTC 2025

Memory Usage:
              total        used        free      shared  buff/cache   available
Mem:          1.9Gi       585Mi        97Mi        31Mi       1.2Gi       1.1Gi
Swap:            0B          0B          0B

Disk Usage:
Filesystem      Size  Used Avail Use% Mounted on
/dev/root       7.6G  4.0G  3.7G  52% /

Nginx Cache Size:

Database Size:
 pg_size_pretty 
----------------
 19 MB
(1 row)


==========================================

=== Resource Snapshot: Cache-Hit VM - after_income - Payload: 10 - Endpoint: income ===
Timestamp: Wed Nov  5 10:56:52 UTC 2025

Memory Usage:
              total        used        free      shared  buff/cache   available
Mem:          1.9Gi       678Mi       399Mi        38Mi       847Mi       1.0Gi
Swap:            0B          0B          0B

Disk Usage:
Filesystem      Size  Used Avail Use% Mounted on
/dev/root       7.6G  4.0G  3.6G  53% /

Nginx Cache Size:
8.0K	/var/cache/nginx/

Database Size:
 pg_size_pretty 
----------------
 18 MB
(1 row)


==========================================

=== Resource Snapshot: Cache-Miss VM - after_income - Payload: 10 - Endpoint: income ===
Timestamp: Wed Nov  5 10:56:53 UTC 2025

Memory Usage:
              total        used        free      shared  buff/cache   available
Mem:          1.9Gi       390Mi       189Mi        31Mi       1.3Gi       1.3Gi
Swap:            0B          0B          0B

Disk Usage:
Filesystem      Size  Used Avail Use% Mounted on
/dev/root       7.6G  3.4G  4.3G  45% /

Nginx Cache Size:
8.0K	/var/cache/nginx/

Database Size:
 pg_size_pretty 
----------------
 17 MB
(1 row)


==========================================

