=== Resource Snapshot: No-Cache VM - before_income - Payload: 32000 - Endpoint: income ===
Timestamp: Thu Nov  6 15:42:45 UTC 2025

Memory Usage:
              total        used        free      shared  buff/cache   available
Mem:          1.9Gi       731Mi       148Mi        31Mi       1.0Gi       975Mi
Swap:            0B          0B          0B

Disk Usage:
Filesystem      Size  Used Avail Use% Mounted on
/dev/root       7.6G  4.1G  3.5G  54% /

Nginx Cache Size:

Database Size:
 pg_size_pretty 
----------------
 19 MB
(1 row)


==========================================

=== Resource Snapshot: Cache-Hit VM - before_income - Payload: 32000 - Endpoint: income ===
Timestamp: Thu Nov  6 15:42:45 UTC 2025

Memory Usage:
              total        used        free      shared  buff/cache   available
Mem:          1.9Gi       702Mi       252Mi        40Mi       971Mi       997Mi
Swap:            0B          0B          0B

Disk Usage:
Filesystem      Size  Used Avail Use% Mounted on
/dev/root       7.6G  4.3G  3.3G  57% /

Nginx Cache Size:
8.0K	/var/cache/nginx/

Database Size:
 pg_size_pretty 
----------------
 23 MB
(1 row)


==========================================

=== Resource Snapshot: Cache-Miss VM - before_income - Payload: 32000 - Endpoint: income ===
Timestamp: Thu Nov  6 15:42:45 UTC 2025

Memory Usage:
              total        used        free      shared  buff/cache   available
Mem:          1.9Gi       386Mi       194Mi        31Mi       1.3Gi       1.3Gi
Swap:            0B          0B          0B

Disk Usage:
Filesystem      Size  Used Avail Use% Mounted on
/dev/root       7.6G  3.4G  4.2G  45% /

Nginx Cache Size:
8.0K	/var/cache/nginx/

Database Size:
 pg_size_pretty 
----------------
 23 MB
(1 row)


==========================================

=== Resource Snapshot: No-Cache VM - after_income - Payload: 32000 - Endpoint: income ===
Timestamp: Thu Nov  6 16:16:13 UTC 2025

Memory Usage:
              total        used        free      shared  buff/cache   available
Mem:          1.9Gi       742Mi       165Mi        31Mi       1.0Gi       964Mi
Swap:            0B          0B          0B

Disk Usage:
Filesystem      Size  Used Avail Use% Mounted on
/dev/root       7.6G  4.1G  3.5G  54% /

Nginx Cache Size:

Database Size:
 pg_size_pretty 
----------------
 19 MB
(1 row)


==========================================

=== Resource Snapshot: Cache-Hit VM - after_income - Payload: 32000 - Endpoint: income ===
Timestamp: Thu Nov  6 16:16:14 UTC 2025

Memory Usage:
              total        used        free      shared  buff/cache   available
Mem:          1.9Gi       510Mi       222Mi        40Mi       1.2Gi       1.2Gi
Swap:            0B          0B          0B

Disk Usage:
Filesystem      Size  Used Avail Use% Mounted on
/dev/root       7.6G  6.3G  1.3G  84% /

Nginx Cache Size:
8.0K	/var/cache/nginx/

Database Size:
 pg_size_pretty 
----------------
 23 MB
(1 row)


==========================================

=== Resource Snapshot: Cache-Miss VM - after_income - Payload: 32000 - Endpoint: income ===
Timestamp: Thu Nov  6 16:16:14 UTC 2025

Memory Usage:
              total        used        free      shared  buff/cache   available
Mem:          1.9Gi       380Mi       199Mi        31Mi       1.3Gi       1.3Gi
Swap:            0B          0B          0B

Disk Usage:
Filesystem      Size  Used Avail Use% Mounted on
/dev/root       7.6G  3.4G  4.2G  45% /

Nginx Cache Size:
8.0K	/var/cache/nginx/

Database Size:
 pg_size_pretty 
----------------
 23 MB
(1 row)


==========================================

=== Resource Snapshot: No-Cache VM - before_income - Payload: 32000 - Endpoint: income ===
Timestamp: Fri Nov  7 13:23:39 UTC 2025

Memory Usage:
              total        used        free      shared  buff/cache   available
Mem:          1.9Gi       719Mi       211Mi        32Mi       994Mi       986Mi
Swap:            0B          0B          0B

Disk Usage:
Filesystem      Size  Used Avail Use% Mounted on
/dev/root       7.6G  4.0G  3.7G  53% /

Nginx Cache Size:

Database Size:
 pg_size_pretty 
----------------
 23 MB
(1 row)


==========================================

=== Resource Snapshot: Cache-Hit VM - before_income - Payload: 32000 - Endpoint: income ===
Timestamp: Fri Nov  7 13:23:40 UTC 2025

Memory Usage:
              total        used        free      shared  buff/cache   available
Mem:          1.9Gi       570Mi       484Mi        40Mi       870Mi       1.1Gi
Swap:            0B          0B          0B

Disk Usage:
Filesystem      Size  Used Avail Use% Mounted on
/dev/root       7.6G  4.1G  3.6G  54% /

Nginx Cache Size:
8.0K	/var/cache/nginx/

Database Size:
 pg_size_pretty 
----------------
 23 MB
(1 row)


==========================================

=== Resource Snapshot: Cache-Miss VM - before_income - Payload: 32000 - Endpoint: income ===
Timestamp: Fri Nov  7 13:23:41 UTC 2025

Memory Usage:
              total        used        free      shared  buff/cache   available
Mem:          1.9Gi       379Mi       208Mi        31Mi       1.3Gi       1.3Gi
Swap:            0B          0B          0B

Disk Usage:
Filesystem      Size  Used Avail Use% Mounted on
/dev/root       7.6G  3.5G  4.1G  46% /

Nginx Cache Size:
8.0K	/var/cache/nginx/

Database Size:
 pg_size_pretty 
----------------
 23 MB
(1 row)


==========================================

=== Resource Snapshot: No-Cache VM - before_income - Payload: 32000 - Endpoint: income ===
Timestamp: Fri Nov  7 13:48:40 UTC 2025

Memory Usage:
              total        used        free      shared  buff/cache   available
Mem:          1.9Gi       614Mi       309Mi        32Mi       1.0Gi       1.1Gi
Swap:            0B          0B          0B

Disk Usage:
Filesystem      Size  Used Avail Use% Mounted on
/dev/root       7.6G  4.0G  3.6G  53% /

Nginx Cache Size:

Database Size:
 pg_size_pretty 
----------------
 24 MB
(1 row)


==========================================

=== Resource Snapshot: Cache-Hit VM - before_income - Payload: 32000 - Endpoint: income ===
Timestamp: Fri Nov  7 13:48:40 UTC 2025

Memory Usage:
              total        used        free      shared  buff/cache   available
Mem:          1.9Gi       576Mi       953Mi        40Mi       395Mi       1.1Gi
Swap:            0B          0B          0B

Disk Usage:
Filesystem      Size  Used Avail Use% Mounted on
/dev/root       7.6G  4.1G  3.6G  54% /

Nginx Cache Size:
8.0K	/var/cache/nginx/

Database Size:
 pg_size_pretty 
----------------
 22 MB
(1 row)


==========================================

=== Resource Snapshot: Cache-Miss VM - before_income - Payload: 32000 - Endpoint: income ===
Timestamp: Fri Nov  7 13:48:40 UTC 2025

Memory Usage:
              total        used        free      shared  buff/cache   available
Mem:          1.9Gi       376Mi       222Mi        31Mi       1.3Gi       1.3Gi
Swap:            0B          0B          0B

Disk Usage:
Filesystem      Size  Used Avail Use% Mounted on
/dev/root       7.6G  3.5G  4.1G  46% /

Nginx Cache Size:
8.0K	/var/cache/nginx/

Database Size:
 pg_size_pretty 
----------------
 22 MB
(1 row)


==========================================

=== Resource Snapshot: No-Cache VM - after_income - Payload: 32000 - Endpoint: income ===
Timestamp: Fri Nov  7 13:54:26 UTC 2025

Memory Usage:
              total        used        free      shared  buff/cache   available
Mem:          1.9Gi       643Mi       278Mi        32Mi       1.0Gi       1.0Gi
Swap:            0B          0B          0B

Disk Usage:
Filesystem      Size  Used Avail Use% Mounted on
/dev/root       7.6G  4.0G  3.6G  53% /

Nginx Cache Size:

Database Size:
 pg_size_pretty 
----------------
 24 MB
(1 row)


==========================================

=== Resource Snapshot: Cache-Hit VM - after_income - Payload: 32000 - Endpoint: income ===
Timestamp: Fri Nov  7 13:54:26 UTC 2025

Memory Usage:
              total        used        free      shared  buff/cache   available
Mem:          1.9Gi       532Mi       784Mi        40Mi       608Mi       1.1Gi
Swap:            0B          0B          0B

Disk Usage:
Filesystem      Size  Used Avail Use% Mounted on
/dev/root       7.6G  4.3G  3.3G  57% /

Nginx Cache Size:
8.0K	/var/cache/nginx/

Database Size:
 pg_size_pretty 
----------------
 22 MB
(1 row)


==========================================

=== Resource Snapshot: Cache-Miss VM - after_income - Payload: 32000 - Endpoint: income ===
Timestamp: Fri Nov  7 13:54:26 UTC 2025

Memory Usage:
              total        used        free      shared  buff/cache   available
Mem:          1.9Gi       379Mi       217Mi        31Mi       1.3Gi       1.3Gi
Swap:            0B          0B          0B

Disk Usage:
Filesystem      Size  Used Avail Use% Mounted on
/dev/root       7.6G  3.5G  4.1G  46% /

Nginx Cache Size:
8.0K	/var/cache/nginx/

Database Size:
 pg_size_pretty 
----------------
 22 MB
(1 row)


==========================================

