procs -----------memory---------- ---swap-- -----io---- -system-- ------cpu-----
 r  b   swpd   free   buff  cache   si   so    bi    bo   in   cs us sy id wa st
 2  0      0 946028  42660 295992    0    0     6   511    0    9  6  1 92  0  2
 0  0      0 946028  42660 296056    0    0     0     0  359  514  2  1 98  0  0
 0  0      0 946028  42664 297096    0    0   163    26  611  915  4  1 95  0  0
 0  0      0 945804  42672 297384    0    0     0    33  888 1350  6  1 92  0  1
 0  0      0 945804  42676 297524    0    0     0   490 1186 1845  9  2 88  0  1
 0  0      0 945580  42684 297728    0    0     0    59 1487 2319 11  1 86  0  1
 1  0      0 945580  42684 297952    0    0     0   270 1857 2898 15  2 82  0  1
 1  0      0 945356  42692 298348    0    0     0    88 2037 3212 16  2 80  0  2
 0  0      0 944460  42700 298640    0    0     0   102 2043 3225 16  2 81  0  2
 0  0      0 943788  42708 299020    0    0     0    94 2063 3265 17  2 79  0  3
 0  0      0 943340  42712 299408    0    0     0   106 2076 3276 16  3 78  0  3
 1  0      0 943340  42716 299656    0    0     0   466 1824 2863 16  2 70  0 12
 0  0      0 943088  42724 299924    0    0     0   224 2056 3231 16  2 79  0  3
 0  0      0 943088  42728 300200    0    0     0   152 2046 3243 15  3 81  0  1
 1  0      0 943088  42736 300480    0    0     0   166 2056 3241 15  3 80  0  2
 0  0      0 943088  42740 300808    0    0     0   144 2035 3204 16  2 80  0  2
 0  0      0 943088  42744 301184    0    0     0   142 2062 3265 17  2 77  0  3
 1  0      0 943088  42752 301600    0    0     0   146 2076 3274 16  2 79  0  3
 0  0      0 943088  42760 301876    0    0     0   646 2087 3264 16  2 79  0  3
 1  0      0 943088  42764 302324    0    0     0   160 2163 3420 17  3 77  0  3
 1  0      0 943088  42772 302624    0    0     0   173 2371 3815 19  3 75  0  3
procs -----------memory---------- ---swap-- -----io---- -system-- ------cpu-----
 r  b   swpd   free   buff  cache   si   so    bi    bo   in   cs us sy id wa st
 0  0      0 943088  42776 303088    0    0     0   160 2385 3866 19  3 76  0  2
 0  0      0 943088  42780 303428    0    0     0   162 2341 3751 18  2 77  0  3
 0  0      0 943088  42792 303672    0    0     1   158 1848 2874 16  2 66  0 16
 0  0      0 942416  42800 304096    0    0     0   274 2314 3743 19  2 75  0  4
 1  0      0 942192  42804 304440    0    0     0   630 2319 3741 19  3 75  0  3
 0  0      0 942192  42808 304896    0    0     0   201 2321 3757 18  3 77  0  2
 1  0      0 942192  42816 305184    0    0     0   176 2253 3618 17  2 79  0  2
 0  0      0 942192  42824 305540    0    0     1   168 2327 3746 18  2 78  0  2
 1  0      0 942192  42828 305980    0    0     0   166 2333 3795 19  2 76  0  3
 1  0      0 942192  42836 306304    0    0     0   290 2379 3887 19  3 76  0  2
 0  0      0 941968  42840 306772    0    0     0   194 2279 3702 19  2 75  0  4
 1  0      0 941968  42844 307212    0    0     0   716 2418 3940 19  3 76  0  2
 0  0      0 938944  42940 313620    0    0    18   342 2451 4024 18  2 78  0  1
 1  0      0 938216  42944 314252    0    0     0   185 2317 3776 19  3 75  0  3
 0  0      0 937964  42952 314644    0    0     0   150 1739 2712 15  2 66  0 17
 1  0      0 937712  42960 315292    0    0     0   177 2318 3750 19  2 76  0  3
 0  0      0 937460  42968 315724    0    0     0   199 2386 3894 18  3 76  0  2
 1  0      0 936984  42972 316340    0    0     0   213 2396 3899 19  2 77  0  2
 1  0      0 936312  42988 316816    0    0     0  2020 2385 3886 19  2 77  0  2
 1  0      0 936060  42992 317444    0    0     0   181 2187 3508 17  2 78  0  2
 0  0      0 934800  43000 318040    0    0     2   143 1669 2610 12  2 85  0  1
procs -----------memory---------- ---swap-- -----io---- -system-- ------cpu-----
 r  b   swpd   free   buff  cache   si   so    bi    bo   in   cs us sy id wa st
 1  0      0 934800  43004 318172    0    0     0   119  727 1104  5  1 94  0  0
