procs -----------memory---------- ---swap-- -----io---- -system-- ------cpu-----
 r  b   swpd   free   buff  cache   si   so    bi    bo   in   cs us sy id wa st
 1  0      0 514464      0 233264    0    0    10     9   81   82  1  0 99  0  0
 0  0      0 504132      0 233268    0    0     0     1  397  584  2  0 97  0  0
 0  0      0 503376      0 233268    0    0     0     1  518  912  1  0 99  0  0
 0  0      0 502368      0 233272    0    0     0     4  587 1016  0  0 99  0  0
 0  0      0 501864      0 233272    0    0     0    16  650 1116  0  0 99  0  0
 0  0      0 501612      0 233272    0    0     0     1  616 1073  0  1 99  0  0
 0  0      0 500856      0 233272    0    0     0     3  677 1173  1  0 99  0  0
 0  0      0 500604      0 233272    0    0     0     1  638 1112  0  0 99  0  0
 0  0      0 500100      0 233272    0    0     0     1  620 1083  1  0 99  0  0
 0  0      0 500100      0 233272    0    0     0     3  587 1032  0  0 99  0  0
 0  0      0 500100      0 233276    0    0     0    14  618 1091  1  0 99  0  0
 0  0      0 499596      0 233276    0    0     0     2  629 1097  0  0 99  0  1
 0  0      0 499596      0 233276    0    0     0     3  487  868  0  0 99  0  1
 0  0      0 499596      0 233276    0    0     0     1  617 1093  0  0 99  0  0
 0  0      0 498840      0 233276    0    0     0     1  649 1129  1  0 99  0  0
 0  0      0 497328      0 233276    0    0     0     3  676 1194  1  1 98  0  0
 0  0      0 497328      0 233276    0    0     0     5  571 1012  1  0 99  0  0
 0  0      0 497328      0 233280    0    0     0     1  625 1095  1  0 99  0  0
 0  0      0 497328      0 233280    0    0     0     2  652 1146  1  0 99  0  0
 0  0      0 497328      0 233280    0    0     0     3  704 1218  0  0 99  0  0
 0  0      0 497076      0 233280    0    0     0     1  718 1229  1  1 99  0  0
procs -----------memory---------- ---swap-- -----io---- -system-- ------cpu-----
 r  b   swpd   free   buff  cache   si   so    bi    bo   in   cs us sy id wa st
 0  0      0 497076      0 233280    0    0     0   225  693 1193  1  0 99  0  0
 0  0      0 496824      0 233280    0    0     0    26  659 1129  0  0 100  0  0
 0  0      0 495564      0 233280    0    0     0     1  644 1103  1  0 99  0  0
 0  0      0 494556      0 233284    0    0     0     2  591 1017  1  0 98  0  1
 0  0      0 494304      0 233288    0    0     0     4  624 1074  1  0 99  0  0
 0  0      0 494304      0 233292    0    0     0     1  608 1064  0  0 99  0  0
 0  0      0 494052      0 233292    0    0     0     7  607 1065  1  0 99  0  0
 0  0      0 493296      0 233292    0    0     0    14  574 1015  0  0 99  0  0
 0  0      0 492288      0 233292    0    0     0     1  606 1054  0  0 99  0  0
 0  0      0 492036      0 233292    0    0     0     1  586 1027  1  0 99  0  0
 0  0      0 492036      0 233296    0    0     0     2  624 1095  0  0 99  0  0
 0  0      0 492036      0 233296    0    0     0     3  585 1024  0  0 99  0  0
 0  0      0 492036      0 233296    0    0     0     1  592 1048  0  0 99  0  0
 0  0      0 491532      0 233296    0    0     0     3  572 1001  0  0 99  0  0
 0  0      0 490272      0 233296    0    0     0     3  619 1069  0  0 100  0  0
 0  0      0 489264      0 233296    0    0     0     1  521  924  1  0 97  0  2
 0  0      0 489264      0 233296    0    0     0     1  612 1081  1  0 99  0  0
 0  0      0 489264      0 233300    0    0     0     4  629 1112  0  0 99  0  0
 0  0      0 483976      0 233320    0    0     0     7  662 1176  1  1 98  0  0
 0  0      0 483976      0 233320    0    0     0    10  530  954  0  0 100  0  0
 0  0      0 483976      0 233320    0    0     0     3  508  921  0  0 99  0  0
procs -----------memory---------- ---swap-- -----io---- -system-- ------cpu-----
 r  b   swpd   free   buff  cache   si   so    bi    bo   in   cs us sy id wa st
 0  0      0 483976      0 233320    0    0     0     1  497  877  0  0 99  0  0
