procs -----------memory---------- ---swap-- -----io---- -system-- ------cpu-----
 r  b   swpd   free   buff  cache   si   so    bi    bo   in   cs us sy id wa st
 1  0      0 420044   1196 321868    0    0     1    11   48   33  1  0 98  0  0
 0  0      0 410216   1196 321872    0    0     0     0  436  641  1  1 97  0  1
 3  0      0 409460   1196 321876    0    0     0    22  501  859  0  0 99  0  0
 0  0      0 408704   1196 321876    0    0     0     2  637 1086  1  0 99  0  0
 0  0      0 407948   1196 321876    0    0     0    10  786 1341  0  0 99  0  0
 0  0      0 407444   1196 321876    0    0     0     2  839 1450  1  0 99  0  1
 0  0      0 407192   1196 321876    0    0     0     2  833 1420  1  0 99  0  0
 0  0      0 406688   1196 321876    0    0     0     0  907 1558  1  0 98  0  0
 0  0      0 406436   1196 321876    0    0     0    26  845 1457  0  0 99  0  0
 0  0      0 406184   1196 321880    0    0     0     2  845 1453  1  0 98  0  0
 0  0      0 405680   1196 321880    0    0     0     2  806 1394  1  0 99  0  0
 0  0      0 404672   1196 321880    0    0     0     0  858 1477  1  0 99  0  0
 0  0      0 404672   1196 321880    0    0     0     1  863 1494  1  0 98  0  0
 0  0      0 403916   1196 321880    0    0     0     0  522  927  0  0 99  0  1
 0  0      0 402908   1196 321880    0    0     0     9  716 1251  1  0 99  0  0
 0  0      0 402656   1196 321880    0    0     0     2  798 1385  0  0 99  0  0
 0  0      0 399128   1196 321884    0    0     0     8  832 1429  1  1 97  0  0
 0  0      0 399128   1196 321884    0    0     0   414  810 1401  1  1 98  0  0
 0  0      0 399128   1196 321888    0    0     0     0  767 1334  0  0 99  0  0
 0  0      0 398876   1196 321888    0    0     0     3  903 1536  1  0 99  0  0
 0  0      0 398876   1196 321888    0    0     0     3  954 1626  1  0 98  0  0
procs -----------memory---------- ---swap-- -----io---- -system-- ------cpu-----
 r  b   swpd   free   buff  cache   si   so    bi    bo   in   cs us sy id wa st
 0  0      0 398120   1196 321888    0    0     0     0  976 1657  1  1 98  0  0
 0  0      0 397868   1196 321888    0    0     0     3  951 1606  1  0 99  0  0
 0  0      0 397364   1196 321908    0    0     0     0  927 1570  1  1 98  0  0
 0  0      0 395096   1196 321908    0    0     0     0  948 1592  1  0 98  0  1
 0  0      0 395096   1196 321908    0    0     0     2  759 1307  1  0 98  0  1
 0  0      0 394592   1196 321908    0    0     0    31  821 1415  0  0 99  0  0
 0  0      0 392828   1196 321912    0    0     0     0  831 1407  1  0 99  0  0
 0  0      0 389048   1196 321912    0    0     0     5  878 1484  1  0 98  0  1
 0  0      0 387536   1196 321916    0    0     0     0  869 1474  2  0 98  0  0
 0  0      0 387284   1196 321916    0    0     0     0  846 1462  1  0 99  0  0
 0  0      0 387284   1196 321916    0    0     0     2  865 1492  1  0 99  0  0
 0  0      0 387032   1196 321916    0    0     0     3  836 1433  1  0 99  0  0
 0  0      0 385016   1196 321916    0    0     0     0  834 1427  0  0 99  0  0
 0  0      0 382496   1196 321916    0    0     0     0  872 1489  1  1 98  0  0
 0  0      0 382244   1196 321916    0    0     0     2  850 1464  1  0 98  0  0
 0  0      0 382244   1196 321920    0    0     0     0  843 1442  1  1 98  0  0
 0  0      0 382244   1196 321920    0    0     0     0  571 1018  0  0 99  0  1
 0  0      0 382244   1196 321920    0    0     0     9  691 1214  0  0 99  0  0
 0  0      0 381488   1196 321920    0    0     0     0  691 1201  0  0 99  0  0
 0  0      0 376716   1196 321944    0    0     0     0  757 1305  1  1 98  0  1
 0  0      0 376464   1196 321944    0    0     0     6  732 1257  1  1 98  0  0
procs -----------memory---------- ---swap-- -----io---- -system-- ------cpu-----
 r  b   swpd   free   buff  cache   si   so    bi    bo   in   cs us sy id wa st
 0  0      0 376464   1196 321944    0    0     0     0  617 1077  0  0 99  0  0
