procs -----------memory---------- ---swap-- -----io---- -system-- ------cpu-----
 r  b   swpd   free   buff  cache   si   so    bi    bo   in   cs us sy id wa st
 2  0      0 204068  89336 1288444    0    0     1     7   13   16  0  0 100  0  0
 0  0      0 206156  89336 1288456    0    0     0    16   87  134  0  0 100  0  0
 0  0      0 206156  89336 1288456    0    0     0     0   72   99  0  0 100  0  0
 0  0      0 206156  89336 1288456    0    0     0     2   80  106  0  0 100  0  0
 0  0      0 206156  89336 1288456    0    0     0     0   73   95  0  0 100  0  0
 0  0      0 206156  89336 1288456    0    0     0     3   76  100  0  0 100  0  0
 0  0      0 206156  89336 1288456    0    0     0    23   85  109  0  0 100  0  0
 0  0      0 206912  89336 1288456    0    0     0   437  127  199  0  0 99  0  0
 0  0      0 206912  89336 1288456    0    0     0    11   74   99  0  0 100  0  0
 0  0      0 206912  89336 1288456    0    0     0     0   67   97  0  0 100  0  0
 0  0      0 206912  89336 1288456    0    0     0     3   69   99  0  0 100  0  0
 0  0      0 206660  89336 1288456    0    0     0     2   75  104  0  0 100  0  0
 0  0      0 206660  89336 1288456    0    0     0     3   74   98  0  0 100  0  0
 0  0      0 206660  89336 1288456    0    0     0    10   67   92  0  0 100  0  0
 0  0      0 206660  89336 1288456    0    0     0     5   71  100  0  0 100  0  0
 0  0      0 207416  89336 1288456    0    0     0     5   77  106  0  0 100  0  0
 0  0      0 207416  89336 1288456    0    0     0     2   72   97  0  0 100  0  0
 0  0      0 207416  89336 1288456    0    0     0     6   72   99  0  0 100  0  0
 0  0      0 207416  89336 1288456    0    0     0     5   79  101  0  0 100  0  0
 0  0      0 207416  89336 1288456    0    0     0     2   86  110  0  0 100  0  0
 0  0      0 207416  89336 1288456    0    0     0     6   76  102  0  0 100  0  0
procs -----------memory---------- ---swap-- -----io---- -system-- ------cpu-----
 r  b   swpd   free   buff  cache   si   so    bi    bo   in   cs us sy id wa st
 0  0      0 207416  89336 1288456    0    0     0     6   69   98  0  0 100  0  0
 0  0      0 207416  89336 1288456    0    0     0     2   70   97  0  0 100  0  0
 0  0      0 207416  89336 1288456    0    0     0     6   80  106  0  0 100  0  0
 0  0      0 207416  89336 1288456    0    0     0     5   73   99  0  0 100  0  0
 0  0      0 207416  89336 1288456    0    0     0     2   68   96  0  0 100  0  0
 0  0      0 207416  89336 1288456    0    0     0     6   73   99  0  0 100  0  0
 0  0      0 207164  89336 1288456    0    0     0     5   79  107  0  0 100  0  0
 0  0      0 207164  89336 1288456    0    0     0     2   69   96  0  0 100  0  0
 0  0      0 207164  89336 1288456    0    0     0     6   76  105  0  0 100  0  0
 0  0      0 207164  89336 1288456    0    0     0     5   77  102  0  0 100  0  0
 0  0      0 207164  89336 1288456    0    0     0     2   81  108  0  0 100  0  0
 0  0      0 207164  89336 1288456    0    0     0     3   70   99  0  0 100  0  0
 0  0      0 207164  89336 1288456    0    0     0     2   75   97  0  0 100  0  0
 0  0      0 207164  89336 1288456    0    0     0     7   70   99  0  0 100  0  0
 0  0      0 207164  89336 1288456    0    0     0     5   83  109  0  0 100  0  0
 0  0      0 207164  89336 1288456    0    0     0     2   73  100  0  0 100  0  0
 0  0      0 207164  89336 1288456    0    0     0    11   76  107  0  0 100  0  0
 0  0      0 207164  89336 1288456    0    0     0     3   73   98  0  0 100  0  0
 0  0      0 207416  89336 1288456    0    0     0     6   85  108  0  0 100  0  0
 0  0      0 207416  89336 1288456    0    0     0     5   74   97  0  0 100  0  0
 0  0      0 207416  89336 1288456    0    0     0     2   75  104  0  0 100  0  0
procs -----------memory---------- ---swap-- -----io---- -system-- ------cpu-----
 r  b   swpd   free   buff  cache   si   so    bi    bo   in   cs us sy id wa st
 0  0      0 207416  89336 1288456    0    0     0     6   72   98  0  0 100  0  0
 0  0      0 207668  89336 1288456    0    0     0     5   83  110  0  0 100  0  0
