procs -----------memory---------- ---swap-- -----io---- -system-- ------cpu-----
 r  b   swpd   free   buff  cache   si   so    bi    bo   in   cs us sy id wa st
 1  0      0 185700  89344 1304444    0    0     1     7   13   17  0  0 100  0  0
 0  0      0 185700  89344 1304456    0    0     0    16   75  129  0  0 100  0  0
 0  0      0 185700  89344 1304456    0    0     0     0   64  103  0  0 100  0  0
 0  0      0 185700  89344 1304456    0    0     0     2   60   96  0  0 100  0  0
 0  0      0 185700  89344 1304456    0    0     0   412  105  181  0  0 99  0  0
 0  0      0 185700  89344 1304456    0    0     0    31   66  103  0  0 100  0  0
 0  0      0 185700  89344 1304456    0    0     0     4   71  106  0  0 100  0  0
 0  0      0 185700  89344 1304456    0    0     0     2   61   97  0  0 100  0  0
 0  0      0 185700  89344 1304456    0    0     0     4   58   97  0  0 100  0  0
 0  0      0 185700  89344 1304456    0    0     0     0   64   98  0  0 100  0  0
 0  0      0 185700  89344 1304456    0    0     0     3   69  107  0  0 100  0  0
 0  0      0 185700  89344 1304456    0    0     0     2   66  108  0  0 100  0  0
 0  0      0 185700  89344 1304456    0    0     0    15   62   98  0  0 100  0  0
 0  0      0 185700  89344 1304456    0    0     0    43   72  110  0  0 100  0  0
 0  0      0 185700  89344 1304456    0    0     0     6   67  102  0  0 100  0  0
 0  0      0 185700  89344 1304456    0    0     0     3   59   97  0  0 100  0  0
 0  0      0 185700  89344 1304456    0    0     0     2   60   95  0  0 100  0  0
 0  0      0 185700  89344 1304456    0    0     0     6   64  103  0  0 100  0  0
 0  0      0 185700  89344 1304456    0    0     0     5   71  110  0  0 100  0  0
 0  0      0 185700  89344 1304456    0    0     0     2   64  102  0  0 100  0  0
 0  0      0 185700  89344 1304456    0    0     0     6   61   97  0  0 100  0  0
procs -----------memory---------- ---swap-- -----io---- -system-- ------cpu-----
 r  b   swpd   free   buff  cache   si   so    bi    bo   in   cs us sy id wa st
 0  0      0 185700  89344 1304456    0    0     0     5   64  101  0  0 100  0  0
 0  0      0 185700  89344 1304456    0    0     0     6   74  106  0  0 100  0  0
 0  0      0 185700  89344 1304456    0    0     0     2   63   99  0  0 100  0  0
 0  0      0 185700  89344 1304456    0    0     0     6   62   97  0  0 100  0  0
 0  0      0 185700  89344 1304456    0    0     0     5   62   96  0  0 100  0  0
 0  0      0 185700  89344 1304456    0    0     0     2   73  107  0  0 100  0  0
 0  0      0 185700  89344 1304456    0    0     0     6   61   96  0  0 100  0  0
 0  0      0 185700  89344 1304456    0    0     0     5   64  103  0  0 100  0  0
 0  0      0 185700  89344 1304456    0    0     0     5   60   98  0  0 100  0  0
 0  0      0 185700  89344 1304456    0    0     0     2   70  106  0  0 100  0  0
 0  0      0 185700  89344 1304456    0    0     0     6   61   98  0  0 100  0  0
 0  0      0 185700  89344 1304456    0    0     0     5   61  100  0  0 100  0  0
 0  0      0 185700  89344 1304456    0    0     0     2   58   95  0  0 100  0  0
 0  0      0 185700  89344 1304456    0    0     0     7   70  107  0  0 100  0  0
 0  0      0 185700  89344 1304456    0    0     0     5   58   99  0  0 100  0  0
 0  0      0 185700  89344 1304456    0    0     0     2   60   97  0  0 100  0  0
 0  0      0 185700  89344 1304456    0    0     0     6   62   97  0  0 100  0  0
 0  0      0 185700  89344 1304456    0    0     0     5   69  107  0  0 100  0  0
 0  0      0 185700  89344 1304456    0    0     0     2   59   94  0  0 100  0  0
 0  0      0 185700  89344 1304456    0    0     0     6   71  111  0  0 100  0  0
 0  0      0 185700  89344 1304456    0    0     0     5   63   98  0  0 100  0  0
procs -----------memory---------- ---swap-- -----io---- -system-- ------cpu-----
 r  b   swpd   free   buff  cache   si   so    bi    bo   in   cs us sy id wa st
 0  1      0 185700  89344 1304456    0    0     0     5   75  111  0  0 100  0  0
