procs -----------memory---------- ---swap-- -----io---- -system-- ------cpu-----
 r  b   swpd   free   buff  cache   si   so    bi    bo   in   cs us sy id wa st
 1  0      0 428148   2168 330156    0    0     1    11  140  105  1  0 99  0  0
 0  0      0 411012   2168 330160    0    0     0     0  475  738  2  0 98  0  0
 0  0      0 409248   2168 330160    0    0     0     6  578  989  0  0 99  0  0
 0  0      0 407736   2168 330160    0    0     0     1  714 1216  0  0 99  0  0
 0  0      0 406224   2168 330164    0    0     0     2  847 1436  1  0 99  0  0
 0  0      0 405720   2168 330164    0    0     0     1  783 1341  1  0 98  0  1
 0  0      0 404712   2168 330164    0    0     0     0 1106 1870  1  1 98  0  1
 0  0      0 403704   2168 330164    0    0     0     0 1192 2004  1  0 98  0  1
 0  0      0 399432   2168 330164    0    0     0    23 1258 2110  2  1 97  0  0
 0  0      0 399432   2168 330164    0    0     0   393 1287 2210  1  0 98  0  0
 0  0      0 399432   2168 330164    0    0     0     2 1266 2147  1  0 98  0  0
 0  0      0 398928   2168 330164    0    0     0     0 1276 2146  2  0 97  0  0
 0  0      0 398928   2168 330168    0    0     0     0 1234 2091  0  0 99  0  0
 3  0      0 397416   2168 330168    0    0     0     0 1214 2028  1  1 98  0  0
 0  0      0 396660   2168 330172    0    0     0    10 1243 2112  1  0 99  0  0
 0  0      0 395400   2168 330172    0    0     0     0 1236 2100  1  0 98  0  0
 0  0      0 395400   2168 330172    0    0     0     0 1237 2083  1  1 98  0  0
 0  0      0 391620   2168 330172    0    0     0     3 1054 1754  1  0 98  0  1
 0  0      0 389604   2168 330176    0    0     0     0 1278 2137  1  0 98  0  1
 0  0      0 389352   2168 330176    0    0     0     0 1354 2243  1  0 98  0  0
 0  0      0 385068   2168 330180    0    0     0    36 1555 2561  2  1 97  0  1
procs -----------memory---------- ---swap-- -----io---- -system-- ------cpu-----
 r  b   swpd   free   buff  cache   si   so    bi    bo   in   cs us sy id wa st
 0  0      0 383808   2168 330180    0    0     0     0 1574 2621  2  1 97  0  1
 2  0      0 383556   2168 330180    0    0     0     0 1516 2515  2  0 98  0  1
 0  0      0 378768   2168 330180    0    0     0     3 1517 2515  2  1 97  0  0
 0  0      0 378264   2168 330180    0    0     0     0 1526 2535  1  1 97  0  0
 0  0      0 378264   2168 330184    0    0     0     0 1507 2537  2  1 97  0  0
 0  0      0 373980   2168 330184    0    0     0     9 1476 2469  1  1 98  0  0
 0  0      0 372972   2168 330184    0    0     0     0 1463 2448  2  1 98  0  0
 0  0      0 372720   2168 330184    0    0     0     0 1460 2469  1  1 98  0  1
 0  0      0 372720   2168 330184    0    0     0     0 1140 1936  2  0 96  0  2
 0  0      0 368436   2168 330184    0    0     0     2 1408 2366  1  1 98  0  1
 0  0      0 366420   2168 330184    0    0     0     0 1414 2363  2  1 96  0  1
 0  0      0 361644   2168 330208    0    0     0    13 1512 2555  2  1 97  0  1
 0  0      0 361644   2168 330208    0    0     0   426 1458 2482  1  1 97  0  0
 0  0      0 361140   2168 330208    0    0     0     0 1433 2407  1  1 98  0  0
 0  0      0 358620   2168 330208    0    0     0     0 1392 2332  2  1 97  0  0
 0  0      0 358368   2168 330208    0    0     0     2 1446 2441  2  1 98  0  0
 0  0      0 358368   2168 330208    0    0     0     0 1418 2395  1  0 99  0  0
 0  0      0 358368   2168 330208    0    0     0     3 1350 2279  1  0 98  0  0
 0  0      0 358116   2168 330212    0    0     0     2 1349 2276  1  1 97  0  1
 0  0      0 353076   2168 330212    0    0     0     0 1390 2335  1  1 97  0  0
 0  0      0 351060   2168 330212    0    0     0     0  766 1292  2  0 95  0  3
procs -----------memory---------- ---swap-- -----io---- -system-- ------cpu-----
 r  b   swpd   free   buff  cache   si   so    bi    bo   in   cs us sy id wa st
 0  0      0 351060   2168 330212    0    0     0     0  576 1005  1  0 99  0  1
