procs -----------memory---------- ---swap-- -----io---- -system-- ------cpu-----
 r  b   swpd   free   buff  cache   si   so    bi    bo   in   cs us sy id wa st
 2  0      0 216956  87916 1289408    0    0     1     7   15   20  0  0 100  0  0
 0  0      0 216956  87916 1289408    0    0     0    16   67  119  0  0 100  0  0
 0  0      0 216956  87916 1289408    0    0     0     0   52   94  0  0 100  0  0
 0  0      0 216956  87916 1289408    0    0     0    18   70  107  0  0 100  0  0
 0  0      0 216956  87916 1289408    0    0     0   472  105  181  0  0 99  0  0
 0  0      0 216956  87916 1289408    0    0     0    11   59  100  0  0 100  0  0
 0  0      0 216956  87916 1289408    0    0     0     2   54   95  0  0 100  0  0
 0  0      0 216956  87916 1289408    0    0     0     5   68  112  0  0 100  0  0
 0  0      0 216956  87916 1289408    0    0     0     0   58  102  0  0 100  0  0
 0  0      0 216956  87916 1289408    0    0     0     4   57   97  0  0 100  0  0
 0  0      0 216956  87916 1289408    0    0     0     2   58  101  0  0 100  0  0
 0  0      0 216956  87916 1289408    0    0     0     9   69  106  0  0 100  0  0
 0  0      0 216956  87916 1289408    0    0     0     2   75  114  0  0 100  0  0
 0  0      0 216956  87916 1289408    0    0     0     6   58   98  0  0 100  0  0
 0  0      0 216956  87916 1289408    0    0     0     1   57   96  0  0 100  0  0
 0  0      0 216956  87916 1289408    0    0     0     2   66  107  0  0 100  0  0
 0  0      0 216956  87916 1289408    0    0     0     0   53   94  0  0 100  0  0
 0  0      0 216956  87916 1289408    0    0     0     3   60   99  0  0 100  0  0
 0  0      0 216956  87916 1289408    0    0     0     3   56   95  0  0 100  0  0
 0  0      0 216956  87916 1289408    0    0     0    30   72  112  0  0 100  0  0
 0  0      0 216956  87916 1289408    0    0     0     3   56   97  0  0 100  0  0
procs -----------memory---------- ---swap-- -----io---- -system-- ------cpu-----
 r  b   swpd   free   buff  cache   si   so    bi    bo   in   cs us sy id wa st
 0  1      0 216956  87916 1289408    0    0     0     2   56   94  0  0 100  0  0
 0  0      0 216956  87916 1289408    0    0     0     1   60   99  0  0 100  0  0
 0  0      0 216956  87916 1289408    0    0     0     2   63  104  0  0 100  0  0
 0  0      0 216956  87916 1289408    0    0     0     0   54   97  0  0 100  0  0
 0  0      0 216956  87916 1289408    0    0     0     5   54   93  0  0 100  0  0
 0  0      0 216956  87916 1289408    0    0     0     3   58   99  0  0 100  0  0
 0  0      0 216956  87916 1289408    0    0     0     0   69  108  0  0 100  0  0
 0  0      0 216956  87916 1289408    0    0     0     3   60  101  0  0 100  0  0
 0  0      0 216956  87916 1289408    0    0     0     3   56   97  0  0 100  0  0
 0  0      0 216956  87916 1289408    0    0     0     0   59  101  0  0 100  0  0
 0  0      0 216956  87916 1289408    0    0     0     4   74  114  0  0 100  0  0
 0  0      0 216956  87916 1289408    0    0     0     4   67  105  0  0 100  0  0
 0  0      0 216956  87916 1289408    0    0     0     3   55   94  0  0 100  0  0
 0  0      0 216956  87916 1289408    0    0     0     0   59  102  0  0 100  0  0
 0  0      0 216956  87916 1289408    0    0     0     3   65  108  0  0 100  0  0
 0  0      0 216956  87916 1289408    0    0     0     0   55   98  0  0 100  0  0
 0  0      0 216956  87916 1289408    0    0     0     3   55   93  0  0 100  0  0
 0  0      0 216956  87916 1289408    0    0     0     5   62  103  0  0 100  0  0
 0  0      0 216956  87916 1289408    0    0     0     0   62  105  0  0 100  0  0
