=== Resource Snapshot: No-Cache VM - before_automatic - Payload: 1000 - Endpoint: automatic ===
Timestamp: Tue Nov  4 20:09:45 UTC 2025

Memory Usage:
              total        used        free      shared  buff/cache   available
Mem:          1.9Gi       560Mi       234Mi        31Mi       1.1Gi       1.1Gi
Swap:            0B          0B          0B

Disk Usage:
Filesystem      Size  Used Avail Use% Mounted on
/dev/root       7.6G  4.1G  3.5G  54% /

Nginx Cache Size:

Database Size:
 pg_size_pretty 
----------------
 14 MB
(1 row)


==========================================

=== Resource Snapshot: Cache-Hit VM - before_automatic - Payload: 1000 - Endpoint: automatic ===
Timestamp: Tue Nov  4 20:09:46 UTC 2025

Memory Usage:
              total        used        free      shared  buff/cache   available
Mem:          1.9Gi       682Mi       626Mi        36Mi       616Mi       1.0Gi
Swap:            0B          0B          0B

Disk Usage:
Filesystem      Size  Used Avail Use% Mounted on
/dev/root       7.6G  4.1G  3.5G  54% /

Nginx Cache Size:
8.0K	/var/cache/nginx/

Database Size:
 pg_size_pretty 
----------------
 13 MB
(1 row)


==========================================

=== Resource Snapshot: Cache-Miss VM - before_automatic - Payload: 1000 - Endpoint: automatic ===
Timestamp: Tue Nov  4 20:09:46 UTC 2025

Memory Usage:
              total        used        free      shared  buff/cache   available
Mem:          1.9Gi       402Mi       161Mi        31Mi       1.3Gi       1.3Gi
Swap:            0B          0B          0B

Disk Usage:
Filesystem      Size  Used Avail Use% Mounted on
/dev/root       7.6G  3.4G  4.3G  45% /

Nginx Cache Size:
8.0K	/var/cache/nginx/

Database Size:
 pg_size_pretty 
----------------
 12 MB
(1 row)


==========================================

=== Resource Snapshot: No-Cache VM - after_automatic - Payload: 1000 - Endpoint: automatic ===
Timestamp: Tue Nov  4 20:27:21 UTC 2025

Memory Usage:
              total        used        free      shared  buff/cache   available
Mem:          1.9Gi       584Mi       205Mi        31Mi       1.1Gi       1.1Gi
Swap:            0B          0B          0B

Disk Usage:
Filesystem      Size  Used Avail Use% Mounted on
/dev/root       7.6G  4.1G  3.5G  54% /

Nginx Cache Size:

Database Size:
 pg_size_pretty 
----------------
 14 MB
(1 row)


==========================================

=== Resource Snapshot: Cache-Hit VM - after_automatic - Payload: 1000 - Endpoint: automatic ===
Timestamp: Tue Nov  4 20:27:21 UTC 2025

Memory Usage:
              total        used        free      shared  buff/cache   available
Mem:          1.9Gi       658Mi       724Mi        36Mi       543Mi       1.0Gi
Swap:            0B          0B          0B

Disk Usage:
Filesystem      Size  Used Avail Use% Mounted on
/dev/root       7.6G  4.1G  3.6G  54% /

Nginx Cache Size:
8.0K	/var/cache/nginx/

Database Size:
 pg_size_pretty 
----------------
 13 MB
(1 row)


==========================================

=== Resource Snapshot: Cache-Miss VM - after_automatic - Payload: 1000 - Endpoint: automatic ===
Timestamp: Tue Nov  4 20:27:21 UTC 2025

Memory Usage:
              total        used        free      shared  buff/cache   available
Mem:          1.9Gi       374Mi       188Mi        31Mi       1.3Gi       1.3Gi
Swap:            0B          0B          0B

Disk Usage:
Filesystem      Size  Used Avail Use% Mounted on
/dev/root       7.6G  3.4G  4.3G  45% /

Nginx Cache Size:
8.0K	/var/cache/nginx/

Database Size:
 pg_size_pretty 
----------------
 12 MB
(1 row)


==========================================

