procs -----------memory---------- ---swap-- -----io---- -system-- ------cpu-----
 r  b   swpd   free   buff  cache   si   so    bi    bo   in   cs us sy id wa st
 1  0      0 431584   2168 310304    0    0     3    12  269  332  1  0 99  0  0
 0  0      0 431080   2168 310308    0    0     0     1  403  640  1  0 98  0  0
 0  0      0 430576   2168 310308    0    0     0     3  398  717  0  0 100  0  0
 0  0      0 430324   2168 310312    0    0     0     0  435  789  1  0 99  0  1
 0  0      0 430324   2168 310312    0    0     0     2  518  921  0  0 99  0  1
 0  0      0 430072   2168 310312    0    0     0    47  500  896  0  0 99  0  0
 0  0      0 429820   2168 310312    0    0     0     1  516  911  1  0 99  0  0
 0  0      0 429820   2168 310316    0    0     0     1  500  885  1  0 99  0  0
 0  0      0 429820   2168 310316    0    0     0     4  508  893  0  0 100  0  0
 0  0      0 429820   2168 310316    0    0     0     0  499  887  1  0 99  0  0
 0  0      0 429568   2168 310320    0    0     0     1  468  824  0  0 99  0  0
 0  0      0 429316   2168 310320    0    0     0    14  510  901  0  0 99  0  0
 0  0      0 429316   2168 310320    0    0     0     3  510  906  1  0 99  0  0
 0  0      0 429316   2168 310320    0    0     0     1  516  905  0  0 99  0  0
 0  0      0 429316   2168 310320    0    0     0     1  523  934  0  0 100  0  0
 0  0      0 429064   2168 310320    0    0     0     2  490  853  0  0 99  0  1
 0  0      0 429064   2168 310320    0    0     0     1  509  895  0  0 100  0  0
 0  0      0 428812   2168 310324    0    0     0    14  427  774  0  0 99  0  0
 0  0      0 426808   2168 310328    0    0     0     4  366  661  1  1 98  0  0
