procs -----------memory---------- ---swap-- -----io---- -system-- ------cpu-----
 r  b   swpd   free   buff  cache   si   so    bi    bo   in   cs us sy id wa st
 1  0      0 442656   2168 313296    0    0     3    11  275  344  1  0 99  0  0
 0  0      0 438400   2168 313300    0    0     0     2  370  579  1  0 99  0  0
 0  0      0 437896   2168 313300    0    0     0     7  372  656  0  0 100  0  0
 0  0      0 437140   2168 313300    0    0     0     0  422  752  0  0 99  0  0
 0  0      0 436888   2168 313300    0    0     0     1  484  850  1  0 99  0  0
 0  0      0 436888   2168 313304    0    0     0     3  475  840  0  0 99  0  0
 0  0      0 436384   2168 313304    0    0     0   338  507  917  0  0 99  0  0
 0  0      0 436384   2168 313304    0    0     0     1  483  854  1  0 99  0  0
 0  0      0 435628   2168 313304    0    0     0    40  496  879  1  0 99  0  0
 0  0      0 435628   2168 313304    0    0     0     2  476  843  0  0 100  0  0
 0  0      0 435124   2168 313304    0    0     0     1  507  890  1  0 99  0  0
 0  0      0 435124   2168 313304    0    0     0     1  508  902  0  0 99  0  0
 0  0      0 435124   2168 313308    0    0     0     3  490  874  0  0 100  0  0
 0  0      0 434620   2168 313308    0    0     0     2  475  832  1  0 99  0  0
 0  0      0 434368   2168 313308    0    0     0     8  503  884  1  0 99  0  0
 0  0      0 434368   2168 313308    0    0     0     2  487  854  0  0 100  0  0
 0  0      0 433360   2168 313308    0    0     0     1  472  823  1  0 99  0  0
 0  0      0 433360   2168 313308    0    0     0     1  412  731  0  0 100  0  0
 0  0      0 433108   2168 313308    0    0     0     3  321  581  0  0 99  0  0
