procs -----------memory---------- ---swap-- -----io---- -system-- ------cpu-----
 r  b   swpd   free   buff  cache   si   so    bi    bo   in   cs us sy id wa st
 1  0      0 163784  89620 1308628    0    0     1     7   12   14  0  0 100  0  0
 0  0      0 163532  89620 1308640    0    0     0    15   70  107  0  0 100  0  0
 0  0      0 163532  89620 1308644    0    0     0     0   62   97  0  0 100  0  0
 0  0      0 163532  89620 1308644    0    0     0     2   71  105  0  0 100  0  0
 0  0      0 163532  89620 1308644    0    0     0     3   63   98  0  0 100  0  0
 0  0      0 163532  89620 1308644    0    0     0    20   66   99  0  0 100  0  0
 0  0      0 163532  89620 1308644    0    0     0     3   66  103  0  0 100  0  0
 0  0      0 163532  89620 1308644    0    0     0   439  117  198  0  0 99  1  0
 0  0      0 163532  89620 1308644    0    0     0     9   57   96  0  0 100  0  0
 0  0      0 163532  89620 1308644    0    0     0     0   56   93  0  0 100  0  0
 0  0      0 163532  89620 1308644    0    0     0     2   61   95  0  0 100  0  0
 0  0      0 163532  89620 1308644    0    0     0     1   71  107  0  0 100  0  0
 0  0      0 163532  89620 1308644    0    0     0    11   64   96  0  0 100  0  0
 0  0      0 163532  89620 1308644    0    0     0     0   61   95  0  0 100  0  0
 0  0      0 163532  89620 1308644    0    0     0     3   59   95  0  0 100  0  0
 0  0      0 163532  89620 1308644    0    0     0     6   81  114  0  0 100  0  0
 0  0      0 163532  89620 1308644    0    0     0     0   63   98  0  0 100  0  0
 0  0      0 163532  89620 1308644    0    0     0     4   66  101  0  0 100  0  0
 0  0      0 163532  89620 1308644    0    0     0     3   66  105  0  0 100  0  0
