procs -----------memory---------- ---swap-- -----io---- -system-- ------cpu-----
 r  b   swpd   free   buff  cache   si   so    bi    bo   in   cs us sy id wa st
 1  0      0 433296   2168 321612    0    0     2    12  269   20  1  0 99  0  0
 1  0      0 426744   2168 321616    0    0     0     1  374  587  1  0 99  0  0
 0  0      0 426240   2168 321616    0    0     0     2  399  711  0  0 100  0  0
 0  0      0 425736   2168 321620    0    0     0     1  475  852  0  0 100  0  0
 0  0      0 425736   2168 321620    0    0     0     8  526  943  0  0 99  0  0
 0  0      0 425736   2168 321620    0    0     0     1  505  907  1  0 99  0  0
 0  0      0 425484   2168 321620    0    0     0     3  504  907  0  0 99  0  0
 0  0      0 425484   2168 321620    0    0     0     1  499  891  1  0 98  0  1
 0  0      0 425232   2168 321620    0    0     0     1  517  917  0  0 99  0  0
 0  0      0 422220   2168 321632    0    0     0     8  545  967  1  1 98  0  0
 0  0      0 422220   2168 321636    0    0     0   393  538  976  0  0 99  0  0
 0  0      0 421968   2168 321636    0    0     0     2  488  868  0  0 100  0  0
 0  0      0 421968   2168 321636    0    0     0     1  514  917  1  0 99  0  0
 0  0      0 421716   2168 321636    0    0     0     3  500  897  0  0 100  0  0
 0  0      0 421464   2168 321636    0    0     0     1  537  964  1  0 99  0  0
 0  0      0 421212   2168 321636    0    0     0     2  517  929  0  0 99  0  0
 0  0      0 421212   2168 321636    0    0     0    25  502  893  0  0 99  0  0
 0  0      0 421212   2168 321640    0    0     0     2  431  772  0  0 99  0  0
 0  0      0 420960   2168 321640    0    0     0     1  346  635  0  0 99  0  0
