procs -----------memory---------- ---swap-- -----io---- -system-- ------cpu-----
 r  b   swpd   free   buff  cache   si   so    bi    bo   in   cs us sy id wa st
 1  0      0 175916  89384 1300056    0    0     1     7   11   13  0  0 100  0  0
 0  0      0 175988  89384 1300072    0    0     0    17   78  123  0  0 100  0  0
 0  0      0 175988  89384 1300072    0    0     0     0   54   95  0  0 100  0  0
 0  0      0 175988  89384 1300072    0    0     0     3   59   99  0  0 100  0  0
 0  0      0 175988  89384 1300072    0    0     0   287   82  149  0  0 100  0  0
 0  0      0 175488  89384 1300072    0    0     0   266   91  154  0  0 99  0  0
 0  0      0 175236  89384 1300076    0    0     0    22   63  103  0  0 100  0  0
 0  0      0 175236  89384 1300076    0    0     0     3   60   99  0  0 100  0  0
 0  0      0 175236  89384 1300076    0    0     0     5   56   94  0  0 100  0  0
 0  0      0 175236  89384 1300076    0    0     0     0   61  100  0  0 100  0  0
 0  0      0 175236  89384 1300076    0    0     0     2   61  102  0  0 100  0  0
 0  0      0 175236  89384 1300076    0    0     0     0   58   97  0  0 100  0  0
 0  0      0 175236  89384 1300076    0    0     0     2   58   97  0  0 100  0  0
 0  0      0 175740  89384 1300076    0    0     0     5   66  106  0  0 100  0  0
 0  0      0 175740  89384 1300076    0    0     0     4   59   96  0  0 100  0  0
 0  0      0 175740  89384 1300076    0    0     0     5   60  101  0  0 100  0  0
 0  0      0 175740  89384 1300076    0    0     0     0   60   98  0  0 100  0  0
 0  0      0 175488  89384 1300076    0    0     0     2   76  112  0  0 100  0  0
 0  0      0 175488  89384 1300076    0    0     0     6   96  148  0  0 100  0  0
