procs -----------memory---------- ---swap-- -----io---- -system-- ------cpu-----
 r  b   swpd   free   buff  cache   si   so    bi    bo   in   cs us sy id wa st
 1  0      0 203840  89384 1300936    0    0     1     7   11   13  0  0 100  0  0
 0  0      0 203840  89384 1300948    0    0     0    15   68  125  0  0 100  0  0
 0  0      0 203840  89384 1300948    0    0     0     0   66  109  0  0 99  0  1
 0  0      0 203840  89384 1300948    0    0     0     7   60   96  0  0 100  0  0
 0  0      0 203840  89384 1300948    0    0     0    20   67  108  0  0 100  0  0
 0  0      0 203840  89384 1300948    0    0     0     3   56   95  0  0 100  0  0
 0  0      0 203840  89384 1300948    0    0     0     0   63  100  0  0 100  0  0
 0  0      0 203840  89384 1300948    0    0     0   452  104  187  0  0 99  1  0
 0  0      0 203840  89384 1300952    0    0     0    10   71  110  0  0 100  0  0
 0  0      0 203840  89384 1300952    0    0     0     0   58   97  0  0 100  0  0
 0  0      0 203840  89384 1300952    0    0     0     2   59   97  0  0 100  0  0
 0  0      0 203840  89384 1300952    0    0     0    10   56   95  0  0 100  0  0
 0  0      0 203840  89384 1300952    0    0     0     3   72  110  0  0 100  0  0
 0  0      0 203840  89384 1300952    0    0     0     0   57   95  0  0 100  0  0
 0  0      0 203840  89384 1300952    0    0     0     3   57   96  0  0 100  0  0
 0  0      0 203840  89384 1300952    0    0     0     5   63  102  0  0 100  0  0
 0  0      0 203840  89384 1300952    0    0     0     0   63  104  0  0 100  0  0
 0  0      0 203840  89384 1300952    0    0     0     5   62   99  0  0 100  0  0
 0  0      0 203840  89384 1300952    0    0     0     4   69  101  0  0 100  0  0
