procs -----------memory---------- ---swap-- -----io---- -system-- ------cpu-----
 r  b   swpd   free   buff  cache   si   so    bi    bo   in   cs us sy id wa st
 2  0      0 182116  89620 1305832    0    0     1     7   11   13  0  0 100  0  0
 0  0      0 182116  89620 1305848    0    0     0   567  152  265  0  0 99  1  0
 0  0      0 182116  89620 1305848    0    0     0     0   69  107  0  0 100  0  0
 0  0      0 182116  89620 1305848    0    0     0     8   58   96  0  0 100  0  0
 0  0      0 182116  89620 1305848    0    0     0    13   72  111  0  0 100  0  0
 0  0      0 182116  89620 1305848    0    0     0     6   59   96  0  0 100  0  0
 0  0      0 182116  89620 1305848    0    0     0    18   67  105  0  0 100  0  0
 0  0      0 182116  89620 1305848    0    0     0     4   67   99  0  0 100  0  0
 0  0      0 182116  89620 1305848    0    0     0    43   78  115  0  0 100  0  0
 0  0      0 182116  89620 1305848    0    0     0     6   64  101  0  0 100  0  0
 0  0      0 182116  89620 1305848    0    0     0     6   59   94  0  0 100  0  0
 0  0      0 182116  89620 1305848    0    0     0     6   64   99  0  0 100  0  0
 0  0      0 182116  89620 1305848    0    0     0     5   57   97  0  0 100  0  0
 0  0      0 182116  89620 1305848    0    0     0     2   70  106  0  0 100  0  0
 0  0      0 182116  89620 1305848    0    0     0     6   65  101  0  0 100  0  0
 0  0      0 182116  89620 1305848    0    0     0     5   65  102  0  0 100  0  0
 0  0      0 182116  89620 1305848    0    0     0     2   70  105  0  0 100  0  0
 0  0      0 182116  89620 1305848    0    0     0     6   61   97  0  0 100  0  0
 0  0      0 182116  89620 1305848    0    0     0     6   63  101  0  0 100  0  0
