procs -----------memory---------- ---swap-- -----io---- -system-- ------cpu-----
 r  b   swpd   free   buff  cache   si   so    bi    bo   in   cs us sy id wa st
 1  0      0 447420   2168 311352    0    0     3    11  275  339  1  0 99  0  0
 0  0      0 438096   2168 311364    0    0     0     6  401  651  2  1 97  0  0
 0  0      0 437592   2168 311368    0    0     0   335  431  771  0  0 99  0  0
 0  0      0 437088   2168 311368    0    0     0     2  465  831  0  0 99  0  0
 0  0      0 437088   2168 311368    0    0     0     1  528  939  0  0 100  0  0
 0  0      0 437088   2168 311368    0    0     0     1  504  891  0  0 100  0  0
 0  0      0 437088   2168 311368    0    0     0     3  506  891  1  0 99  0  0
 0  0      0 436836   2168 311368    0    0     0    13  504  891  0  0 100  0  0
 0  0      0 436836   2168 311368    0    0     0     1  539  956  0  0 99  0  0
 0  0      0 436584   2168 311368    0    0     0     3  505  902  1  0 99  0  0
 0  0      0 436584   2168 311372    0    0     0     2  491  859  0  0 99  0  1
 0  0      0 436080   2168 311376    0    0     0     1  495  883  0  0 100  0  0
 0  0      0 436080   2168 311376    0    0     0     4  494  875  0  0 100  0  0
 0  0      0 435324   2168 311376    0    0     0    32  522  922  0  0 99  0  0
 0  0      0 434820   2168 311376    0    0     0     1  501  881  1  0 99  0  0
 0  0      0 434820   2168 311376    0    0     0     3  523  913  0  0 99  0  0
 0  0      0 434820   2168 311376    0    0     0     1  504  891  0  0 99  0  0
 0  0      0 434316   2168 311380    0    0     0     2  426  760  0  0 100  0  0
 0  0      0 432328   2168 311384    0    0     0     3  342  620  0  0 100  0  0
