procs -----------memory---------- ---swap-- -----io---- -system-- ------cpu-----
 r  b   swpd   free   buff  cache   si   so    bi    bo   in   cs us sy id wa st
 1  0      0 184084  75052 1113924    0    0     2    12   11    8  6  1 93  0  1
 0  0      0 184084  75052 1113968    0    0     0    11  143  225  0  0 99  0  0
 0  0      0 184084  75052 1113968    0    0     0     6  205  303  1  0 99  0  0
 0  0      0 184084  75052 1113972    0    0     0     6  249  365  1  0 98  0  1
 0  0      0 184084  75052 1113980    0    0     0   170  341  484  1  0 98  0  0
 0  0      0 184084  75052 1113980    0    0     0    22  315  457  1  0 98  0  0
 0  0      0 184084  75052 1113988    0    0     0   194  332  476  1  0 98  0  0
 0  0      0 184084  75052 1113992    0    0     0    14  312  456  1  0 99  0  0
 0  0      0 184084  75052 1113992    0    0     0    12  328  467  1  1 98  0  0
 0  0      0 184084  75056 1114000    0    0     0     6  326  462  1  0 98  0  0
 0  0      0 184084  75056 1114132    0    0     0     9  321  465  1  0 99  0  0
 0  0      0 184084  75056 1114136    0    0     0     6  314  455  1  0 99  0  0
 0  0      0 184084  75056 1114140    0    0     0    62  325  475  1  0 98  0  0
 0  0      0 184084  75056 1114148    0    0     0    12  318  463  1  0 98  0  0
 0  0      0 184084  75056 1114148    0    0     0     6  317  457  1  1 98  0  0
 0  0      0 184084  75056 1114156    0    0     0    50  318  457  1  0 97  0  1
 0  0      0 184084  75056 1114160    0    0     0     6  310  448  1  1 98  0  0
 0  0      0 184084  75056 1114160    0    0     0     0  218  321  1  0 99  0  0
 0  0      0 184084  75056 1114160    0    0     0     6  144  212  0  0 99  0  0
