procs -----------memory---------- ---swap-- -----io---- -system-- ------cpu-----
 r  b   swpd   free   buff  cache   si   so    bi    bo   in   cs us sy id wa st
 1  0      0 676484  49964 551700    0    0     6   529   19    2  6  1 91  0  2
 0  0      0 676484  49972 551764    0    0     0    50  168  230  0  0 100  0  0
 0  0      0 676484  49972 551928    0    0     0    26  269  343  1  1 99  0  0
 0  0      0 676484  49976 552156    0    0     0    31  321  413  1  0 99  0  0
 0  0      0 676484  49980 552484    0    0     0    46  432  543  1  1 99  0  0
 0  0      0 676484  49984 552812    0    0     0   258  430  556  1  1 98  0  0
 0  0      0 676484  49988 553140    0    0     0   379  441  583  1  0 98  0  0
 0  0      0 676484  49996 553596    0    0     0    55  422  536  1  0 98  0  0
 0  0      0 676260  50004 553924    0    0     0    56  412  539  1  0 99  0  0
 0  0      0 676260  50004 554376    0    0     0    81  421  537  2  1 96  0  2
 0  0      0 676260  50008 554700    0    0     0   102  420  536  1  0 99  0  0
 0  0      0 676260  50012 555028    0    0     0   114  409  529  1  0 99  0  0
 0  0      0 676260  50012 555352    0    0     0   175  431  559  1  1 98  0  0
 0  0      0 676260  50012 555684    0    0     0   234  411  525  1  0 98  0  0
 0  0      0 676260  50012 556012    0    0     0   108  428  549  1  1 98  0  0
 0  0      0 676260  50012 556464    0    0     0   104  423  534  1  1 99  0  0
 0  0      0 676260  50020 556800    0    0     0   118  425  551  1  0 99  0  0
 0  0      0 676260  50024 557032    0    0     0   108  297  381  1  0 99  0  0
 0  0      0 676260  50028 557132    0    0     0   195  196  267  0  0 99  0  0
