procs -----------memory---------- ---swap-- -----io---- -system-- ------cpu-----
 r  b   swpd   free   buff  cache   si   so    bi    bo   in   cs us sy id wa st
 1  0      0 421088   2168 321012    0    0     2    12  270   13  1  0 99  0  0
 0  0      0 413528   2168 321020    0    0     0     4  362  548  1  0 97  0  1
 0  0      0 413276   2168 321020    0    0     0     1  360  638  0  0 100  0  0
 0  0      0 410264   2168 321028    0    0     0     0  430  769  1  1 98  0  0
 0  0      0 410264   2168 321028    0    0     0    12  509  896  0  0 99  0  0
 0  0      0 410264   2168 321028    0    0     0     1  486  871  0  0 100  0  0
 0  0      0 410264   2168 321028    0    0     0     1  497  887  1  0 99  0  0
 0  0      0 410264   2168 321036    0    0     0     2  476  850  0  0 99  0  0
 0  0      0 410264   2168 321036    0    0     0     4  461  818  0  0 100  0  0
 0  0      0 410264   2168 321036    0    0     0   378  493  909  0  0 99  0  0
 0  0      0 410264   2168 321036    0    0     0    38  481  851  1  0 99  0  0
 0  0      0 410264   2168 321036    0    0     0     3  488  866  0  0 100  0  0
 0  0      0 410264   2168 321036    0    0     0     1  448  796  0  0 99  0  0
 0  0      0 410264   2168 321036    0    0     0     1  494  881  0  0 99  0  0
 0  0      0 410264   2168 321040    0    0     0     2  483  861  0  0 99  0  0
 0  0      0 410264   2168 321040    0    0     0     6  492  866  0  0 99  0  0
 0  0      0 410264   2168 321040    0    0     0    27  463  818  0  0 100  0  0
 0  0      0 410264   2168 321040    0    0     0     3  365  652  0  0 100  0  0
 0  0      0 410264   2168 321040    0    0     0     1  329  602  0  0 100  0  0
