procs -----------memory---------- ---swap-- -----io---- -system-- ------cpu-----
 r  b   swpd   free   buff  cache   si   so    bi    bo   in   cs us sy id wa st
 1  0      0 733076  45680 507196    0    0     6   531   18    1  6  1 91  0  2
 0  0      0 733076  45692 507224    0    0     0    46  211  317  1  0 99  0  0
 0  0      0 733076  45700 507252    0    0     0    63  289  436  1  0 99  0  0
 0  0      0 733076  45704 507308    0    0     0    32  386  573  1  0 99  0  0
 0  0      0 733076  45704 507364    0    0     0   246  500  744  1  1 98  0  0
 0  0      0 733076  45708 507444    0    0     0    37  503  752  2  0 98  0  0
 0  0      0 733076  45716 507512    0    0     0   234  513  774  2  0 97  0  0
 0  0      0 733076  45720 507580    0    0     0    49  484  731  2  0 97  0  0
 0  0      0 733076  45724 507648    0    0     0   130  493  731  3  0 95  0  2
 0  0      0 733076  45724 507712    0    0     0    45  523  774  2  1 98  0  0
 1  0      0 733076  45728 507800    0    0     0    52  520  768  2  0 97  0  0
 0  0      0 733076  45732 507988    0    0     0    50  485  729  2  0 98  0  0
 1  0      0 733076  45732 508068    0    0     0   102  537  809  2  0 97  0  1
 0  0      0 733076  45740 508140    0    0     0    58  504  736  1  0 98  0  0
 0  0      0 733076  45740 508212    0    0     0   118  488  723  2  1 98  0  0
 0  0      0 733076  45744 508272    0    0     0    50  496  741  1  0 98  0  0
 0  0      0 733076  45748 508356    0    0     0    54  506  751  1  0 98  0  0
 0  0      0 733076  45752 508400    0    0     0    51  397  581  1  1 98  0  0
 0  0      0 733076  45752 508432    0    0     0    92  216  315  1  0 99  0  0
