procs -----------memory---------- ---swap-- -----io---- -system-- ------cpu-----
 r  b   swpd   free   buff  cache   si   so    bi    bo   in   cs us sy id wa st
 3  0      0 181564  89384 1303984    0    0     1     7   11   13  0  0 100  0  0
 0  0      0 181564  89384 1303996    0    0     0    15   74  131  0  0 100  0  0
 0  0      0 181564  89384 1303996    0    0     0     1   61  100  0  0 100  0  0
 0  0      0 181564  89384 1303996    0    0     0     3   64  106  0  0 100  0  0
 0  0      0 181564  89384 1303996    0    0     0     0   53   96  0  0 100  0  0
 0  0      0 181564  89384 1303996    0    0     0   546  128  228  0  0 99  1  0
 0  0      0 181564  89384 1303996    0    0     0    21   66  106  0  0 100  0  0
 0  0      0 181564  89384 1303996    0    0     0     2   55   96  0  0 100  0  0
 0  0      0 181564  89384 1303996    0    0     0     6   59   98  0  0 100  0  0
 0  0      0 181564  89384 1303996    0    0     0     3   58   99  0  0 100  0  0
 0  0      0 181564  89384 1303996    0    0     0     0   68  107  0  0 100  0  0
 0  0      0 181564  89384 1303996    0    0     0     2   56   97  0  0 100  0  0
 0  0      0 181564  89384 1303996    0    0     0     9   59   97  0  0 100  0  0
 0  0      0 181564  89384 1303996    0    0     0     2   62  107  0  0 100  0  0
 0  0      0 181564  89384 1303996    0    0     0     2   59   98  0  0 100  0  0
 0  0      0 181564  89384 1303996    0    0     0     7   75  109  0  0 100  0  0
 1  0      0 181564  89384 1303996    0    0     0     0   64  100  0  0 100  0  0
 0  0      0 181564  89384 1303996    0    0     0     2   58   95  0  0 100  0  0
 0  0      0 181564  89384 1303996    0    0     0     0   65  102  0  0 100  0  0
