procs -----------memory---------- ---swap-- -----io---- -system-- ------cpu-----
 r  b   swpd   free   buff  cache   si   so    bi    bo   in   cs us sy id wa st
 1  0      0 429596   2168 305348    0    0     3    12  242  303  0  0 99  0  0
 0  0      0 429596   2168 305356    0    0     0    11  360  557  1  0 98  0  0
 0  0      0 429344   2168 305356    0    0     0     3  329  585  0  0 99  0  0
 0  0      0 429344   2168 305356    0    0     0     0  404  732  0  0 100  0  0
 0  0      0 429344   2168 305356    0    0     0     7  460  826  0  0 100  0  0
 0  0      0 426576   2168 305356    0    0     0    10  503  887  1  1 98  0  0
 0  0      0 426576   2168 305356    0    0     0     2  415  750  0  0 100  0  0
 0  0      0 426576   2168 305356    0    0     0    21  436  780  1  0 99  0  0
 0  0      0 426576   2168 305360    0    0     0     1  450  812  0  0 100  0  0
 0  0      0 426576   2168 305360    0    0     0     2  442  800  1  0 99  0  0
 0  0      0 426576   2168 305360    0    0     0   321  474  866  1  0 99  0  0
 0  0      0 426576   2168 305360    0    0     0     1  438  786  0  0 100  0  0
 0  0      0 426576   2168 305360    0    0     0     3  464  832  0  0 99  0  0
 0  0      0 426576   2168 305360    0    0     0    34  460  822  0  0 100  0  0
 0  0      0 426576   2168 305364    0    0     0     2  396  715  0  0 99  0  0
 0  0      0 426576   2168 305364    0    0     0     2  443  798  0  0 99  0  0
 0  0      0 426576   2168 305364    0    0     0     1  409  737  0  0 100  0  0
 0  0      0 426576   2168 305368    0    0     0     1  346  626  0  0 100  0  0
 0  0      0 426576   2168 305368    0    0     0     4  266  486  0  0 100  0  0
