procs -----------memory---------- ---swap-- -----io---- -system-- ------cpu-----
 r  b   swpd   free   buff  cache   si   so    bi    bo   in   cs us sy id wa st
 4  0      0 189496  74860 1105480    0    0     2    12   10    8  6  1 93  0  1
 0  0      0 189496  74860 1105464    0    0     0    15  168  243  1  0 99  0  0
 0  0      0 189048  74860 1105468    0    0     0   230  253  353  1  0 99  0  0
 0  0      0 188824  74860 1105472    0    0     0     6  297  399  1  0 98  0  0
 0  0      0 188376  74860 1105476    0    0     0     6  359  491  1  0 96  0  2
 0  0      0 188152  74860 1105540    0    0     0   202  402  546  1  1 97  0  1
 0  0      0 187928  74860 1105544    0    0     0     6  350  471  1  1 97  0  1
 0  0      0 187480  74860 1105548    0    0     0    18  363  490  1  0 98  0  1
 0  0      0 187256  74860 1105552    0    0     0    57  368  493  1  0 98  0  1
 0  0      0 186808  74864 1105684    0    0     0     6  371  508  1  1 97  0  0
 0  0      0 186584  74864 1105692    0    0     0    54  364  497  2  0 97  0  1
 0  0      0 186136  74864 1105692    0    0     0     6  362  488  1  1 98  0  1
 0  0      0 185912  74864 1105700    0    0     0     6  357  486  1  0 98  0  1
 0  0      0 185688  74864 1105704    0    0     0     6  366  502  2  0 97  0  0
 0  0      0 185240  74864 1105708    0    0     0     6  374  491  1  0 98  0  0
 0  0      0 185016  74868 1105712    0    0     0     6  365  489  2  0 98  0  0
 0  0      0 184792  74868 1105716    0    0     0    67  371  491  2  0 96  0  1
 0  0      0 184568  74868 1105720    0    0     0    15  270  370  1  0 98  0  0
 0  0      0 184344  74868 1105720    0    0     0     0  134  196  0  0 100  0  0
