procs -----------memory---------- ---swap-- -----io---- -system-- ------cpu-----
 r  b   swpd   free   buff  cache   si   so    bi    bo   in   cs us sy id wa st
 2  0      0 669216  50960 561948    0    0     6   528   19    2  6  1 92  0  2
 0  0      0 669216  50964 561972    0    0     0   316  175  273  0  0 100  0  0
 0  0      0 669216  50968 562004    0    0     0    18  199  278  0  0 100  0  0
 0  0      0 669216  50972 562184    0    0     0    86  256  348  0  0 99  0  0
 0  0      0 669216  50976 562256    0    0     0    38  358  483  1  0 99  0  0
 1  0      0 669216  50980 562324    0    0     0    37  323  448  0  0 99  0  0
 0  0      0 669216  50984 562400    0    0     0   130  347  475  0  1 98  0  1
 0  0      0 669216  50988 562468    0    0     0    48  334  454  0  0 99  0  0
 0  0      0 669216  50992 562544    0    0     0    87  344  470  0  1 99  0  0
 0  0      0 669216  50996 562612    0    0     0    50  332  453  1  0 99  0  0
 0  0      0 669216  51000 562692    0    0     0   171  329  455  0  0 99  0  0
 0  0      0 669216  51004 562760    0    0     0    50  333  454  1  0 99  0  0
 0  0      0 669216  51004 562832    0    0     0    54  350  482  0  1 99  0  0
 0  0      0 669216  51008 562912    0    0     0    62  333  455  0  0 99  0  0
 0  0      0 669216  51008 563108    0    0     0   100  332  459  0  0 99  0  0
 0  0      0 669216  51008 563184    0    0     0    61  343  474  1  0 99  0  0
 0  0      0 669216  51012 563256    0    0     0    58  318  439  1  0 99  0  0
 0  0      0 669216  51016 563304    0    0     0   178  272  372  0  1 99  0  0
 0  0      0 669216  51016 563340    0    0     0    42  158  237  0  0 99  0  0
