procs -----------memory---------- ---swap-- -----io---- -system-- ------cpu-----
 r  b   swpd   free   buff  cache   si   so    bi    bo   in   cs us sy id wa st
 1  0      0 193744  89620 1305432    0    0     1     7   11   13  0  0 100  0  0
 0  0      0 193744  89620 1305448    0    0     0     0   66  126  0  0 100  0  0
 0  0      0 193744  89620 1305448    0    0     0    26   54   95  0  0 100  0  0
 0  0      0 193744  89620 1305448    0    0     0     0   57   96  0  0 100  0  0
 0  0      0 193744  89620 1305448    0    0     0     2   63  106  0  0 100  0  0
 0  0      0 193744  89620 1305448    0    0     0   561  123  216  0  0 99  1  0
 0  0      0 193744  89620 1305448    0    0     0    10   56  100  0  0 100  0  0
 0  0      0 193744  89620 1305448    0    0     0     6   58   98  0  0 100  0  0
 0  0      0 193744  89620 1305448    0    0     0     2   67  108  0  0 100  0  0
 0  0      0 193744  89620 1305448    0    0     0     0   55   94  0  0 100  0  0
 0  0      0 193744  89620 1305448    0    0     0    13   60  101  0  0 100  0  0
 0  0      0 193744  89620 1305448    0    0     0     0   55   98  0  0 100  0  0
 0  0      0 193744  89620 1305448    0    0     0     4   66  106  0  0 100  0  0
 0  0      0 193744  89620 1305448    0    0     0     3   56   98  0  0 100  0  0
 0  0      0 193744  89620 1305448    0    0     0     1   55   94  0  0 100  0  0
 0  0      0 193744  89620 1305448    0    0     0     2   61  100  0  0 100  0  0
 0  0      0 193744  89620 1305448    0    0     0     0   63  102  0  0 100  0  0
 0  0      0 193744  89620 1305448    0    0     0     2   61  100  0  0 100  0  0
 0  0      0 193744  89620 1305448    0    0     0     2   54   95  0  0 100  0  0
