procs -----------memory---------- ---swap-- -----io---- -system-- ------cpu-----
 r  b   swpd   free   buff  cache   si   so    bi    bo   in   cs us sy id wa st
 4  0      0 182308  89384 1301848    0    0     1     7   11   13  0  0 100  0  0
 0  0      0 182308  89384 1301860    0    0     0    15   69  122  0  0 100  0  0
 0  0      0 182308  89384 1301860    0    0     0     0   64  103  0  0 100  0  0
 0  0      0 182308  89384 1301860    0    0     0     3   58   95  0  0 100  0  0
 0  0      0 182308  89384 1301860    0    0     0     0   56   98  0  0 100  0  0
 0  0      0 182308  89384 1301860    0    0     0    23   60   98  0  0 100  0  0
 0  0      0 182308  89384 1301860    0    0     0     3   73  113  0  0 100  0  0
 0  0      0 182308  89384 1301860    0    0     0   438  106  190  0  0 99  0  0
 0  0      0 182308  89384 1301860    0    0     0    10   60  101  0  0 100  0  0
 0  0      0 182308  89384 1301860    0    0     0     0   55   95  0  0 100  0  0
 0  0      0 182308  89384 1301860    0    0     0     2   73  112  0  0 100  0  0
 0  0      0 182308  89384 1301860    0    0     0     3   60   99  0  0 100  0  0
 0  0      0 182308  89384 1301860    0    0     0    11   58   97  0  0 100  0  0
 0  0      0 182308  89384 1301860    0    0     0     0   54   95  0  0 100  0  0
 0  0      0 182308  89384 1301860    0    0     0     3   70  107  0  0 100  0  0
 0  0      0 182308  89384 1301860    0    0     0     3   57   98  0  0 100  0  0
 0  0      0 182308  89384 1301860    0    0     0     0   56   95  0  0 100  0  0
 0  0      0 182308  89384 1301860    0    0     0     4   58   97  0  0 100  0  0
 0  0      0 182308  89384 1301860    0    0     0     3   70  109  0  0 100  0  0
