procs -----------memory---------- ---swap-- -----io---- -system-- ------cpu-----
 r  b   swpd   free   buff  cache   si   so    bi    bo   in   cs us sy id wa st
 1  0      0 237888  74552 1083796    0    0     2    11   10    7  6  1 92  0  1
 0  0      0 237888  74552 1083856    0    0     0    20  211  316  1  0 99  0  0
 0  0      0 237888  74552 1083856    0    0     0     8  301  441  1  0 98  0  0
 0  0      0 237888  74552 1083860    0    0     0     6  379  560  2  0 96  0  2
 1  0      0 237888  74552 1083864    0    0     0     6  474  714  2  1 97  0  0
 0  0      0 237888  74552 1083868    0    0     0     6  467  708  2  1 97  0  0
 0  0      0 237888  74552 1083876    0    0     0   170  485  745  2  1 97  0  0
 1  0      0 237888  74552 1083876    0    0     0    66  487  744  3  1 96  0  0
 0  0      0 237888  74552 1083884    0    0     0    10  468  719  2  1 97  0  0
 0  0      0 237888  74552 1083888    0    0     0     6  448  685  2  1 97  0  0
 0  0      0 237888  74552 1083892    0    0     0     6  443  675  2  0 98  0  0
 0  0      0 237664  74552 1083896    0    0     0    59  516  771  2  1 97  0  0
 1  0      0 237664  74552 1084032    0    0     0    63  522  767  3  1 96  0  0
 0  0      0 237664  74552 1084040    0    0     0   161  498  741  3  1 96  0  0
 0  0      0 237664  74552 1084048    0    0     0    14  505  750  2  1 96  0  0
 0  0      0 237664  74552 1084048    0    0     0    30  482  713  2  1 94  0  3
 0  0      0 237664  74552 1084056    0    0     0     6  492  743  2  1 97  0  0
 0  0      0 237664  74560 1084060    0    0     0     6  333  507  2  0 98  0  0
 0  0      0 237664  74560 1084060    0    0     0     6  180  279  1  0 99  0  0
