procs -----------memory---------- ---swap-- -----io---- -system-- ------cpu-----
 r  b   swpd   free   buff  cache   si   so    bi    bo   in   cs us sy id wa st
 1  0      0 420496   2168 311468    0    0     3    12  275  339  1  0 99  0  0
 0  0      0 420496   2168 311480    0    0     0     2  395  630  1  0 99  0  0
 0  0      0 420496   2168 311480    0    0     0     4  400  721  0  0 100  0  0
 0  0      0 420496   2168 311480    0    0     0     0  425  763  1  0 99  0  1
 0  0      0 420496   2168 311480    0    0     0     1  534  944  0  0 99  0  0
 0  0      0 420496   2168 311480    0    0     0     3  516  918  0  0 99  0  0
 0  0      0 420496   2168 311480    0    0     0    30  500  896  0  0 100  0  0
 0  0      0 420244   2168 311480    0    0     0     1  504  900  0  0 99  0  0
 0  0      0 420244   2168 311484    0    0     0     4  519  909  1  0 99  0  0
 0  0      0 419992   2168 311484    0    0     0     0  491  882  0  0 99  0  0
 0  0      0 419992   2168 311484    0    0     0     1  515  913  0  0 99  0  0
 0  0      0 419740   2168 311484    0    0     0     3  503  894  0  0 100  0  0
 0  0      0 419488   2168 311484    0    0     0    16  494  875  0  0 100  0  0
 0  0      0 419488   2168 311484    0    0     0     1  462  807  0  0 100  0  0
 0  0      0 419236   2168 311484    0    0     0     1  489  869  0  0 99  0  0
 0  0      0 419236   2168 311488    0    0     0     2  478  843  0  0 99  0  1
 0  0      0 419236   2168 311488    0    0     0     2  487  862  0  0 99  0  0
 0  0      0 418984   2168 311488    0    0     0     1  418  743  1  0 99  0  0
 0  0      0 417232   2168 311492    0    0     0     6  383  691  1  1 99  0  0
