procs -----------memory---------- ---swap-- -----io---- -system-- ------cpu-----
 r  b   swpd   free   buff  cache   si   so    bi    bo   in   cs us sy id wa st
 3  0      0 669740  51172 564048    0    0     6   528   19    2  6  1 92  0  2
 0  0      0 669740  51172 564148    0    0     0    48  152  219  0  0 99  0  0
 0  0      0 669740  51172 564184    0    0     0    18  199  284  0  0 99  0  0
 0  0      0 669740  51176 564236    0    0     0    29  260  351  0  0 99  0  0
 0  0      0 669740  51176 564436    0    0     0   258  375  518  1  0 98  0  0
 0  0      0 669740  51176 564516    0    0     0    38  331  451  0  0 99  0  0
 0  0      0 669740  51176 564588    0    0     0   247  360  495  1  0 99  0  0
 0  0      0 669740  51180 564904    0    0     0   156  342  461  1  0 99  0  0
 0  0      0 669740  51184 564984    0    0     0    46  333  457  1  0 99  0  0
 0  0      0 669740  51188 565056    0    0     0    46  323  449  0  0 99  0  0
 0  0      0 669740  51192 565124    0    0     0   230  355  481  1  0 99  0  0
 0  0      0 669740  51196 565196    0    0     0    54  327  442  1  0 99  0  0
 0  0      0 669740  51196 565400    0    0     0    37  340  472  0  0 99  0  0
 0  0      0 669740  51200 565468    0    0     0    39  333  450  1  1 98  0  0
 0  0      0 669740  51208 565664    0    0     0    37  340  454  0  0 99  0  0
 0  0      0 669740  51212 565744    0    0     0    37  344  464  0  0 99  0  0
 0  0      0 669740  51212 565812    0    0     0    95  334  442  1  0 99  0  0
 0  0      0 669740  51220 565992    0    0     0   181  284  383  0  0 99  0  0
 0  0      0 669740  51228 566152    0    0     0    43  157  218  0  0 100  0  0
