procs -----------memory---------- ---swap-- -----io---- -system-- ------cpu-----
 r  b   swpd   free   buff  cache   si   so    bi    bo   in   cs us sy id wa st
 1  0      0 453744   2168 308356    0    0     3    12  260  320  1  0 99  0  0
 0  0      0 444672   2168 308368    0    0     0     2  338  520  1  0 98  0  0
 0  0      0 443676   2168 308368    0    0     0     4  351  616  0  0 100  0  0
 0  0      0 443424   2168 308368    0    0     0     0  386  702  0  0 99  0  1
 0  0      0 442668   2168 308368    0    0     0    23  483  879  0  0 100  0  0
 0  0      0 442668   2168 308368    0    0     0     3  486  873  0  0 99  0  0
 0  0      0 442416   2168 308368    0    0     0     7  504  893  0  0 99  0  0
 0  0      0 442416   2168 308368    0    0     0     1  465  835  0  0 100  0  0
 0  0      0 441912   2168 308372    0    0     0     4  499  891  0  0 99  0  0
 0  0      0 441408   2168 308372    0    0     0     0  483  867  0  0 99  0  0
 0  0      0 441408   2168 308372    0    0     0    34  490  875  1  0 99  0  0
 0  0      0 440904   2168 308372    0    0     0     3  487  870  0  0 99  0  0
 0  0      0 440904   2168 308372    0    0     0     1  491  883  0  0 99  0  0
 0  0      0 440400   2168 308372    0    0     0     1  480  867  0  0 99  0  0
 0  0      0 440400   2168 308372    0    0     0     1  493  882  0  0 99  0  0
 0  0      0 439896   2168 308376    0    0     0     2  423  753  0  0 99  0  1
 0  0      0 439896   2168 308376    0    0     0     8  453  803  1  0 99  0  0
 0  0      0 439896   2168 308376    0    0     0     1  424  762  0  0 100  0  0
 0  0      0 435120   2168 308376    0    0     0     8  348  627  0  1 99  0  0
