procs -----------memory---------- ---swap-- -----io---- -system-- ------cpu-----
 r  b   swpd   free   buff  cache   si   so    bi    bo   in   cs us sy id wa st
 1  0      0 194680  88908 1295924    0    0     1     7   11   13  0  0 100  0  0
 0  0      0 196516  88908 1295936    0    0     0     0   68  126  0  0 100  0  0
 0  0      0 196516  88908 1295936    0    0     0    10   61  101  0  0 100  0  0
 0  0      0 196264  88908 1295936    0    0     0    14   64  103  0  0 100  0  0
 0  0      0 196264  88908 1295936    0    0     0   290   97  163  0  0 100  0  0
 0  0      0 196264  88908 1295936    0    0     0   262   81  134  0  0 100  0  0
 0  0      0 196264  88908 1295936    0    0     0     6   62   98  0  0 100  0  0
 0  0      0 196264  88908 1295936    0    0     0     2   68  106  0  0 100  0  0
 0  0      0 196264  88908 1295936    0    0     0     4   66  104  0  0 100  0  0
 0  0      0 196264  88908 1295936    0    0     0     0   53   95  0  0 100  0  0
 0  0      0 196264  88908 1295936    0    0     0    12   62   98  0  0 100  0  0
 0  0      0 196264  88908 1295936    0    0     0     0   65  103  0  0 100  0  0
 0  0      0 196264  88908 1295936    0    0     0     5   66  110  0  0 100  0  0
 0  0      0 196264  88908 1295936    0    0     0     3   58   98  0  0 100  0  0
 0  0      0 196264  88908 1295936    0    0     0     1   61   99  0  0 100  0  0
 0  0      0 196264  88908 1295936    0    0     0     6   71  111  0  0 100  0  0
 0  0      0 196264  88908 1295936    0    0     0     0   58   96  0  0 100  0  0
 0  0      0 196264  88908 1295936    0    0     0     2   61  101  0  0 100  0  0
 0  0      0 196264  88908 1295936    0    0     0     2   58   97  0  0 100  0  0
 1  0      0 197288  88908 1295936    0    0     0     8  145  236  3  1 96  0  0
