procs -----------memory---------- ---swap-- -----io---- -system-- ------cpu-----
 r  b   swpd   free   buff  cache   si   so    bi    bo   in   cs us sy id wa st
 2  0      0 185848  89384 1303928    0    0     1     7   11   13  0  0 100  0  0
 0  0      0 185848  89384 1303940    0    0     0    17  101  166  0  0 100  0  0
 0  0      0 185848  89384 1303940    0    0     0     0   55   94  0  0 100  0  0
 0  0      0 185848  89384 1303940    0    0     0     2   58   98  0  0 100  0  0
 0  0      0 185848  89384 1303940    0    0     0     0   62  104  0  0 100  0  0
 0  0      0 185848  89384 1303940    0    0     0     5   61   98  0  0 100  0  0
 0  0      0 185848  89384 1303940    0    0     0    22   60   98  0  0 100  0  0
 0  0      0 185848  89384 1303940    0    0     0   438  106  188  0  0 99  1  0
 0  0      0 185848  89384 1303940    0    0     0    12   70  108  0  0 100  0  0
 0  0      0 185848  89384 1303940    0    0     0     0   59   97  0  0 100  0  0
 0  0      0 185848  89384 1303940    0    0     0     2   56   96  0  0 100  0  0
 0  0      0 185848  89384 1303940    0    0     0     1   69  112  0  0 100  0  0
 0  0      0 185848  89384 1303940    0    0     0     3   68  110  0  0 100  0  0
 0  0      0 185848  89384 1303940    0    0     0     9   65  107  0  0 100  0  0
 0  0      0 185848  89384 1303940    0    0     0     3   59   96  0  0 100  0  0
 0  0      0 185848  89384 1303940    0    0     0     0   57   97  0  0 100  0  0
 0  0      0 185848  89384 1303940    0    0     0     2   68  108  0  0 100  0  0
 0  0      0 185848  89384 1303940    0    0     0     5   60  100  0  0 100  0  0
 0  0      0 185848  89384 1303940    0    0     0     0   58  101  0  0 100  0  0
