procs -----------memory---------- ---swap-- -----io---- -system-- ------cpu-----
 r  b   swpd   free   buff  cache   si   so    bi    bo   in   cs us sy id wa st
 2  0      0 196996  88908 1292956    0    0     1     7   11   13  0  0 100  0  0
 0  0      0 196996  88908 1292968    0    0     0    18   69  118  0  0 100  0  0
 0  0      0 196996  88908 1292968    0    0     0     0   55   93  0  0 100  0  0
 0  0      0 196996  88908 1292968    0    0     0     2   71  107  0  0 100  0  0
 0  0      0 196996  88908 1292968    0    0     0     0   59   96  0  0 100  0  0
 0  0      0 196996  88908 1292968    0    0     0     2   59   99  0  0 100  0  0
 0  0      0 196996  88908 1292968    0    0     0     1   56   94  0  0 100  0  0
 0  0      0 196996  88908 1292968    0    0     0   440  116  190  0  0 99  1  0
 0  0      0 196996  88908 1292968    0    0     0    11   61  100  0  0 100  0  0
 0  0      0 196996  88908 1292968    0    0     0     0   58   99  0  0 100  0  0
 0  0      0 196996  88908 1292968    0    0     0     2   57   95  0  0 100  0  0
 0  0      0 196996  88908 1292968    0    0     0     0   67  107  0  0 100  0  0
 0  0      0 196996  88908 1292968    0    0     0     4   56   95  0  0 100  0  0
 0  0      0 196996  88908 1292968    0    0     0     3   59  100  0  0 100  0  0
 0  0      0 196996  88908 1292968    0    0     0    10   54   94  0  0 100  0  0
 0  0      0 196996  88908 1292968    0    0     0     6   83  119  0  0 100  0  0
 0  0      0 196996  88908 1292968    0    0     0     0   56   96  0  0 100  0  0
 0  0      0 196996  88908 1292968    0    0     0     3   60  101  0  0 100  0  0
 0  0      0 196996  88908 1292968    0    0     0     1   56   94  0  0 100  0  0
 0  0      0 196996  88908 1292968    0    0     0     3   66  108  0  0 100  0  0
