procs -----------memory---------- ---swap-- -----io---- -system-- ------cpu-----
 r  b   swpd   free   buff  cache   si   so    bi    bo   in   cs us sy id wa st
 1  0      0 222044  74584 1087452    0    0     2    12   10    7  6  1 92  0  1
 1  0      0 222044  74584 1087464    0    0     0   296  224  349  1  0 99  0  0
 0  0      0 222044  74584 1087468    0    0     0     6  280  417  1  0 99  0  0
 0  0      0 222044  74584 1087468    0    0     0     6  352  532  1  0 98  0  0
 0  0      0 222044  74584 1087476    0    0     0     6  497  756  2  0 97  0  0
 0  0      0 222044  74588 1087476    0    0     0   243  477  725  2  1 97  0  0
 0  0      0 222044  74588 1087484    0    0     0     6  446  672  2  1 97  0  0
 1  0      0 222044  74588 1087488    0    0     0    72  507  772  3  0 96  0  1
 0  0      0 222044  74588 1087620    0    0     0     6  467  700  2  1 95  0  2
 0  0      0 222044  74588 1087624    0    0     0     6  452  680  3  0 97  0  0
 0  0      0 222044  74588 1087632    0    0     0     6  445  670  2  1 97  0  0
 0  0      0 222044  74588 1087632    0    0     0     6  473  717  2  1 97  0  0
 0  0      0 222044  74588 1087640    0    0     0     6  448  681  2  0 98  0  1
 0  0      0 222044  74588 1087644    0    0     0    65  456  693  2  1 97  0  0
 0  0      0 222044  74588 1087648    0    0     0    13  491  741  2  1 97  0  0
 0  0      0 222044  74588 1087652    0    0     0     6  466  709  2  1 97  0  0
 0  0      0 222044  74588 1087720    0    0     0    53  456  685  2  1 97  0  0
 0  0      0 222044  74588 1087724    0    0     0     6  355  532  1  0 98  0  0
 0  0      0 222044  74588 1087724    0    0     0     0  167  253  1  0 99  0  0
