procs -----------memory---------- ---swap-- -----io---- -system-- ------cpu-----
 r  b   swpd   free   buff  cache   si   so    bi    bo   in   cs us sy id wa st
 0  0      0 222244  74680 1088824    0    0     2    12   10    7  6  1 92  0  1
 0  0      0 222244  74680 1088960    0    0     0    16  179  237  1  0 99  0  0
 0  0      0 222020  74680 1088964    0    0     0     0  244  308  1  0 98  0  0
 0  0      0 221348  74680 1088964    0    0     0    10  354  439  2  1 97  0  0
 0  0      0 220900  74684 1088972    0    0     0    10  402  505  2  0 97  0  0
 1  0      0 220452  74684 1088976    0    0     0    13  424  528  2  0 97  0  1
 0  0      0 220228  74684 1088980    0    0     0   319  444  571  2  1 96  0  0
 0  0      0 220004  74684 1088984    0    0     0    15  409  512  2  0 97  0  0
 0  0      0 219556  74684 1088988    0    0     0     9  393  503  3  1 94  0  2
 0  0      0 219108  74684 1088992    0    0     0     6  436  555  2  1 97  0  1
 0  0      0 218660  74684 1088996    0    0     0     6  401  492  2  0 97  0  1
 0  0      0 218436  74684 1089004    0    0     0     6  416  537  2  0 97  0  1
 0  0      0 218212  74684 1089132    0    0     0    10  410  524  2  1 97  0  0
 0  0      0 217736  74684 1089140    0    0     0    56  430  544  2  1 97  0  1
 0  0      0 217512  74684 1089144    0    0     0    19  403  504  2  0 97  0  1
 0  0      0 217288  74684 1089144    0    0     0     6  445  556  2  1 97  0  0
 0  0      0 217064  74684 1089152    0    0     0     6  380  478  2  0 97  0  1
 0  0      0 216392  74684 1089152    0    0     0    59  318  427  1  0 98  0  0
 0  0      0 215944  74684 1089152    0    0     0    10  154  203  1  0 99  0  0
