procs -----------memory---------- ---swap-- -----io---- -system-- ------cpu-----
 r  b   swpd   free   buff  cache   si   so    bi    bo   in   cs us sy id wa st
 3  0      0 709040  46852 515024    0    0     6   531   18    1  6  1 91  0  2
 0  0      0 708788  46860 515172    0    0     0   400  258  364  0  0 99  0  0
 0  0      0 708788  46868 515216    0    0     0    22  321  453  0  1 99  0  0
 0  0      0 708788  46876 515268    0    0     0    26  388  562  1  1 99  0  0
 0  0      0 708536  46876 515340    0    0     0    34  472  702  1  1 98  0  0
 0  0      0 708536  46876 515404    0    0     0    34  490  731  1  0 98  0  0
 0  0      0 708536  46884 515476    0    0     0    38  462  707  1  0 98  0  0
 0  0      0 708536  46892 515544    0    0     0    97  458  692  1  0 99  0  0
 0  0      0 708536  46892 515616    0    0     0   150  512  750  2  1 95  0  2
 0  0      0 708536  46892 515680    0    0     0     6  495  722  1  1 98  0  0
 0  0      0 708536  46892 515760    0    0     0    50  472  689  1  1 98  0  0
 0  0      0 708536  46892 515828    0    0     0    51  511  752  1  0 99  0  0
 0  0      0 708536  46892 515900    0    0     0    54  489  716  2  1 98  0  0
 0  0      0 708536  46896 516100    0    0     0   106  481  708  1  0 98  0  0
 0  0      0 708536  46900 516172    0    0     0    55  506  737  1  0 98  0  0
 0  0      0 708536  46904 516252    0    0     0   247  529  766  2  1 98  0  0
 0  0      0 708536  46908 516324    0    0     0   111  528  764  1  0 98  0  0
 0  0      0 708284  46928 516372    0    0     0   158  460  646  1  0 99  0  0
 0  0      0 708284  46932 516396    0    0     0    42  234  339  0  0 99  0  0
