procs -----------memory---------- ---swap-- -----io---- -system-- ------cpu-----
 r  b   swpd   free   buff  cache   si   so    bi    bo   in   cs us sy id wa st
 1  0      0 198752  88904 1292312    0    0     1     7   11   13  0  0 100  0  0
 0  0      0 198752  88904 1292324    0    0     0     0   72  114  0  0 100  0  0
 0  0      0 198500  88904 1292328    0    0     0    28   69  108  0  0 100  0  0
 0  0      0 198500  88904 1292328    0    0     0     3   65  106  0  0 100  0  0
 0  0      0 198500  88904 1292328    0    0     0   540  112  199  0  0 99  1  0
 0  0      0 198500  88904 1292328    0    0     0    10   59   98  0  0 100  0  0
 0  0      0 198500  88904 1292328    0    0     0     0   57   96  0  0 100  0  0
 0  0      0 198500  88904 1292328    0    0     0     5   60   98  0  0 100  0  0
 0  0      0 198500  88904 1292328    0    0     0     6   68  108  0  0 100  0  0
 0  0      0 198500  88904 1292328    0    0     0     0   55   95  0  0 100  0  0
 0  0      0 198500  88904 1292328    0    0     0    12   57   96  0  0 100  0  0
 0  0      0 198500  88904 1292328    0    0     0     0   54   97  0  0 100  0  0
 0  0      0 198500  88904 1292328    0    0     0     3   71  116  0  0 100  0  0
 0  0      0 198500  88904 1292328    0    0     0     0   64  100  0  0 100  0  0
 0  0      0 198500  88904 1292328    0    0     0     5   61   96  0  0 100  0  0
 0  0      0 198500  88904 1292328    0    0     0     6   76  115  0  0 100  0  0
 0  0      0 198500  88904 1292328    0    0     0     0   69  101  0  0 100  0  0
 0  0      0 198500  88904 1292328    0    0     0     4   59   99  0  0 100  0  0
 0  0      0 198500  88904 1292328    0    0     0     2   56   93  0  0 100  0  0
 1  0      0 198500  88904 1292328    0    0     0     6  129  206  1  0 98  0  0
