procs -----------memory---------- ---swap-- -----io---- -system-- ------cpu-----
 r  b   swpd   free   buff  cache   si   so    bi    bo   in   cs us sy id wa st
 2  0      0 230916  73900 1071384    0    0     2    11    9    6  6  1 92  0  1
 0  0      0 230516  73900 1071404    0    0     0    17  249  285  2  0 96  0  2
 0  0      0 230292  73900 1071404    0    0     0    10  406  442  3  0 96  0  0
 0  0      0 229452  73900 1071408    0    0     0   290  527  544  4  1 94  0  0
 0  0      0 227060  73900 1071416    0    0     0   237  670  690  5  1 93  0  1
 0  0      0 227752  73900 1071416    0    0     0    12  662  737  6  1 93  0  1
 0  0      0 228656  73900 1071484    0    0     0     6  660  731  6  1 92  0  1
 0  0      0 228724  73900 1071488    0    0     0    10  647  698  5  1 93  0  1
 0  0      0 227804  73900 1071492    0    0     0     9  638  725  6  1 92  0  1
 0  0      0 227496  73900 1071628    0    0     0    50  648  725  6  1 93  0  1
 0  0      0 226836  73900 1071628    0    0     0    28  716  772  6  1 93  0  1
 1  0      0 225916  73900 1071764    0    0     0     9  686  725  6  1 93  0  1
 0  0      0 225392  73900 1071768    0    0     0     6  686  725  6  1 93  0  0
 2  0      0 225088  73900 1071768    0    0     0    10  636  702  6  1 89  0  4
 0  0      0 225048  73900 1071776    0    0     0     6  695  737  6  1 93  0  1
 0  0      0 225588  73900 1071776    0    0     0     0  659  673  5  1 93  0  0
 1  0      0 226424  73900 1071912    0    0     0    48  647  725  5  1 93  0  1
 0  0      0 225092  73900 1071912    0    0     0    59  455  468  3  0 95  0  0
 0  0      0 226384  73900 1071916    0    0     0    11  264  314  2  0 98  0  0
