procs -----------memory---------- ---swap-- -----io---- -system-- ------cpu-----
 r  b   swpd   free   buff  cache   si   so    bi    bo   in   cs us sy id wa st
 2  0      0 259672  73312 1059076    0    0     2    11    9    6  6  1 92  0  1
 0  0      0 259672  73316 1059080    0    0     0    12  207  331  1  0 99  0  0
 0  0      0 259672  73316 1059080    0    0     0     6  340  519  2  1 97  0  0
 0  0      0 259672  73316 1059084    0    0     0    19  429  660  3  0 96  0  0
 0  0      0 259672  73316 1059092    0    0     0   230  622  948  5  1 94  0  1
 0  0      0 259672  73320 1059092    0    0     0    10  570  878  4  1 94  0  1
 0  0      0 259672  73320 1059228    0    0     0   215  590  910  4  1 95  0  0
 0  0      0 259672  73320 1059228    0    0     0    13  545  833  4  1 95  0  0
 0  0      0 259672  73320 1059236    0    0     0     6  584  911  4  1 95  0  0
 0  0      0 259672  73320 1059240    0    0     0     6  567  879  4  1 92  0  2
 0  0      0 260732  73320 1059244    0    0     0    15  596  913  5  1 91  0  3
 0  0      0 260732  73324 1059248    0    0     0    10  583  903  4  1 94  0  1
 0  0      0 260732  73328 1059248    0    0     0    58  592  913  5  0 95  0  0
 0  0      0 260732  73332 1059252    0    0     0    11  554  855  4  1 95  0  0
 0  0      0 260732  73336 1059260    0    0     0     6  564  870  4  1 95  0  0
 0  0      0 260732  73336 1059264    0    0     0     0  571  884  4  1 94  0  0
 0  0      0 260732  73336 1059400    0    0     0     6  538  837  4  1 95  0  0
 0  0      0 260732  73336 1059400    0    0     0    15  396  607  3  1 96  0  0
 0  0      0 260732  73336 1059404    0    0     0    53  205  319  1  0 98  0  0
