procs -----------memory---------- ---swap-- -----io---- -system-- ------cpu-----
 r  b   swpd   free   buff  cache   si   so    bi    bo   in   cs us sy id wa st
 1  0      0 674808  50280 553828    0    0     6   529   19    2  6  1 92  0  2
 0  0      0 674660  50280 553856    0    0     0    51  210  310  1  0 99  0  0
 0  0      0 674660  50284 553892    0    0     0    20  285  415  0  0 99  0  0
 0  0      0 674660  50292 553944    0    0     0   377  405  581  1  0 98  0  0
 0  0      0 674660  50296 554008    0    0     0    34  429  631  1  1 98  0  0
 0  0      0 674660  50300 554080    0    0     0    41  443  655  1  0 99  0  0
 0  0      0 674660  50304 554152    0    0     0    44  418  621  1  0 99  0  0
 0  0      0 674660  50308 554216    0    0     0   162  471  694  1  1 99  0  0
 0  0      0 674660  50312 554292    0    0     0    36  433  630  1  0 99  0  0
 0  0      0 674660  50312 554368    0    0     0    44  481  701  1  0 98  0  0
 0  0      0 674660  50312 554440    0    0     0   146  494  714  1  0 98  0  0
 0  0      0 674660  50336 554640    0    0     0   132  471  672  1  0 99  0  0
 0  0      0 674660  50336 554716    0    0     0    54  479  695  1  0 99  0  0
 0  0      0 674660  50340 554780    0    0     0    61  439  644  0  0 99  0  0
 0  0      0 674660  50344 554980    0    0     0    60  475  689  2  0 95  0  3
 0  0      0 674660  50348 555060    0    0     0   175  438  628  0  0 99  0  0
 0  0      0 674660  50352 555132    0    0     0   100  464  672  1  1 98  0  0
 0  0      0 674660  50360 555176    0    0     0    51  322  463  1  0 99  0  0
 0  0      0 674660  50364 555204    0    0     0    46  188  285  0  0 100  0  0
