procs -----------memory---------- ---swap-- -----io---- -system-- ------cpu-----
 r  b   swpd   free   buff  cache   si   so    bi    bo   in   cs us sy id wa st
 2  0      0 703560  47044 530876    0    0     6   531   18    1  6  1 91  0  2
 0  0      0 703560  47052 530880    0    0     0   301  215  318  1  0 99  0  0
 0  0      0 703560  47056 530908    0    0     0    23  285  430  1  0 99  0  0
 0  0      0 703816  47056 530964    0    0     0    27  387  564  1  0 98  0  1
 0  0      0 703816  47056 531032    0    0     0   259  473  705  2  1 97  0  0
 0  0      0 703816  47056 531228    0    0     0    42  491  729  1  0 99  0  0
 0  0      0 703816  47060 531304    0    0     0   149  467  694  1  1 97  0  1
 0  0      0 703816  47060 531364    0    0     0    45  464  696  1  1 98  0  0
 0  0      0 703816  47064 531564    0    0     0    99  510  769  1  0 98  0  0
 0  0      0 703816  47072 531640    0    0     0    45  466  693  1  0 99  0  0
 0  0      0 703816  47076 531704    0    0     0    48  466  697  1  1 98  0  0
 0  0      0 703816  47084 531772    0    0     0    50  521  771  1  0 99  0  0
 0  0      0 703816  47092 531852    0    0     0    39  465  691  1  0 98  0  0
 0  0      0 703816  47092 531920    0    0     0    49  478  701  2  1 94  0  3
 2  0      0 703816  47092 531984    0    0     0   147  496  722  1  0 98  0  0
 0  0      0 703816  47096 532192    0    0     0    94  510  727  1  1 98  0  0
 0  0      0 703816  47104 532260    0    0     0    56  478  697  2  0 98  0  0
 0  0      0 703816  47112 532316    0    0     0    50  376  543  1  0 98  0  0
 0  0      0 703816  47132 532340    0    0     0    86  246  358  1  0 99  0  0
