procs -----------memory---------- ---swap-- -----io---- -system-- ------cpu-----
 r  b   swpd   free   buff  cache   si   so    bi    bo   in   cs us sy id wa st
 0  0      0 664884  50372 554756    0    0     6   529   19    2  6  1 92  0  2
 0  0      0 664884  50372 554924    0    0     0    52  175  258  0  0 100  0  0
 0  0      0 664884  50372 554952    0    0     0    21  262  395  0  0 100  0  0
 0  0      0 664884  50376 555000    0    0     0    26  340  503  0  0 99  0  0
 0  0      0 664884  50380 555072    0    0     0    34  427  627  1  1 98  0  0
 0  0      0 664884  50380 555144    0    0     0   271  461  688  1  0 97  0  1
 0  0      0 664884  50384 555212    0    0     0    34  426  625  1  0 99  0  0
 0  0      0 664884  50392 555284    0    0     0   249  491  728  1  0 99  0  0
 0  0      0 664884  50392 555360    0    0     0    47  431  641  1  0 99  0  0
 1  0      0 664884  50392 555428    0    0     0    47  451  659  1  0 99  0  0
 0  0      0 664884  50392 555496    0    0     0    43  436  653  1  0 99  0  0
 0  0      0 664884  50396 555576    0    0     0    57  426  631  1  1 99  0  0
 0  0      0 664884  50396 555768    0    0     0    16  448  658  1  0 99  0  0
 0  0      0 664884  50404 555844    0    0     0    94  426  630  1  0 99  0  0
 0  0      0 664884  50412 555916    0    0     0   184  473  700  1  0 98  0  0
 0  0      0 664884  50420 555992    0    0     0    58  425  633  1  0 99  0  0
 0  0      0 664884  50424 556068    0    0     0    51  440  660  1  1 99  0  0
 0  0      0 664884  50428 556120    0    0     0    53  345  497  1  0 98  0  1
 0  0      0 664884  50428 556152    0    0     0    47  218  323  0  0 100  0  0
