procs -----------memory---------- ---swap-- -----io---- -system-- ------cpu-----
 r  b   swpd   free   buff  cache   si   so    bi    bo   in   cs us sy id wa st
 1  0      0 417164   2168 313124    0    0     3    11  276  344  1  0 99  0  0
 0  0      0 417164   2168 313128    0    0     0     3  383  596  2  0 98  0  0
 0  0      0 417164   2168 313128    0    0     0     1  378  667  1  0 99  0  0
 0  0      0 417164   2168 313132    0    0     0     0  437  764  1  0 99  0  0
 0  0      0 417164   2168 313132    0    0     0     4  503  881  1  1 98  0  0
 0  0      0 417164   2168 313132    0    0     0    42  533  939  0  1 98  0  0
 0  0      0 417164   2168 313132    0    0     0     1  526  924  1  0 99  0  0
 0  0      0 417164   2168 313132    0    0     0     3  507  916  1  1 97  0  1
 0  0      0 417164   2168 313132    0    0     0     1  514  895  1  1 97  0  0
 0  0      0 417164   2168 313132    0    0     0     0  527  930  0  1 99  0  0
 0  0      0 417164   2168 313136    0    0     0     1  527  945  0  0 99  0  0
 0  0      0 417164   2168 313136    0    0     0    16  536  950  0  1 99  0  0
 0  0      0 417164   2168 313136    0    0     0     1  547  957  0  1 99  0  0
 0  0      0 417164   2168 313140    0    0     0     1  538  947  1  1 98  0  0
 0  0      0 417164   2168 313140    0    0     0     4  527  920  1  0 98  0  0
 0  0      0 417164   2168 313140    0    0     0     0  546  953  0  1 99  0  0
 0  0      0 417164   2168 313140    0    0     0     1  531  924  1  1 98  0  0
 0  0      0 417164   2168 313144    0    0     0    15  424  763  0  0 99  0  0
 0  0      0 417164   2168 313144    0    0     0     2  303  548  0  0 99  0  0
