procs -----------memory---------- ---swap-- -----io---- -system-- ------cpu-----
 r  b   swpd   free   buff  cache   si   so    bi    bo   in   cs us sy id wa st
 2  0      0 243532  73928 1074596    0    0     2    11    9    6  6  1 92  0  1
 0  0      0 243788  73932 1074604    0    0     0    54  220  335  1  0 98  0  0
 0  0      0 243564  73932 1074612    0    0     0   510  372  559  2  0 97  0  0
 1  0      0 243564  73932 1074612    0    0     0     6  399  597  2  0 97  0  0
 1  0      0 243564  73932 1074616    0    0     0     6  529  806  3  1 96  0  0
 0  0      0 243564  73936 1074616    0    0     0     6  509  762  4  1 95  0  1
 0  0      0 243564  73936 1074624    0    0     0     6  508  773  4  1 94  0  2
 0  0      0 243564  73936 1074760    0    0     0     0  485  735  3  1 96  0  0
 0  0      0 243564  73936 1074760    0    0     0    63  531  801  3  1 96  0  1
 0  0      0 243564  73940 1074768    0    0     0    12  492  747  3  1 96  0  0
 0  0      0 243564  73940 1074768    0    0     0     6  497  750  3  1 96  0  1
 0  0      0 244328  73940 1074776    0    0     0    47  496  748  3  1 96  0  0
 0  0      0 244104  73940 1074780    0    0     0    11  481  724  3  0 96  0  1
 0  0      0 244104  73940 1074784    0    0     0     6  508  771  3  1 96  0  1
 0  0      0 244104  73940 1074788    0    0     0     6  489  735  3  1 96  0  1
 0  0      0 244104  73940 1074796    0    0     0     6  494  753  2  1 96  0  1
 0  0      0 244104  73940 1074796    0    0     0     6  460  692  3  0 96  0  0
 0  0      0 244104  73940 1074804    0    0     0     6  348  536  2  0 98  0  0
 0  0      0 244104  73940 1074804    0    0     0    67  231  339  1  0 97  0  1
