procs -----------memory---------- ---swap-- -----io---- -system-- ------cpu-----
 r  b   swpd   free   buff  cache   si   so    bi    bo   in   cs us sy id wa st
 2  0      0 183008  75096 1119176    0    0     2    12   11    9  6  1 93  0  1
 0  0      0 183008  75096 1119224    0    0     0   452  281  307  0  0 99  1  0
 0  0      0 183008  75096 1119224    0    0     0     6  261  389  1  0 99  0  0
 0  0      0 183008  75096 1119228    0    0     0    21  310  463  1  0 99  0  0
 2  0      0 183008  75096 1119232    0    0     0    40  436  646  1  1 98  0  0
 0  0      0 183008  75096 1119236    0    0     0    12  393  585  1  1 98  0  0
 0  0      0 183008  75096 1119240    0    0     0     6  414  626  1  0 98  0  0
 0  0      0 183008  75096 1119248    0    0     0    10  418  620  1  0 99  0  0
 0  0      0 183008  75100 1119508    0    0     0     9  395  583  1  1 98  0  0
 0  0      0 183008  75100 1119512    0    0     0     6  418  622  1  1 98  0  0
 0  0      0 183008  75100 1119516    0    0     0    72  395  585  1  0 98  0  0
 0  0      0 183008  75100 1119524    0    0     0     0  432  647  1  0 98  0  0
 0  0      0 183008  75104 1119524    0    0     0     6  393  584  1  1 98  0  1
 0  0      0 183008  75104 1119532    0    0     0    10  404  617  1  0 98  0  0
 0  0      0 183008  75104 1119536    0    0     0     8  424  627  1  0 98  0  0
 0  0      0 183008  75104 1119540    0    0     0     6  397  593  1  1 98  0  0
 0  0      0 183008  75104 1119544    0    0     0     6  393  586  1  0 98  0  0
 0  0      0 183008  75104 1119544    0    0     0    58  291  437  1  1 99  0  0
 0  0      0 183008  75104 1119552    0    0     0     6  204  307  1  0 99  0  0
