procs -----------memory---------- ---swap-- -----io---- -system-- ------cpu-----
 r  b   swpd   free   buff  cache   si   so    bi    bo   in   cs us sy id wa st
 2  0      0 739980  42084 489516    0    0     6   532   17   20  6  1 91  0  2
 0  0      0 740052  42088 489540    0    0     0    49  221  345  1  0 99  0  0
 0  0      0 740052  42088 489576    0    0     0    22  320  462  1  0 98  0  0
 0  0      0 739828  42092 489616    0    0     0    86  432  632  2  1 98  0  0
 0  0      0 739828  42096 489692    0    0     0    34  561  835  2  0 97  0  0
 0  0      0 739828  42096 489764    0    0     0    34  529  801  3  1 96  0  0
 0  0      0 739828  42100 489832    0    0     0    34  523  789  3  1 97  0  0
 0  0      0 739828  42104 489896    0    0     0   382  556  850  2  1 96  0  0
 0  0      0 739604  42108 489952    0    0     0    47  547  836  3  1 96  0  0
 1  0      0 739604  42108 490164    0    0     0    47  519  796  3  0 96  0  0
 0  0      0 739380  42108 490304    0    0     0    46  530  808  3  1 96  0  0
 0  0      0 739380  42108 490368    0    0     0   130  536  818  2  1 97  0  0
 0  0      0 739156  42116 490444    0    0     0    48  527  789  3  0 96  0  1
 1  0      0 739156  42124 490508    0    0     0    98  551  827  3  1 94  0  2
 0  0      0 738904  42128 490576    0    0     0    61  545  815  3  0 96  0  0
 2  0      0 738904  42132 490636    0    0     0    58  526  793  2  1 97  0  0
 0  0      0 738904  42140 490716    0    0     0    50  547  829  3  0 97  0  0
 0  0      0 738904  42144 490756    0    0     0    50  412  617  2  0 98  0  0
 0  0      0 738904  42152 490792    0    0     0   166  265  391  1  0 99  0  0
