procs -----------memory---------- ---swap-- -----io---- -system-- ------cpu-----
 r  b   swpd   free   buff  cache   si   so    bi    bo   in   cs us sy id wa st
 1  0      0 163860  75176 1130456    0    0     2    12   11    9  6  1 93  0  1
 0  0      0 163860  75176 1130472    0    0     0    14  137  213  0  0 99  0  0
 0  0      0 163860  75176 1130472    0    0     0    19  194  283  0  0 99  0  0
 0  0      0 163860  75176 1130476    0    0     0   446  340  378  1  0 99  1  0
 0  0      0 163860  75176 1130480    0    0     0    35  280  412  1  0 99  0  0
 0  0      0 163860  75176 1130488    0    0     0    11  270  402  1  0 99  0  0
 0  0      0 163860  75176 1130488    0    0     0     6  283  424  1  0 99  0  0
 0  0      0 163860  75176 1130496    0    0     0    13  282  410  1  0 99  0  0
 0  0      0 163860  75176 1130628    0    0     0    10  288  416  1  0 99  0  0
 1  0      0 163860  75176 1130628    0    0     0    17  275  404  1  0 99  0  0
 0  0      0 163860  75176 1130636    0    0     0    60  277  409  1  0 99  0  0
 0  0      0 163860  75176 1130640    0    0     0     6  285  416  1  0 99  0  0
 0  0      0 163860  75176 1130644    0    0     0     6  273  404  1  0 99  0  0
 0  0      0 163860  75176 1130648    0    0     0    14  276  409  1  1 98  0  0
 0  0      0 163860  75176 1130656    0    0     0     7  281  423  1  0 97  0  1
 0  0      0 163860  75176 1130656    0    0     0    11  286  416  1  0 99  0  0
 0  0      0 163860  75176 1130664    0    0     0    54  268  397  1  0 99  0  0
 0  0      0 163860  75176 1130668    0    0     0     6  209  313  0  0 99  0  0
 0  0      0 163860  75176 1130668    0    0     0     6  117  181  0  0 100  0  0
