procs -----------memory---------- ---swap-- -----io---- -system-- ------cpu-----
 r  b   swpd   free   buff  cache   si   so    bi    bo   in   cs us sy id wa st
 1  0      0 177928  89620 1307412    0    0     1     7   12   13  0  0 100  0  0
 0  0      0 177928  89620 1307412    0    0     0    15   71  121  0  0 100  0  0
 0  0      0 177928  89620 1307412    0    0     0     0   54   93  0  0 100  0  0
 0  0      0 177928  89620 1307412    0    0     0     2   64   97  0  0 100  0  0
 0  0      0 177928  89620 1307412    0    0     0     0   77  112  0  0 100  0  0
 0  0      0 177928  89620 1307412    0    0     0    22   65  101  0  0 100  0  0
 0  0      0 177928  89620 1307412    0    0     0     3   59   94  0  0 100  0  0
 0  0      0 177928  89620 1307412    0    0     0   436  116  197  0  0 99  1  0
 0  0      0 177928  89620 1307412    0    0     0     9   61   97  0  0 100  0  0
 0  0      0 177928  89620 1307412    0    0     0     3   64  104  0  0 100  0  0
 0  0      0 177928  89620 1307412    0    0     0     0   62   98  0  0 100  0  0
 0  0      0 177928  89620 1307412    0    0     0     4   71  104  0  0 100  0  0
 0  0      0 177928  89620 1307412    0    0     0    10   64  103  0  0 100  0  0
 0  0      0 177928  89620 1307412    0    0     0     0   56   94  0  0 100  0  0
 0  0      0 177928  89620 1307412    0    0     0     3   63   96  0  0 100  0  0
 0  0      0 177928  89620 1307412    0    0     0     5   62  101  0  0 100  0  0
 0  0      0 177928  89620 1307412    0    0     0     0   69  106  0  0 100  0  0
 0  0      0 177928  89620 1307412    0    0     0     3   63   97  0  0 100  0  0
 0  0      0 177928  89620 1307412    0    0     0     4   63   98  0  0 100  0  0
