procs -----------memory---------- ---swap-- -----io---- -system-- ------cpu-----
 r  b   swpd   free   buff  cache   si   so    bi    bo   in   cs us sy id wa st
 1  0      0 228844  74052 1079452    0    0     2    11    9    7  6  1 92  0  1
 0  0      0 228620  74052 1079480    0    0     0    16  201  263  1  0 99  0  0
 0  0      0 228620  74052 1079480    0    0     0    12  296  348  2  0 98  0  0
 0  0      0 228620  74052 1079488    0    0     0    10  416  503  3  1 96  0  0
 0  0      0 228620  74052 1079488    0    0     0    12  465  545  3  1 96  0  0
 0  0      0 228620  74052 1079620    0    0     0   238  507  625  4  0 95  0  1
 0  0      0 227276  74052 1079628    0    0     0    10  487  579  3  1 95  0  1
 0  0      0 226380  74052 1079628    0    0     0   242  503  598  4  1 91  0  4
 2  0      0 225036  74052 1079636    0    0     0     6  467  553  3  1 96  0  0
 0  0      0 223996  74052 1079640    0    0     0     6  490  581  3  1 96  0  0
 0  0      0 223676  74052 1079644    0    0     0     6  460  534  2  1 97  0  0
 0  0      0 223372  74052 1079648    0    0     0     6  521  623  3  1 95  0  1
 0  0      0 223160  74052 1079652    0    0     0    10  479  562  3  1 96  0  0
 0  0      0 223304  74056 1079656    0    0     0    62  506  598  4  0 95  0  1
 0  0      0 223124  74060 1079656    0    0     0    13  501  575  4  1 95  0  0
 0  0      0 222956  74060 1079664    0    0     0     6  482  569  3  1 96  0  0
 0  0      0 222628  74060 1079796    0    0     0     0  468  557  3  1 96  0  1
 0  0      0 222540  74060 1079800    0    0     0     6  320  386  2  0 97  0  0
 0  0      0 222540  74064 1079804    0    0     0     9  222  275  1  0 98  0  0
