procs -----------memory---------- ---swap-- -----io---- -system-- ------cpu-----
 r  b   swpd   free   buff  cache   si   so    bi    bo   in   cs us sy id wa st
 1  0      0 447116   2168 312788    0    0     3    11  276  344  1  0 99  0  0
 0  0      0 438548   2168 312792    0    0     0     3  365  551  1  1 98  0  0
 0  0      0 437792   2168 312792    0    0     0     1  377  674  0  0 100  0  0
 0  0      0 437288   2168 312792    0    0     0     0  451  808  1  0 99  0  0
 0  0      0 436784   2168 312792    0    0     0    10  424  747  0  0 100  0  0
 0  0      0 436532   2168 312796    0    0     0     2  496  875  0  0 99  0  0
 0  0      0 436532   2168 312796    0    0     0     1  490  882  0  0 99  0  0
 0  0      0 436280   2168 312796    0    0     0     1  512  917  0  0 100  0  0
 0  0      0 435776   2168 312796    0    0     0     3  508  908  0  0 100  0  0
 0  0      0 431516   2168 312864    0    0     0     0  554  981  1  1 98  0  0
 0  0      0 431516   2168 312864    0    0     0   347  552  990  0  0 99  0  0
 0  0      0 431516   2168 312864    0    0     0     2  514  936  0  0 99  0  0
 0  0      0 431516   2168 312868    0    0     0     2  514  930  0  0 99  0  0
 0  0      0 431516   2168 312872    0    0     0     1  517  913  1  0 99  0  0
 0  0      0 431516   2168 312872    0    0     0     4  510  912  0  0 99  0  0
 0  0      0 431516   2168 312872    0    0     0     0  521  927  0  0 99  0  0
 0  0      0 431516   2168 312872    0    0     0    32  483  854  0  0 99  0  0
 0  0      0 431516   2168 312872    0    0     0     3  421  750  0  0 100  0  0
 0  0      0 431516   2168 312872    0    0     0     1  317  572  1  0 99  0  0
