procs -----------memory---------- ---swap-- -----io---- -system-- ------cpu-----
 r  b   swpd   free   buff  cache   si   so    bi    bo   in   cs us sy id wa st
 2  0      0 319476  73172 1052880    0    0     2    11    9    6  6  1 92  0  1
 0  0      0 319476  73172 1052880    0    0     0    16  224  350  1  0 98  0  0
 0  0      0 278428  73172 1052880    0    0     0     8  373  566  3  1 96  0  0
 0  0      0 278428  73172 1052888    0    0     0     7  473  703  3  0 95  0  1
 1  0      0 278204  73172 1052888    0    0     0     6  611  934  4  1 95  0  1
 0  0      0 278204  73172 1052896    0    0     0    10  579  900  5  1 94  0  0
 0  0      0 276692  73172 1052900    0    0     0     6  560  869  4  1 95  0  0
 0  0      0 276692  73172 1053032    0    0     0   379  598  937  4  1 94  0  1
 0  0      0 276692  73172 1053036    0    0     0    11  577  900  5  1 94  0  1
 2  0      0 276468  73172 1053044    0    0     0     6  568  875  4  1 94  0  1
 0  0      0 276468  73172 1053044    0    0     0     9  582  891  5  1 91  0  3
 0  0      0 276468  73172 1053052    0    0     0    10  577  905  5  1 94  0  0
 0  0      0 276468  73172 1053052    0    0     0    82  591  912  4  1 95  0  0
 0  0      0 276468  73172 1053060    0    0     0     6  560  873  5  0 95  0  0
 0  0      0 276468  73176 1053064    0    0     0     6  604  935  5  1 94  0  1
 0  0      0 276468  73176 1053068    0    0     0     6  560  870  5  0 94  0  1
 0  0      0 276468  73176 1053072    0    0     0     0  534  827  4  1 95  0  0
 0  0      0 276468  73176 1053072    0    0     0    64  440  659  3  0 96  0  0
 0  0      0 276468  73176 1053208    0    0     0   120  275  399  1  0 98  0  0
