procs -----------memory---------- ---swap-- -----io---- -system-- ------cpu-----
 r  b   swpd   free   buff  cache   si   so    bi    bo   in   cs us sy id wa st
 3  0      0 663148  51536 568684    0    0     6   528   19    3  6  1 92  0  2
 0  0      0 663004  51540 568764    0    0     0    48  148  219  0  0 99  0  0
 0  0      0 662752  51544 568800    0    0     0    22  208  290  0  0 99  0  0
 0  0      0 662752  51548 568848    0    0     0    35  256  352  1  0 99  0  0
 0  0      0 662752  51548 568924    0    0     0   277  369  502  1  0 98  0  1
 0  0      0 662752  51552 568992    0    0     0    40  321  435  0  0 99  0  0
 0  0      0 662752  51556 569072    0    0     0   350  383  515  1  0 99  0  0
 0  0      0 662752  51556 569136    0    0     0    46  331  456  0  0 99  0  0
 0  0      0 662752  51556 569216    0    0     0    44  338  457  0  0 99  0  0
 0  0      0 662752  51556 569284    0    0     0    50  334  454  0  0 99  0  0
 0  0      0 662752  51560 569352    0    0     0    54  346  470  1  0 99  0  0
 0  0      0 662752  51564 569424    0    0     0    51  323  448  1  0 99  0  0
 0  0      0 662752  51568 569620    0    0     0   102  349  486  0  0 99  0  0
 0  0      0 662752  51568 569704    0    0     0   189  335  457  0  0 100  0  0
 0  0      0 662752  51568 569776    0    0     0    43  343  468  1  0 99  0  0
 0  0      0 662752  51576 569840    0    0     0    80  345  470  0  0 99  0  0
 0  0      0 662752  51576 569916    0    0     0    56  316  435  1  0 99  0  1
 0  0      0 662752  51580 569972    0    0     0    50  264  365  0  0 99  0  0
 0  0      0 662752  51580 569996    0    0     0    44  175  248  0  0 100  0  0
