procs -----------memory---------- ---swap-- -----io---- -system-- ------cpu-----
 r  b   swpd   free   buff  cache   si   so    bi    bo   in   cs us sy id wa st
 1  0      0 221312  74648 1085140    0    0     2    12   10    7  6  1 92  0  1
 0  0      0 220864  74652 1085228    0    0     0    15  172  232  0  0 99  0  0
 0  0      0 220192  74652 1085272    0    0     0   283  271  341  1  0 98  0  0
 0  0      0 219296  74652 1085340    0    0     0    18  362  453  2  0 97  0  0
 0  0      0 218624  74652 1085476    0    0     0    10  399  493  2  1 95  0  2
 0  0      0 217952  74652 1085476    0    0     0     6  410  524  2  0 97  0  0
 1  0      0 217056  74652 1085484    0    0     0     6  408  507  2  0 98  0  0
 0  0      0 216608  74652 1085616    0    0     0     6  405  515  1  1 98  0  0
 0  0      0 215712  74652 1085620    0    0     0     6  388  485  2  0 97  0  1
 0  0      0 215040  74652 1085624    0    0     0    72  452  566  2  0 97  0  0
 0  0      0 214144  74652 1085624    0    0     0    21  388  488  2  0 97  0  0
 0  0      0 214016  74652 1085632    0    0     0     6  413  531  2  0 97  0  0
 0  0      0 213884  74652 1085636    0    0     0    50  413  516  2  1 97  0  0
 0  0      0 214016  74652 1085644    0    0     0     0  421  528  2  1 97  0  1
 1  0      0 213652  74652 1085644    0    0     0    44  400  504  2  1 98  0  0
 0  0      0 213536  74652 1085652    0    0     0    11  423  519  2  1 97  0  0
 0  0      0 213608  74652 1085652    0    0     0     6  383  490  2  0 95  0  2
 0  0      0 213204  74652 1085656    0    0     0     6  317  399  1  1 98  0  0
 0  0      0 213436  74656 1085784    0    0     0     6  151  203  1  0 99  0  0
