procs -----------memory---------- ---swap-- -----io---- -system-- ------cpu-----
 r  b   swpd   free   buff  cache   si   so    bi    bo   in   cs us sy id wa st
 2  0      0 176312  75088 1117480    0    0     2    12   11    8  6  1 93  0  1
 0  0      0 176312  75088 1117560    0    0     0    11  181  276  0  0 100  0  0
 0  0      0 176312  75088 1117692    0    0     0     0  240  370  1  0 99  0  0
 0  0      0 176312  75088 1117692    0    0     0     6  348  518  1  0 98  0  0
 0  0      0 176312  75088 1117696    0    0     0   219  420  617  1  0 98  0  0
 0  0      0 176312  75088 1117832    0    0     0    10  409  609  1  0 98  0  1
 0  0      0 176312  75088 1117960    0    0     0     6  412  611  1  0 98  0  1
 0  0      0 176312  75088 1118096    0    0     0   196  404  604  2  0 97  0  1
 0  0      0 176312  75088 1118104    0    0     0    12  410  615  1  1 98  0  1
 0  0      0 176312  75088 1118104    0    0     0     6  397  590  1  0 98  0  0
 0  0      0 176312  75088 1118240    0    0     0     7  415  624  1  1 98  0  0
 0  0      0 170768  75092 1118372    0    0    26    16  514  719  8  2 90  0  1
 0  0      0 170768  75096 1118504    0    0     0    12  393  589  1  0 98  0  0
 0  0      0 170768  75096 1118508    0    0     0    86  437  656  1  1 98  0  0
 0  0      0 170768  75096 1118516    0    0     0    10  386  579  1  1 98  0  0
 0  0      0 170768  75096 1118516    0    0     0     6  412  611  1  0 98  0  0
 0  0      0 170768  75096 1118520    0    0     0     6  378  560  1  0 98  0  0
 0  0      0 170768  75096 1118524    0    0     0     9  304  455  1  0 98  0  0
 0  0      0 170768  75096 1118528    0    0     0     6  173  270  0  0 100  0  0
