procs -----------memory---------- ---swap-- -----io---- -system-- ------cpu-----
 r  b   swpd   free   buff  cache   si   so    bi    bo   in   cs us sy id wa st
 1  0      0 182608  89620 1306168    0    0     1     7   11   13  0  0 100  0  0
 0  0      0 182608  89620 1306180    0    0     0   566  145  251  0  0 99  1  0
 0  0      0 182608  89620 1306180    0    0     0    18   63   97  0  0 100  0  0
 0  0      0 182608  89620 1306180    0    0     0     3   65  104  0  0 100  0  0
 0  0      0 182608  89620 1306180    0    0     0     0   62   96  0  0 100  0  0
 0  0      0 182608  89620 1306180    0    0     0     6   73  105  0  0 100  0  0
 0  0      0 182608  89620 1306180    0    0     0     7   64  100  0  0 100  0  0
 0  0      0 182608  89620 1306180    0    0     0     2   58   96  0  0 100  0  0
 0  0      0 182608  89620 1306180    0    0     0     5   65   98  0  0 100  0  0
 0  0      0 182608  89620 1306180    0    0     0     9   70  104  0  0 100  0  0
 0  0      0 182608  89620 1306180    0    0     0     0   60   98  0  0 100  0  0
 0  0      0 182608  89620 1306180    0    0     0     2   57   93  0  0 100  0  0
 0  0      0 182608  89620 1306180    0    0     0     0   60   96  0  0 100  0  0
 0  0      0 182608  89620 1306180    0    0     0     2   72  103  0  0 100  0  0
 0  0      0 182608  89620 1306180    0    0     0     6   61   98  0  0 100  0  0
 0  0      0 182608  89620 1306180    0    0     0     3   64  104  0  0 100  0  0
 0  0      0 182608  89620 1306180    0    0     0     0   61   97  0  0 100  0  0
 0  0      0 182608  89620 1306180    0    0     0     2   69  108  0  0 100  0  0
 0  0      0 182608  89620 1306180    0    0     0     0   62   99  0  0 100  0  0
