procs -----------memory---------- ---swap-- -----io---- -system-- ------cpu-----
 r  b   swpd   free   buff  cache   si   so    bi    bo   in   cs us sy id wa st
 1  0      0 451320   2168 310140    0    0     3    12  270  332  1  0 99  0  0
 0  0      0 443256   2168 310144    0    0     0     1  365  569  1  1 98  0  0
 0  0      0 442752   2168 310144    0    0     0     3  425  757  0  0 100  0  0
 0  0      0 441744   2168 310148    0    0     0     0  470  843  0  0 100  0  0
 0  0      0 441240   2168 310148    0    0     0    14  495  886  0  0 100  0  0
 0  0      0 441240   2168 310148    0    0     0     3  522  927  0  0 99  0  0
 0  0      0 440988   2168 310148    0    0     0     1  522  922  0  0 99  0  0
 0  0      0 440736   2168 310148    0    0     0     1  492  875  0  0 99  0  0
 0  0      0 440232   2168 310148    0    0     0     3  492  867  1  0 99  0  0
 0  0      0 439980   2168 310148    0    0     0     0  491  878  0  0 100  0  0
 0  0      0 439476   2168 310152    0    0     0    25  497  871  0  0 100  0  0
 0  0      0 435208   2168 310152    0    0     0     2  546  968  1  1 99  0  0
 0  0      0 435208   2168 310152    0    0     0     4  503  893  0  0 99  0  0
 0  0      0 435208   2168 310152    0    0     0     1  493  875  1  0 99  0  0
 0  0      0 435208   2168 310152    0    0     0     1  482  859  0  0 99  0  0
 0  0      0 435208   2168 310152    0    0     0     2  481  850  0  0 99  0  0
 0  0      0 435208   2168 310152    0    0     0     4  483  848  0  0 99  0  0
 0  0      0 435208   2168 310156    0    0     0   332  430  777  0  0 99  0  0
 0  0      0 435208   2168 310160    0    0     0     4  339  599  0  0 100  0  0
