procs -----------memory---------- ---swap-- -----io---- -system-- ------cpu-----
 r  b   swpd   free   buff  cache   si   so    bi    bo   in   cs us sy id wa st
 2  0      0 196744  88908 1298796    0    0     1     7   11   13  0  0 100  0  0
 0  0      0 196744  88908 1298812    0    0     0    17   86  141  0  0 100  0  0
 0  0      0 196744  88908 1298812    0    0     0     0   57   98  0  0 100  0  0
 0  0      0 196744  88908 1298812    0    0     0    18   60   97  0  0 100  0  0
 0  0      0 196744  88908 1298812    0    0     0   546  134  221  0  0 99  1  0
 0  0      0 196744  88908 1298812    0    0     0    10   60  100  0  0 100  0  0
 0  0      0 196744  88908 1298812    0    0     0     0   57   94  0  0 100  0  0
 0  0      0 196744  88908 1298812    0    0     0     6   66  106  0  0 100  0  0
 0  0      0 196744  88908 1298812    0    0     0     5   66  105  0  0 100  0  0
 0  0      0 196744  88908 1298812    0    0     0     0   56   97  0  0 100  0  0
 0  0      0 196744  88908 1298812    0    0     0     2   58   97  0  0 100  0  0
 0  0      0 196744  88908 1298812    0    0     0     9   60   95  0  0 100  0  0
 0  0      0 196744  88908 1298812    0    0     0     2   57   95  0  0 100  0  0
 0  0      0 196744  88908 1298812    0    0     0     1   74  112  0  0 100  0  0
 0  0      0 196744  88908 1298812    0    0     0     4   60   98  0  0 100  0  0
 0  0      0 196744  88908 1298812    0    0     0     5   64  104  0  0 100  0  0
 0  0      0 196744  88908 1298812    0    0     0     0   69  106  0  0 100  0  0
 0  0      0 196744  88908 1298812    0    0     0     3   59   96  0  0 100  0  0
 0  0      0 196744  88908 1298812    0    0     0     0   55   94  0  0 100  0  0
 1  0      0 190444  88908 1298812    0    0     0     9  126  205  2  0 98  0  0
