procs -----------memory---------- ---swap-- -----io---- -system-- ------cpu-----
 r  b   swpd   free   buff  cache   si   so    bi    bo   in   cs us sy id wa st
 2  0      0 181744  89620 1309428    0    0     1     7   12   14  0  0 100  0  0
 0  0      0 181744  89620 1309428    0    0     0    18   80  124  0  0 100  0  0
 0  0      0 181744  89620 1309428    0    0     0     0   57   92  0  0 100  0  0
 0  0      0 181744  89620 1309428    0    0     0     2   63   98  0  0 100  0  0
 0  0      0 181744  89620 1309428    0    0     0   538  131  214  0  0 99  1  0
 0  0      0 181492  89620 1309432    0    0     0    10   66   99  0  0 100  0  0
 0  0      0 181492  89620 1309432    0    0     0     1   62   94  0  0 100  0  0
 0  0      0 181492  89620 1309432    0    0     0     5   68  101  0  0 100  0  0
 0  0      0 181492  89620 1309432    0    0     0    20   72  107  0  0 100  0  0
 0  0      0 181492  89620 1309432    0    0     0     0   60   97  0  0 100  0  0
 0  0      0 181492  89620 1309432    0    0     0     3   62   95  0  0 100  0  0
 0  0      0 181492  89620 1309432    0    0     0     0   65   97  0  0 100  0  0
 0  0      0 181492  89620 1309432    0    0     0     4   78  110  0  0 100  0  0
 0  0      0 181492  89620 1309432    0    0     0     0   61   98  0  0 100  0  0
 0  0      0 181492  89620 1309432    0    0     0     7   61   93  0  0 100  0  0
 0  0      0 181492  89620 1309432    0    0     0     0   60   99  0  0 100  0  0
 0  0      0 181492  89620 1309432    0    0     0     6   79  117  0  0 100  0  0
 0  0      0 181492  89620 1309432    0    0     0     0   66  100  0  0 100  0  0
 0  0      0 181492  89620 1309432    0    0     0     2   58   94  0  0 100  0  0
