procs -----------memory---------- ---swap-- -----io---- -system-- ------cpu-----
 r  b   swpd   free   buff  cache   si   so    bi    bo   in   cs us sy id wa st
 2  0      0 203104  88904 1288388    0    0     1     7   11   13  0  0 100  0  0
 0  0      0 203104  88904 1288392    0    0     0    18   74  126  0  0 100  0  0
 0  0      0 203104  88904 1288392    0    0     0     0   67  107  0  0 100  0  0
 0  0      0 203104  88904 1288392    0    0     0    20   62   98  0  0 100  0  0
 0  0      0 203104  88904 1288392    0    0     0     4   60   99  0  0 100  0  0
 0  0      0 203104  88904 1288392    0    0     0     7   56   97  0  0 100  0  0
 0  0      0 203104  88904 1288392    0    0     0   428  113  195  0  0 99  0  0
 0  0      0 203104  88904 1288392    0    0     0     6   56   95  0  0 100  0  0
 0  0      0 203104  88904 1288392    0    0     0     4   60  100  0  0 100  0  0
 0  0      0 203104  88904 1288392    0    0     0     0   55   93  0  0 100  0  0
 0  0      0 203104  88904 1288392    0    0     0     2   73  111  0  0 100  0  0
 0  0      0 203104  88904 1288392    0    0     0     9   59   97  0  0 100  0  0
 0  0      0 203104  88904 1288392    0    0     0     3   61   99  0  0 100  0  0
 0  0      0 203104  88904 1288392    0    0     0     0   54   93  0  0 100  0  0
 0  0      0 203104  88904 1288392    0    0     0     4   72  111  0  0 100  0  0
 0  0      0 203104  88904 1288392    0    0     0     0   52   91  0  0 100  0  0
 0  0      0 203104  88904 1288392    0    0     0     2   60   99  0  0 100  0  0
 0  0      0 203104  88904 1288392    0    0     0     0   56   95  0  0 100  0  0
 0  0      0 203104  88904 1288392    0    0     0     4   69  109  0  0 100  0  0
 0  0      0 203104  88904 1288392    0    0     0     5   57   96  0  0 100  0  0
