procs -----------memory---------- ---swap-- -----io---- -system-- ------cpu-----
 r  b   swpd   free   buff  cache   si   so    bi    bo   in   cs us sy id wa st
 1  0      0 432164   2168 312664    0    0     3    11  276  344  1  0 99  0  0
 0  0      0 426380   2168 312672    0    0     0     2  311  481  1  0 95  0  3
 0  0      0 426128   2168 312672    0    0     0     4  406  720  0  0 99  0  0
 0  0      0 425624   2168 312672    0    0     0     1  447  806  0  0 99  0  0
 0  0      0 423120   2168 312688    0    0     0     7  538  953  1  1 98  0  0
 0  0      0 423120   2168 312688    0    0     0    26  479  857  0  0 100  0  0
 0  0      0 423120   2168 312688    0    0     0     1  500  896  1  0 99  0  0
 0  0      0 423120   2168 312692    0    0     0     0  494  888  0  0 99  0  0
 0  0      0 423120   2168 312692    0    0     0     4  474  843  0  0 99  0  0
 0  0      0 423120   2168 312692    0    0     0     1  487  872  1  0 99  0  0
 0  0      0 423120   2168 312692    0    0     0   338  515  935  0  0 99  0  0
 0  0      0 423120   2168 312692    0    0     0    28  500  885  1  0 99  0  0
 0  0      0 423120   2168 312692    0    0     0     2  501  894  0  0 100  0  0
 0  0      0 423120   2168 312692    0    0     0     0  425  743  0  0 99  0  0
 0  0      0 423120   2168 312696    0    0     0     1  474  834  0  0 99  0  0
 0  0      0 423120   2168 312696    0    0     0     2  491  874  0  0 100  0  0
 0  0      0 423120   2168 312696    0    0     0     1  502  888  0  0 100  0  0
 0  0      0 423120   2168 312696    0    0     0     7  454  805  0  0 99  0  0
 0  0      0 423120   2168 312696    0    0     0     3  340  619  0  0 100  0  0
