procs -----------memory---------- ---swap-- -----io---- -system-- ------cpu-----
 r  b   swpd   free   buff  cache   si   so    bi    bo   in   cs us sy id wa st
 2  0      0 191596  89384 1300656    0    0     1     7   11   13  0  0 100  0  0
 0  0      0 191596  89384 1300664    0    0     0    15   65  119  0  0 100  0  0
 0  0      0 191596  89384 1300664    0    0     0     2   69  106  0  0 100  0  0
 0  0      0 191596  89384 1300664    0    0     0     3   58  102  0  0 100  0  0
 0  0      0 191596  89384 1300664    0    0     0   534  115  202  0  0 99  1  0
 0  0      0 191344  89384 1300668    0    0     0    10   58   96  0  0 100  0  0
 0  0      0 191344  89384 1300668    0    0     0    18   67  106  0  0 100  0  0
 0  0      0 191344  89384 1300668    0    0     0     4   63  103  0  0 100  0  0
 0  0      0 191344  89384 1300668    0    0     0     6   66  103  0  0 100  0  0
 0  0      0 191344  89384 1300668    0    0     0     4   59   93  0  0 100  0  0
 0  0      0 191344  89384 1300668    0    0     0     6   71  107  0  0 100  0  0
 0  0      0 191344  89384 1300668    0    0     0     6   58   98  0  0 100  0  0
 0  0      0 191344  89384 1300668    0    0     0     2   56   97  0  0 100  0  0
 0  0      0 191344  89384 1300668    0    0     0     6   67  108  0  0 100  0  0
 0  0      0 191344  89384 1300668    0    0     0     5   72  109  0  0 100  0  0
 0  0      0 191344  89384 1300668    0    0     0     2   57   94  0  0 100  0  0
 0  0      0 191344  89384 1300668    0    0     0     3   58   99  0  0 100  0  0
 0  0      0 191344  89384 1300668    0    0     0     0   55   96  0  0 100  0  0
 0  0      0 191344  89384 1300668    0    0     0     2   65  104  0  0 100  0  0
