procs -----------memory---------- ---swap-- -----io---- -system-- ------cpu-----
 r  b   swpd   free   buff  cache   si   so    bi    bo   in   cs us sy id wa st
 2  0      0 183188  89844 1312084    0    0     1     8   12   14  0  0 100  0  0
 0  0      0 183188  89844 1312096    0    0     0    15   75  130  0  0 100  0  0
 0  0      0 183188  89844 1312096    0    0     0     0   62  103  0  0 100  0  0
 0  0      0 183188  89844 1312096    0    0     0     2   59  102  0  0 100  0  0
 0  0      0 183188  89844 1312096    0    0     0     0   53   94  0  0 100  0  0
 0  0      0 183188  89844 1312096    0    0     0     3   57   97  0  0 100  0  0
 0  0      0 183188  89844 1312096    0    0     0    17   74  113  0  0 100  0  0
 0  0      0 183188  89844 1312096    0    0     0   449  105  191  0  0 99  0  0
 0  0      0 183188  89844 1312096    0    0     0    11   60  103  0  0 100  0  0
 0  0      0 183188  89844 1312096    0    0     0     0   56   96  0  0 100  0  0
 0  0      0 183188  89844 1312096    0    0     0     2   63  104  0  0 100  0  0
 0  0      0 183188  89844 1312096    0    0     0     2   59   98  0  0 100  0  0
 0  0      0 183188  89844 1312096    0    0     0    13   57   96  0  0 100  0  0
 0  0      0 183188  89844 1312096    0    0     0     2   58   97  0  0 100  0  0
 0  0      0 183188  89844 1312096    0    0     0     6   66  107  0  0 100  0  0
 0  0      0 183188  89844 1312096    0    0     0    10   60  104  0  0 100  0  0
 0  0      0 183188  89844 1312096    0    0     0     5   61  100  0  0 100  0  0
 0  0      0 183188  89844 1312096    0    0     0     2   56   96  0  0 100  0  0
 2  0      0 183188  89844 1312096    0    0     0     6   71  108  0  0 100  0  0
