procs -----------memory---------- ---swap-- -----io---- -system-- ------cpu-----
 r  b   swpd   free   buff  cache   si   so    bi    bo   in   cs us sy id wa st
 3  0      0 185192  89844 1315568    0    0     1     8   12   14  0  0 100  0  0
 0  0      0 185192  89844 1315568    0    0     0   542  122  220  0  0 99  1  0
 0  0      0 185192  89844 1315568    0    0     0     0   53   96  0  0 100  0  0
 0  0      0 185192  89844 1315568    0    0     0     2   57   99  0  0 100  0  0
 0  0      0 185192  89844 1315568    0    0     0     0   63  104  0  0 100  0  0
 0  0      0 185192  89844 1315568    0    0     0     2   53   95  0  0 100  0  0
 0  0      0 185192  89844 1315568    0    0     0     0   55   97  0  0 100  0  0
 0  0      0 185192  89844 1315568    0    0     0     3   56   97  0  0 100  0  0
 0  0      0 185192  89844 1315568    0    0     0    22   61  100  0  0 100  0  0
 0  0      0 185192  89844 1315568    0    0     0     0   62  106  0  0 100  0  0
 0  0      0 185192  89844 1315568    0    0     0     2   58   98  0  0 100  0  0
 0  0      0 185192  89844 1315568    0    0     0     0   52   93  0  0 100  0  0
 0  0      0 185192  89844 1315568    0    0     0     2   60  101  0  0 100  0  0
 0  0      0 185192  89844 1315568    0    0     0     2   61  100  0  0 100  0  0
 0  0      0 185192  89844 1315568    0    0     0     5   58   98  0  0 100  0  0
 1  0      0 185192  89844 1315568    0    0     0     6   62  101  0  0 100  0  0
 0  0      0 185192  89844 1315568    0    0     0     0   76  115  0  0 100  0  0
 0  0      0 185192  89844 1315568    0    0     0     2   58   95  0  0 100  0  0
 0  0      0 185192  89844 1315568    0    0     0     0   56   98  0  0 100  0  0
