procs -----------memory---------- ---swap-- -----io---- -system-- ------cpu-----
 r  b   swpd   free   buff  cache   si   so    bi    bo   in   cs us sy id wa st
 1  0      0 174792  89384 1300784    0    0     1     7   11   13  0  0 100  0  0
 0  0      0 174792  89384 1300796    0    0     0    18   87  142  0  0 100  0  0
 0  0      0 174792  89384 1300796    0    0     0     0   53   93  0  0 100  0  0
 0  0      0 174792  89384 1300796    0    0     0     2   56   97  0  0 100  0  0
 0  0      0 174792  89384 1300796    0    0     0   548  112  208  0  0 99  1  0
 0  0      0 174792  89384 1300796    0    0     0    10   69  109  0  0 100  0  0
 0  0      0 174792  89384 1300796    0    0     0     2   61  103  0  0 100  0  0
 0  0      0 174792  89384 1300796    0    0     0    20   59   99  0  0 100  0  0
 0  0      0 174792  89384 1300796    0    0     0     4   55   96  0  0 100  0  0
 0  0      0 174792  89384 1300796    0    0     0     3   64  105  0  0 100  0  0
 0  0      0 174792  89384 1300796    0    0     0     6   56   98  0  0 100  0  0
 0  0      0 174792  89384 1300796    0    0     0     5   55   96  0  0 100  0  0
 0  0      0 174792  89384 1300796    0    0     0     5   57   97  0  0 100  0  0
 0  0      0 174792  89384 1300796    0    0     0     2   66  106  0  0 100  0  0
 0  0      0 174792  89384 1300796    0    0     0     3   55   95  0  0 100  0  0
 0  0      0 174792  89384 1300796    0    0     0     2   59  101  0  0 100  0  0
 0  0      0 174792  89384 1300796    0    0     0     6   55   98  0  0 100  0  0
 0  0      0 174792  89384 1300796    0    0     0     5   74  110  0  0 100  0  0
 0  0      0 174792  89384 1300796    0    0     0     2   59   99  0  0 100  0  0
