procs -----------memory---------- ---swap-- -----io---- -system-- ------cpu-----
 r  b   swpd   free   buff  cache   si   so    bi    bo   in   cs us sy id wa st
 2  0      0 189832  89384 1303268    0    0     1     7   11   13  0  0 100  0  0
 0  0      0 189580  89384 1303284    0    0     0    18   68  115  0  0 100  0  0
 0  0      0 189580  89384 1303284    0    0     0    19   63  101  0  0 100  0  0
 0  0      0 189580  89384 1303284    0    0     0     3   58   96  0  0 100  0  0
 0  0      0 189580  89384 1303284    0    0     0   274  101  165  0  0 99  0  0
 0  0      0 189580  89384 1303284    0    0     0     4   60   96  0  0 100  0  0
 0  0      0 189580  89384 1303284    0    0     0   204   80  138  0  0 100  0  0
 0  0      0 189580  89384 1303284    0    0     0    10   61  100  0  0 100  0  0
 0  0      0 189580  89384 1303284    0    0     0     6   69  110  0  0 100  0  0
 0  0      0 189580  89384 1303284    0    0     0     9   59   94  0  0 100  0  0
 0  0      0 189580  89384 1303284    0    0     0     5   63   99  0  0 100  0  0
 0  0      0 189580  89384 1303284    0    0     0     5   61   98  0  0 100  0  0
 0  0      0 189580  89384 1303284    0    0     0     2   69  108  0  0 100  0  0
 0  0      0 189580  89384 1303284    0    0     0     6   59   97  0  0 100  0  0
 0  0      0 189580  89384 1303284    0    0     0     5   61   99  0  0 100  0  0
 0  0      0 189580  89384 1303284    0    0     0     2   55   96  0  0 100  0  0
 0  0      0 189580  89384 1303284    0    0     0     6   72  114  0  0 100  0  0
 0  0      0 189580  89384 1303284    0    0     0     0   56   98  0  0 100  0  0
 0  0      0 189580  89384 1303284    0    0     0     6   59   98  0  0 100  0  0
 1  0      0 182524  89384 1303296    0    0     0     6  182  282  3  1 95  0  0
