procs -----------memory---------- ---swap-- -----io---- -system-- ------cpu-----
 r  b   swpd   free   buff  cache   si   so    bi    bo   in   cs us sy id wa st
 2  0      0 195472  89384 1300456    0    0     1     7   11   13  0  0 100  0  0
 0  0      0 195472  89384 1300472    0    0     0    16   72  128  0  0 100  0  0
 0  0      0 195472  89384 1300472    0    0     0     0   55   94  0  0 100  0  0
 0  0      0 195472  89384 1300472    0    0     0     2   59   99  0  0 100  0  0
 0  0      0 195472  89384 1300472    0    0     0     0   64  103  0  0 100  0  0
 0  0      0 195472  89384 1300472    0    0     0     4   60  100  0  0 100  0  0
 0  0      0 195472  89384 1300472    0    0     0    18   59   98  0  0 100  0  0
 0  0      0 195472  89384 1300472    0    0     0   449  120  207  0  0 99  1  0
 0  0      0 195472  89384 1300472    0    0     0    10   68  108  0  0 100  0  0
 0  0      0 195472  89384 1300472    0    0     0     0   59   99  0  0 100  0  0
 0  0      0 195472  89384 1300472    0    0     0     2   55   95  0  0 100  0  0
 0  0      0 195472  89384 1300472    0    0     0    10   61   98  0  0 100  0  0
 0  0      0 195472  89384 1300472    0    0     0     6   69  108  0  0 100  0  0
 0  0      0 195472  89384 1300472    0    0     0     6   60   99  0  0 100  0  0
 0  0      0 195472  89384 1300472    0    0     0     5   56   98  0  0 100  0  0
 0  0      0 195472  89384 1300472    0    0     0     2   60   98  0  0 100  0  0
 0  0      0 195472  89384 1300472    0    0     0     6   75  109  0  0 100  0  0
 0  0      0 195472  89384 1300472    0    0     0     5   72  116  0  0 100  0  0
 0  0      0 195472  89384 1300472    0    0     0     2   58   97  0  0 100  0  0
