procs -----------memory---------- ---swap-- -----io---- -system-- ------cpu-----
 r  b   swpd   free   buff  cache   si   so    bi    bo   in   cs us sy id wa st
 1  0      0 426288   2168 310072    0    0     3    12  270  332  1  0 99  0  0
 0  0      0 426288   2168 310080    0    0     0    11  375  587  1  0 99  0  0
 0  0      0 426288   2168 310080    0    0     0     1  426  757  0  0 99  0  0
 0  0      0 426288   2168 310080    0    0     0     0  471  844  0  0 100  0  0
 0  0      0 426288   2168 310080    0    0     0     2  524  932  0  0 100  0  0
 0  0      0 426288   2168 310080    0    0     0     1  462  829  1  0 99  0  1
 0  0      0 426288   2168 310080    0    0     0     1  507  907  1  0 99  0  0
 0  0      0 426288   2168 310080    0    0     0    30  520  921  0  0 99  0  0
 0  0      0 425812   2168 310112    0    0     0     2  562  999  1  1 98  0  0
 0  0      0 425812   2168 310112    0    0     0     1  486  874  0  0 100  0  0
 0  0      0 425812   2168 310112    0    0     0     3  507  895  0  0 100  0  0
 0  0      0 425812   2168 310112    0    0     0     1  503  884  1  0 99  0  0
 0  0      0 425812   2168 310112    0    0     0     1  517  932  0  0 100  0  0
 0  0      0 425812   2168 310112    0    0     0     4  485  864  0  0 99  0  0
 0  0      0 425812   2168 310112    0    0     0   338  496  895  0  0 99  0  0
 0  0      0 425812   2168 310116    0    0     0     0  506  903  0  0 99  0  0
 0  0      0 425812   2168 310116    0    0     0     2  508  902  1  0 99  0  0
 0  0      0 425812   2168 310116    0    0     0     3  424  762  0  0 99  0  0
 0  0      0 425812   2168 310116    0    0     0     1  343  629  0  0 100  0  0
