procs -----------memory---------- ---swap-- -----io---- -system-- ------cpu-----
 r  b   swpd   free   buff  cache   si   so    bi    bo   in   cs us sy id wa st
 2  0      0 771168  40584 477020    0    0     6   532   17   19  6  1 91  0  2
 0  0      0 771168  40584 477056    0    0     0     0  229  361  1  0 98  0  0
 1  0      0 771168  40588 477084    0    0     0    21  331  498  2  0 98  0  0
 0  0      0 771168  40596 477140    0    0     0    23  497  753  3  1 96  0  0
 0  0      0 771168  40600 477212    0    0     0    29  616  926  4  1 95  0  0
 0  0      0 771168  40604 477276    0    0     0    38  623  939  5  1 94  0  1
 0  0      0 771168  40608 477340    0    0     0    37  609  919  4  1 95  0  0
 0  0      0 771168  40608 477536    0    0     0   334  623  951  4  1 94  0  0
 0  0      0 771168  40612 477600    0    0     0    49  607  917  5  1 91  0  3
 0  0      0 771168  40620 477676    0    0     0    41  604  922  4  1 95  0  0
 0  0      0 771168  40624 477740    0    0     0    45  608  924  4  1 95  0  1
 2  0      0 771168  40632 477808    0    0     0   242  625  947  4  0 95  0  0
 0  0      0 770944  40636 477876    0    0     0    36  609  932  4  1 95  0  0
 0  0      0 770944  40640 477940    0    0     0    37  599  915  4  0 95  0  0
 0  0      0 770720  40644 478136    0    0     0    31  592  898  4  1 95  0  0
 0  0      0 770720  40648 478328    0    0     0    34  611  931  4  1 95  0  0
 0  0      0 770496  40648 478396    0    0     0    34  598  916  4  1 95  0  0
 0  0      0 770496  40656 478452    0    0     0   198  476  718  3  1 96  0  0
 0  0      0 770496  40660 478472    0    0     0    42  248  379  1  0 98  0  0
