procs -----------memory---------- ---swap-- -----io---- -system-- ------cpu-----
 r  b   swpd   free   buff  cache   si   so    bi    bo   in   cs us sy id wa st
 1  0      0 245400  74064 1080268    0    0     2    11    9    7  6  1 92  0  1
 0  0      0 244504  74064 1080280    0    0     0    17  204  260  1  0 99  0  0
 0  0      0 244280  74064 1080284    0    0     0    10  293  348  2  0 98  0  0
 0  0      0 243132  74064 1080288    0    0     0   442  467  573  3  0 96  0  0
 0  0      0 242432  74064 1080288    0    0     0    10  476  563  4  0 96  0  0
 1  0      0 241760  74064 1080296    0    0     0     6  487  591  3  1 96  0  0
 0  0      0 240164  74064 1080300    0    0     0     6  503  579  3  0 96  0  1
 0  0      0 239688  74064 1080304    0    0     0     6  481  552  3  1 96  0  1
 0  0      0 239212  74064 1080436    0    0     0     6  505  587  3  1 96  0  0
 0  0      0 239212  74064 1080444    0    0     0    64  472  546  3  0 96  0  1
 0  0      0 238512  74064 1080444    0    0     0    22  499  594  4  1 95  0  0
 0  0      0 237364  74064 1080580    0    0     0     0  495  554  3  0 96  0  0
 0  0      0 235796  74064 1080580    0    0     0     6  488  566  3  1 94  0  2
 0  0      0 234872  74064 1080712    0    0     0     6  519  617  3  1 96  0  0
 0  0      0 234424  74064 1080848    0    0     0     6  495  564  3  1 96  0  0
 0  0      0 233724  74064 1080848    0    0     0    58  496  572  3  1 96  0  0
 0  0      0 232352  74064 1080856    0    0     0    11  465  523  3  1 96  0  0
 0  0      0 231652  74064 1080856    0    0     0    13  337  414  2  0 98  0  0
 0  0      0 231652  74068 1080988    0    0     0    44  227  270  1  0 99  0  0
