procs -----------memory---------- ---swap-- -----io---- -system-- ------cpu-----
 r  b   swpd   free   buff  cache   si   so    bi    bo   in   cs us sy id wa st
 1  0      0 172896  89384 1302268    0    0     1     7   11   13  0  0 100  0  0
 0  0      0 172896  89384 1302280    0    0     0    16   79  137  0  0 100  0  0
 0  0      0 172896  89384 1302280    0    0     0     0   57   96  0  0 100  0  0
 0  0      0 172896  89384 1302280    0    0     0     2   60   96  0  0 100  0  0
 0  0      0 172896  89384 1302280    0    0     0   547  130  224  0  0 99  1  0
 0  0      0 172896  89384 1302280    0    0     0    11   59   96  0  0 100  0  0
 0  0      0 172896  89384 1302280    0    0     0     3   66  103  0  0 100  0  0
 0  0      0 172896  89384 1302280    0    0     0     2   59   96  0  0 100  0  0
 0  0      0 172896  89384 1302280    0    0     0    22   62   99  0  0 100  0  0
 0  0      0 172896  89384 1302280    0    0     0     2   66  104  0  0 100  0  0
 0  0      0 172896  89384 1302280    0    0     0     6   62  101  0  0 100  0  0
 0  0      0 172896  89384 1302280    0    0     0     5   59   97  0  0 100  0  0
 1  0      0 172896  89384 1302280    0    0     0     3   64   99  0  0 100  0  0
 0  0      0 172896  89384 1302280    0    0     0     8   70  107  0  0 100  0  0
 0  0      0 172896  89384 1302280    0    0     0     6   61  100  0  0 100  0  0
 0  0      0 172896  89384 1302280    0    0     0    10   69  110  0  0 100  0  0
 0  0      0 172896  89384 1302280    0    0     0     5   69  109  0  0 100  0  0
 0  0      0 172896  89384 1302280    0    0     0     5   61  101  0  0 100  0  0
 0  0      0 172896  89384 1302280    0    0     0     2   59  101  0  0 100  0  0
 1  0      0 201132  89384 1302292    0    0     0     8  137  219  3  0 97  0  0
