procs -----------memory---------- ---swap-- -----io---- -system-- ------cpu-----
 r  b   swpd   free   buff  cache   si   so    bi    bo   in   cs us sy id wa st
 1  0      0 168972  75176 1129604    0    0     2    12   11    9  6  1 93  0  1
 0  0      0 169044  75176 1129616    0    0     0    11  140  217  0  0 100  0  0
 0  0      0 169044  75176 1129620    0    0     0    19  188  275  0  0 99  0  0
 0  0      0 169044  75176 1129624    0    0     0     6  222  332  0  0 99  0  0
 0  0      0 169044  75176 1129624    0    0     0   207  301  445  1  0 98  0  0
 0  0      0 169044  75176 1129632    0    0     0     6  284  412  1  1 98  0  0
 0  0      0 169044  75176 1129848    0    0     0     6  290  429  1  0 99  0  0
 0  0      0 169044  75176 1130024    0    0     0   212  290  434  1  1 98  0  0
 0  0      0 168540  75176 1130156    0    0     0     6  288  421  1  1 99  0  0
 0  0      0 168540  75176 1130292    0    0     0    16  278  406  1  0 99  0  0
 0  0      0 168540  75176 1130292    0    0     0    10  274  407  1  0 99  0  0
 0  0      0 168540  75176 1130300    0    0     0     6  276  407  1  0 98  0  1
 0  0      0 168540  75176 1130304    0    0     0     6  279  410  1  1 99  0  0
 0  0      0 168540  75176 1130304    0    0     0    64  287  424  1  0 99  0  0
 0  0      0 168540  75176 1130312    0    0     0     6  293  426  1  0 99  0  0
 0  0      0 168540  75176 1130316    0    0     0     6  276  403  1  0 99  0  0
 0  0      0 168540  75176 1130320    0    0     0    14  264  389  1  0 99  0  0
 0  0      0 168288  75176 1130324    0    0     0     0  211  317  0  0 99  0  0
 0  0      0 168288  75176 1130452    0    0     0     6  122  183  0  0 100  0  0
