procs -----------memory---------- ---swap-- -----io---- -system-- ------cpu-----
 r  b   swpd   free   buff  cache   si   so    bi    bo   in   cs us sy id wa st
 2  0      0 246952  73376 1061900    0    0     2    11    9    6  6  1 92  0  1
 0  0      0 245160  73380 1061900    0    0     0   285  274  327  1  0 98  0  0
 0  0      0 245160  73380 1061900    0    0     0    24  379  424  3  1 96  0  0
 0  0      0 243564  73380 1061904    0    0     0   288  532  565  4  1 95  0  0
 0  0      0 243564  73380 1061908    0    0     0    12  702  769  6  1 92  0  1
 0  0      0 242924  73380 1061912    0    0     0    12  681  763  6  1 93  0  1
 0  0      0 242796  73380 1061916    0    0     0     6  676  715  6  1 93  0  1
 0  0      0 242776  73380 1061920    0    0     0    10  671  718  5  1 94  0  0
 0  0      0 242528  73380 1061924    0    0     0    55  698  757  5  1 93  0  0
 0  0      0 242236  73380 1061932    0    0     0    30  688  735  6  1 93  0  1
 0  0      0 243152  73380 1061932    0    0     0     6  656  705  5  1 93  0  0
 0  0      0 243056  73380 1061940    0    0     0     6  665  695  5  1 94  0  0
 0  0      0 242040  73380 1062072    0    0     0     6  651  710  6  0 90  0  4
 0  0      0 244168  73384 1062072    0    0     0    10  672  717  5  1 93  0  1
 0  0      0 243496  73384 1062080    0    0     0    59  720  764  6  1 93  0  0
 0  0      0 243272  73384 1062080    0    0     0     6  670  729  6  1 93  0  0
 0  0      0 243708  73384 1062088    0    0     0    11  651  683  5  1 93  0  1
 0  0      0 244004  73384 1062088    0    0     0     6  456  494  3  1 96  0  0
 0  0      0 243752  73384 1062092    0    0     0     6  260  296  2  0 98  0  0
