procs -----------memory---------- ---swap-- -----io---- -system-- ------cpu-----
 r  b   swpd   free   buff  cache   si   so    bi    bo   in   cs us sy id wa st
 1  0      0 430100   2168 305328    0    0     3    12  242  303  0  0 99  0  0
 0  0      0 430100   2168 305332    0    0     0     4  324  496  1  1 98  0  0
 0  0      0 429596   2168 305332    0    0     0     1  334  589  1  1 98  0  0
 0  0      0 429596   2168 305332    0    0     0   326  459  832  0  1 99  0  0
 0  0      0 429596   2168 305332    0    0     0     3  464  830  0  0 99  0  0
 0  0      0 429596   2168 305336    0    0     0    11  475  849  0  0 99  0  0
 0  0      0 429596   2168 305336    0    0     0     1  455  813  0  0 99  0  0
 0  0      0 429596   2168 305336    0    0     0     3  452  819  0  0 100  0  0
 0  0      0 429596   2168 305336    0    0     0     1  427  759  1  0 99  0  0
 0  0      0 429596   2168 305336    0    0     0     0  454  812  0  0 99  0  0
 0  0      0 429596   2168 305336    0    0     0     2  438  779  0  1 99  0  0
 0  0      0 429596   2168 305336    0    0     0    38  411  734  0  0 99  0  0
 0  0      0 429596   2168 305340    0    0     0     2  437  774  0  0 99  0  0
 0  0      0 429596   2168 305340    0    0     0     3  499  880  0  1 99  0  0
 0  0      0 429596   2168 305340    0    0     0     2  436  776  0  0 99  0  0
 0  0      0 429596   2168 305340    0    0     0     0  431  761  1  0 99  0  0
 0  0      0 429596   2168 305340    0    0     0     1  439  781  0  0 99  0  0
 0  0      0 429596   2168 305340    0    0     0     6  358  646  0  0 100  0  0
 0  0      0 429596   2168 305324    0    0     0     1  287  526  1  0 99  0  0
