procs -----------memory---------- ---swap-- -----io---- -system-- ------cpu-----
 r  b   swpd   free   buff  cache   si   so    bi    bo   in   cs us sy id wa st
 2  0      0 177316  89620 1310368    0    0     1     8   12   14  0  0 100  0  0
 0  0      0 177316  89620 1310380    0    0     0    16   84  140  0  0 100  0  0
 0  0      0 177316  89620 1310380    0    0     0     0   62   98  0  0 100  0  0
 0  0      0 177316  89620 1310380    0    0     0     2   69  103  0  0 100  0  0
 0  0      0 177316  89620 1310380    0    0     0     5   62   99  0  0 100  0  0
 0  0      0 177316  89620 1310380    0    0     0   560  122  205  0  0 99  1  0
 0  0      0 177316  89620 1310380    0    0     0    12   62  100  0  0 100  0  0
 0  0      0 177316  89620 1310380    0    0     0     6   62  105  0  0 100  0  0
 0  0      0 177316  89620 1310380    0    0     0     2   66  103  0  0 100  0  0
 0  0      0 177316  89620 1310380    0    0     0     0   65  105  0  0 100  0  0
 0  0      0 177316  89620 1310380    0    0     0     2   61   97  0  0 100  0  0
 0  0      0 177316  89620 1310380    0    0     0     0   56   93  0  0 100  0  0
 0  0      0 177316  89620 1310380    0    0     0    13   60  100  0  0 100  0  0
 0  0      0 177316  89620 1310380    0    0     0     3   66  109  0  0 100  0  0
 0  0      0 177316  89620 1310380    0    0     0     1   60   98  0  0 100  0  0
 0  0      0 177316  89620 1310380    0    0     0     2   61   97  0  0 100  0  0
 0  0      0 177316  89620 1310380    0    0     0     0   60   97  0  0 100  0  0
 0  0      0 177316  89620 1310380    0    0     0     2   65  104  0  0 100  0  0
 0  0      0 177316  89620 1310380    0    0     0     5   60  100  0  0 100  0  0
 1  0      0 177316  89620 1310380    0    0     0     0  119  188  1  0 99  0  0
