procs -----------memory---------- ---swap-- -----io---- -system-- ------cpu-----
 r  b   swpd   free   buff  cache   si   so    bi    bo   in   cs us sy id wa st
 1  0      0 354632  71948 1038424    0    0     2    11    7    4  6  1 92  0  1
 0  0      0 354632  71948 1038436    0    0     0    32  356  583  4  0 95  0  0
 0  0      0 354632  71948 1038444    0    0     0     6  570  945  8  1 91  0  0
 1  0      0 353960  71948 1038444    0    0     0     6  634 1039  9  1 89  0  1
 0  0      0 353960  71948 1038448    0    0     0   231  971 1607 15  1 83  0  0
 0  0      0 353736  71948 1038580    0    0     0     6  998 1655 16  1 83  0  0
 0  0      0 353736  71948 1038584    0    0     0   185 1029 1713 15  1 83  0  1
 0  0      0 353736  71948 1038588    0    0     0    18  804 1315 12  1 84  0  3
 0  0      0 353736  71948 1038592    0    0     0    15 1015 1657 15  1 82  0  2
 0  0      0 353736  71948 1038600    0    0     0     6  981 1615 15  1 83  0  1
 0  0      0 353736  71948 1038600    0    0     0    51  974 1609 14  1 84  0  0
 0  0      0 353736  71948 1038604    0    0     0     6  994 1634 14  1 84  0  1
 0  0      0 353736  71948 1038608    0    0     0     6  962 1586 14  1 84  0  1
 0  0      0 353736  71948 1038612    0    0     0    59 1038 1679 15  1 83  0  1
 1  0      0 353736  71948 1038620    0    0     0     6 1017 1674 14  1 84  0  0
 0  0      0 353736  71948 1038620    0    0     0    54  914 1496 14  1 84  0  1
 0  0      0 353736  71948 1038628    0    0     0     6  945 1542 13  1 83  0  2
 0  0      0 353736  71948 1038628    0    0     0     6  649 1070  9  1 90  0  0
 0  0      0 353736  71948 1038756    0    0     0     0  324  535  4  0 95  0  0
