procs -----------memory---------- ---swap-- -----io---- -system-- ------cpu-----
 r  b   swpd   free   buff  cache   si   so    bi    bo   in   cs us sy id wa st
 2  0      0 239232  74684 1090412    0    0     2    12   10    7  6  1 92  0  1
 0  0      0 239232  74684 1090440    0    0     0    18  223  313  1  0 99  0  0
 0  0      0 239232  74684 1090448    0    0     0    17  303  436  1  0 99  0  0
 0  0      0 239232  74684 1090448    0    0     0     6  381  566  1  1 98  0  0
 0  0      0 238980  74684 1090452    0    0     0     6  473  710  2  1 97  0  0
 0  0      0 238980  74684 1090456    0    0     0     6  425  643  2  0 97  0  0
 0  0      0 238980  74688 1090464    0    0     0   287  484  748  2  1 97  0  0
 0  0      0 238980  74688 1090468    0    0     0    18  440  676  1  0 98  0  0
 0  0      0 238980  74688 1090596    0    0     0    10  439  659  2  1 96  0  2
 0  0      0 238980  74688 1090604    0    0     0    18  439  655  2  0 97  0  0
 0  0      0 238980  74688 1090612    0    0     0     6  461  694  2  0 98  0  0
 0  0      0 238980  74688 1090612    0    0     0     0  436  645  2  0 97  0  0
 1  0      0 238980  74688 1090620    0    0     0     6  465  694  1  1 98  0  1
 0  0      0 238980  74692 1090624    0    0     0    56  474  696  1  1 98  0  0
 0  0      0 238980  74692 1090624    0    0     0    14  448  668  2  1 97  0  1
 0  0      0 238980  74692 1090632    0    0     0     9  457  682  2  0 97  0  0
 0  0      0 238980  74692 1090640    0    0     0     6  445  664  2  1 98  0  0
 0  0      0 238980  74692 1090640    0    0     0    11  316  467  1  1 98  0  0
 0  0      0 238980  74692 1090640    0    0     0     6  166  254  1  0 99  0  0
