procs -----------memory---------- ---swap-- -----io---- -system-- ------cpu-----
 r  b   swpd   free   buff  cache   si   so    bi    bo   in   cs us sy id wa st
 1  0      0 190348  88904 1288204    0    0     1     7   11   12  0  0 100  0  0
 0  0      0 190416  88904 1288216    0    0     0    15   76  133  0  0 100  0  0
 0  0      0 190416  88904 1288216    0    0     0     0   53   93  0  0 100  0  0
 0  0      0 190416  88904 1288216    0    0     0    20   63   98  0  0 100  0  0
 0  0      0 190416  88904 1288216    0    0     0   550  114  206  0  0 99  1  0
 0  0      0 190416  88904 1288216    0    0     0    10   58   97  0  0 100  0  0
 0  0      0 190416  88904 1288216    0    0     0     1   60   94  0  0 100  0  0
 0  0      0 190416  88904 1288216    0    0     0     3   63   99  0  0 100  0  0
 0  0      0 190416  88904 1288216    0    0     0     4   68  109  0  0 100  0  0
 0  0      0 190416  88904 1288216    0    0     0     2   58   96  0  0 100  0  0
 0  0      0 190416  88904 1288216    0    0     0    13   59   99  0  0 100  0  0
 0  0      0 190416  88904 1288216    0    0     0     0   58   97  0  0 100  0  0
 0  0      0 190416  88904 1288216    0    0     0     2   69  110  0  0 100  0  0
 0  0      0 190416  88904 1288216    0    0     0     0   56   95  0  0 100  0  0
 0  0      0 190416  88904 1288216    0    0     0     2   55   96  0  0 100  0  0
 0  0      0 190416  88904 1288216    0    0     0     6   62  100  0  0 100  0  0
 2  0      0 190416  88904 1288216    0    0     0     2   72  110  0  0 100  0  0
 0  0      0 190416  88904 1288216    0    0     0     3   57   96  0  0 100  0  0
 0  0      0 190416  88904 1288216    0    0     0     2   64  102  0  0 100  0  0
 0  0      0 190416  88904 1288216    0    0     0     2   58   97  0  0 100  0  0
