procs -----------memory---------- ---swap-- -----io---- -system-- ------cpu-----
 r  b   swpd   free   buff  cache   si   so    bi    bo   in   cs us sy id wa st
 2  0      0 191004  89384 1300324    0    0     1     7   11   13  0  0 100  0  0
 0  0      0 191004  89384 1300324    0    0     0    15   80  139  0  0 100  0  0
 0  0      0 191004  89384 1300324    0    0     0     0   58   97  0  0 100  0  0
 0  0      0 191004  89384 1300324    0    0     0     2   56   95  0  0 100  0  0
 0  0      0 191004  89384 1300324    0    0     0     1   60   97  0  0 100  0  0
 0  0      0 191004  89384 1300324    0    0     0   549  130  218  0  0 99  1  0
 0  0      0 191004  89384 1300324    0    0     0    10   64  100  0  0 100  0  0
 0  0      0 191004  89384 1300324    0    0     0     2   58   97  0  0 100  0  0
 0  0      0 191004  89384 1300324    0    0     0    22   63  100  0  0 100  0  0
 0  0      0 191004  89384 1300324    0    0     0     0   61  101  0  0 100  0  0
 0  0      0 191004  89384 1300324    0    0     0     6   62  100  0  0 100  0  0
 0  0      0 191004  89384 1300324    0    0     0     5   56   96  0  0 100  0  0
 0  0      0 191004  89384 1300324    0    0     0     2   60   97  0  0 100  0  0
 0  0      0 191004  89384 1300324    0    0     0     6   67  106  0  0 100  0  0
 0  0      0 191004  89384 1300324    0    0     0     5   62  101  0  0 100  0  0
 0  0      0 191004  89384 1300324    0    0     0     2   57   94  0  0 100  0  0
 0  0      0 191004  89384 1300324    0    0     0     6   63  100  0  0 100  0  0
 0  0      0 191004  89384 1300324    0    0     0     5   68  107  0  0 100  0  0
 0  0      0 191004  89384 1300324    0    0     0     6   60   99  0  0 100  0  0
