procs -----------memory---------- ---swap-- -----io---- -system-- ------cpu-----
 r  b   swpd   free   buff  cache   si   so    bi    bo   in   cs us sy id wa st
 2  0      0 788740  38368 461484    0    0     6   532   16   18  6  1 91  0  2
 0  0      0 788996  38368 461532    0    0     0   180  273  419  2  0 98  0  0
 0  0      0 788800  38372 461560    0    0     0    22  383  591  4  0 96  0  0
 1  0      0 788828  38372 461608    0    0     0     0  560  871  5  1 94  0  0
 1  0      0 789108  38380 461672    0    0     0    26  728 1145  7  1 92  0  0
 0  0      0 788884  38388 461740    0    0     0   318  772 1204  7  1 92  0  0
 1  0      0 788884  38396 461808    0    0     0    46  735 1146  7  1 92  0  0
 1  0      0 788660  38404 461880    0    0     0    38  730 1135  7  1 93  0  0
 0  0      0 788436  38404 462068    0    0     0   136  746 1169  7  1 91  0  1
 0  0      0 788212  38404 462136    0    0     0    40  751 1189  7  1 92  0  0
 0  0      0 788212  38404 462200    0    0     0    46  747 1179  7  1 92  0  0
 0  0      0 787540  38404 462276    0    0     0    90  722 1143  7  1 91  0  0
 2  0      0 787316  38412 462336    0    0     0    54  729 1089  8  1 81  0 10
 2  0      0 786868  38412 462400    0    0     0    50  763 1166  8  1 85  0  6
 0  0      0 786868  38416 462468    0    0     0    56  744 1159  8  1 90  0  2
 0  0      0 786868  38420 462528    0    0     0   164  734 1156  7  1 91  0  1
 0  0      0 786868  38420 462592    0    0     0    53  733 1146  8  1 91  0  1
 0  0      0 786868  38424 462636    0    0     0    88  558  872  5  1 93  0  1
 0  0      0 786868  38424 462660    0    0     0    47  293  453  3  0 97  0  0
