procs -----------memory---------- ---swap-- -----io---- -system-- ------cpu-----
 r  b   swpd   free   buff  cache   si   so    bi    bo   in   cs us sy id wa st
 1  0      0 186588  89384 1299828    0    0     1     7   11   13  0  0 100  0  0
 0  0      0 188352  89384 1299832    0    0     0   566  119  196  0  0 99  0  0
 0  0      0 188352  89384 1299832    0    0     0     0   57   96  0  0 100  0  0
 0  0      0 188352  89384 1299832    0    0     0     5   61   96  0  0 100  0  0
 0  0      0 188352  89384 1299832    0    0     0     0   71  111  0  0 100  0  0
 0  0      0 188352  89384 1299832    0    0     0    22   59  100  0  0 100  0  0
 0  0      0 188352  89384 1299832    0    0     0     7   63  102  0  0 100  0  0
 0  0      0 188352  89384 1299832    0    0     0     2   58   96  0  0 100  0  0
 0  0      0 188352  89384 1299832    0    0     0     5   66  105  0  0 100  0  0
 0  0      0 188352  89384 1299832    0    0     0     3   56   96  0  0 100  0  0
 0  0      0 188352  89384 1299832    0    0     0     0   57   95  0  0 100  0  0
 0  0      0 188352  89384 1299832    0    0     0     2   55   94  0  0 100  0  0
 0  0      0 188352  89384 1299832    0    0     0     0   69  109  0  0 100  0  0
 0  0      0 188352  89384 1299832    0    0     0    11   60   98  0  0 100  0  0
 0  0      0 188352  89384 1299832    0    0     0     4   60  100  0  0 100  0  0
 0  0      0 188352  89384 1299832    0    0     0     0   54   95  0  0 100  0  0
 0  0      0 187852  89384 1299832    0    0     0     2   72  113  0  0 100  0  0
 0  0      0 187852  89384 1299832    0    0     0     0   60   99  0  0 100  0  0
 0  0      0 187852  89384 1299832    0    0     0     2   60   97  0  0 100  0  0
