procs -----------memory---------- ---swap-- -----io---- -system-- ------cpu-----
 r  b   swpd   free   buff  cache   si   so    bi    bo   in   cs us sy id wa st
 1  0      0 231512  74588 1088152    0    0     2    12   10    7  6  1 92  0  1
 0  0      0 231512  74588 1088172    0    0     0   279  223  342  1  0 99  0  0
 0  0      0 231512  74592 1088176    0    0     0    20  283  423  1  0 98  0  0
 0  0      0 231512  74592 1088176    0    0     0     6  373  558  1  1 97  0  0
 0  0      0 231512  74592 1088180    0    0     0   240  512  780  2  1 96  0  0
 0  0      0 231512  74592 1088188    0    0     0     6  441  677  2  1 97  0  0
 0  0      0 231512  74592 1088188    0    0     0     6  459  688  2  1 97  0  0
 0  0      0 231512  74592 1088196    0    0     0    13  498  755  2  1 96  0  1
 0  0      0 231512  74592 1088200    0    0     0    58  455  686  2  1 97  0  0
 0  0      0 231512  74592 1088204    0    0     0    15  440  674  2  0 97  0  0
 0  0      0 231512  74592 1088208    0    0     0     0  470  711  3  1 95  0  2
 0  0      0 231512  74592 1088216    0    0     0     6  452  691  3  0 96  0  1
 0  0      0 231512  74592 1088344    0    0     0     6  443  677  2  1 98  0  0
 0  0      0 231512  74592 1088352    0    0     0     9  442  669  2  0 97  0  0
 0  0      0 231288  74592 1088352    0    0     0    58  479  733  2  0 98  0  0
 0  0      0 231288  74596 1088360    0    0     0    11  464  706  3  1 96  0  0
 0  0      0 231288  74596 1088364    0    0     0    48  449  683  2  0 97  0  0
 0  0      0 231288  74596 1088368    0    0     0    11  341  516  2  0 98  0  0
 0  0      0 231288  74596 1088496    0    0     0     6  169  258  1  0 99  0  0
