procs -----------memory---------- ---swap-- -----io---- -system-- ------cpu-----
 r  b   swpd   free   buff  cache   si   so    bi    bo   in   cs us sy id wa st
 1  0      0 410264   2168 321080    0    0     2    12  270   14  1  0 99  0  0
 0  0      0 410264   2168 321084    0    0     0     0  366  571  1  0 99  0  0
 0  0      0 410264   2168 321088    0    0     0     2  343  610  0  0 100  0  0
 0  0      0 410264   2168 321088    0    0     0     0  430  779  1  0 98  0  1
 0  0      0 410264   2168 321088    0    0     0     2  526  930  0  0 99  0  0
 0  0      0 410264   2168 321088    0    0     0     1  499  888  1  0 99  0  0
 0  0      0 410264   2168 321096    0    0     0    41  553  991  1  0 99  0  0
 0  0      0 410264   2168 321096    0    0     0     2  497  888  0  0 99  0  0
 0  0      0 410264   2168 321096    0    0     0     0  501  895  1  0 99  0  0
 0  0      0 410264   2168 321096    0    0     0     2  512  921  0  0 99  0  0
 0  0      0 410264   2168 321100    0    0     0     0  486  868  0  0 100  0  0
 0  0      0 410264   2168 321100    0    0     0     2  520  933  0  0 99  0  0
 0  0      0 410264   2168 321100    0    0     0   354  512  929  0  0 99  0  0
 0  0      0 410264   2168 321100    0    0     0     0  483  860  0  0 99  0  0
 0  0      0 410264   2168 321100    0    0     0     0  480  849  1  0 99  0  0
 0  0      0 410264   2168 321100    0    0     0     2  475  840  0  0 99  0  0
 0  0      0 410264   2168 321100    0    0     0     0  461  816  0  0 99  0  0
 0  0      0 410264   2168 321104    0    0     0     2  393  706  0  0 99  0  0
 0  0      0 410264   2168 321104    0    0     0    12  295  534  0  0 99  0  0
