procs -----------memory---------- ---swap-- -----io---- -system-- ------cpu-----
 r  b   swpd   free   buff  cache   si   so    bi    bo   in   cs us sy id wa st
 2  0      0 192068  88908 1298956    0    0     1     7   11   13  0  0 100  0  0
 0  0      0 192068  88908 1298956    0    0     0    17   75  134  0  0 100  0  0
 0  0      0 192068  88908 1298956    0    0     0     0   52   93  0  0 100  0  0
 0  0      0 192068  88908 1298956    0    0     0     2   65  105  0  0 100  0  0
 0  0      0 192068  88908 1298956    0    0     0    19   61  101  0  0 100  0  0
 0  0      0 192068  88908 1298956    0    0     0     8   57   95  0  0 100  0  0
 0  0      0 192068  88908 1298956    0    0     0   426   98  173  0  0 100  0  0
 0  0      0 192068  88908 1298956    0    0     0     6   70  108  0  0 100  0  0
 0  0      0 192068  88908 1298956    0    0     0     5   60   97  0  0 100  0  0
 0  0      0 192068  88908 1298956    0    0     0     0   58   99  0  0 100  0  0
 0  0      0 192068  88908 1298956    0    0     0     4   62  100  0  0 100  0  0
 0  0      0 192068  88908 1298956    0    0     0     8   69  107  0  0 100  0  0
 0  0      0 192068  88908 1298956    0    0     0     6   59   99  0  0 100  0  0
 0  0      0 192068  88908 1298956    0    0     0     5   58   97  0  0 100  0  0
 0  0      0 192068  88908 1298956    0    0     0     2   60   99  0  0 100  0  0
 0  0      0 192068  88908 1298956    0    0     0     6   70  110  0  0 100  0  0
 0  0      0 192068  88908 1298956    0    0     0     5   62  104  0  0 100  0  0
 0  0      0 192068  88908 1298956    0    0     0     0   63  106  0  0 100  0  0
 0  0      0 192068  88908 1298956    0    0     0    54   63  102  0  0 100  0  0
 1  0      0 174680  88908 1298968    0    0     0     5  137  207  2  0 97  0  0
