procs -----------memory---------- ---swap-- -----io---- -system-- ------cpu-----
 r  b   swpd   free   buff  cache   si   so    bi    bo   in   cs us sy id wa st
 2  0      0 161712  89844 1311400    0    0     1     8   12   14  0  0 100  0  0
 0  0      0 161712  89844 1311416    0    0     0   402  120  200  0  0 99  1  0
 0  0      0 161712  89844 1311416    0    0     0    12   59   98  0  0 100  0  0
 0  0      0 161712  89844 1311416    0    0     0     0   57   94  0  0 100  0  0
 0  0      0 161712  89844 1311416    0    0     0     3   63   98  0  0 100  0  0
 0  0      0 161712  89844 1311416    0    0     0    23   71  111  0  0 100  0  0
 0  0      0 161712  89844 1311416    0    0     0     9   67  103  0  0 100  0  0
 0  0      0 161712  89844 1311416    0    0     0     8   60   98  0  0 100  0  0
 0  0      0 161712  89844 1311416    0    0     0     4   61  100  0  0 100  0  0
 0  0      0 161712  89844 1311416    0    0     0     6   72  109  0  0 100  0  0
 0  0      0 161712  89844 1311416    0    0     0     0   65   96  0  0 100  0  0
 0  0      0 161712  89844 1311416    0    0     0     6   56   95  0  0 100  0  0
 0  0      0 161712  89844 1311416    0    0     0     5   62   99  0  0 100  0  0
 0  0      0 161712  89844 1311416    0    0     0     2   68  104  0  0 100  0  0
 0  0      0 161712  89844 1311416    0    0     0     6   62  100  0  0 100  0  0
 0  0      0 161712  89844 1311416    0    0     0     5   59   96  0  0 100  0  0
 0  0      0 161712  89844 1311416    0    0     0     5   60   98  0  0 100  0  0
 0  0      0 161712  89844 1311416    0    0     0     2   71  106  0  0 100  0  0
 0  0      0 161712  89844 1311416    0    0     0     7   65  103  0  0 100  0  0
