procs -----------memory---------- ---swap-- -----io---- -system-- ------cpu-----
 r  b   swpd   free   buff  cache   si   so    bi    bo   in   cs us sy id wa st
 0  0      0 681108  49880 550740    0    0     6   529   19    2  6  1 91  0  2
 0  0      0 681108  49880 550948    0    0     0    50  201  254  1  0 99  0  0
 0  0      0 681392  49884 551112    0    0     0    22  253  331  1  0 99  0  0
 0  0      0 681900  49892 551340    0    0     0   337  362  485  0  1 99  0  0
 0  0      0 681428  49896 551752    0    0     0    42  428  541  1  0 98  0  0
 0  0      0 681176  49896 552128    0    0     0   265  442  575  1  1 98  0  0
 0  0      0 681176  49904 552420    0    0     0   127  417  529  1  0 97  0  1
 0  0      0 681176  49912 552784    0    0     0    65  422  545  1  1 99  0  0
 0  0      0 680924  49916 553092    0    0     0    57  427  537  1  1 98  0  0
 0  0      0 680924  49924 553444    0    0     0   190  442  559  1  0 99  0  0
 0  0      0 680924  49924 553856    0    0     0    98  411  536  1  0 98  0  0
 0  0      0 680924  49928 554224    0    0     0   111  403  523  1  0 98  0  0
 0  0      0 680924  49932 554512    0    0     0   109  403  519  1  1 98  0  0
 0  0      0 680924  49936 554880    0    0     0   242  415  529  1  0 98  0  0
 0  0      0 680924  49940 555300    0    0     0   107  412  530  1  0 99  0  0
 0  0      0 680924  49940 555652    0    0     0   221  432  565  1  0 99  0  0
 0  0      0 680448  49940 556104    0    0     0   106  423  545  1  1 98  0  0
 0  0      0 680448  49944 556336    0    0     0   110  313  407  1  1 99  0  0
 1  0      0 680448  49952 556448    0    0     0    93  206  269  0  0 98  0  1
