procs -----------memory---------- ---swap-- -----io---- -system-- ------cpu-----
 r  b   swpd   free   buff  cache   si   so    bi    bo   in   cs us sy id wa st
 3  0      0 172068  89620 1308508    0    0     1     7   12   14  0  0 100  0  0
 0  0      0 172068  89620 1308520    0    0     0    16   74  121  0  0 100  0  0
 0  0      0 172068  89620 1308520    0    0     0     0   60   94  0  0 100  0  0
 0  0      0 172068  89620 1308520    0    0     0     2   62   97  0  0 100  0  0
 0  0      0 172068  89620 1308520    0    0     0     2   69  107  0  0 100  0  0
 0  0      0 172068  89620 1308520    0    0     0    22   64  101  0  0 100  0  0
 0  0      0 172068  89620 1308520    0    0     0   438  118  200  0  0 100  0  0
 0  0      0 172068  89620 1308520    0    0     0    10   62   98  0  0 100  0  0
 0  0      0 172068  89620 1308520    0    0     0     0   71  109  0  0 100  0  0
 0  0      0 172068  89620 1308520    0    0     0     4   62   97  0  0 100  0  0
 0  0      0 172068  89620 1308520    0    0     0     0   58   93  0  0 100  0  0
 0  0      0 172068  89620 1308520    0    0     0     3   64   99  0  0 100  0  0
 0  0      0 172068  89620 1308520    0    0     0     3   69  105  0  0 100  0  0
 0  0      0 172068  89620 1308520    0    0     0    11   65   99  0  0 100  0  0
 0  0      0 172068  89620 1308520    0    0     0     1   67  105  0  0 100  0  0
 0  0      0 172068  89620 1308520    0    0     0     6   63   98  0  0 100  0  0
 0  0      0 172068  89620 1308520    0    0     0     5   71  110  0  0 100  0  0
 0  0      0 172068  89620 1308520    0    0     0     2   64  101  0  0 100  0  0
 0  0      0 172068  89620 1308520    0    0     0     6   65   99  0  0 100  0  0
