procs -----------memory---------- ---swap-- -----io---- -system-- ------cpu-----
 r  b   swpd   free   buff  cache   si   so    bi    bo   in   cs us sy id wa st
 2  0      0 705156  47320 532316    0    0     6   530   18    1  6  1 91  0  2
 0  0      0 707252  47320 532352    0    0     0    47  195  298  0  0 99  0  0
 0  0      0 707252  47320 532384    0    0     0    21  288  429  1  0 99  0  0
 0  0      0 707000  47320 532436    0    0     0    28  372  550  1  0 99  0  0
 0  0      0 707000  47320 532504    0    0     0   303  485  730  1  1 98  0  0
 0  0      0 707000  47328 532572    0    0     0   341  507  761  1  1 98  0  0
 0  0      0 707000  47328 532640    0    0     0     0  463  687  1  0 98  0  0
 0  0      0 707000  47336 532708    0    0     0    42  461  692  1  0 99  0  0
 0  0      0 707000  47344 532784    0    0     0    41  515  766  2  1 98  0  0
 0  0      0 707000  47348 532976    0    0     0    46  466  695  2  1 95  0  2
 0  0      0 707000  47352 533052    0    0     0   101  488  710  1  0 98  0  0
 0  0      0 707000  47360 533132    0    0     0    54  516  748  2  1 97  0  0
 0  0      0 707000  47364 533200    0    0     0   168  511  737  1  0 98  0  0
 0  0      0 707000  47368 533276    0    0     0    56  477  696  1  1 99  0  0
 0  0      0 707000  47392 533348    0    0     0   108  516  751  1  1 98  0  0
 0  0      0 707000  47392 533416    0    0     0    54  498  718  1  0 99  0  0
 0  0      0 707000  47392 533488    0    0     0    87  488  709  1  0 99  0  0
 0  0      0 707000  47396 533536    0    0     0    54  375  542  1  0 99  0  0
 0  0      0 707000  47400 533560    0    0     0    42  236  348  1  0 99  0  0
