procs -----------memory---------- ---swap-- -----io---- -system-- ------cpu-----
 r  b   swpd   free   buff  cache   si   so    bi    bo   in   cs us sy id wa st
 1  0      0 417564   2168 318672    0    0     2    11  272    1  1  0 99  0  0
 0  0      0 417564   2168 318676    0    0     0     1  367  579  2  1 95  0  1
 0  0      0 417564   2168 318676    0    0     0    10  363  632  1  1 98  0  0
 0  0      0 417564   2168 318676    0    0     0     3  431  744  1  1 97  0  0
 0  0      0 417564   2168 318680    0    0     0   330  421  735  1  1 98  0  0
 0  0      0 417564   2168 318680    0    0     0     2  424  738  1  1 97  0  0
 0  0      0 417564   2168 318680    0    0     0     3  455  793  1  1 98  0  0
 0  0      0 417564   2168 318680    0    0     0     1  473  820  1  1 98  0  0
 0  0      0 417564   2168 318680    0    0     0    22  481  833  2  1 98  0  0
 0  0      0 417564   2168 318680    0    0     0     2  467  817  1  1 98  0  0
 0  0      0 417564   2168 318680    0    0     0     0  452  787  1  1 98  0  0
 0  0      0 417564   2168 318684    0    0     0     1  448  765  1  1 98  0  0
 0  0      0 417564   2168 318688    0    0     0     2  435  757  1  1 97  0  1
 0  0      0 417564   2168 318688    0    0     0     4  507  891  2  1 97  0  0
 0  0      0 417564   2168 318688    0    0     0    28  536  943  2  1 97  0  0
 0  0      0 417564   2168 318688    0    0     0     7  543  960  1  1 98  0  0
 0  0      0 417564   2168 318688    0    0     0     2  521  927  1  1 98  0  0
 0  0      0 417560   2168 318688    0    0     0     1  449  792  0  1 98  0  0
 0  0      0 417308   2168 318692    0    0     0     1  314  561  1  1 98  0  0
