procs -----------memory---------- ---swap-- -----io---- -system-- ------cpu-----
 r  b   swpd   free   buff  cache   si   so    bi    bo   in   cs us sy id wa st
 1  0      0 439224   2168 309792    0    0     3    12  270  331  1  0 99  0  0
 0  0      0 435976   2168 309796    0    0     0     2  319  487  1  0 99  0  0
 0  0      0 435220   2168 309796    0    0     0     7  402  713  0  0 100  0  0
 0  0      0 434716   2168 309796    0    0     0     1  454  811  0  0 99  0  0
 0  0      0 434212   2168 309796    0    0     0   367  535  963  1  0 99  0  0
 0  0      0 433960   2168 309800    0    0     0     2  488  872  0  0 99  0  0
 0  0      0 433960   2168 309800    0    0     0     1  510  917  0  0 99  0  0
 0  0      0 433708   2168 309800    0    0     0     0  490  859  0  0 99  0  0
 0  0      0 433456   2168 309800    0    0     0    46  484  855  0  0 99  0  0
 0  0      0 433204   2168 309800    0    0     0     3  460  813  0  0 99  0  0
 0  0      0 432700   2168 309800    0    0     0     1  508  900  0  0 100  0  0
 0  0      0 432700   2168 309800    0    0     0     1  494  878  1  0 99  0  0
 0  0      0 432448   2168 309804    0    0     0     4  508  898  0  0 99  0  0
 0  0      0 432196   2168 309804    0    0     0     0  498  881  1  0 99  0  0
 0  0      0 431944   2168 309804    0    0     0     4  473  827  0  0 100  0  0
 0  0      0 431440   2168 309804    0    0     0     3  497  876  0  0 100  0  0
 0  0      0 430936   2168 309804    0    0     0     1  483  856  0  1 99  0  0
 0  0      0 430936   2168 309804    0    0     0     1  413  739  0  0 99  0  0
 0  0      0 430432   2168 309804    0    0     0     3  323  587  0  0 100  0  0
