procs -----------memory---------- ---swap-- -----io---- -system-- ------cpu-----
 r  b   swpd   free   buff  cache   si   so    bi    bo   in   cs us sy id wa st
 1  0      0 218800  74676 1088492    0    0     2    12   10    7  6  1 92  0  1
 0  0      0 218576  74676 1088540    0    0     0    14  169  217  1  0 99  0  0
 1  0      0 218576  74676 1088540    0    0     0   214  276  355  1  0 98  0  0
 0  0      0 218576  74676 1088544    0    0     0    38  359  438  2  0 97  0  0
 0  0      0 218576  74676 1088548    0    0     0   180  404  507  2  0 97  0  0
 0  0      0 218576  74676 1088552    0    0     0    11  428  535  2  1 96  0  1
 0  0      0 218576  74676 1088560    0    0     0     7  454  554  2  1 97  0  1
 0  0      0 218576  74676 1088560    0    0     0     7  419  518  2  1 98  0  0
 0  0      0 218576  74676 1088568    0    0     0    70  399  499  2  1 98  0  0
 1  0      0 218576  74676 1088572    0    0     0    11  431  543  2  0 97  0  0
 0  0      0 218576  74680 1088572    0    0     0    23  407  500  2  0 97  0  0
 0  0      0 218576  74680 1088708    0    0     0    49  426  539  2  0 97  0  0
 0  0      0 218576  74680 1088712    0    0     0    11  405  502  2  1 97  0  0
 0  0      0 218576  74680 1088716    0    0     0     6  420  525  2  0 97  0  0
 0  0      0 218324  74680 1088720    0    0     0     6  411  511  2  1 97  0  0
 0  0      0 218324  74680 1088728    0    0     0     6  424  536  2  0 97  0  0
 1  0      0 218580  74680 1088728    0    0     0     6  390  493  2  0 97  0  0
 0  0      0 218580  74680 1088732    0    0     0    53  292  374  1  0 97  0  1
 0  0      0 219348  74680 1088732    0    0     0    18  168  213  0  0 99  0  0
