procs -----------memory---------- ---swap-- -----io---- -system-- ------cpu-----
 r  b   swpd   free   buff  cache   si   so    bi    bo   in   cs us sy id wa st
 3  0      0 749520  42904 493592    0    0     6   532   17    0  6  1 91  0  2
 0  0      0 749520  42904 493620    0    0     0     0  209  324  1  0 99  0  0
 0  0      0 749520  42912 493652    0    0     0   521  352  547  1  1 98  0  0
 0  0      0 749520  42916 493836    0    0     0    31  429  631  2  0 98  0  0
 0  0      0 749520  42920 493896    0    0     0    30  529  786  3  1 97  0  0
 0  0      0 749520  42924 493972    0    0     0    33  525  800  2  0 97  0  0
 0  0      0 749520  42932 494040    0    0     0    36  543  831  3  1 97  0  0
 0  0      0 749520  42932 494104    0    0     0    37  520  793  3  0 97  0  0
 0  0      0 749520  42940 494176    0    0     0    34  515  787  3  0 96  0  0
 0  0      0 749520  42940 494240    0    0     0   178  556  827  3  1 96  0  1
 1  0      0 749520  42940 494312    0    0     0    48  554  824  3  1 96  0  0
 0  0      0 749520  42944 494380    0    0     0    51  547  823  3  1 96  0  0
 0  0      0 749520  42948 494448    0    0     0    52  535  789  3  1 94  0  3
 0  0      0 749520  42952 494648    0    0     0    49  571  850  2  1 97  0  0
 0  0      0 749520  42956 494720    0    0     0    52  552  825  3  1 97  0  0
 0  0      0 749520  42956 494784    0    0     0   113  566  849  3  0 97  0  0
 0  0      0 749520  42956 494860    0    0     0   170  503  747  3  0 97  0  0
 0  0      0 749520  42960 494900    0    0     0    47  415  622  2  0 98  0  0
 0  0      0 749520  42964 494940    0    0     0    39  261  394  1  0 99  0  0
