procs -----------memory---------- ---swap-- -----io---- -system-- ------cpu-----
 r  b   swpd   free   buff  cache   si   so    bi    bo   in   cs us sy id wa st
 2  0      0 241152  74644 1084564    0    0     2    12   10    7  6  1 92  0  1
 0  0      0 240928  74644 1084572    0    0     0    19  183  245  0  0 98  0  1
 0  0      0 240256  74644 1084572    0    0     0    10  260  319  1  0 99  0  0
 0  0      0 238912  74644 1084580    0    0     0    11  356  437  2  0 98  0  0
 0  0      0 238464  74644 1084580    0    0     0    10  401  482  1  0 98  0  0
 0  0      0 237568  74644 1084712    0    0     0     6  444  550  2  1 96  0  0
 0  0      0 236672  74644 1084716    0    0     0    10  410  502  2  0 97  0  0
 0  0      0 236000  74644 1084720    0    0     0   228  427  539  2  1 97  0  0
 0  0      0 235328  74644 1084728    0    0     0     6  400  506  2  0 97  0  0
 0  0      0 234656  74644 1084728    0    0     0     6  450  543  2  0 97  0  0
 0  0      0 233984  74644 1084736    0    0     0     6  414  504  2  0 97  0  0
 0  0      0 233088  74648 1084740    0    0     0     6  442  544  2  0 97  0  0
 0  0      0 232192  74648 1084744    0    0     0    10  400  497  2  0 97  0  0
 0  0      0 231268  74648 1084748    0    0     0    58  425  524  2  1 94  0  3
 0  0      0 230596  74648 1084880    0    0     0    12  404  505  2  1 97  0  1
 0  0      0 230232  74648 1084884    0    0     0     6  444  540  2  1 97  0  0
 0  0      0 230160  74648 1084888    0    0     0     6  375  473  2  0 97  0  0
 0  0      0 230016  74648 1084892    0    0     0     6  316  385  1  0 98  0  0
 0  0      0 230052  74648 1084896    0    0     0     9  165  216  1  0 99  0  0
