procs -----------memory---------- ---swap-- -----io---- -system-- ------cpu-----
 r  b   swpd   free   buff  cache   si   so    bi    bo   in   cs us sy id wa st
 1  0      0 419168   2168 318944    0    0     2    11  272    3  1  0 99  0  0
 0  0      0 419168   2168 318948    0    0     0     1  327  489  1  0 99  0  0
 0  0      0 419168   2168 318948    0    0     0     1  354  627  1  0 99  0  0
 0  0      0 419168   2168 318948    0    0     0     2  409  725  0  0 100  0  0
 0  0      0 419168   2168 318952    0    0     0     8  448  778  0  0 99  0  0
 0  0      0 419168   2168 318952    0    0     0     2  467  825  1  0 99  0  0
 0  0      0 419168   2168 318952    0    0     0     3  445  792  0  0 99  0  0
 3  0      0 419168   2168 318952    0    0     0     1  449  783  0  0 100  0  0
 0  0      0 419168   2168 318952    0    0     0     1  451  806  1  0 99  0  1
 0  0      0 419168   2168 318952    0    0     0     0  463  821  0  0 99  0  0
 0  0      0 419168   2168 318952    0    0     0    25  462  808  1  0 99  0  0
 0  0      0 418676   2168 318968    0    0     0     1  494  867  1  0 99  0  0
 0  0      0 418676   2168 318972    0    0     0     4  446  779  0  0 99  0  0
 0  0      0 418676   2168 318972    0    0     0     4  496  857  1  0 99  0  0
 0  0      0 418676   2168 318972    0    0     0     1  442  753  1  0 99  0  0
 0  0      0 418676   2168 318972    0    0     0     2  430  753  0  0 100  0  0
 0  0      0 418676   2168 318972    0    0     0    11  442  764  0  0 100  0  0
 0  0      0 418676   2168 318972    0    0     0   404  408  733  0  0 100  0  0
 0  0      0 418676   2168 318976    0    0     0     2  302  556  0  0 100  0  0
