procs -----------memory---------- ---swap-- -----io---- -system-- ------cpu-----
 r  b   swpd   free   buff  cache   si   so    bi    bo   in   cs us sy id wa st
 3  0      0 674012  51336 566376    0    0     6   528   19    2  6  1 92  0  2
 0  0      0 674012  51344 566400    0    0     0    47  146  223  0  0 100  0  0
 1  0      0 674012  51344 566444    0    0     0   518  243  342  0  0 99  0  0
 1  0      0 674012  51352 566492    0    0     0    37  254  351  0  0 99  0  0
 0  0      0 674012  51352 566564    0    0     0    31  355  490  1  0 99  0  0
 0  0      0 674012  51352 566640    0    0     0    38  331  449  1  0 99  0  0
 0  0      0 674012  51356 566712    0    0     0   201  345  466  1  1 96  0  2
 0  0      0 674012  51356 566788    0    0     0    46  336  452  1  0 98  0  1
 0  0      0 674012  51356 566976    0    0     0    37  335  465  0  0 99  0  0
 0  0      0 674012  51356 567188    0    0     0   188  339  457  1  0 99  0  0
 0  0      0 674012  51356 567252    0    0     0    49  335  462  1  0 99  0  0
 0  0      0 674012  51360 567320    0    0     0    38  329  448  0  0 99  0  0
 0  0      0 674012  51360 567400    0    0     0    38  339  466  0  0 99  0  0
 0  0      0 674012  51360 567464    0    0     0    37  341  469  0  0 99  0  0
 0  0      0 674012  51364 567548    0    0     0    38  332  457  1  0 99  0  0
 0  0      0 674012  51364 567612    0    0     0    57  333  458  1  0 99  0  0
 0  0      0 674012  51364 567684    0    0     0   158  333  448  1  0 99  0  0
 0  0      0 674012  51364 567740    0    0     0    38  245  338  1  0 99  0  0
 0  0      0 674012  51364 567764    0    0     0    46  163  240  0  0 99  0  1
