procs -----------memory---------- ---swap-- -----io---- -system-- ------cpu-----
 r  b   swpd   free   buff  cache   si   so    bi    bo   in   cs us sy id wa st
 1  0      0 237416  74036 1079136    0    0     2    11    9    7  6  1 92  0  1
 0  0      0 236296  74036 1079148    0    0     0    19  185  252  1  0 98  0  0
 0  0      0 236072  74036 1079152    0    0     0    11  288  355  2  0 98  0  0
 0  0      0 235400  74036 1079156    0    0     0    30  423  487  3  0 97  0  0
 0  0      0 235176  74040 1079284    0    0     0   100  513  600  4  1 92  0  3
 0  0      0 234728  74044 1079296    0    0     0     6  494  569  3  0 96  0  0
 0  0      0 234056  74044 1079296    0    0     0     2  507  589  4  0 96  0  0
 0  0      0 233608  74048 1079304    0    0     0   112  516  595  3  1 96  0  0
 0  0      0 232936  74048 1079304    0    0     0    12  490  574  3  1 96  0  1
 0  0      0 233224  74048 1079308    0    0     0     6  521  603  4  0 96  0  0
 0  0      0 233000  74048 1079316    0    0     0    22  492  560  3  1 96  0  0
 0  0      0 233124  74048 1079316    0    0     0     6  521  595  3  1 96  0  0
 0  0      0 233196  74048 1079324    0    0     0     6  497  577  3  1 96  0  1
 0  0      0 232972  74048 1079328    0    0     0    64  502  598  3  0 96  0  0
 0  0      0 232784  74048 1079464    0    0     0     7  503  585  3  1 95  0  1
 0  0      0 232856  74048 1079464    0    0     0    54  472  545  3  1 96  0  0
 0  0      0 233000  74052 1079468    0    0     0     6  475  567  3  1 94  0  2
 0  0      0 232852  74052 1079472    0    0     0     6  309  386  2  0 97  0  0
 0  0      0 232852  74052 1079472    0    0     0     6  223  282  1  0 99  0  0
