procs -----------memory---------- ---swap-- -----io---- -system-- ------cpu-----
 r  b   swpd   free   buff  cache   si   so    bi    bo   in   cs us sy id wa st
 2  0      0 733748  43628 497916    0    0     6   532   18    0  6  1 91  0  2
 0  0      0 732852  43632 499288    0    0     0    45  245  280  1  0 99  0  0
 0  0      0 729716  43632 502016    0    0     0    18  378  374  1  1 98  0  0
 0  0      0 727672  43636 505752    0    0     0    68  484  450  2  0 98  0  0
 0  0      0 724480  43636 510996    0    0     0    36  654  610  3  0 96  0  0
 0  0      0 721288  43644 516444    0    0     0   270  701  662  3  1 96  0  0
 0  0      0 717844  43652 521548    0    0     0    38  652  599  3  1 96  0  0
 0  0      0 714428  43660 527456    0    0     0   330  748  698  4  1 95  0  0
 0  0      0 711040  43664 532576    0    0     0   377  679  610  3  1 96  0  0
 0  0      0 707624  43664 538020    0    0     0   582  694  636  3  0 96  0  0
 0  0      0 702724  43668 543468    0    0     0  1102  691  632  3  1 92  0  3
 0  0      0 698304  43672 548572    0    0     0  1132  659  618  2  1 97  0  0
 1  0      0 693072  43676 553852    0    0     0  1061  730  663  3  1 96  0  0
 0  0      0 687708  43684 559132    0    0     0  1253  685  622  3  1 96  0  0
 0  0      0 681580  43692 564568    0    0     0  1061  733  645  3  0 97  0  0
 0  0      0 676024  43700 570020    0    0     0  1204  720  655  3  1 96  0  0
 0  0      0 669956  43700 575140    0    0     0  1088  670  613  2  1 97  0  0
 0  0      0 665520  43708 579008    0    0     0  1188  535  495  2  1 97  0  0
 0  0      0 664080  43712 580716    0    0     0  1190  273  282  1  0 99  0  0
