procs -----------memory---------- ---swap-- -----io---- -system-- ------cpu-----
 r  b   swpd   free   buff  cache   si   so    bi    bo   in   cs us sy id wa st
 1  0      0 712328  46396 511720    0    0     6   531   18    1  6  1 91  0  2
 0  0      0 711716  46396 512360    0    0     0    47  193  236  1  0 99  0  0
 0  0      0 711492  46404 513796    0    0     0    20  285  333  1  0 99  0  0
 0  0      0 711016  46408 515700    0    0     0   319  412  486  1  0 98  0  0
 0  0      0 710344  46416 518460    0    0     0   255  531  602  2  0 97  0  0
 0  0      0 709644  46420 521052    0    0     0    34  477  536  2  1 98  0  0
 1  0      0 708748  46424 523808    0    0     0    42  521  597  2  1 98  0  0
 0  0      0 707800  46428 526568    0    0     0   152  495  549  2  0 98  0  0
 0  0      0 707352  46428 529328    0    0     0   246  497  564  2  0 98  0  0
 0  0      0 706456  46432 532088    0    0     0   548  509  589  2  1 95  0  2
 0  0      0 705756  46436 534852    0    0     0   595  513  572  2  1 97  0  0
 0  0      0 705308  46436 537564    0    0     0   621  500  561  1  0 98  0  0
 0  0      0 704636  46444 540492    0    0     0   591  531  604  2  1 97  0  0
 0  0      0 704412  46448 543080    0    0     0   601  509  550  2  0 98  0  0
 0  0      0 703712  46456 545844    0    0     0   627  519  579  2  1 97  0  0
 0  0      0 703040  46456 548608    0    0     0   715  524  595  2  1 97  0  0
 0  0      0 702340  46464 551192    0    0     0   630  487  534  2  0 98  0  0
 0  0      0 700996  46472 553084    0    0     0   585  388  437  1  0 98  0  0
 0  0      0 700772  46476 554128    0    0     0   575  220  270  1  0 99  0  0
