procs -----------memory---------- ---swap-- -----io---- -system-- ------cpu-----
 r  b   swpd   free   buff  cache   si   so    bi    bo   in   cs us sy id wa st
 1  0      0 242936  73976 1075556    0    0     2    11    9    7  6  1 92  0  1
 0  0      0 242936  73976 1075684    0    0     0    11  205  314  1  0 99  0  0
 0  0      0 243188  73976 1075684    0    0     0   282  339  513  2  0 96  0  1
 1  0      0 243188  73976 1075692    0    0     0     6  388  593  2  0 97  0  0
 2  0      0 243012  73976 1075676    0    0     0     6  526  786  3  1 96  0  0
 0  0      0 243044  73984 1075684    0    0     0   238  523  803  3  0 97  0  0
 0  0      0 243044  73984 1075688    0    0     0     6  480  736  2  0 97  0  0
 0  0      0 243072  73988 1075692    0    0     0     9  521  787  3  0 97  0  0
 0  0      0 243072  73988 1075696    0    0     0    62  511  782  3  0 96  0  0
 0  0      0 242848  73988 1075704    0    0     0    16  490  742  2  1 97  0  0
 0  0      0 243356  73988 1075704    0    0     0     6  502  762  3  0 96  0  1
 0  0      0 243132  73988 1075712    0    0     0     6  494  744  2  1 97  0  0
 0  0      0 243132  73988 1075716    0    0     0    54  507  778  2  1 97  0  0
 0  0      0 243132  73988 1075848    0    0     0     6  482  736  3  0 96  0  0
 0  0      0 242656  73988 1075852    0    0     0     6  497  759  3  1 93  0  3
 0  0      0 242656  73988 1075856    0    0     0     6  515  783  3  1 96  0  1
 0  0      0 242656  73988 1075988    0    0     0     0  466  707  3  1 97  0  0
 2  0      0 242656  73992 1075992    0    0     0     6  372  577  2  0 97  0  0
 0  0      0 242656  73992 1075996    0    0     0    59  218  327  1  0 98  0  0
