procs -----------memory---------- ---swap-- -----io---- -system-- ------cpu-----
 r  b   swpd   free   buff  cache   si   so    bi    bo   in   cs us sy id wa st
 1  0      0 448788   2168 311628    0    0     3    11  274  340  1  0 99  0  0
 0  0      0 439968   2168 311636    0    0     0     2  342  547  1  0 99  0  0
 0  0      0 439464   2168 311636    0    0     0    14  403  726  0  0 100  0  0
 0  0      0 438708   2168 311636    0    0     0     0  452  810  0  0 99  0  0
 0  0      0 438204   2168 311636    0    0     0     1  510  905  0  0 99  0  0
 0  0      0 438204   2168 311636    0    0     0     1  489  864  0  0 100  0  0
 0  0      0 437952   2168 311636    0    0     0     3  523  928  1  0 99  0  0
 0  0      0 437700   2168 311636    0    0     0     1  506  901  0  0 99  0  0
 0  0      0 437448   2168 311640    0    0     0    26  501  890  0  0 99  0  0
 0  0      0 437196   2168 311640    0    0     0     2  484  870  0  0 100  0  0
 0  0      0 436944   2168 311640    0    0     0     1  497  872  0  0 99  0  0
 0  0      0 436440   2168 311640    0    0     0     1  489  874  0  0 99  0  1
 0  0      0 436440   2168 311640    0    0     0     3  504  902  0  0 100  0  0
 0  0      0 435936   2168 311640    0    0     0     1  514  906  1  0 99  0  0
 0  0      0 430896   2168 311644    0    0     0     4  557  972  1  1 98  0  0
 0  0      0 430896   2168 311648    0    0     0     3  495  868  0  0 99  0  0
 0  0      0 430896   2168 311648    0    0     0     2  496  871  0  0 99  0  0
 0  0      0 430896   2168 311648    0    0     0     1  448  805  0  0 100  0  0
 0  0      0 430896   2168 311648    0    0     0     1  320  574  0  0 100  0  0
