procs -----------memory---------- ---swap-- -----io---- -system-- ------cpu-----
 r  b   swpd   free   buff  cache   si   so    bi    bo   in   cs us sy id wa st
 1  0      0 176516  88908 1299060    0    0     1     7   11   13  0  0 100  0  0
 0  0      0 176516  88908 1299072    0    0     0    15   82  139  0  0 100  0  0
 0  0      0 176516  88908 1299072    0    0     0     2   60   99  0  0 100  0  0
 0  0      0 176516  88908 1299072    0    0     0     3   58   96  0  0 100  0  0
 0  0      0 176516  88908 1299072    0    0     0   546  126  225  0  0 99  1  0
 0  0      0 176516  88908 1299072    0    0     0    10   59   98  0  0 100  0  0
 0  0      0 176516  88908 1299072    0    0     0     1   66  105  0  0 100  0  0
 0  0      0 176516  88908 1299072    0    0     0     3   61  101  0  0 100  0  0
 0  0      0 176516  88908 1299072    0    0     0     6   56   95  0  0 100  0  0
 0  0      0 176516  88908 1299072    0    0     0     0   57   99  0  0 100  0  0
 0  0      0 176516  88908 1299072    0    0     0     2   67  103  0  0 100  0  0
 0  0      0 176516  88908 1299072    0    0     0    13   63  103  0  0 100  0  0
 0  0      0 176516  88908 1299072    0    0     0     0   53   93  0  0 100  0  0
 0  0      0 176516  88908 1299072    0    0     0     2   66  108  0  0 100  0  0
 0  0      0 176516  88908 1299072    0    0     0     2   59   94  0  0 100  0  0
 0  0      0 176516  88908 1299072    0    0     0     3   62  102  0  0 100  0  0
 0  0      0 176516  88908 1299072    0    0     0     0   59   98  0  0 100  0  0
 0  0      0 176516  88908 1299072    0    0     0     2   60  100  0  0 100  0  0
 0  0      0 176264  88908 1299072    0    0     0     0   68  110  0  0 100  0  0
 0  0      0 176264  88908 1299072    0    0     0     4   62  103  0  0 100  0  0
