procs -----------memory---------- ---swap-- -----io---- -system-- ------cpu-----
 r  b   swpd   free   buff  cache   si   so    bi    bo   in   cs us sy id wa st
 1  0      0 236460  74064 1079948    0    0     2    11    9    7  6  1 92  0  1
 0  0      0 236236  74064 1079988    0    0     0    14  200  258  1  0 99  0  0
 0  0      0 236012  74064 1079992    0    0     0   508  359  443  2  1 97  1  0
 0  0      0 235116  74064 1079992    0    0     0    11  418  492  3  0 97  0  0
 0  0      0 234220  74064 1080000    0    0     0    10  482  550  3  1 96  0  1
 0  0      0 233548  74064 1080000    0    0     0     6  476  550  3  1 96  0  0
 0  0      0 232876  74064 1080008    0    0     0     6  526  614  4  0 95  0  1
 0  0      0 232652  74064 1080140    0    0     0     6  478  539  3  0 96  0  0
 0  0      0 231980  74064 1080140    0    0     0    54  512  594  4  1 95  0  1
 0  0      0 231756  74064 1080148    0    0     0    31  501  560  4  1 92  0  4
 0  0      0 231532  74064 1080152    0    0     0     6  497  573  3  1 94  0  1
 0  0      0 231308  74064 1080156    0    0     0     6  517  593  3  1 96  0  1
 0  0      0 230412  74064 1080160    0    0     0     6  517  579  3  1 96  0  0
 0  0      0 229964  74064 1080168    0    0     0     0  489  554  3  1 96  0  0
 0  0      0 229292  74064 1080168    0    0     0    91  564  637  4  1 95  0  0
 0  0      0 229292  74064 1080176    0    0     0    17  486  562  3  1 96  0  0
 0  0      0 229068  74064 1080176    0    0     0     6  489  560  3  1 96  0  0
 0  0      0 228620  74064 1080164    0    0     0    42  320  383  2  0 98  0  0
 0  0      0 228396  74064 1080292    0    0     0    11  243  286  1  0 98  0  0
