procs -----------memory---------- ---swap-- -----io---- -system-- ------cpu-----
 r  b   swpd   free   buff  cache   si   so    bi    bo   in   cs us sy id wa st
 2  0      0 713432  46684 513424    0    0     6   531   18    1  6  1 91  0  2
 0  0      0 712760  46696 514096    0    0     0    47  218  266  1  0 99  0  0
 0  0      0 712760  46696 515480    0    0     0    26  317  337  1  0 99  0  0
 0  0      0 712536  46700 517376    0    0     0    27  402  427  1  0 99  0  0
 0  0      0 711864  46708 520140    0    0     0    34  561  574  2  0 98  0  0
 0  0      0 711192  46712 522724    0    0     0   514  567  643  2  1 97  1  0
 0  0      0 710744  46712 525780    0    0     0    36  553  585  2  1 98  0  0
 0  0      0 710520  46716 528364    0    0     0   207  541  560  2  1 97  0  1
 0  0      0 709848  46724 531128    0    0     0   217  545  563  2  0 96  0  1
 0  0      0 709400  46732 533892    0    0     0   346  539  574  2  0 98  0  0
 0  0      0 708952  46736 536648    0    0     0   486  546  573  2  0 97  0  0
 0  0      0 708504  46736 539240    0    0     0   666  524  545  1  1 98  0  0
 0  0      0 707580  46736 542004    0    0     0   550  546  564  1  1 98  0  0
 0  0      0 706880  46736 544760    0    0     0   629  543  583  2  0 98  0  0
 0  0      0 706432  46736 547512    0    0     0   682  551  570  2  1 97  0  0
 0  0      0 706208  46744 550284    0    0     0   628  533  564  2  0 98  0  0
 0  0      0 705760  46752 552872    0    0     0   589  529  549  2  1 98  0  0
 0  0      0 705060  46756 554904    0    0     0   637  426  451  1  1 98  0  0
 0  0      0 703688  46756 555932    0    0     0   581  245  281  1  0 99  0  0
