procs -----------memory---------- ---swap-- -----io---- -system-- ------cpu-----
 r  b   swpd   free   buff  cache   si   so    bi    bo   in   cs us sy id wa st
 1  0      0 444892   2168 308076    0    0     3    12  260  320  1  0 99  0  0
 0  0      0 436072   2168 308084    0    0     0     2  330  501  1  0 99  0  0
 0  0      0 435820   2168 308084    0    0     0    10  370  652  0  0 99  0  0
 0  0      0 434812   2168 308084    0    0     0     0  435  778  1  0 99  0  0
 0  0      0 434560   2168 308084    0    0     0     1  510  904  1  0 99  0  0
 0  0      0 434560   2168 308084    0    0     0     3  481  857  1  0 99  0  0
 0  0      0 434056   2168 308084    0    0     0     1  478  853  0  0 100  0  0
 0  0      0 434056   2168 308084    0    0     0     1  456  819  1  0 99  0  0
 0  0      0 433804   2168 308088    0    0     0    25  487  863  1  0 99  0  0
 0  0      0 433804   2168 308088    0    0     0     0  489  879  0  0 99  0  0
 0  0      0 429532   2168 308096    0    0     0     7  554  969  1  1 98  0  0
 0  0      0 429532   2168 308096    0    0     0     5  460  823  0  0 99  0  0
 0  0      0 429532   2168 308096    0    0     0     1  474  840  0  0 99  0  0
 0  0      0 429532   2168 308096    0    0     0     1  482  859  0  0 99  0  0
 0  0      0 429532   2168 308096    0    0     0     6  469  834  0  0 99  0  0
 0  0      0 429532   2168 308100    0    0     0     0  486  871  0  0 99  0  0
 0  0      0 429532   2168 308100    0    0     0   318  494  886  0  0 99  0  0
 0  0      0 429532   2168 308100    0    0     0     1  431  779  1  0 99  0  0
 0  0      0 429280   2168 308100    0    0     0     3  341  624  0  0 100  0  0
