procs -----------memory---------- ---swap-- -----io---- -system-- ------cpu-----
 r  b   swpd   free   buff  cache   si   so    bi    bo   in   cs us sy id wa st
 1  0      0 171952  89844 1316900    0    0     1     8   12   14  0  0 100  0  0
 0  0      0 171952  89844 1316912    0    0     0    15   69  130  0  0 100  0  0
 0  0      0 171952  89844 1316912    0    0     0     1   57   97  0  0 100  0  0
 0  0      0 171952  89844 1316912    0    0     0     3   74  119  0  0 100  0  0
 0  0      0 171952  89844 1316912    0    0     0     0   56   97  0  0 100  0  0
 0  0      0 171952  89844 1316912    0    0     0   561  109  195  0  0 99  1  0
 0  0      0 171700  89844 1316916    0    0     0    22   57   98  0  0 100  0  0
 0  0      0 171700  89844 1316916    0    0     0     2   64  104  0  0 100  0  0
 0  0      0 171700  89844 1316916    0    0     0     6   60   98  0  0 100  0  0
 0  0      0 171700  89844 1316916    0    0     0     3   57   96  0  0 100  0  0
 0  0      0 171700  89844 1316916    0    0     0     0   58   98  0  0 100  0  0
 0  0      0 171700  89844 1316916    0    0     0     2   66  108  0  0 100  0  0
 0  0      0 171700  89844 1316916    0    0     0    10   54   93  0  0 100  0  0
 0  0      0 171700  89844 1316916    0    0     0     2   59   99  0  0 100  0  0
 0  0      0 171700  89844 1316916    0    0     0     2   56   94  0  0 100  0  0
 0  0      0 171700  89844 1316916    0    0     0     3   66  110  0  0 100  0  0
 0  0      0 171700  89844 1316916    0    0     0     0   51   93  0  0 100  0  0
 0  0      0 171700  89844 1316916    0    0     0     2   56   98  0  0 100  0  0
 0  0      0 171700  89844 1316916    0    0     0     0   52   93  0  0 100  0  0
 1  0      0 154816  89844 1316916    0    0     0     4  134  212  2  0 98  0  0
