procs -----------memory---------- ---swap-- -----io---- -system-- ------cpu-----
 r  b   swpd   free   buff  cache   si   so    bi    bo   in   cs us sy id wa st
 2  0      0 757156  42688 492972    0    0     6   532   17    0  6  1 91  0  2
 0  0      0 757156  42696 492992    0    0     0   290  232  366  1  0 99  0  0
 1  0      0 757156  42704 493024    0    0     0    22  298  452  2  0 98  0  0
 0  0      0 756932  42712 493076    0    0     0    27  415  619  2  0 97  0  0
 0  0      0 756932  42716 493144    0    0     0   245  545  825  2  1 96  0  0
 0  0      0 756932  42724 493208    0    0     0    40  536  786  3  0 97  0  0
 1  0      0 756932  42732 493276    0    0     0   147  536  808  3  1 96  0  0
 0  0      0 756932  42740 493344    0    0     0    46  572  834  4  0 92  0  4
 0  0      0 756932  42744 493412    0    0     0   114  536  801  2  0 97  0  0
 0  0      0 756932  42752 493528    0    0     0    47  539  802  3  1 96  0  0
 0  0      0 756932  42752 493720    0    0     0    47  534  788  2  0 97  0  0
 0  0      0 756932  42756 493784    0    0     0    50  546  811  3  1 96  0  0
 0  0      0 756932  42764 493856    0    0     0    37  554  832  2  1 96  0  0
 0  0      0 756932  42768 493920    0    0     0    54  551  820  3  1 96  0  0
 1  0      0 756932  42776 493996    0    0     0   178  552  829  2  1 97  0  0
 0  0      0 756932  42776 494064    0    0     0    56  534  793  2  1 97  0  0
 0  0      0 756932  42780 494132    0    0     0    54  532  798  2  1 97  0  0
 0  0      0 756932  42784 494180    0    0     0    51  398  576  2  1 98  0  0
 0  0      0 756932  42784 494204    0    0     0    46  258  382  1  0 99  0  0
