procs -----------memory---------- ---swap-- -----io---- -system-- ------cpu-----
 r  b   swpd   free   buff  cache   si   so    bi    bo   in   cs us sy id wa st
 2  0      0 197976  88908 1299196    0    0     1     7   11   13  0  0 100  0  0
 0  0      0 197976  88908 1299200    0    0     0    15   72  129  0  0 100  0  0
 0  0      0 197976  88908 1299200    0    0     0     0   58   97  0  0 100  0  0
 0  0      0 197976  88908 1299200    0    0     0     2   60   99  0  0 100  0  0
 0  0      0 197976  88908 1299200    0    0     0   534  127  210  0  0 99  1  0
 0  0      0 197976  88908 1299200    0    0     0    31   65  102  0  0 100  0  0
 0  0      0 197976  88908 1299200    0    0     0     3   56   95  0  0 100  0  0
 0  0      0 197976  88908 1299200    0    0     0     2   58   97  0  0 100  0  0
 0  0      0 197976  88908 1299200    0    0     0     4   65  106  0  0 100  0  0
 0  0      0 197976  88908 1299200    0    0     0     0   56   96  0  0 100  0  0
 0  0      0 197976  88908 1299200    0    0     0     7   57   96  0  0 100  0  0
 0  0      0 197976  88908 1299200    0    0     0     5   60   98  0  0 100  0  0
 0  0      0 197976  88908 1299200    0    0     0     2   66  105  0  0 100  0  0
 0  0      0 197976  88908 1299200    0    0     0     6   60   97  0  0 100  0  0
 0  0      0 197976  88908 1299200    0    0     0     5   61   99  0  0 100  0  0
 0  0      0 197976  88908 1299200    0    0     0     9   64  102  0  0 100  0  0
 0  0      0 197976  88908 1299200    0    0     0     5   73  110  0  0 100  0  0
 0  0      0 197976  88908 1299200    0    0     0     2   60   99  0  0 100  0  0
 0  0      0 197976  88908 1299200    0    0     0     3   59   98  0  0 100  0  0
 0  0      0 197976  88908 1299200    0    0     0     2   56   93  0  0 100  0  0
