procs -----------memory---------- ---swap-- -----io---- -system-- ------cpu-----
 r  b   swpd   free   buff  cache   si   so    bi    bo   in   cs us sy id wa st
 1  0      0 683088  49680 548688    0    0     6   529   19    2  6  1 91  0  2
 0  0      0 683088  49688 548888    0    0     0    47  180  256  0  0 99  0  0
 0  0      0 683088  49688 549056    0    0     0    22  256  335  1  1 99  0  0
 0  0      0 683088  49696 549304    0    0     0   318  349  458  1  0 99  0  0
 0  0      0 683088  49700 549612    0    0     0    38  428  536  1  1 99  0  0
 0  0      0 683088  49704 549940    0    0     0   130  426  531  1  1 98  0  0
 0  0      0 683088  49708 550268    0    0     0   235  432  558  1  1 98  0  0
 0  0      0 683088  49712 550600    0    0     0    57  413  526  1  0 98  0  0
 0  0      0 682864  49712 550952    0    0     0    76  419  535  1  1 98  0  0
 0  0      0 682864  49712 551276    0    0     0   176  430  552  1  0 98  0  0
 0  0      0 682864  49716 551600    0    0     0   105  411  533  1  0 98  0  1
 0  0      0 682864  49720 552036    0    0     0   106  406  527  1  1 99  0  0
 0  0      0 682864  49724 552364    0    0     0   232  425  545  1  1 98  0  0
 0  0      0 682864  49728 552708    0    0     0   114  423  527  1  0 99  0  0
 0  0      0 682864  49728 553040    0    0     0   105  420  533  1  1 98  0  0
 1  0      0 682864  49728 553368    0    0     0    42  428  548  1  0 99  0  0
 0  0      0 682864  49728 553696    0    0     0   210  417  536  1  1 98  0  0
 0  0      0 682864  49728 553904    0    0     0   100  327  415  1  1 99  0  0
 0  0      0 682864  49728 554028    0    0     0    91  201  253  0  0 100  0  0
