procs -----------memory---------- ---swap-- -----io---- -system-- ------cpu-----
 r  b   swpd   free   buff  cache   si   so    bi    bo   in   cs us sy id wa st
 2  0      0 682040  47936 536212    0    0     6   530   18    1  6  1 91  0  2
 0  0      0 682116  47944 536568    0    0     0    51  184  248  0  0 99  0  0
 0  0      0 682372  47948 537244    0    0     0    19  287  340  1  0 99  0  0
 0  0      0 682372  47952 538176    0    0     0    23  342  403  1  0 99  0  0
 0  0      0 682372  47952 539532    0    0     0    33  463  534  1  0 99  0  0
 0  0      0 682372  47952 540884    0    0     0   570  496  602  1  1 98  1  0
 0  0      0 682148  47956 542236    0    0     0    39  489  572  1  1 98  0  0
 0  0      0 681924  47956 543588    0    0     0    81  456  535  1  0 98  0  0
 0  0      0 681700  47960 544944    0    0     0   127  452  541  1  0 96  0  2
 0  0      0 681476  47968 546420    0    0     0   191  453  535  2  0 98  0  0
 0  0      0 681252  47972 547692    0    0     0   271  463  537  1  0 99  0  0
 0  0      0 681252  47980 549128    0    0     0   464  475  551  1  1 98  0  0
 0  0      0 681028  47980 550476    0    0     0   323  457  534  1  0 98  0  0
 1  0      0 680804  47980 551744    0    0     0   320  441  515  1  1 98  0  0
 0  0      0 680580  47984 553096    0    0     0   308  461  541  1  0 98  0  0
 0  0      0 680356  47984 554444    0    0     0   328  456  533  1  1 98  0  0
 0  0      0 679908  47984 555792    0    0     0   308  460  536  1  0 98  0  0
 0  0      0 679908  47984 556728    0    0     0   459  335  403  1  0 99  0  0
 0  0      0 679908  47984 557236    0    0     0   315  217  277  0  0 100  0  0
