procs -----------memory---------- ---swap-- -----io---- -system-- ------cpu-----
 r  b   swpd   free   buff  cache   si   so    bi    bo   in   cs us sy id wa st
 1  0      0 189216  74868 1105904    0    0     2    12   10    8  6  1 93  0  1
 0  0      0 189760  74868 1105920    0    0     0   257  180  267  0  0 99  0  0
 0  0      0 189536  74868 1105920    0    0     0     6  233  316  1  0 99  0  0
 0  0      0 189568  74868 1105924    0    0     0    21  309  405  1  0 98  0  0
 0  0      0 189568  74868 1105928    0    0     0     6  361  484  1  0 98  0  0
 0  0      0 189344  74868 1105932    0    0     0   188  371  508  2  0 97  0  0
 1  0      0 189344  74868 1105940    0    0     0     7  364  498  2  0 97  0  1
 0  0      0 189600  74868 1105940    0    0     0    13  353  471  2  0 96  0  1
 0  0      0 189600  74868 1105948    0    0     0    62  375  500  1  1 97  0  0
 0  0      0 189376  74868 1105952    0    0     0     6  368  494  1  0 98  0  0
 0  0      0 189376  74868 1106084    0    0     0    54  370  502  1  0 98  0  0
 0  0      0 189152  74868 1106088    0    0     0     6  362  490  1  1 98  0  0
 0  0      0 189440  74868 1106092    0    0     0     6  367  494  1  0 98  0  0
 0  0      0 189444  74868 1106096    0    0     0     6  367  492  1  0 98  0  0
 0  0      0 189444  74868 1106100    0    0     0     6  360  487  1  0 99  0  0
 0  0      0 189220  74868 1106108    0    0     0     6  370  495  2  0 98  0  0
 0  0      0 189252  74868 1106108    0    0     0    62  349  470  1  1 98  0  0
 0  0      0 189252  74868 1106112    0    0     0    12  250  344  1  0 99  0  0
 0  0      0 189252  74868 1106116    0    0     0     6  170  249  0  0 99  0  0
