procs -----------memory---------- ---swap-- -----io---- -system-- ------cpu-----
 r  b   swpd   free   buff  cache   si   so    bi    bo   in   cs us sy id wa st
 1  0      0 193528  89384 1299512    0    0     1     7   11   13  0  0 100  0  0
 0  0      0 193528  89384 1299524    0    0     0    16   71  127  0  0 100  0  0
 0  0      0 193528  89384 1299524    0    0     0     0   56   96  0  0 100  0  0
 0  0      0 193528  89384 1299524    0    0     0     2   66  101  0  0 100  0  0
 0  0      0 193528  89384 1299524    0    0     0   564  126  221  0  0 99  1  0
 0  0      0 193528  89384 1299524    0    0     0    10   54   95  0  0 100  0  0
 0  0      0 193528  89384 1299524    0    0     0     2   61  100  0  0 100  0  0
 0  0      0 193528  89384 1299524    0    0     0     4   71  107  0  0 100  0  0
 0  0      0 193528  89384 1299524    0    0     0     4   61  100  0  0 100  0  0
 0  0      0 193528  89384 1299524    0    0     0     0   55   93  0  0 100  0  0
 0  0      0 193528  89384 1299524    0    0     0     2   61   99  0  0 100  0  0
 0  0      0 193528  89384 1299524    0    0     0     0   72  112  0  0 100  0  0
 0  0      0 193528  89384 1299524    0    0     0    13   63   99  0  0 100  0  0
 0  0      0 193528  89384 1299524    0    0     0     3   60   97  0  0 100  0  0
 0  0      0 193528  89384 1299524    0    0     0     1   60   98  0  0 100  0  0
 0  0      0 193528  89384 1299524    0    0     0     2   67  104  0  0 100  0  0
 0  0      0 193528  89384 1299524    0    0     0     3   61   98  0  0 100  0  0
 0  0      0 193528  89384 1299524    0    0     0     0   61  101  0  0 100  0  0
 0  0      0 193528  89384 1299524    0    0     0     2   62   98  0  0 100  0  0
