procs -----------memory---------- ---swap-- -----io---- -system-- ------cpu-----
 r  b   swpd   free   buff  cache   si   so    bi    bo   in   cs us sy id wa st
 2  0      0 688236  49740 549368    0    0     6   529   19    2  6  1 91  0  2
 0  0      0 688236  49740 549444    0    0     0    52  184  258  1  0 99  0  0
 0  0      0 688236  49740 549612    0    0     0    22  242  308  0  0 99  0  0
 0  0      0 688236  49740 549840    0    0     0    30  339  434  1  1 99  0  0
 0  0      0 688236  49740 550148    0    0     0   251  416  534  1  0 99  0  0
 0  0      0 688236  49744 550500    0    0     0   131  410  524  1  1 98  0  0
 0  0      0 688236  49752 550824    0    0     0    42  431  539  1  0 99  0  0
 0  0      0 688236  49756 551136    0    0     0   199  436  566  1  0 99  0  0
 0  0      0 688236  49756 551592    0    0     0    73  425  540  1  0 98  0  0
 0  0      0 688236  49756 551936    0    0     0    41  408  522  1  0 99  0  0
 0  0      0 688236  49756 552248    0    0     0    89  420  532  1  1 98  0  0
 0  0      0 688236  49764 552596    0    0     0   110  430  551  1  1 98  0  0
 0  0      0 688236  49768 552900    0    0     0   106  412  528  1  1 98  0  0
 0  0      0 688236  49772 553228    0    0     0   231  428  548  1  1 98  0  1
 0  0      0 688236  49776 553580    0    0     0   234  437  556  1  0 99  0  0
 0  0      0 688236  49780 553884    0    0     0   104  432  555  1  1 99  0  0
 0  0      0 688236  49784 554344    0    0     0   110  421  533  1  1 98  0  0
 0  0      0 688236  49788 554592    0    0     0   106  326  418  1  0 99  0  0
 0  0      0 688236  49792 554724    0    0     0    91  218  282  1  0 99  0  0
