procs -----------memory---------- ---swap-- -----io---- -system-- ------cpu-----
 r  b   swpd   free   buff  cache   si   so    bi    bo   in   cs us sy id wa st
 1  0      0 415428   2168 317492    0    0     2    11  274  348  1  0 99  0  0
 0  0      0 415428   2168 317496    0    0     0     6  330  513  2  1 97  0  0
 0  0      0 415428   2168 317496    0    0     0     0  372  653  1  0 98  0  0
 0  0      0 414952   2168 317508    0    0     0     0  451  789  1  1 98  0  0
 0  0      0 414952   2168 317508    0    0     0     4  470  815  2  1 97  0  0
 0  0      0 414952   2168 317508    0    0     0     0  459  808  1  1 98  0  0
 0  0      0 414952   2168 317508    0    0     0     2  455  785  2  1 97  0  0
 0  0      0 414952   2168 317508    0    0     0    28  454  797  1  0 98  0  0
 0  0      0 414952   2168 317508    0    0     0     0  466  814  1  0 98  0  0
 0  0      0 414952   2168 317508    0    0     0   337  452  803  1  0 98  0  0
 0  0      0 414952   2168 317512    0    0     0     0  421  729  1  1 97  0  0
 0  0      0 414952   2168 317512    0    0     0     2  451  784  1  1 98  0  0
 0  0      0 414952   2168 317512    0    0     0     2  437  764  0  0 99  0  0
 0  0      0 414952   2168 317512    0    0     0    30  498  860  2  1 97  0  0
 0  0      0 414952   2168 317512    0    0     0     2  457  799  0  0 99  0  0
 0  0      0 414952   2168 317512    0    0     0     6  446  777  1  0 99  0  0
 0  0      0 414700   2168 317512    0    0     0     0  481  849  0  0 99  0  0
 0  0      0 414700   2168 317516    0    0     0     2  412  725  1  0 98  0  0
 0  0      0 414448   2168 317516    0    0     0     0  290  528  1  1 98  0  0
