procs -----------memory---------- ---swap-- -----io---- -system-- ------cpu-----
 r  b   swpd   free   buff  cache   si   so    bi    bo   in   cs us sy id wa st
 1  0      0 421436   2168 313004    0    0     3    11  276  344  1  0 99  0  0
 0  0      0 421436   2168 313008    0    0     0     2  353  541  1  0 98  0  0
 0  0      0 421436   2168 313008    0    0     0     3  352  630  0  0 99  0  0
 0  0      0 421436   2168 313008    0    0     0     0  440  787  0  0 100  0  0
 0  0      0 421436   2168 313008    0    0     0     1  498  880  0  0 99  0  0
 0  0      0 421436   2168 313012    0    0     0     2  522  930  0  0 99  0  0
 0  0      0 421436   2168 313012    0    0     0    20  500  893  0  0 99  0  0
 0  0      0 421436   2168 313012    0    0     0     1  515  910  0  0 99  0  0
 0  0      0 421436   2168 313012    0    0     0     3  497  883  0  0 99  0  0
 0  0      0 421436   2168 313012    0    0     0     0  512  909  0  0 99  0  0
 3  0      0 421436   2168 313012    0    0     0     1  485  859  0  0 100  0  0
 0  0      0 421436   2168 313012    0    0     0     3  516  917  0  0 99  0  0
 0  0      0 421436   2168 313016    0    0     0    14  490  876  0  0 99  0  0
 0  0      0 421436   2168 313016    0    0     0     1  517  901  1  0 99  0  0
 0  0      0 421436   2168 313016    0    0     0     1  467  827  1  0 99  0  1
 0  0      0 421436   2168 313016    0    0     0     2  499  870  0  0 99  0  0
 0  0      0 421436   2168 313016    0    0     0     1  473  851  0  0 99  0  0
 0  0      0 421184   2168 313032    0    0     0     1  471  832  1  1 98  0  0
 0  0      0 421184   2168 313032    0    0     0     8  345  621  0  0 99  0  0
