procs -----------memory---------- ---swap-- -----io---- -system-- ------cpu-----
 r  b   swpd   free   buff  cache   si   so    bi    bo   in   cs us sy id wa st
 3  0      0 168576  89620 1308524    0    0     1     7   12   14  0  0 100  0  0
 0  0      0 168324  89620 1308540    0    0     0    18   86  140  0  0 100  0  0
 0  0      0 168324  89620 1308540    0    0     0     0   60   96  0  0 100  0  0
 0  0      0 168324  89620 1308540    0    0     0     2   59   96  0  0 100  0  0
 0  0      0 168324  89620 1308540    0    0     0    19   60   97  0  0 100  0  0
 0  0      0 168604  89620 1308540    0    0     0   117   86  137  0  0 100  0  0
 0  0      0 168604  89620 1308540    0    0     0     6   63   99  0  0 100  0  0
 0  0      0 169360  89620 1308540    0    0     0     0   68  106  0  0 100  0  0
 0  0      0 169360  89620 1308540    0    0     0     7   64   98  0  0 100  0  0
 0  0      0 169360  89620 1308540    0    0     0     0   70  101  0  0 100  0  0
 0  0      0 169360  89620 1308540    0    0     0     2   59   96  0  0 100  0  0
 0  0      0 169360  89620 1308540    0    0     0     3   62   98  0  0 100  0  0
 0  0      0 169360  89620 1308540    0    0     0     2   63   96  0  0 100  0  0
 0  0      0 169360  89620 1308540    0    0     0    11   81  115  0  0 100  0  0
 0  0      0 169360  89620 1308540    0    0     0    40   66  103  0  0 100  0  0
 0  0      0 169360  89620 1308540    0    0     0     4   65   98  0  0 100  0  0
 0  0      0 169360  89620 1308540    0    0     0     2   61   96  0  0 100  0  0
 0  0      0 169360  89620 1308540    0    0     0     0   80  113  0  0 100  0  0
 0  0      0 169360  89620 1308540    0    0     0     3   65   96  0  0 100  0  0
 1  0      0 168884  89620 1308540    0    0     0     6  114  193  0  0 99  0  0
