procs -----------memory---------- ---swap-- -----io---- -system-- ------cpu-----
 r  b   swpd   free   buff  cache   si   so    bi    bo   in   cs us sy id wa st
 2  0      0 191016  89620 1306708    0    0     1     7   12   13  0  0 100  0  0
 0  0      0 191016  89620 1306720    0    0     0    17   82  127  0  0 100  0  0
 0  0      0 191016  89620 1306720    0    0     0    19   66  100  0  0 100  0  0
 0  0      0 191016  89620 1306720    0    0     0   564  127  225  0  0 99  1  0
 0  0      0 191016  89620 1306720    0    0     0    11   62  102  0  0 100  0  0
 0  0      0 191016  89620 1306720    0    0     0     0   68  108  0  0 100  0  0
 0  0      0 191016  89620 1306720    0    0     0     2   59   96  0  0 100  0  0
 0  0      0 191016  89620 1306720    0    0     0     0   57   96  0  0 100  0  0
 0  0      0 191016  89620 1306720    0    0     0     2   59   98  0  0 100  0  0
 0  0      0 191016  89620 1306720    0    0     0     1   77  112  0  0 100  0  0
 0  0      0 191016  89620 1306720    0    0     0    14   66  104  0  0 100  0  0
 0  0      0 191016  89620 1306720    0    0     0     0   59   95  0  0 100  0  0
 0  0      0 191016  89620 1306720    0    0     0     2   60   97  0  0 100  0  0
 0  0      0 191016  89620 1306720    0    0     0     0   68  106  0  0 100  0  0
 0  0      0 191016  89620 1306720    0    0     0     3   62  100  0  0 100  0  0
 0  0      0 191016  89620 1306720    0    0     0     2   60   96  0  0 100  0  0
 0  0      0 191016  89620 1306720    0    0     0     3   65   99  0  0 100  0  0
 0  0      0 191016  89620 1306720    0    0     0     1   69  104  0  0 100  0  0
 0  0      0 191016  89620 1306720    0    0     0     3   66  104  0  0 100  0  0
