procs -----------memory---------- ---swap-- -----io---- -system-- ------cpu-----
 r  b   swpd   free   buff  cache   si   so    bi    bo   in   cs us sy id wa st
 3  0      0 191956  88908 1293136    0    0     1     7   11   13  0  0 100  0  0
 0  0      0 191956  88908 1293148    0    0     0    18   83  137  0  0 100  0  0
 0  0      0 191956  88908 1293148    0    0     0     0   61  100  0  0 100  0  0
 0  0      0 191956  88908 1293148    0    0     0   460  111  199  0  0 99  1  0
 0  0      0 191956  88908 1293148    0    0     0    11   59   99  0  0 100  0  0
 0  0      0 191956  88908 1293148    0    0     0     0   64  105  0  0 100  0  0
 0  0      0 191956  88908 1293148    0    0     0     2   60  102  0  0 100  0  0
 0  0      0 191956  88908 1293148    0    0     0     0   63  107  0  0 100  0  0
 0  0      0 191956  88908 1293148    0    0     0     7   60  101  0  0 100  0  0
 0  0      0 191956  88908 1293148    0    0     0     1   65  106  0  0 100  0  0
 0  0      0 191956  88908 1293148    0    0     0     4   61  101  0  0 100  0  0
 0  0      0 191956  88908 1293148    0    0     0    10   56   94  0  0 100  0  0
 0  0      0 191956  88908 1293148    0    0     0     2   58   99  0  0 100  0  0
 0  0      0 191956  88908 1293148    0    0     0     0   64  105  0  0 100  0  0
 0  0      0 191956  88908 1293148    0    0     0    40   66  105  0  0 100  0  0
 0  0      0 191956  88908 1293148    0    0     0     2   57   95  0  0 100  0  0
 0  0      0 191956  88908 1293148    0    0     0     3   60   98  0  0 100  0  0
 0  0      0 191956  88908 1293148    0    0     0     1   66  104  0  0 100  0  0
 0  0      0 191956  88908 1293148    0    0     0     4   64  102  0  0 100  0  0
 0  0      0 191956  88908 1293148    0    0     0     0   56   97  0  0 100  0  0
