procs -----------memory---------- ---swap-- -----io---- -system-- ------cpu-----
 r  b   swpd   free   buff  cache   si   so    bi    bo   in   cs us sy id wa st
 1  0      0 184060  89844 1312612    0    0     1     8   12   14  0  0 100  0  0
 0  0      0 183808  89844 1312660    0    0     0   574  153  271  0  0 99  1  0
 0  0      0 183808  89844 1312664    0    0     0    18   57   95  0  0 100  0  0
 0  0      0 183808  89844 1312664    0    0     0     3   57   97  0  0 100  0  0
 0  0      0 183808  89844 1312664    0    0     0     0   52   95  0  0 100  0  0
 0  0      0 183808  89844 1312664    0    0     0     6   71  109  0  0 100  0  0
 0  0      0 183556  89844 1312668    0    0     0     9   58  101  0  0 100  0  0
 0  0      0 183556  89844 1312668    0    0     0     2   55   95  0  0 100  0  0
 0  0      0 183556  89844 1312668    0    0     0     6   61  101  0  0 100  0  0
 0  0      0 183556  89844 1312668    0    0     0    10   67  108  0  0 100  0  0
 0  0      0 183556  89844 1312668    0    0     0     0   55   96  0  0 100  0  0
 0  0      0 183556  89844 1312668    0    0     0     2   54   94  0  0 100  0  0
 0  0      0 183556  89844 1312668    0    0     0     0   96  156  0  0 100  0  0
 0  0      0 183556  89844 1312668    0    0     0     6   70  109  0  0 100  0  0
 0  0      0 183556  89844 1312668    0    0     0     6   59  100  0  0 100  0  0
 0  0      0 183556  89844 1312668    0    0     0     5   57   96  0  0 100  0  0
 0  0      0 183556  89844 1312668    0    0     0     2   56   97  0  0 100  0  0
 0  0      0 183556  89844 1312668    0    0     0     0   63  103  0  0 100  0  0
 0  0      0 183556  89844 1312668    0    0     0    31   61  101  0  0 100  0  0
