procs -----------memory---------- ---swap-- -----io---- -system-- ------cpu-----
 r  b   swpd   free   buff  cache   si   so    bi    bo   in   cs us sy id wa st
 1  0      0 168988  89620 1309488    0    0     1     7   12   14  0  0 100  0  0
 0  0      0 168988  89620 1309492    0    0     0    18   88  135  0  0 100  0  0
 0  0      0 168988  89620 1309492    0    0     0     0   60   95  0  0 100  0  0
 0  0      0 168988  89620 1309492    0    0     0     3   66  106  0  0 100  0  0
 0  0      0 168988  89620 1309492    0    0     0   270   80  134  0  0 100  0  0
 0  0      0 168988  89620 1309492    0    0     0     7   72  109  0  0 100  0  0
 0  0      0 168988  89620 1309492    0    0     0    71   65  104  0  0 100  0  0
 0  0      0 168988  89620 1309496    0    0     0     5   62   99  0  0 100  0  0
 0  0      0 168988  89620 1309496    0    0     0    17   64   94  0  0 100  0  0
 0  0      0 168988  89620 1309496    0    0     0     4   68  106  0  0 100  0  0
 0  0      0 168988  89620 1309496    0    0     0     0   71  111  0  0 100  0  0
 0  0      0 168988  89620 1309496    0    0     0     2   61   98  0  0 100  0  0
 0  0      0 168988  89620 1309496    0    0     0     0   56   93  0  0 100  0  0
 0  0      0 168988  89620 1309496    0    0     0     3   68  106  0  0 100  0  0
 0  0      0 168988  89620 1309496    0    0     0     3   57   94  0  0 100  0  0
 0  0      0 168988  89620 1309496    0    0     0     3   59   98  0  0 100  0  0
 0  0      0 168988  89620 1309496    0    0     0     2   56   96  0  0 100  0  0
 0  0      0 168988  89620 1309496    0    0     0     0   68  110  0  0 100  0  0
 0  0      0 168988  89620 1309496    0    0     0     2   56   97  0  0 100  0  0
