procs -----------memory---------- ---swap-- -----io---- -system-- ------cpu-----
 r  b   swpd   free   buff  cache   si   so    bi    bo   in   cs us sy id wa st
 1  0      0 453732   2168 308124    0    0     3    12  260  320  1  0 99  0  0
 0  0      0 445416   2168 308128    0    0     0     1  351  540  1  0 98  0  0
 0  0      0 444660   2168 308128    0    0     0     1  317  562  0  0 100  0  0
 0  0      0 444156   2168 308132    0    0     0     2  436  778  0  0 99  0  0
 0  0      0 443904   2168 308132    0    0     0    14  499  894  0  0 100  0  0
 0  0      0 443652   2168 308132    0    0     0     1  501  900  0  0 99  0  0
 0  0      0 443400   2168 308132    0    0     0     3  473  844  0  0 100  0  0
 0  0      0 443148   2168 308132    0    0     0     1  494  883  0  0 100  0  0
 0  0      0 442896   2168 308132    0    0     0     1  507  913  1  0 99  0  0
 0  0      0 442896   2168 308132    0    0     0     2  485  873  0  0 100  0  0
 0  0      0 442392   2168 308136    0    0     0    15  435  784  0  0 99  0  1
 0  0      0 442140   2168 308136    0    0     0     2  517  918  0  0 99  0  0
 0  0      0 437376   2168 308280    0    0     0     2  525  946  1  1 99  0  0
 0  0      0 437376   2168 308280    0    0     0     3  481  854  1  0 99  0  0
 0  0      0 437376   2168 308280    0    0     0     1  473  848  0  0 100  0  0
 0  0      0 437376   2168 308280    0    0     0     0  490  862  0  0 99  0  0
 0  0      0 437376   2168 308280    0    0     0     6  458  813  0  0 100  0  0
 0  0      0 437376   2168 308284    0    0     0     1  410  745  0  0 100  0  0
 0  0      0 437376   2168 308284    0    0     0     2  291  539  0  0 100  0  0
