procs -----------memory---------- ---swap-- -----io---- -system-- ------cpu-----
 r  b   swpd   free   buff  cache   si   so    bi    bo   in   cs us sy id wa st
 1  0      0 161588  75104 1119716    0    0     2    12   11    9  6  1 93  0  1
 0  0      0 161588  75104 1119728    0    0     0   238  196  302  0  0 99  0  0
 0  0      0 161588  75104 1119732    0    0     0    24  249  370  1  0 99  0  0
 0  0      0 161588  75104 1119732    0    0     0     6  331  491  1  0 98  0  1
 0  0      0 161588  75104 1119740    0    0     0   204  440  657  1  1 98  0  0
 0  0      0 161588  75104 1119740    0    0     0    10  417  624  1  1 98  0  0
 0  0      0 161588  75104 1119748    0    0     0     6  410  607  1  0 98  0  0
 1  0      0 161588  75104 1119752    0    0     0    50  394  584  1  0 98  0  0
 0  0      0 161588  75104 1119756    0    0     0    12  410  620  1  0 98  0  0
 0  0      0 161588  75104 1119888    0    0     0     6  394  582  1  0 98  0  0
 0  0      0 161588  75104 1119896    0    0     0    15  410  610  1  0 98  0  0
 0  0      0 161588  75104 1120024    0    0     0     6  409  614  1  1 98  0  0
 0  0      0 161588  75104 1120032    0    0     0     0  421  616  1  0 98  0  0
 0  0      0 161588  75104 1120036    0    0     0     6  409  611  1  1 98  0  0
 0  0      0 161588  75104 1120168    0    0     0    66  391  583  1  1 98  0  0
 0  0      0 161588  75104 1120172    0    0     0    11  417  617  1  0 97  0  1
 0  0      0 161588  75104 1120176    0    0     0     6  386  569  1  0 98  0  0
 0  0      0 161588  75104 1120180    0    0     0    15  308  465  1  0 99  0  0
 0  0      0 161588  75104 1120180    0    0     0     6  176  268  0  0 99  0  0
