procs -----------memory---------- ---swap-- -----io---- -system-- ------cpu-----
 r  b   swpd   free   buff  cache   si   so    bi    bo   in   cs us sy id wa st
 1  0      0 440112   2168 317368    0    0     2    11  274  348  1  0 99  0  0
 0  0      0 433812   2168 317372    0    0     0     0  359  560  1  0 99  0  0
 0  0      0 433056   2168 317372    0    0     0    11  358  626  0  0 100  0  0
 0  0      0 432804   2168 317372    0    0     0     0  411  736  0  0 99  0  0
 0  0      0 432048   2168 317372    0    0     0   326  459  821  0  0 99  0  0
 0  0      0 432048   2168 317376    0    0     0     3  433  758  0  0 100  0  0
 0  0      0 431292   2168 317376    0    0     0     0  389  676  0  0 99  0  0
 0  0      0 431292   2168 317376    0    0     0     0  454  805  1  0 99  0  0
 0  0      0 430788   2168 317376    0    0     0    43  499  878  0  0 99  0  0
 0  0      0 430788   2168 317376    0    0     0     2  509  906  0  0 100  0  0
 0  0      0 430284   2168 317376    0    0     0     0  514  899  0  0 99  0  0
 0  0      0 430032   2168 317376    0    0     0     2  530  946  0  0 99  0  0
 0  0      0 429780   2168 317380    0    0     0     0  504  886  1  0 99  0  0
 0  0      0 429276   2168 317380    0    0     0     0  494  867  0  0 99  0  0
 0  0      0 429276   2168 317380    0    0     0     9  537  960  1  0 99  0  0
 0  0      0 429024   2168 317380    0    0     0     4  485  861  0  0 100  0  0
 0  0      0 428268   2168 317380    0    0     0     0  500  873  0  0 99  0  0
 0  0      0 428268   2168 317380    0    0     0     0  391  699  0  0 100  0  0
 0  0      0 427764   2168 317380    0    0     0     1  223  404  0  0 100  0  0
