procs -----------memory---------- ---swap-- -----io---- -system-- ------cpu-----
 r  b   swpd   free   buff  cache   si   so    bi    bo   in   cs us sy id wa st
 3  0      0 173296  75148 1124752    0    0     2    12   11    9  6  1 93  0  1
 0  0      0 175132  75148 1124804    0    0     0    11  131  207  0  0 100  0  0
 0  0      0 174880  75148 1124812    0    0     0     6  196  287  0  0 100  0  0
 0  0      0 174880  75152 1124812    0    0     0     9  227  329  1  0 99  0  0
 0  0      0 174880  75152 1124816    0    0     0     6  278  406  1  0 99  0  0
 0  0      0 174880  75152 1124820    0    0     0   464  323  490  1  0 98  0  0
 0  0      0 174880  75152 1124824    0    0     0     6  292  429  1  1 98  0  0
 0  0      0 174880  75152 1124832    0    0     0    13  274  406  1  0 98  0  0
 0  0      0 174880  75152 1124832    0    0     0     6  284  418  1  0 98  0  1
 0  0      0 174376  75152 1124840    0    0     0    10  282  413  1  0 99  0  0
 0  0      0 174376  75152 1124844    0    0     0     6  280  411  1  0 98  0  0
 0  0      0 174376  75152 1124848    0    0     0    58  281  414  1  0 99  0  0
 0  0      0 174376  75152 1124852    0    0     0    15  280  412  1  0 99  0  0
 0  0      0 174376  75152 1124856    0    0     0    12  276  403  1  0 99  0  0
 0  0      0 172864  75152 1124928    0    0     0     9  293  435  1  0 98  0  0
 0  0      0 172864  75152 1125096    0    0     0     9  276  406  1  0 99  0  0
 0  0      0 172864  75152 1125232    0    0     0     6  266  392  1  0 98  0  0
 0  0      0 172864  75152 1125232    0    0     0    46  226  323  1  0 99  0  0
 0  0      0 172864  75152 1125232    0    0     0     9  116  180  0  0 100  0  0
