procs -----------memory---------- ---swap-- -----io---- -system-- ------cpu-----
 r  b   swpd   free   buff  cache   si   so    bi    bo   in   cs us sy id wa st
 1  0      0 433332   2168 309924    0    0     3    12  270  331  1  0 99  0  0
 0  0      0 429552   2168 309928    0    0     0     2  352  545  1  0 99  0  0
 0  0      0 429048   2168 309928    0    0     0     1  409  718  0  0 100  0  0
 0  0      0 428796   2168 309928    0    0     0     2  437  788  0  0 99  0  1
 0  0      0 428544   2168 309928    0    0     0    17  518  919  0  0 99  0  0
 0  0      0 426540   2168 310024    0    0     0     7  526  927  1  1 98  0  0
 0  0      0 426540   2168 310024    0    0     0     5  478  852  0  0 99  0  0
 0  0      0 426540   2168 310024    0    0     0     1  501  900  1  0 99  0  0
 0  0      0 426540   2168 310028    0    0     0     1  498  879  1  0 99  0  0
 0  0      0 426540   2168 310028    0    0     0     3  496  887  0  0 99  0  0
 0  0      0 426540   2168 310028    0    0     0    10  542  961  1  0 99  0  0
 0  1      0 426540   2168 310028    0    0     0   238  515  929  0  0 99  0  0
 0  0      0 426540   2168 310032    0    0     0    73  507  895  0  0 99  0  0
 0  0      0 426540   2168 310032    0    0     0     4  482  864  0  0 100  0  0
 0  0      0 426540   2168 310032    0    0     0     1  487  870  0  0 100  0  0
 0  0      0 426540   2168 310032    0    0     0     0  474  845  1  0 99  0  0
 0  0      0 426540   2168 310032    0    0     0    30  487  855  1  0 99  0  0
 0  0      0 426540   2168 310032    0    0     0     1  431  770  0  0 99  0  0
 0  0      0 426540   2168 310032    0    0     0     1  363  669  0  0 100  0  0
