procs -----------memory---------- ---swap-- -----io---- -system-- ------cpu-----
 r  b   swpd   free   buff  cache   si   so    bi    bo   in   cs us sy id wa st
 1  0      0 172148  75044 1113168    0    0     2    12   11    8  6  1 93  0  1
 0  0      0 172148  75044 1113168    0    0     0    12  150  224  0  0 99  0  0
 0  0      0 172148  75044 1113168    0    0     0     6  211  306  1  0 99  0  0
 0  0      0 172148  75044 1113176    0    0     0   242  293  419  1  1 98  0  0
 0  0      0 172148  75044 1113176    0    0     0   220  344  484  1  0 98  0  0
 0  0      0 172148  75044 1113184    0    0     0     6  322  458  1  0 98  0  0
 0  0      0 172148  75044 1113188    0    0     0     6  319  450  1  0 98  0  0
 0  0      0 172148  75044 1113188    0    0     0     9  336  467  1  1 99  0  0
 0  0      0 172148  75044 1113324    0    0     0     6  322  454  1  0 99  0  0
 0  0      0 172148  75044 1113328    0    0     0    63  325  466  1  0 99  0  0
 0  0      0 172148  75044 1113332    0    0     0     6  326  458  1  0 97  0  2
 0  0      0 172148  75044 1113336    0    0     0    55  329  469  1  0 99  0  0
 0  0      0 172148  75044 1113344    0    0     0     6  322  461  1  0 99  0  0
 0  0      0 172148  75044 1113344    0    0     0     6  317  452  1  0 99  0  0
 0  0      0 172148  75044 1113352    0    0     0    50  333  471  1  0 98  0  0
 0  0      0 172148  75044 1113356    0    0     0     6  329  465  1  0 98  0  0
 0  0      0 172148  75044 1113356    0    0     0     6  305  436  1  1 99  0  0
 0  0      0 172148  75044 1113364    0    0     0    54  233  336  1  0 98  0  0
 0  0      0 172148  75044 1113364    0    0     0     6  143  215  0  0 100  0  0
