procs -----------memory---------- ---swap-- -----io---- -system-- ------cpu-----
 r  b   swpd   free   buff  cache   si   so    bi    bo   in   cs us sy id wa st
 2  0      0 170444  89844 1311396    0    0     1     8   12   14  0  0 100  0  0
 0  0      0 172212  89844 1311408    0    0     0    16   90  145  0  0 100  0  0
 0  0      0 172212  89844 1311408    0    0     0     3   63   98  0  0 100  0  0
 0  0      0 172212  89844 1311408    0    0     0     0   59   96  0  0 100  0  0
 0  0      0 172212  89844 1311408    0    0     0   302   91  156  0  0 100  0  0
 0  0      0 172212  89844 1311408    0    0     0   267   97  158  0  0 100  0  0
 0  0      0 172212  89844 1311408    0    0     0    24   60   97  0  0 100  0  0
 0  0      0 172212  89844 1311408    0    0     0     2   64   98  0  0 100  0  0
 0  0      0 172212  89844 1311408    0    0     0     4   64   98  0  0 100  0  0
 0  0      0 171712  89844 1311408    0    0     0     0   77  116  0  0 100  0  0
 0  0      0 171712  89844 1311408    0    0     0     2   62  101  0  0 100  0  0
 0  0      0 171712  89844 1311408    0    0     0     0   57   95  0  0 100  0  0
 0  0      0 171712  89844 1311408    0    0     0     8   62   95  0  0 100  0  0
 0  0      0 171712  89844 1311408    0    0     0     3   75  109  0  0 100  0  0
 0  0      0 171712  89844 1311408    0    0     0     1   68  101  0  0 100  0  0
 0  0      0 171712  89844 1311408    0    0     0     7   73  109  0  0 100  0  0
 0  0      0 171712  89844 1311408    0    0     0     0   60  100  0  0 100  0  0
 0  0      0 171712  89844 1311408    0    0     0     2   69  106  0  0 100  0  0
 0  0      0 171712  89844 1311408    0    0     0     2   65   97  0  0 100  0  0
 1  0      0 171460  89844 1311408    0    0     0    10  117  186  1  0 99  0  0
