procs -----------memory---------- ---swap-- -----io---- -system-- ------cpu-----
 r  b   swpd   free   buff  cache   si   so    bi    bo   in   cs us sy id wa st
 2  0      0 712336  46540 512508    0    0     6   531   18    1  6  1 91  0  2
 0  0      0 711888  46544 513220    0    0     0    48  207  253  0  0 99  0  0
 0  0      0 710992  46544 514600    0    0     0    19  302  337  1  1 98  0  1
 0  0      0 709844  46548 516500    0    0     0   274  410  469  2  0 97  0  1
 0  0      0 708248  46548 519384    0    0     0    33  555  567  2  1 97  0  0
 0  0      0 706680  46556 521976    0    0     0   263  528  571  1  1 97  0  0
 0  0      0 705084  46556 524908    0    0     0    39  572  591  2  0 98  0  0
 0  0      0 703712  46556 527500    0    0     0   141  529  542  2  0 97  0  0
 0  0      0 701892  46560 530428    0    0     0   221  562  582  2  0 98  0  0
 0  0      0 700296  46560 533020    0    0     0   313  513  532  2  1 97  0  0
 0  0      0 698252  46568 535780    0    0     0   454  540  564  1  1 98  0  0
 0  0      0 696432  46572 538364    0    0     0   622  507  543  2  0 98  0  0
 0  0      0 694808  46576 541292    0    0     0   624  581  599  2  0 97  0  0
 0  0      0 692988  46576 543884    0    0     0   601  517  535  1  0 98  0  0
 0  0      0 691616  46576 546936    0    0     0   688  564  597  2  1 97  0  1
 0  0      0 690020  46580 549532    0    0     0   626  508  543  2  0 96  0  2
 0  0      0 688424  46584 552112    0    0     0   670  539  565  2  0 97  0  0
 0  0      0 687752  46588 554016    0    0     0   583  399  439  1  0 98  0  0
 0  0      0 687528  46592 555052    0    0     0   538  246  284  1  0 99  0  0
