procs -----------memory---------- ---swap-- -----io---- -system-- ------cpu-----
 r  b   swpd   free   buff  cache   si   so    bi    bo   in   cs us sy id wa st
 2  0      0 725376  45244 504732    0    0     6   531   18    0  6  1 91  0  2
 0  0      0 725448  45252 504864    0    0     0    45  197  303  1  0 99  0  0
 0  0      0 725448  45256 504904    0    0     0    18  292  437  1  0 99  0  0
 0  0      0 725448  45260 504940    0    0     0    28  389  576  1  0 98  0  0
 0  0      0 725448  45260 505020    0    0     0   514  521  801  1  0 98  0  0
 0  0      0 725224  45260 505208    0    0     0   102  503  757  2  1 98  0  0
 0  0      0 725224  45272 505272    0    0     0    58  508  734  2  1 92  0  5
 0  0      0 725224  45280 505340    0    0     0    43  504  727  2  0 97  0  0
 0  0      0 725224  45284 505416    0    0     0    44  504  739  2  0 97  0  0
 0  0      0 725224  45288 505484    0    0     0    47  528  773  2  1 97  0  0
 0  0      0 725224  45292 505548    0    0     0    85  533  783  2  0 97  0  0
 0  0      0 725224  45300 505628    0    0     0   156  508  732  2  1 97  0  0
 0  0      0 725224  45304 505696    0    0     0    50  519  761  2  0 98  0  0
 0  0      0 725224  45312 505764    0    0     0    60  518  760  2  1 97  0  0
 0  0      0 725224  45312 505824    0    0     0    53  495  728  2  0 98  0  0
 0  0      0 725224  45312 506024    0    0     0    56  532  778  2  1 97  0  0
 0  0      0 725224  45316 506104    0    0     0    94  508  736  1  1 97  0  0
 0  0      0 725224  45320 506140    0    0     0    54  393  567  1  0 98  0  0
 0  0      0 725224  45324 506172    0    0     0   162  215  318  1  0 98  0  1
