procs -----------memory---------- ---swap-- -----io---- -system-- ------cpu-----
 r  b   swpd   free   buff  cache   si   so    bi    bo   in   cs us sy id wa st
 1  0      0 202392  88908 1295304    0    0     1     7   11   13  0  0 100  0  0
 0  0      0 202392  88908 1295316    0    0     0    22   71  116  0  0 100  0  0
 0  0      0 202392  88908 1295316    0    0     0     0   54   93  0  0 100  0  0
 0  0      0 202392  88908 1295316    0    0     0     2   59   97  0  0 100  0  0
 0  0      0 202392  88908 1295316    0    0     0     0   64  103  0  0 100  0  0
 0  0      0 202392  88908 1295316    0    0     0   260   84  136  0  0 100  0  0
 0  0      0 202392  88908 1295316    0    0     0     7   59   96  0  0 100  0  0
 0  0      0 202392  88908 1295316    0    0     0     0   66  103  0  0 100  0  0
 0  0      0 202392  88908 1295316    0    0     0     7   64  103  0  0 100  0  0
 0  0      0 202392  88908 1295316    0    0     0     0   60   98  0  0 100  0  0
 0  0      0 202392  88908 1295316    0    0     0     2   60  101  0  0 100  0  0
 0  0      0 202392  88908 1295316    0    0     0     2   71  110  0  0 100  0  0
 0  0      0 202392  88908 1295332    0    0     0    66  132  170  0  0 100  0  0
 0  0      0 202392  88908 1295332    0    0     0    62  137  179  0  0 100  0  0
 0  0      0 202392  88908 1295332    0    0     0   106  139  176  0  0 100  0  0
 0  0      0 202392  88908 1295332    0    0     0    54  140  177  0  0 100  0  0
 0  0      0 202392  88908 1295332    0    0     0   106  146  191  0  0 100  0  0
 0  0      0 202392  88908 1295332    0    0     0   106  132  176  0  0 100  0  0
 0  0      0 202392  88908 1295332    0    0     0    56  132  178  0  0 100  0  0
 1  0      0 184024  88908 1295332    0    0     0   113  250  358  4  1 95  0  0
