procs -----------memory---------- ---swap-- -----io---- -system-- ------cpu-----
 r  b   swpd   free   buff  cache   si   so    bi    bo   in   cs us sy id wa st
 2  0      0 199068  88904 1292580    0    0     1     7   11   13  0  0 100  0  0
 0  0      0 199068  88904 1292592    0    0     0    18   74  125  0  0 100  0  0
 0  0      0 199068  88904 1292592    0    0     0     0   61  102  0  0 100  0  0
 0  0      0 199068  88904 1292592    0    0     0    22   62  100  0  0 100  0  0
 0  0      0 199068  88904 1292592    0    0     0     4   58   97  0  0 100  0  0
 0  0      0 199068  88904 1292592    0    0     0     9   62  100  0  0 100  0  0
 0  0      0 199068  88904 1292592    0    0     0     3   69  108  0  0 100  0  0
 0  0      0 199068  88904 1292592    0    0     0   439  111  199  0  0 99  0  0
 0  0      0 199068  88904 1292592    0    0     0     6   54   95  0  0 100  0  0
 0  0      0 199068  88904 1292592    0    0     0     0   57   96  0  0 100  0  0
 0  0      0 199068  88904 1292592    0    0     0     2   71  109  0  0 100  0  0
 0  0      0 199068  88904 1292592    0    0     0    10   63  101  0  0 100  0  0
 0  0      0 199068  88904 1292592    0    0     0     3   57   94  0  0 100  0  0
 0  0      0 199068  88904 1292592    0    0     0     0   56   96  0  0 100  0  0
 0  0      0 199068  88904 1292592    0    0     0     3   70  107  0  0 100  0  0
 0  0      0 199068  88904 1292592    0    0     0     3   69  115  0  0 100  0  0
 0  0      0 199068  88904 1292592    0    0     0     0   54   94  0  0 100  0  0
 0  0      0 199068  88904 1292592    0    0     0     4   59   99  0  0 100  0  0
 0  0      0 199068  88904 1292592    0    0     0     3   66  106  0  0 100  0  0
