procs -----------memory---------- ---swap-- -----io---- -system-- ------cpu-----
 r  b   swpd   free   buff  cache   si   so    bi    bo   in   cs us sy id wa st
 2  0      0 217448  74632 1084100    0    0     2    12   10    7  6  1 92  0  1
 0  0      0 217512  74632 1084112    0    0     0  1162  175  240  1  0 99  0  0
 0  0      0 217544  74632 1084112    0    0     0    36  246  318  1  0 98  0  0
 0  0      0 217096  74632 1084120    0    0     0    14  363  455  2  1 97  0  1
 0  0      0 216200  74632 1084208    0    0     0    18  401  510  2  1 97  0  1
 1  0      0 215304  74632 1084256    0    0     0     6  424  544  2  1 97  0  1
 0  0      0 214664  74632 1084260    0    0     0     6  397  495  2  1 97  0  0
 0  0      0 214024  74640 1084264    0    0     0    50  428  528  2  0 97  0  0
 0  0      0 213352  74640 1084268    0    0     0    22  403  510  2  0 97  0  0
 0  0      0 212456  74640 1084272    0    0     0    25  418  518  2  1 97  0  0
 0  0      0 211864  74640 1084280    0    0     0    49  410  513  2  0 95  0  2
 0  0      0 212216  74640 1084280    0    0     0     6  430  533  2  0 96  0  1
 0  0      0 212044  74640 1084288    0    0     0    52  414  526  2  1 97  0  0
 0  0      0 211960  74640 1084292    0    0     0     6  379  482  2  0 97  0  1
 0  0      0 211772  74640 1084424    0    0     0     6  415  533  2  0 97  0  0
 0  0      0 211656  74640 1084556    0    0     0     6  417  525  3  0 97  0  0
 0  0      0 211344  74644 1084556    0    0     0     6  394  494  2  1 97  0  1
 0  0      0 211704  74644 1084564    0    0     0     6  304  395  2  0 97  0  0
 0  0      0 212000  74644 1084564    0    0     0    62  157  213  0  0 99  0  0
