procs -----------memory---------- ---swap-- -----io---- -system-- ------cpu-----
 r  b   swpd   free   buff  cache   si   so    bi    bo   in   cs us sy id wa st
 1  0      0 191724  75036 1112752    0    0     2    12   10    8  6  1 93  0  1
 0  0      0 191724  75036 1112784    0    0     0    12  154  231  0  0 99  0  0
 0  0      0 191724  75036 1112788    0    0     0   244  242  354  1  0 99  0  0
 0  0      0 191724  75036 1112792    0    0     0     7  256  368  1  0 99  0  0
 0  0      0 191724  75036 1112796    0    0     0    10  334  473  1  0 98  0  0
 0  0      0 191724  75036 1112800    0    0     0   198  342  485  1  0 98  0  0
 0  0      0 191724  75036 1112804    0    0     0     6  326  463  1  1 98  0  0
 0  0      0 191724  75036 1112812    0    0     0     9  317  456  1  0 98  0  1
 0  0      0 191724  75036 1112940    0    0     0    49  322  455  1  0 96  0  2
 0  0      0 191724  75036 1112944    0    0     0    29  348  487  1  1 98  0  0
 0  0      0 191724  75036 1112952    0    0     0     6  324  456  1  0 99  0  0
 0  0      0 191724  75036 1112952    0    0     0     6  317  464  1  0 99  0  0
 0  0      0 191724  75036 1112960    0    0     0     6  322  459  1  0 98  0  0
 0  0      0 191724  75040 1112960    0    0     0     6  326  454  1  0 98  0  0
 0  0      0 191724  75040 1112968    0    0     0    51  335  477  1  0 98  0  0
 0  0      0 191724  75040 1112972    0    0     0    17  318  456  1  0 98  0  0
 0  0      0 191724  75040 1112976    0    0     0     6  312  448  1  0 98  0  0
 1  0      0 191724  75040 1112980    0    0     0     6  226  328  1  0 99  0  0
 0  0      0 191724  75044 1112980    0    0     0    49  151  221  0  0 99  0  0
