procs -----------memory---------- ---swap-- -----io---- -system-- ------cpu-----
 r  b   swpd   free   buff  cache   si   so    bi    bo   in   cs us sy id wa st
 2  0      0 671392  50800 560500    0    0     6   528   19    2  6  1 92  0  2
 1  0      0 671392  50800 560520    0    0     0   318  207  310  0  0 99  0  0
 0  0      0 671392  50804 560552    0    0     0    22  268  400  0  0 99  0  0
 0  0      0 671392  50812 560604    0    0     0    91  332  490  1  0 99  0  0
 0  0      0 671392  50812 560668    0    0     0   273  461  680  1  0 98  0  0
 0  0      0 671392  50816 560740    0    0     0    38  436  636  1  0 99  0  0
 2  0      0 671392  50816 560808    0    0     0    37  434  636  1  0 99  0  0
 1  0      0 671392  50820 560884    0    0     0    86  470  691  1  0 99  0  0
 0  0      0 671392  50828 560952    0    0     0    52  432  630  1  1 98  0  1
 1  0      0 671392  50836 561024    0    0     0    42  461  674  1  0 99  0  0
 1  0      0 671392  50836 561100    0    0     0   181  454  657  1  1 98  0  0
 0  0      0 671392  50836 561300    0    0     0    52  436  642  1  1 98  0  0
 0  0      0 671392  50840 561372    0    0     0    58  443  645  1  0 99  0  0
 1  0      0 671392  50840 561568    0    0     0    97  439  640  1  0 99  0  0
 0  0      0 671392  50844 561648    0    0     0    60  481  702  1  0 99  0  0
 1  0      0 671392  50848 561712    0    0     0    55  430  630  1  1 98  0  0
 0  0      0 671392  50852 561788    0    0     0    54  448  658  0  0 99  0  0
 0  0      0 671392  50852 561840    0    0     0   164  318  463  1  0 99  0  0
 0  0      0 671392  50860 561856    0    0     0    42  223  329  1  0 99  0  0
