procs -----------memory---------- ---swap-- -----io---- -system-- ------cpu-----
 r  b   swpd   free   buff  cache   si   so    bi    bo   in   cs us sy id wa st
 4  0      0 183864  89384 1303440    0    0     1     7   11   13  0  0 100  0  0
 0  0      0 183864  89384 1303444    0    0     0    15   78  125  0  0 100  0  0
 0  0      0 183864  89384 1303444    0    0     0     0   55   96  0  0 100  0  0
 0  0      0 183864  89384 1303444    0    0     0     3   65  104  0  0 100  0  0
 0  0      0 183864  89384 1303444    0    0     0   482  113  207  0  0 99  1  0
 0  0      0 183864  89384 1303444    0    0     0    30   62  101  0  0 100  0  0
 0  0      0 183864  89384 1303444    0    0     0     1   56   93  0  0 100  0  0
 0  0      0 183864  89384 1303444    0    0     0     3   72  110  0  0 100  0  0
 0  0      0 183864  89384 1303444    0    0     0     4   56   97  0  0 100  0  0
 0  0      0 183864  89384 1303444    0    0     0     0   58   97  0  0 100  0  0
 0  0      0 183864  89384 1303444    0    0     0     3   56   96  0  0 100  0  0
 0  0      0 183864  89384 1303444    0    0     0     0   65  105  0  0 100  0  0
 0  0      0 183864  89384 1303444    0    0     0     3   58   97  0  0 100  0  0
 0  0      0 183864  89384 1303444    0    0     0     2   60  100  0  0 100  0  0
 0  0      0 183864  89384 1303444    0    0     0     2   61   98  0  0 100  0  0
 0  0      0 183864  89384 1303444    0    0     0     6   72  110  0  0 100  0  0
 0  0      0 183864  89384 1303444    0    0     0     0   56   97  0  0 100  0  0
 0  0      0 183864  89384 1303444    0    0     0     4   63  101  0  0 100  0  0
 0  0      0 183864  89384 1303444    0    0     0     3   56   95  0  0 100  0  0
