procs -----------memory---------- ---swap-- -----io---- -system-- ------cpu-----
 r  b   swpd   free   buff  cache   si   so    bi    bo   in   cs us sy id wa st
 1  0      0 181844  89620 1308172    0    0     1     7   12   14  0  0 100  0  0
 0  0      0 183360  89620 1308172    0    0     0    18   90  137  0  0 100  0  0
 0  0      0 183360  89620 1308176    0    0     0     0   59   94  0  0 100  0  0
 0  0      0 183360  89620 1308176    0    0     0     3   63   98  0  0 100  0  0
 0  0      0 183360  89620 1308176    0    0     0     0   58   95  0  0 100  0  0
 0  0      0 183360  89620 1308176    0    0     0   614  168  222  0  0 99  1  0
 0  0      0 183360  89620 1308176    0    0     0    62  131  178  0  0 100  0  0
 0  0      0 183360  89620 1308176    0    0     0    84  110  155  0  0 100  0  0
 0  0      0 183360  89620 1308176    0    0     0    32   95  128  0  0 100  0  0
 0  0      0 183360  89620 1308176    0    0     0     5  113  141  0  0 100  0  0
 0  0      0 183360  89620 1308176    0    0     0     3   89  126  0  0 100  0  0
 0  0      0 183360  89620 1308176    0    0     0     0   68  106  0  0 100  0  0
 0  0      0 183360  89620 1308176    0    0     0     2   60   95  0  0 100  0  0
 0  0      0 183112  89620 1308176    0    0     0     0   64  103  0  0 100  0  0
 0  0      0 183112  89620 1308176    0    0     0     6   67  100  0  0 100  0  0
 0  0      0 183112  89620 1308176    0    0     0     4   62  102  0  0 100  0  0
 0  0      0 183112  89620 1308176    0    0     0     0   57   94  0  0 100  0  0
 0  0      0 182860  89620 1308176    0    0     0     2   75  112  0  0 100  0  0
 0  0      0 182860  89620 1308176    0    0     0     0   61   95  0  0 100  0  0
