procs -----------memory---------- ---swap-- -----io---- -system-- ------cpu-----
 r  b   swpd   free   buff  cache   si   so    bi    bo   in   cs us sy id wa st
 3  0      0 196936  89384 1304872    0    0     1     7   11   13  0  0 100  0  0
 0  0      0 196936  89384 1304872    0    0     0    17   72  127  0  0 100  0  0
 0  0      0 196936  89384 1304872    0    0     0   566  129  224  0  0 99  1  0
 0  0      0 196936  89384 1304872    0    0     0     6   60   98  0  0 100  0  0
 0  0      0 196936  89384 1304872    0    0     0     0   56   94  0  0 100  0  0
 0  0      0 196936  89384 1304872    0    0     0    23   62  100  0  0 100  0  0
 0  0      0 196936  89384 1304872    0    0     0     7   64  105  0  0 100  0  0
 0  0      0 196936  89384 1304872    0    0     0     3   61  100  0  0 100  0  0
 0  0      0 196936  89384 1304872    0    0     0     6   57   96  0  0 100  0  0
 0  0      0 196936  89384 1304872    0    0     0     0   59  100  0  0 100  0  0
 0  0      0 196936  89384 1304872    0    0     0     2   66  104  0  0 100  0  0
 0  0      0 196936  89384 1304872    0    0     0     0   62  101  0  0 100  0  0
 0  0      0 196936  89384 1304872    0    0     0     2   55   94  0  0 100  0  0
 0  0      0 196936  89384 1304872    0    0     0     7   61   98  0  0 100  0  0
 0  0      0 196936  89384 1304872    0    0     0     4   66  104  0  0 100  0  0
 0  0      0 196936  89384 1304872    0    0     0     0   57   97  0  0 100  0  0
 0  0      0 196936  89384 1304872    0    0     0     3   59   95  0  0 100  0  0
 0  0      0 196936  89384 1304872    0    0     0     0   60   98  0  0 100  0  0
 0  0      0 196936  89384 1304872    0    0     0     2   68  104  0  0 100  0  0
