procs -----------memory---------- ---swap-- -----io---- -system-- ------cpu-----
 r  b   swpd   free   buff  cache   si   so    bi    bo   in   cs us sy id wa st
 1  0      0 421808   2168 315296    0    0     3    11  275  347  1  0 99  0  0
 0  0      0 421304   2168 315312    0    0     0     4  429  677  2  1 97  0  0
 0  0      0 421304   2168 315312    0    0     0   329  428  767  0  0 99  0  0
 0  0      0 421304   2168 315312    0    0     0     0  424  736  0  0 99  0  0
 0  0      0 421304   2168 315312    0    0     0    10  488  845  0  0 99  0  0
 0  0      0 421052   2168 315312    0    0     0     1  455  787  0  0 99  0  0
 0  0      0 421052   2168 315312    0    0     0     1  453  793  0  0 100  0  0
 0  0      0 420800   2168 315316    0    0     0     3  454  787  0  0 99  0  0
 0  0      0 420548   2168 315316    0    0     0     2  487  848  0  0 100  0  0
 0  0      0 420548   2168 315316    0    0     0     0  444  771  0  0 100  0  0
 0  0      0 420548   2168 315316    0    0     0    43  447  792  1  0 99  0  1
 0  0      0 420296   2168 315316    0    0     0     3  510  894  0  0 99  0  0
 0  0      0 420296   2168 315316    0    0     0     1  490  862  0  0 99  0  0
 0  0      0 420296   2168 315316    0    0     0     1  519  907  0  0 99  0  0
 0  0      0 420044   2168 315316    0    0     0     4  497  866  1  0 99  0  0
 2  0      0 419792   2168 315320    0    0     0     0  469  799  0  0 99  0  0
 0  0      0 419792   2168 315320    0    0     0     4  487  852  1  0 99  0  0
 0  0      0 419792   2168 315320    0    0     0     3  435  764  0  0 100  0  0
 0  0      0 419288   2168 315320    0    0     0     1  306  542  0  0 100  0  0
