procs -----------memory---------- ---swap-- -----io---- -system-- ------cpu-----
 r  b   swpd   free   buff  cache   si   so    bi    bo   in   cs us sy id wa st
 1  0      0 686652  48600 539872    0    0     6   530   18    2  6  1 91  0  2
 0  0      0 687408  48612 539916    0    0     0   437  255  388  0  0 99  0  0
 0  0      0 687408  48620 539952    0    0     0    26  310  443  0  0 99  0  0
 0  0      0 687408  48620 540004    0    0     0    23  379  559  1  0 99  0  0
 0  0      0 687408  48620 540076    0    0     0    31  450  663  1  0 99  0  0
 0  0      0 687408  48624 540148    0    0     0    34  482  713  1  1 98  0  0
 0  0      0 687408  48628 540212    0    0     0    36  448  669  1  0 99  0  0
 0  0      0 687408  48632 540408    0    0     0    84  460  686  1  0 98  0  0
 0  0      0 687408  48636 540484    0    0     0    41  478  714  1  0 99  0  0
 0  0      0 687408  48644 540548    0    0     0   141  459  678  1  0 99  0  0
 0  0      0 687408  48648 540624    0    0     0    46  493  739  1  1 98  0  0
 0  0      0 687408  48656 540696    0    0     0    54  450  669  1  0 99  0  0
 0  0      0 687408  48660 540760    0    0     0    53  450  663  2  1 96  0  2
 0  0      0 687184  48660 540832    0    0     0   260  490  722  1  1 98  0  0
 0  0      0 687184  48664 540908    0    0     0    35  455  663  1  0 99  0  0
 0  0      0 687184  48668 540976    0    0     0    34  456  668  1  0 98  0  0
 0  0      0 687184  48672 541048    0    0     0    38  500  732  1  0 98  0  0
 0  0      0 686932  48680 541228    0    0     0    29  353  501  0  0 99  0  0
 0  0      0 686932  48684 541256    0    0     0    22  201  294  0  0 100  0  0
