procs -----------memory---------- ---swap-- -----io---- -system-- ------cpu-----
 r  b   swpd   free   buff  cache   si   so    bi    bo   in   cs us sy id wa st
 1  0      0 736056  43444 496668    0    0     6   532   18    0  6  1 91  0  2
 0  0      0 735160  43452 498048    0    0     0    48  226  265  1  0 99  0  0
 0  0      0 733368  43456 500772    0    0     0    22  386  384  1  1 98  0  0
 0  0      0 731576  43456 504512    0    0     0    79  506  482  2  1 97  0  0
 0  0      0 728188  43464 509616    0    0     0    39  651  612  3  1 96  0  0
 0  0      0 725276  43468 514736    0    0     0   485  697  704  3  1 92  0  4
 0  0      0 721468  43476 520172    0    0     0    35  676  614  3  1 96  0  0
 0  0      0 718108  43484 525632    0    0     0    38  709  668  3  1 96  0  0
 0  0      0 715168  43488 531068    0    0     0   383  727  630  3  1 96  0  0
 0  0      0 712172  43492 536184    0    0     0   581  686  602  3  1 96  0  0
 0  0      0 709088  43496 541624    0    0     0  1038  712  638  3  0 96  0  1
 0  0      0 705884  43500 547072    0    0     0  1245  720  661  3  1 96  0  0
 0  0      0 700520  43504 552312    0    0     0  1059  693  614  3  1 96  0  0
 0  0      0 695044  43504 557748    0    0     0  1020  729  656  3  1 96  0  0
 0  0      0 690264  43508 562872    0    0     0  1134  671  604  3  1 96  0  0
 0  0      0 684376  43516 568640    0    0     0  1194  748  686  4  1 96  0  0
 0  0      0 679152  43524 573776    0    0     0  1128  659  617  3  1 96  0  0
 0  0      0 675376  43524 577192    0    0     0  1308  493  472  2  1 94  0  2
 0  0      0 673808  43528 579092    0    0     0  1122  260  295  1  0 96  0  2
