procs -----------memory---------- ---swap-- -----io---- -system-- ------cpu-----
 r  b   swpd   free   buff  cache   si   so    bi    bo   in   cs us sy id wa st
 2  0      0 694156  47852 535780    0    0     6   530   18    1  6  1 91  0  2
 0  0      0 693932  47856 536128    0    0     0    45  187  240  0  0 100  0  0
 0  0      0 693484  47860 536804    0    0     0    56  272  320  1  0 99  0  0
 0  0      0 693484  47868 537736    0    0     0    24  352  413  1  0 99  0  0
 0  0      0 693232  47872 539084    0    0     0    37  463  534  1  1 98  0  0
 0  0      0 693008  47876 540432    0    0     0   257  477  560  1  0 98  0  1
 0  0      0 692784  47880 541788    0    0     0    37  462  531  1  1 97  0  1
 0  0      0 692560  47884 543136    0    0     0   270  497  589  1  1 98  0  0
 0  0      0 692560  47888 544612    0    0     0   199  467  530  1  0 98  0  0
 0  0      0 692336  47888 545964    0    0     0   187  464  539  1  1 98  0  0
 0  0      0 692112  47888 547312    0    0     0   258  458  527  1  0 98  0  0
 0  0      0 691664  47892 548664    0    0     0   308  484  543  1  0 98  0  0
 0  0      0 691664  47900 550016    0    0     0   325  474  538  1  0 98  0  0
 0  0      0 691440  47900 551364    0    0     0   370  481  548  1  0 98  0  0
 0  0      0 691216  47908 552632    0    0     0   405  465  520  1  1 98  0  0
 0  0      0 690992  47908 553984    0    0     0   309  467  532  2  0 98  0  0
 0  0      0 690544  47908 555332    0    0     0   330  471  540  1  1 98  0  0
 0  0      0 690544  47908 556268    0    0     0   306  340  405  1  0 99  0  0
 0  0      0 690096  47916 556772    0    0     0   313  214  269  0  0 99  0  0
