procs -----------memory---------- ---swap-- -----io---- -system-- ------cpu-----
 r  b   swpd   free   buff  cache   si   so    bi    bo   in   cs us sy id wa st
 2  0      0 421340   2168 307880    0    0     3    12  261  319  1  0 99  0  0
 0  0      0 420080   2168 307884    0    0     0     2  314  505  1  0 99  0  0
 0  0      0 419576   2168 307884    0    0     0     1  381  672  0  0 99  0  0
 0  0      0 419324   2168 307884    0    0     0     6  424  754  1  0 99  0  0
 0  0      0 419324   2168 307884    0    0     0     1  511  914  1  0 99  0  0
 0  0      0 419324   2168 307888    0    0     0     1  510  917  0  0 100  0  0
 0  0      0 419072   2168 307888    0    0     0     4  509  912  0  0 100  0  0
 0  0      0 419072   2168 307888    0    0     0     1  517  921  0  0 99  0  0
 0  0      0 418820   2168 307888    0    0     0     1  495  884  1  0 99  0  0
 0  0      0 418820   2168 307888    0    0     0    42  461  820  0  0 99  0  0
 0  0      0 418316   2168 307888    0    0     0     1  494  866  0  0 99  0  0
 0  0      0 418316   2168 307888    0    0     0     7  490  879  0  0 99  0  0
 0  0      0 417812   2168 307892    0    0     0     2  496  881  0  0 99  0  0
 0  0      0 417812   2168 307892    0    0     0     2  486  869  0  0 100  0  0
 0  0      0 417308   2168 307892    0    0     0     1  481  857  0  0 100  0  0
 0  0      0 417308   2168 307892    0    0     0    15  484  861  0  0 99  0  0
 0  0      0 417308   2168 307892    0    0     0     3  457  813  0  0 100  0  0
 0  0      0 417056   2168 307892    0    0     0     1  419  763  0  0 99  0  0
 0  0      0 417056   2168 307892    0    0     0     1  296  548  0  0 100  0  0
