procs -----------memory---------- ---swap-- -----io---- -system-- ------cpu-----
 r  b   swpd   free   buff  cache   si   so    bi    bo   in   cs us sy id wa st
 1  0      0 180264  89620 1309708    0    0     1     8   12   14  0  0 100  0  0
 0  0      0 180264  89620 1309712    0    0     0   334  125  210  0  0 99  0  0
 0  0      0 180264  89620 1309712    0    0     0     2   58   97  0  0 100  0  0
 0  0      0 180264  89620 1309712    0    0     0     3   55   98  0  0 100  0  0
 0  0      0 180264  89620 1309712    0    0     0     0   56   96  0  0 100  0  0
 0  0      0 180264  89620 1309712    0    0     0   271   95  157  0  0 99  0  0
 0  0      0 180264  89620 1309712    0    0     0    22   62  100  0  0 100  0  0
 0  0      0 180264  89620 1309712    0    0     0     2   58   97  0  0 100  0  0
 0  0      0 180264  89620 1309712    0    0     0     5   58   99  0  0 100  0  0
 0  0      0 180264  89620 1309712    0    0     0     3   66  109  0  0 100  0  0
 0  0      0 180264  89620 1309712    0    0     0     6   64   99  0  0 100  0  0
 0  0      0 180264  89620 1309712    0    0     0     6   56   96  0  0 100  0  0
 0  0      0 180264  89620 1309712    0    0     0     5   62  101  0  0 100  0  0
 0  0      0 180012  89620 1309712    0    0     0     5   62  105  0  0 100  0  0
 0  0      0 180012  89620 1309712    0    0     0     2   55   96  0  0 100  0  0
 0  0      0 180012  89620 1309712    0    0     0     6   56   97  0  0 100  0  0
 0  0      0 180012  89620 1309712    0    0     0     5   58   99  0  0 100  0  0
 0  0      0 180012  89620 1309712    0    0     0     2   66  108  0  0 100  0  0
 0  0      0 180012  89620 1309712    0    0     0     6   62  102  0  0 100  0  0
