procs -----------memory---------- ---swap-- -----io---- -system-- ------cpu-----
 r  b   swpd   free   buff  cache   si   so    bi    bo   in   cs us sy id wa st
 1  0      0 439680   2168 320964    0    0     2    12  270   13  1  0 99  0  0
 0  0      0 426128   2168 320976    0    0     0     8  407  630  1  1 98  0  0
 0  0      0 426128   2168 320976    0    0     0   328  388  714  0  0 99  0  0
 0  0      0 426128   2168 320976    0    0     0     2  426  755  1  0 99  0  0
 0  0      0 426128   2168 320980    0    0     0     1  481  855  0  0 99  0  0
 0  0      0 426128   2168 320980    0    0     0     2  496  882  0  0 99  0  0
 0  0      0 426128   2168 320980    0    0     0     3  472  844  0  0 100  0  0
 0  0      0 426128   2168 320980    0    0     0    40  457  812  0  0 100  0  0
 0  0      0 425876   2168 320980    0    0     0     1  485  862  0  0 99  0  0
 0  0      0 425876   2168 320980    0    0     0     0  489  863  0  0 99  0  0
 0  0      0 425372   2168 320980    0    0     0     3  456  812  1  0 98  0  1
 0  0      0 425372   2168 320980    0    0     0     1  462  822  0  0 99  0  0
 0  0      0 424868   2168 320984    0    0     0     2  439  763  0  0 100  0  0
 0  0      0 424364   2168 320984    0    0     0    14  470  834  0  0 99  0  0
 0  0      0 423860   2168 320984    0    0     0     1  457  806  0  0 100  0  0
 0  0      0 423608   2168 320984    0    0     0     0  455  804  0  0 100  0  0
 0  0      0 423608   2168 320984    0    0     0     3  434  766  0  0 100  0  0
 0  0      0 423104   2168 320984    0    0     0     1  391  694  0  0 100  0  0
 0  0      0 423104   2168 320988    0    0     0     1  284  525  0  0 100  0  0
