procs -----------memory---------- ---swap-- -----io---- -system-- ------cpu-----
 r  b   swpd   free   buff  cache   si   so    bi    bo   in   cs us sy id wa st
 1  0      0 264404  73220 1055548    0    0     2    11    9    6  6  1 92  0  1
 0  0      0 264404  73220 1055616    0    0     0    12  217  342  1  0 98  0  0
 0  0      0 264404  73224 1055620    0    0     0     6  342  531  2  0 97  0  0
 0  0      0 264180  73224 1055620    0    0     0     6  439  675  4  0 95  0  1
 2  0      0 264180  73228 1055756    0    0     0   209  594  918  4  1 94  0  1
 0  0      0 264180  73228 1055756    0    0     0    23  574  878  5  1 92  0  2
 0  0      0 264180  73228 1055764    0    0     0   218  613  937  5  1 88  0  6
 0  0      0 264180  73232 1055768    0    0     0    12  574  891  5  1 93  0  2
 0  0      0 264180  73232 1055772    0    0     0    10  569  890  4  1 94  0  1
 0  0      0 264180  73232 1055776    0    0     0     6  575  898  5  1 94  0  1
 0  0      0 264180  73232 1055780    0    0     0    10  581  905  5  1 93  0  1
 0  0      0 264180  73232 1055784    0    0     0    12  558  867  5  1 94  0  0
 0  0      0 264180  73232 1055792    0    0     0    63  564  872  4  0 95  0  1
 0  0      0 263732  73232 1055792    0    0     0     6  546  841  5  1 94  0  1
 0  0      0 263732  73236 1055800    0    0     0     6  576  890  5  0 94  0  1
 0  0      0 263732  73236 1055932    0    0     0     6  585  912  4  1 94  0  1
 0  0      0 263732  73236 1055936    0    0     0     3  545  842  4  1 94  0  1
 0  0      0 263508  73240 1055940    0    0     0    10  370  579  3  0 96  0  1
 0  0      0 263508  73240 1055940    0    0     0    54  259  387  2  0 95  0  2
