procs -----------memory---------- ---swap-- -----io---- -system-- ------cpu-----
 r  b   swpd   free   buff  cache   si   so    bi    bo   in   cs us sy id wa st
 1  0      0 414196   2168 317540    0    0     2    11  274  348  1  0 99  0  0
 0  0      0 414196   2168 317548    0    0     0     0  385  589  1  0 98  0  0
 0  0      0 414196   2168 317548    0    0     0     3  385  677  0  0 99  0  0
 0  0      0 414196   2168 317548    0    0     0     3  391  703  0  0 99  0  1
 0  0      0 414196   2168 317548    0    0     0     4  492  877  1  0 99  0  1
 0  0      0 414196   2168 317552    0    0     0     0  493  875  0  0 99  0  0
 0  0      0 414196   2168 317564    0    0     0     9  547  971  1  1 98  0  0
 0  0      0 414196   2168 317564    0    0     0   370  519  939  0  0 99  0  0
 0  0      0 414196   2168 317564    0    0     0     0  529  934  0  0 99  0  0
 0  0      0 414196   2168 317564    0    0     0     2  499  892  0  0 100  0  0
 0  0      0 414196   2168 317564    0    0     0    23  532  934  0  0 100  0  0
 0  0      0 414196   2168 317564    0    0     0     2  526  924  0  0 99  0  0
 0  0      0 414196   2168 317564    0    0     0     2  498  887  0  0 99  0  0
 0  0      0 414196   2168 317568    0    0     0     0  511  909  0  0 99  0  0
 0  0      0 414196   2168 317568    0    0     0     0  534  943  0  0 99  0  0
 0  0      0 414196   2168 317568    0    0     0     2  488  863  0  0 99  0  1
 0  0      0 414196   2168 317568    0    0     0    30  510  902  1  0 99  0  0
 0  0      0 414196   2168 317568    0    0     0     2  427  751  0  0 100  0  0
 0  0      0 414196   2168 317568    0    0     0     2  340  623  0  0 100  0  0
