procs -----------memory---------- ---swap-- -----io---- -system-- ------cpu-----
 r  b   swpd   free   buff  cache   si   so    bi    bo   in   cs us sy id wa st
 2  0      0 183668  74984 1110588    0    0     2    12   10    8  6  1 93  0  1
 0  0      0 183668  74984 1110576    0    0     0    31  179  278  0  0 99  0  0
 0  0      0 183920  74984 1110580    0    0     0     6  274  402  1  0 99  0  0
 0  0      0 183920  74984 1110580    0    0     0     6  349  528  1  0 98  0  0
 0  0      0 183920  74984 1110588    0    0     0   196  451  690  1  1 97  0  0
 0  0      0 183920  74984 1110592    0    0     0     8  418  627  1  1 97  0  1
 1  0      0 183920  74988 1110596    0    0     0   162  472  711  2  0 97  0  0
 0  0      0 183920  74988 1110600    0    0     0    16  437  644  1  0 98  0  0
 0  0      0 183920  74988 1110608    0    0     0    24  428  638  1  1 98  0  0
 0  0      0 183920  74988 1110608    0    0     0     6  438  663  1  1 98  0  0
 0  0      0 183920  74992 1110616    0    0     0     6  421  629  1  1 98  0  1
 0  0      0 183920  74996 1110616    0    0     0     6  433  635  1  0 98  0  1
 0  0      0 183920  74996 1110752    0    0     0    54  478  709  2  1 97  0  0
 0  0      0 183920  74996 1110756    0    0     0     7  420  625  1  0 98  0  1
 0  0      0 183920  74996 1110764    0    0     0    11  453  675  1  1 97  0  0
 0  0      0 183920  74996 1110764    0    0     0    12  445  663  2  1 97  0  0
 0  0      0 183920  74996 1110772    0    0     0     6  397  598  2  0 97  0  0
 0  0      0 183920  74996 1110756    0    0     0     6  307  461  1  0 97  0  1
 0  0      0 183920  74996 1110760    0    0     0    48  177  267  1  0 99  0  0
