procs -----------memory---------- ---swap-- -----io---- -system-- ------cpu-----
 r  b   swpd   free   buff  cache   si   so    bi    bo   in   cs us sy id wa st
 1  0      0 183780  75044 1113480    0    0     2    12   11    8  6  1 93  0  1
 0  0      0 183780  75052 1113488    0    0     0   444  265  275  0  0 99  1  0
 0  0      0 183780  75052 1113492    0    0     0    38  191  274  1  0 99  0  0
 0  0      0 183780  75052 1113492    0    0     0    20  253  366  1  0 99  0  0
 0  0      0 183780  75052 1113500    0    0     0    11  327  464  1  0 99  0  0
 1  0      0 183780  75052 1113504    0    0     0     6  327  464  1  0 98  0  0
 1  0      0 183780  75052 1113508    0    0     0     6  321  457  1  1 98  0  0
 0  0      0 183780  75052 1113512    0    0     0     9  328  474  1  0 99  0  0
 0  0      0 183780  75052 1113520    0    0     0    62  316  448  1  0 98  0  0
 0  0      0 183780  75052 1113648    0    0     0    14  343  493  1  0 98  0  0
 0  0      0 183780  75052 1113656    0    0     0     6  319  455  1  0 98  0  0
 2  0      0 183780  75052 1113660    0    0     0     6  322  456  1  0 98  0  0
 0  0      0 183780  75052 1113660    0    0     0     6  322  456  1  0 98  0  0
 0  0      0 183780  75052 1113668    0    0     0     6  313  449  1  0 98  0  0
 0  0      0 183780  75052 1113672    0    0     0    52  338  489  1  0 98  0  0
 0  0      0 183780  75052 1113676    0    0     0    11  319  460  1  0 99  0  0
 0  0      0 183780  75052 1113680    0    0     0    12  302  435  1  0 99  0  0
 0  0      0 183780  75052 1113680    0    0     0    45  234  335  1  0 99  0  0
 0  0      0 183780  75052 1113688    0    0     0    11  150  223  0  0 99  0  0
