procs -----------memory---------- ---swap-- -----io---- -system-- ------cpu-----
 r  b   swpd   free   buff  cache   si   so    bi    bo   in   cs us sy id wa st
 2  0      0 233656  74596 1088520    0    0     2    12   10    7  6  1 92  0  1
 0  0      0 233656  74596 1088532    0    0     0   274  208  324  1  0 97  0  1
 0  0      0 233656  74596 1088532    0    0     0    19  282  422  1  1 98  0  0
 0  0      0 233656  74600 1088668    0    0     0     6  358  541  1  0 98  0  0
 0  0      0 233656  74600 1088668    0    0     0   234  493  752  3  0 96  0  0
 0  0      0 233656  74604 1088676    0    0     0     6  477  723  1  1 97  0  1
 0  0      0 233656  74604 1088680    0    0     0     6  463  697  2  1 97  0  0
 0  0      0 233656  74604 1088684    0    0     0    57  493  745  2  1 97  0  0
 0  0      0 233656  74604 1088688    0    0     0    19  475  718  2  1 97  0  0
 0  0      0 233180  74604 1088696    0    0     0     6  455  688  2  0 97  0  0
 0  0      0 233180  74604 1088696    0    0     0    42  488  734  2  1 96  0  0
 0  0      0 233180  74604 1088704    0    0     0     6  457  678  2  0 97  0  0
 0  0      0 233180  74604 1088708    0    0     0     6  448  674  2  0 98  0  0
 0  0      0 232928  74604 1088840    0    0     0    66  494  731  3  1 94  0  3
 0  0      0 232928  74604 1088844    0    0     0    17  490  731  2  0 97  0  0
 0  0      0 232928  74604 1088852    0    0     0    18  479  722  2  0 97  0  0
 0  0      0 232928  74604 1088852    0    0     0    46  466  684  2  0 97  0  0
 0  0      0 232928  74604 1088856    0    0     0    11  339  509  1  0 98  0  0
 0  0      0 232928  74604 1088860    0    0     0     6  192  288  0  0 99  0  0
