procs -----------memory---------- ---swap-- -----io---- -system-- ------cpu-----
 r  b   swpd   free   buff  cache   si   so    bi    bo   in   cs us sy id wa st
 1  0      0 426808   2168 310352    0    0     3    12  269  332  1  0 99  0  0
 0  0      0 426808   2168 310356    0    0     0     2  374  586  1  1 98  0  0
 0  0      0 426808   2168 310356    0    0     0     4  414  754  0  0 99  0  0
 0  0      0 426808   2168 310356    0    0     0   331  466  839  0  0 99  0  0
 0  0      0 426808   2168 310356    0    0     0     1  497  876  0  0 99  0  0
 0  0      0 426808   2168 310356    0    0     0     1  491  878  0  0 99  0  0
 3  0      0 426808   2168 310360    0    0     0     2  495  890  1  1 98  0  0
 0  0      0 426808   2168 310360    0    0     0     3  486  864  1  0 99  0  0
 0  0      0 426808   2168 310360    0    0     0    46  514  910  1  0 99  0  0
 0  0      0 426808   2168 310360    0    0     0     6  528  940  0  1 99  0  0
 0  0      0 426808   2168 310360    0    0     0     2  507  907  0  0 99  0  0
 0  0      0 426808   2168 310360    0    0     0     1  515  907  0  0 100  0  0
 0  0      0 426808   2168 310360    0    0     0     1  495  880  0  0 99  0  0
 0  0      0 426808   2168 310364    0    0     0     4  487  863  0  0 100  0  0
 0  0      0 426808   2168 310364    0    0     0     7  488  849  0  0 99  0  0
 0  0      0 426808   2168 310364    0    0     0     0  466  827  0  0 100  0  0
 0  0      0 426808   2168 310364    0    0     0     3  487  851  0  0 99  0  0
 0  0      0 426808   2168 310364    0    0     0     1  411  734  0  0 100  0  0
 0  0      0 426808   2168 310364    0    0     0     1  303  553  0  0 99  0  0
