procs -----------memory---------- ---swap-- -----io---- -system-- ------cpu-----
 r  b   swpd   free   buff  cache   si   so    bi    bo   in   cs us sy id wa st
 1  0      0 175472  89844 1315840    0    0     1     8   12   14  0  0 100  0  0
 0  0      0 175472  89844 1315852    0    0     0    17   78  138  0  0 100  0  0
 0  0      0 175472  89844 1315852    0    0     0     0   55   96  0  0 100  0  0
 0  0      0 175472  89844 1315852    0    0     0     2   63  105  0  0 100  0  0
 0  0      0 175472  89844 1315852    0    0     0     5   56   97  0  0 100  0  0
 0  0      0 175472  89844 1315852    0    0     0     9   55   97  0  0 100  0  0
 0  0      0 175472  89844 1315852    0    0     0   287   93  165  0  0 100  0  0
 0  0      0 175472  89844 1315852    0    0     0    22   67  107  0  0 100  0  0
 0  0      0 175472  89844 1315852    0    0     0     4   57   98  0  0 100  0  0
 0  0      0 175472  89844 1315852    0    0     0     0   58  100  0  0 100  0  0
 0  0      0 175472  89844 1315852    0    0     0     3   65  101  0  0 100  0  0
 0  0      0 175472  89844 1315852    0    0     0     4   70  113  0  0 100  0  0
 0  0      0 175472  89844 1315852    0    0     0     0   53   94  0  0 100  0  0
 0  0      0 175472  89844 1315852    0    0     0     2   57   97  0  0 100  0  0
 0  0      0 175472  89844 1315852    0    0     0     1   54   93  0  0 100  0  0
 0  0      0 175472  89844 1315852    0    0     0     6   67  106  0  0 100  0  0
 0  0      0 175472  89844 1315852    0    0     0     2   55   93  0  0 100  0  0
 0  0      0 175472  89844 1315852    0    0     0     3   57   99  0  0 100  0  0
 0  0      0 175472  89844 1315852    0    0     0     0   57   99  0  0 100  0  0
