procs -----------memory---------- ---swap-- -----io---- -system-- ------cpu-----
 r  b   swpd   free   buff  cache   si   so    bi    bo   in   cs us sy id wa st
 1  0      0 410264   2168 321172    0    0     2    12  270   15  1  0 99  0  0
 0  0      0 410024   2168 321180    0    0     0     0  369  586  1  0 99  0  0
 0  0      0 410024   2168 321180    0    0     0     2  354  636  0  0 100  0  0
 0  0      0 410024   2168 321180    0    0     0     0  412  739  1  0 99  0  0
 1  0      0 410024   2168 321180    0    0     0     2  511  906  0  0 99  0  0
 0  0      0 410024   2168 321180    0    0     0     3  471  845  0  0 100  0  0
 0  0      0 410024   2168 321180    0    0     0    16  478  860  1  0 99  0  0
 0  0      0 410024   2168 321188    0    0     0     2  502  881  0  0 99  0  0
 0  0      0 410024   2168 321188    0    0     0     3  465  826  0  0 99  0  0
 0  0      0 410024   2168 321188    0    0     0     0  498  893  0  0 99  0  0
 0  0      0 410024   2168 321192    0    0     0     2  485  861  1  0 99  0  0
 0  0      0 409784   2168 321196    0    0     0     7  538  945  1  1 99  0  0
 0  0      0 409784   2168 321196    0    0     0    22  477  841  0  0 99  0  0
 0  0      0 409784   2168 321196    0    0     0     2  477  853  1  0 99  0  0
 0  0      0 409784   2168 321196    0    0     0     0  508  916  0  0 99  0  0
 0  0      0 409784   2168 321200    0    0     0     2  471  849  1  0 99  0  0
 0  0      0 409784   2168 321200    0    0     0     0  495  888  0  0 100  0  0
 0  0      0 409784   2168 321200    0    0     0   314  427  780  0  0 99  0  0
 0  0      0 409784   2168 321200    0    0     0    23  278  503  0  0 100  0  0
