procs -----------memory---------- ---swap-- -----io---- -system-- ------cpu-----
 r  b   swpd   free   buff  cache   si   so    bi    bo   in   cs us sy id wa st
 1  0      0 701124  47724 534752    0    0     6   530   18    1  6  1 91  0  2
 0  0      0 701124  47724 535104    0    0     0    51  183  243  0  0 99  0  0
 0  0      0 700676  47724 535780    0    0     0    72  279  332  1  0 99  0  0
 0  0      0 700452  47724 536712    0    0     0    30  347  402  0  0 99  0  0
 0  0      0 700004  47724 538192    0    0     0    34  484  556  1  0 98  0  0
 0  0      0 699332  47728 539548    0    0     0   354  484  590  1  1 98  0  0
 0  0      0 698660  47732 541024    0    0     0    40  463  540  1  1 98  0  0
 0  0      0 697988  47732 542376    0    0     0    34  453  529  1  0 99  0  0
 0  0      0 697540  47732 543724    0    0     0   108  458  536  2  0 98  0  0
 0  0      0 696868  47740 545076    0    0     0   176  474  540  1  1 98  0  0
 0  0      0 696420  47744 546340    0    0     0   357  455  527  1  1 98  0  0
 0  0      0 695748  47744 547780    0    0     0   307  482  558  1  0 98  0  0
 2  0      0 695076  47748 549048    0    0     0   375  448  528  1  0 97  0  1
 1  0      0 694404  47752 550396    0    0     0   307  454  542  2  0 97  0  1
 0  0      0 693732  47760 551744    0    0     0   315  452  532  1  0 98  0  0
 0  0      0 693060  47764 553108    0    0     0   326  460  545  2  0 98  0  0
 0  0      0 692388  47768 554588    0    0     0   318  465  543  1  0 98  0  0
 0  0      0 692164  47772 555516    0    0     0   427  342  405  1  0 99  0  0
 0  0      0 692164  47776 556028    0    0     0   343  230  286  0  0 99  0  0
