procs -----------memory---------- ---swap-- -----io---- -system-- ------cpu-----
 r  b   swpd   free   buff  cache   si   so    bi    bo   in   cs us sy id wa st
 3  0      0 187260  74848 1105056    0    0     2    12   10    8  6  1 93  0  1
 0  0      0 187036  74848 1105060    0    0     0    12  163  234  0  0 99  0  0
 0  0      0 187036  74848 1105064    0    0     0     6  240  330  1  0 98  0  1
 0  0      0 187036  74848 1105068    0    0     0     6  309  407  1  0 98  0  1
 0  0      0 187036  74848 1105068    0    0     0     8  344  470  1  0 98  0  0
 0  0      0 187036  74848 1105076    0    0     0   424  405  560  2  0 97  0  0
 1  0      0 187036  74848 1105080    0    0     0     6  355  489  1  0 98  0  0
 0  0      0 187036  74852 1105084    0    0     0    13  355  474  1  0 97  0  1
 0  0      0 187036  74852 1105088    0    0     0     6  363  501  1  0 98  0  0
 0  0      0 187036  74852 1105088    0    0     0     6  358  484  1  1 97  0  1
 0  0      0 187036  74852 1105224    0    0     0    10  365  494  2  0 98  0  0
 0  0      0 187036  74852 1105228    0    0     0    84  365  497  2  0 98  0  1
 0  0      0 187036  74856 1105232    0    0     0    16  356  496  1  0 98  0  0
 0  0      0 187816  74856 1105236    0    0     0    11  377  513  1  1 97  0  1
 0  0      0 187816  74860 1105244    0    0     0    10  377  498  2  1 95  0  2
 0  0      0 187816  74860 1105244    0    0     0     6  335  458  1  0 98  0  0
 0  0      0 187816  74860 1105252    0    0     0    10  363  492  2  0 98  0  0
 0  0      0 187816  74860 1105256    0    0     0    70  258  358  1  0 99  0  0
 0  0      0 187816  74860 1105256    0    0     0     0  134  201  1  0 99  0  0
