procs -----------memory---------- ---swap-- -----io---- -system-- ------cpu-----
 r  b   swpd   free   buff  cache   si   so    bi    bo   in   cs us sy id wa st
 1  0      0 187772  74972 1109476    0    0     2    12   10    8  6  1 93  0  1
 0  0      0 187772  74972 1109484    0    0     0   231  212  316  1  0 99  0  0
 0  0      0 187772  74972 1109484    0    0     0    10  266  390  0  0 99  0  0
 0  0      0 187772  74972 1109492    0    0     0    18  335  493  1  1 98  0  0
 2  0      0 187772  74972 1109556    0    0     0   193  457  696  2  1 97  0  0
 0  0      0 187772  74972 1109564    0    0     0     6  425  649  2  1 97  0  0
 0  0      0 187772  74972 1109696    0    0     0     6  424  636  2  0 97  0  0
 0  0      0 187772  74972 1109700    0    0     0    50  467  705  1  1 98  0  0
 0  0      0 187772  74972 1109704    0    0     0    17  428  634  1  0 98  0  0
 1  0      0 187520  74972 1109840    0    0     0    16  427  636  1  1 98  0  1
 0  0      0 187520  74972 1109840    0    0     0     0  432  660  2  1 97  0  0
 0  0      0 187520  74972 1109848    0    0     0     6  416  624  1  1 98  0  0
 0  0      0 187520  74972 1109852    0    0     0    78  439  658  2  1 95  0  3
 1  0      0 187520  74972 1109856    0    0     0    35  477  699  2  0 97  0  0
 0  0      0 187520  74972 1109860    0    0     0     8  435  642  1  1 98  0  0
 0  0      0 187520  74976 1109864    0    0     0    10  422  626  1  0 98  0  0
 0  0      0 187520  74976 1109868    0    0     0    14  446  661  2  0 98  0  0
 0  0      0 187520  74976 1109872    0    0     0     6  305  457  1  0 99  0  0
 0  0      0 187520  74976 1109876    0    0     0    53  177  258  0  0 99  0  0
