procs -----------memory---------- ---swap-- -----io---- -system-- ------cpu-----
 r  b   swpd   free   buff  cache   si   so    bi    bo   in   cs us sy id wa st
 1  0      0 429808   2168 311408    0    0     3    12  275  339  1  0 99  0  0
 0  0      0 424516   2168 311412    0    0     0     2  360  575  1  1 98  0  0
 0  0      0 424012   2168 311412    0    0     0     1  390  686  1  0 99  0  0
 0  0      0 423760   2168 311412    0    0     0    19  475  852  0  0 99  0  0
 0  0      0 423508   2168 311412    0    0     0     2  522  910  1  1 99  0  0
 0  0      0 423508   2168 311416    0    0     0     1  501  880  1  1 99  0  0
 0  0      0 423256   2168 311416    0    0     0     2  526  929  0  1 99  0  0
 0  0      0 423256   2168 311416    0    0     0     3  538  948  1  0 99  0  0
 0  0      0 423004   2168 311416    0    0     0     1  547  963  1  1 98  0  0
 0  0      0 423004   2168 311416    0    0     0    32  501  879  1  0 98  0  0
 0  0      0 423004   2168 311416    0    0     0     2  544  935  1  0 98  0  0
 0  0      0 422752   2168 311416    0    0     0    83  532  933  1  0 99  0  0
 0  0      0 422752   2168 311420    0    0     0     1  504  893  1  1 98  0  0
 0  0      0 422500   2168 311420    0    0     0     2  499  874  1  0 98  0  0
 0  0      0 422248   2168 311420    0    0     0     1  503  885  0  1 99  0  0
 0  0      0 420496   2168 311444    0    0     0     4  551  958  2  1 97  0  0
 0  0      0 420496   2168 311444    0    0     0   332  506  890  1  1 98  0  0
 0  0      0 420496   2168 311444    0    0     0     3  430  753  1  1 99  0  0
 0  0      0 420496   2168 311444    0    0     0     1  315  570  1  0 98  0  0
