procs -----------memory---------- ---swap-- -----io---- -system-- ------cpu-----
 r  b   swpd   free   buff  cache   si   so    bi    bo   in   cs us sy id wa st
 3  0      0 261112  73392 1064204    0    0     2    11    9    6  6  1 92  0  1
 0  0      0 260888  73392 1064224    0    0     0    33  259  298  2  0 98  0  0
 0  0      0 260440  73396 1064228    0    0     0    11  415  441  3  1 96  0  1
 0  0      0 260440  73396 1064228    0    0     0   261  553  564  4  1 95  0  1
 0  0      0 259320  73396 1064236    0    0     0   245  717  761  6  1 93  0  1
 0  0      0 256632  73396 1064236    0    0     0    10  679  731  6  1 91  0  2
 0  0      0 256184  73396 1064244    0    0     0     6  684  737  6  1 93  0  1
 0  0      0 255064  73396 1064376    0    0     0    13  699  711  6  1 94  0  0
 1  0      0 254364  73396 1064376    0    0     0    29  685  725  5  1 93  0  0
 0  0      0 250528  73400 1064512    0    0     0    55  720  745  5  1 93  0  0
 0  0      0 248708  73400 1064516    0    0     0     9  680  723  6  1 93  0  1
 0  0      0 246216  73400 1064520    0    0     0     6  652  713  6  1 93  0  1
 0  0      0 243260  73400 1064524    0    0     0     6  631  686  6  1 93  0  0
 0  0      0 242868  73400 1064532    0    0     0    15  666  728  5  1 93  0  1
 0  0      0 242036  73400 1064532    0    0     0     7  689  756  6  1 92  0  1
 0  0      0 242700  73400 1064540    0    0     0    51  651  689  5  1 93  0  1
 0  0      0 242700  73400 1064540    0    0     0     9  644  695  5  1 93  0  1
 0  0      0 242448  73400 1064544    0    0     0     6  444  472  3  0 95  0  1
 0  0      0 243000  73400 1064544    0    0     0     6  236  271  1  0 98  0  0
