procs -----------memory---------- ---swap-- -----io---- -system-- ------cpu-----
 r  b   swpd   free   buff  cache   si   so    bi    bo   in   cs us sy id wa st
 4  0      0 182256  88908 1298324    0    0     1     7   11   13  0  0 100  0  0
 0  0      0 182256  88908 1298324    0    0     0    15   69  124  0  0 100  0  0
 0  0      0 182256  88908 1298324    0    0     0     0   57   93  0  0 100  0  0
 0  0      0 182256  88908 1298324    0    0     0     3   69  107  0  0 100  0  0
 0  0      0 182256  88908 1298324    0    0     0   558  122  209  0  0 99  1  0
 0  0      0 182256  88908 1298324    0    0     0    11   70  110  0  0 100  0  0
 0  0      0 182256  88908 1298324    0    0     0     0   58   94  0  0 100  0  0
 0  0      0 182256  88908 1298324    0    0     0     4   72  108  0  0 100  0  0
 0  0      0 182256  88908 1298324    0    0     0     5   55   96  0  0 100  0  0
 0  0      0 182256  88908 1298324    0    0     0     2   57   98  0  0 100  0  0
 0  0      0 182256  88908 1298324    0    0     0    14   59   95  0  0 100  0  0
 0  0      0 182256  88908 1298324    0    0     0    38   75  115  0  0 100  0  0
 0  0      0 182256  88908 1298324    0    0     0     2   60   99  0  0 100  0  0
 0  0      0 182256  88908 1298324    0    0     0     0   59   96  0  0 100  0  0
 0  0      0 182256  88908 1298324    0    0     0     3   60   95  0  0 100  0  0
 0  0      0 182256  88908 1298324    0    0     0     5   70  110  0  0 100  0  0
 0  0      0 182256  88908 1298324    0    0     0     1   59   94  0  0 100  0  0
 0  0      0 182256  88908 1298324    0    0     0     3   62  101  0  0 100  0  0
 0  0      0 182256  88908 1298324    0    0     0     2   64  102  0  0 100  0  0
 1  0      0 182256  88908 1298324    0    0     0     7  120  200  1  0 99  0  0
