procs -----------memory---------- ---swap-- -----io---- -system-- ------cpu-----
 r  b   swpd   free   buff  cache   si   so    bi    bo   in   cs us sy id wa st
 1  0      0 433696   2168 310184    0    0     3    12  270  332  1  0 99  0  0
 0  0      0 428656   2168 310188    0    0     0    87  376  597  1  0 99  0  0
 0  0      0 428404   2168 310188    0    0     0     1  396  695  0  0 99  0  0
 0  0      0 428152   2168 310188    0    0     0     1  462  826  0  0 100  0  0
 0  0      0 427900   2168 310188    0    0     0     1  507  905  0  0 100  0  0
 0  0      0 427900   2168 310196    0    0     0     1  503  896  0  0 100  0  0
 0  0      0 427648   2168 310196    0    0     0    40  514  922  0  0 99  0  0
 0  0      0 427396   2168 310196    0    0     0     1  509  902  0  0 99  0  0
 0  0      0 427396   2168 310196    0    0     0     1  515  919  0  0 99  0  0
 0  0      0 427396   2168 310196    0    0     0     2  511  902  0  0 99  0  0
 0  0      0 427144   2168 310196    0    0     0     1  464  830  0  0 99  0  1
 0  0      0 426892   2168 310196    0    0     0     1  498  890  0  0 99  0  0
 0  0      0 426892   2168 310200    0    0     0     6  498  889  0  0 99  0  0
 0  0      0 423644   2168 310208    0    0     0    10  539  956  1  1 98  0  0
 0  0      0 423644   2168 310208    0    0     0   315  487  874  0  0 99  0  0
 0  0      0 423644   2168 310208    0    0     0     0  504  883  1  0 99  0  0
 0  0      0 423644   2168 310208    0    0     0     3  482  849  0  0 99  0  0
 3  0      0 423644   2168 310208    0    0     0     1  384  695  0  0 100  0  0
 0  0      0 423644   2168 310212    0    0     0     7  347  631  0  0 100  0  0
