procs -----------memory---------- ---swap-- -----io---- -system-- ------cpu-----
 r  b   swpd   free   buff  cache   si   so    bi    bo   in   cs us sy id wa st
 2  0      0 185168  89620 1306108    0    0     1     7   11   13  0  0 100  0  0
 0  0      0 185572  89620 1306120    0    0     0    15   72  124  0  0 100  0  0
 0  0      0 185572  89620 1306120    0    0     0    15   62  101  0  0 100  0  0
 0  0      0 185572  89620 1306120    0    0     0     2   62  100  0  0 100  0  0
 0  0      0 185572  89620 1306120    0    0     0     0   58   96  0  0 100  0  0
 0  0      0 185572  89620 1306120    0    0     0   556  105  167  0  0 99  0  0
 0  0      0 185824  89620 1306120    0    0     0    10   69  110  0  0 100  0  0
 0  0      0 185824  89620 1306120    0    0     0     2   62   99  0  0 100  0  0
 0  0      0 185824  89620 1306120    0    0     0     4   57   97  0  0 100  0  0
 0  0      0 185824  89620 1306120    0    0     0     9   62   97  0  0 100  0  0
 0  0      0 186328  89620 1306120    0    0     0     2   65  105  0  0 100  0  0
 0  0      0 186328  89620 1306120    0    0     0     5   61   99  0  0 100  0  0
 0  0      0 186328  89620 1306120    0    0     0     0   57   95  0  0 100  0  0
 0  0      0 186328  89620 1306120    0    0     0     2   62  100  0  0 100  0  0
 0  0      0 186328  89620 1306120    0    0     0     1   72  106  0  0 100  0  0
 0  0      0 186328  89620 1306120    0    0     0     6   65  105  0  0 100  0  0
 0  0      0 186328  89620 1306120    0    0     0     2   59   94  0  0 100  0  0
 0  0      0 186328  89620 1306120    0    0     0     3   62   98  0  0 100  0  0
 0  0      0 186328  89620 1306104    0    0     0     3   70  108  0  0 100  0  0
