procs -----------memory---------- ---swap-- -----io---- -system-- ------cpu-----
 r  b   swpd   free   buff  cache   si   so    bi    bo   in   cs us sy id wa st
 2  0      0 193380  74884 1107096    0    0     2    12   10    8  6  1 93  0  1
 0  0      0 193380  74884 1107100    0    0     0    14  164  241  0  0 100  0  0
 0  0      0 193156  74884 1107100    0    0     0     6  237  318  1  0 99  0  0
 0  0      0 193156  74884 1107104    0    0     0   163  317  428  1  0 98  0  0
 0  0      0 192932  74888 1107112    0    0     0     6  368  483  1  0 98  0  0
 0  0      0 192708  74892 1107112    0    0     0     6  365  492  1  1 98  0  0
 0  0      0 192708  74896 1107116    0    0     0   129  365  499  1  0 98  0  0
 0  0      0 192484  74900 1107124    0    0     0    26  357  479  1  0 98  0  0
 1  0      0 192260  74900 1107124    0    0     0     6  369  496  1  0 98  0  0
 0  0      0 192260  74904 1107132    0    0     0    54  371  497  2  0 98  0  0
 0  0      0 192260  74904 1107132    0    0     0     6  367  486  1  1 98  0  0
 0  0      0 192036  74904 1107224    0    0     0     6  371  493  1  0 98  0  0
 0  0      0 192036  74904 1107272    0    0     0    58  367  503  2  0 97  0  1
 0  0      0 192036  74904 1107280    0    0     0     6  379  500  1  0 97  0  1
 0  0      0 192036  74904 1107280    0    0     0     6  363  481  1  1 98  0  0
 0  0      0 192036  74904 1107284    0    0     0     6  368  495  1  0 98  0  0
 1  0      0 192036  74904 1107328    0    0     0     6  349  464  1  0 98  0  0
 0  0      0 192036  74904 1107332    0    0     0     0  256  352  1  0 99  0  0
 0  0      0 191812  74904 1107332    0    0     0    53  169  232  1  0 99  0  0
