procs -----------memory---------- ---swap-- -----io---- -system-- ------cpu-----
 r  b   swpd   free   buff  cache   si   so    bi    bo   in   cs us sy id wa st
 1  0      0 219840  74672 1087260    0    0     2    12   10    7  6  1 92  0  1
 0  0      0 219840  74672 1087344    0    0     0    14  183  241  1  0 99  0  0
 0  0      0 219840  74672 1087348    0    0     0    10  254  321  1  0 98  0  0
 0  0      0 219840  74672 1087416    0    0     0   154  373  471  2  0 97  0  1
 0  0      0 219840  74672 1087420    0    0     0   166  410  501  2  0 97  0  0
 0  0      0 219840  74672 1087420    0    0     0    13  435  541  2  1 98  0  0
 0  0      0 219840  74672 1087556    0    0     0     6  383  476  2  0 97  0  0
 0  0      0 219840  74672 1087560    0    0     0     7  421  534  2  1 97  0  0
 0  0      0 218916  74672 1087936    0    0     0     7  398  495  2  1 98  0  0
 0  0      0 218244  74672 1088004    0    0     0    62  441  564  2  0 97  0  1
 0  0      0 217572  74672 1088012    0    0     0    19  388  489  1  0 98  0  0
 0  0      0 216676  74672 1088140    0    0     0    49  446  560  2  1 97  0  0
 0  0      0 215780  74672 1088144    0    0     0     6  390  489  2  0 97  0  0
 0  0      0 215108  74672 1088152    0    0     0     6  414  527  2  1 97  0  0
 0  0      0 214212  74672 1088280    0    0     0     6  391  512  2  1 97  0  0
 0  0      0 214044  74672 1088288    0    0     0     0  433  533  2  1 96  0  1
 0  0      0 214168  74672 1088292    0    0     0     6  371  469  2  0 98  0  0
 0  0      0 214204  74676 1088296    0    0     0    61  305  399  1  1 98  0  0
 0  0      0 214204  74676 1088296    0    0     0    12  148  201  0  0 99  0  0
