procs -----------memory---------- ---swap-- -----io---- -system-- ------cpu-----
 r  b   swpd   free   buff  cache   si   so    bi    bo   in   cs us sy id wa st
 2  0      0 197792  74784 1098920    0    0     2    12   10    8  6  1 92  0  1
 0  0      0 197792  74784 1098920    0    0     0    11  183  284  1  0 99  0  0
 0  0      0 197792  74784 1098924    0    0     0     0  279  408  1  0 99  0  0
 0  0      0 197792  74784 1098928    0    0     0    21  349  518  1  0 97  0  1
 0  0      0 197792  74784 1098932    0    0     0   118  449  671  2  0 96  0  1
 1  0      0 197792  74788 1098936    0    0     0    10  475  709  2  0 98  0  0
 0  0      0 197792  74788 1098940    0    0     0   146  462  690  2  0 98  0  0
 0  0      0 197792  74788 1098948    0    0     0    14  466  701  2  0 97  0  1
 0  0      0 197792  74788 1098948    0    0     0    10  440  654  1  1 97  0  1
 0  0      0 197792  74788 1099084    0    0     0     6  435  660  2  0 98  0  0
 0  0      0 197792  74788 1099088    0    0     0    19  457  689  2  0 97  0  0
 0  0      0 197792  74792 1099092    0    0     0     6  443  660  2  1 97  0  0
 0  0      0 197792  74792 1099096    0    0     0    53  438  658  2  0 97  0  0
 0  0      0 197792  74792 1099104    0    0     0    12  438  663  2  0 98  0  0
 0  0      0 197792  74792 1099104    0    0     0     9  470  706  2  1 97  0  1
 0  0      0 197792  74792 1099112    0    0     0     6  437  652  1  0 96  0  2
 0  0      0 197792  74792 1099116    0    0     0     7  464  701  1  1 98  0  0
 0  0      0 197792  74792 1099120    0    0     0    14  320  473  1  0 98  0  0
 0  0      0 197792  74792 1099120    0    0     0    49  174  256  0  0 99  0  0
