procs -----------memory---------- ---swap-- -----io---- -system-- ------cpu-----
 r  b   swpd   free   buff  cache   si   so    bi    bo   in   cs us sy id wa st
 0  0      0 224680  74560 1084096    0    0     2    11   10    7  6  1 92  0  1
 0  0      0 224680  74564 1084108    0    0     0    12  180  266  1  0 99  0  0
 0  0      0 224680  74564 1084116    0    0     0     6  278  420  1  1 98  0  0
 0  0      0 224680  74568 1084116    0    0     0     6  354  539  2  0 97  0  0
 0  0      0 224680  74572 1084248    0    0     0     9  504  757  3  1 96  0  0
 0  0      0 224680  74572 1084252    0    0     0   503  505  771  2  1 97  0  0
 0  0      0 224680  74572 1084256    0    0     0     6  449  680  2  1 95  0  2
 0  0      0 224428  74572 1084264    0    0     0    13  483  728  2  1 97  0  0
 0  0      0 224428  74572 1084264    0    0     0    19  489  730  2  1 97  0  0
 0  0      0 224428  74572 1084272    0    0     0     6  450  678  2  0 97  0  0
 0  0      0 224428  74572 1084276    0    0     0    11  504  753  2  1 96  0  0
 0  0      0 224428  74572 1084280    0    0     0    61  470  700  2  0 97  0  0
 0  0      0 224428  74572 1084284    0    0     0     6  452  691  2  0 97  0  0
 0  0      0 224428  74572 1084292    0    0     0    12  456  685  2  1 96  0  0
 0  0      0 224428  74572 1084420    0    0     0     1  479  720  2  1 96  0  0
 0  0      0 224428  74576 1084428    0    0     0    14  472  710  2  1 97  0  0
 0  0      0 224428  74576 1084432    0    0     0     9  448  676  2  1 97  0  1
 0  0      0 224428  74576 1084436    0    0     0    55  331  501  1  0 98  0  0
 0  0      0 224428  74576 1084436    0    0     0     9  191  297  1  0 98  0  0
