procs -----------memory---------- ---swap-- -----io---- -system-- ------cpu-----
 r  b   swpd   free   buff  cache   si   so    bi    bo   in   cs us sy id wa st
 1  0      0 418424   2168 319000    0    0     2    11  272    3  1  0 99  0  0
 0  0      0 417668   2168 319004    0    0     0    14  378  592  1  0 98  0  0
 0  0      0 417416   2168 319004    0    0     0     1  367  646  0  0 100  0  0
 0  0      0 416912   2168 319004    0    0     0     0  347  607  0  0 99  0  0
 0  0      0 416912   2168 319008    0    0     0     3  428  739  1  0 99  0  0
 0  0      0 416660   2168 319008    0    0     0     3  468  838  0  0 99  0  0
 0  0      0 416660   2168 319012    0    0     0     1  454  802  1  0 99  0  0
 0  0      0 416156   2168 319012    0    0     0    29  474  835  1  0 99  0  0
 0  0      0 416156   2168 319012    0    0     0     1  466  829  0  0 99  0  0
 0  0      0 415904   2168 319012    0    0     0     0  440  790  0  0 100  0  0
 2  0      0 415904   2168 319012    0    0     0     1  475  845  0  0 99  0  1
 0  0      0 415400   2168 319012    0    0     0     3  494  878  0  0 99  0  0
 0  0      0 415400   2168 319012    0    0     0     1  485  862  0  0 99  0  0
 0  0      0 413384   2168 319020    0    0     0    14  541  943  1  1 98  0  0
 0  0      0 413384   2168 319020    0    0     0     5  514  921  1  0 99  0  0
 0  0      0 413384   2168 319020    0    0     0     0  504  891  0  0 99  0  0
 0  0      0 413384   2168 319020    0    0     0     1  533  937  0  0 100  0  0
 0  0      0 413384   2168 319020    0    0     0     3  417  752  0  0 100  0  0
 0  0      0 413384   2168 319020    0    0     0     1  296  548  0  0 100  0  0
