procs -----------memory---------- ---swap-- -----io---- -system-- ------cpu-----
 r  b   swpd   free   buff  cache   si   so    bi    bo   in   cs us sy id wa st
 1  0      0 216568  74608 1088848    0    0     2    12   10    7  6  1 92  0  1
 0  0      0 217328  74612 1088860    0    0     0   274  205  324  1  0 99  0  0
 0  0      0 217328  74612 1088864    0    0     0    25  283  427  1  1 98  0  0
 0  0      0 217328  74612 1088864    0    0     0     6  355  528  2  0 97  0  0
 0  0      0 217328  74612 1089000    0    0     0   232  516  785  2  0 95  0  2
 0  0      0 218092  74612 1089000    0    0     0    10  471  698  2  0 97  0  0
 0  0      0 218092  74612 1089008    0    0     0     6  458  692  2  1 97  0  0
 0  0      0 218092  74612 1089012    0    0     0    58  483  731  2  0 98  0  0
 0  0      0 218092  74612 1089016    0    0     0    12  482  726  2  1 97  0  0
 0  0      0 218092  74612 1089020    0    0     0    19  470  698  2  0 97  0  0
 0  0      0 218124  74612 1089028    0    0     0     6  469  710  2  0 97  0  0
 0  0      0 218124  74612 1089028    0    0     0     6  459  697  2  1 97  0  0
 0  0      0 218124  74612 1089036    0    0     0     0  465  694  2  1 97  0  0
 0  0      0 218124  74612 1089036    0    0     0    59  474  720  2  1 97  0  0
 0  0      0 217900  74612 1089044    0    0     0    12  484  728  2  1 97  0  0
 0  0      0 217900  74612 1089176    0    0     0     6  450  676  2  1 97  0  0
 0  0      0 217900  74612 1089180    0    0     0     6  468  702  2  1 96  0  1
 0  0      0 217900  74612 1089184    0    0     0    11  340  504  1  1 98  0  0
 0  0      0 217900  74612 1089184    0    0     0     6  190  292  1  0 99  0  0
