procs -----------memory---------- ---swap-- -----io---- -system-- ------cpu-----
 r  b   swpd   free   buff  cache   si   so    bi    bo   in   cs us sy id wa st
 1  0      0 183396  89844 1312092    0    0     1     8   12   14  0  0 100  0  0
 0  0      0 183396  89844 1312092    0    0     0   567  135  247  0  0 99  1  0
 0  0      0 183396  89844 1312092    0    0     0    11   59  100  0  0 100  0  0
 0  0      0 183396  89844 1312092    0    0     0     0   64  104  0  0 100  0  0
 0  0      0 183396  89844 1312092    0    0     0     2   63  102  0  0 100  0  0
 0  0      0 183396  89844 1312092    0    0     0    22   65  100  0  0 100  0  0
 0  0      0 183396  89844 1312092    0    0     0     2   65   99  0  0 100  0  0
 0  0      0 183396  89844 1312092    0    0     0     6   75  107  0  0 100  0  0
 0  0      0 183396  89844 1312092    0    0     0     5   66   98  0  0 100  0  0
 0  0      0 183396  89844 1312092    0    0     0     2   65   97  0  0 100  0  0
 0  0      0 183396  89844 1312092    0    0     0     6   70  102  0  0 100  0  0
 0  0      0 183396  89844 1312092    0    0     0     5   70  107  0  0 100  0  0
 0  0      0 183396  89844 1312092    0    0     0     2   59   96  0  0 100  0  0
 0  0      0 183396  89844 1312092    0    0     0     6   60   97  0  0 100  0  0
 0  0      0 183396  89844 1312092    0    0     0     5   63   99  0  0 100  0  0
 0  0      0 183396  89844 1312092    0    0     0     2   71  110  0  0 100  0  0
 0  0      0 183396  89844 1312092    0    0     0     6   66  105  0  0 100  0  0
 0  0      0 183396  89844 1312092    0    0     0     6   58   97  0  0 100  0  0
 0  0      0 183396  89844 1312092    0    0     0     5   64  103  0  0 100  0  0
