procs -----------memory---------- ---swap-- -----io---- -system-- ------cpu-----
 r  b   swpd   free   buff  cache   si   so    bi    bo   in   cs us sy id wa st
 1  0      0 184812  74956 1108160    0    0     2    12   10    8  6  1 93  0  1
 0  0      0 184812  74956 1108212    0    0     0   230  197  298  0  0 99  0  0
 0  0      0 184812  74956 1108216    0    0     0     7  271  403  1  0 98  0  1
 0  0      0 184812  74956 1108220    0    0     0     6  365  546  1  1 98  0  0
 0  0      0 184812  74960 1108224    0    0     0   198  462  699  1  1 98  0  0
 0  0      0 184812  74960 1108232    0    0     0    22  417  628  1  1 98  0  0
 0  0      0 184812  74960 1108232    0    0     0     6  453  691  1  0 98  0  0
 0  0      0 184812  74960 1108240    0    0     0    57  439  653  1  0 98  0  0
 0  0      0 184812  74960 1108240    0    0     0     6  426  634  1  0 98  0  0
 0  0      0 184812  74960 1108376    0    0     0     6  437  666  1  1 98  0  0
 0  0      0 184812  74960 1108380    0    0     0     4  420  631  1  0 98  0  0
 0  0      0 184560  74960 1108384    0    0     0    15  440  665  2  1 98  0  0
 0  0      0 184560  74960 1108388    0    0     0     6  446  666  1  1 98  0  0
 0  0      0 184560  74960 1108396    0    0     0    54  424  636  1  0 98  0  0
 0  0      0 184560  74960 1108396    0    0     0    10  441  664  1  1 96  0  2
 0  0      0 184560  74960 1108404    0    0     0     6  460  674  1  1 97  0  0
 0  0      0 184560  74960 1108408    0    0     0    10  405  604  1  1 98  0  0
 0  0      0 184560  74960 1108408    0    0     0     9  311  460  1  0 99  0  0
 0  0      0 184560  74960 1108412    0    0     0    12  166  246  0  0 99  0  0
