procs -----------memory---------- ---swap-- -----io---- -system-- ------cpu-----
 r  b   swpd   free   buff  cache   si   so    bi    bo   in   cs us sy id wa st
 2  0      0 174960  75068 1115232    0    0     2    12   11    8  6  1 93  0  1
 0  0      0 174960  75068 1115260    0    0     0    11  142  226  0  0 99  0  0
 0  0      0 174960  75072 1115388    0    0     0     6  216  308  1  0 98  0  1
 0  0      0 174960  75072 1115396    0    0     0   236  279  405  1  0 99  0  0
 0  0      0 174960  75072 1115396    0    0     0   222  344  490  1  1 98  0  0
 0  0      0 174960  75072 1115400    0    0     0     6  318  456  1  0 98  0  1
 0  0      0 174960  75072 1115408    0    0     0     6  321  465  1  0 98  0  0
 0  0      0 174960  75072 1115408    0    0     0    10  325  461  1  0 98  0  1
 0  0      0 174960  75072 1115416    0    0     0     6  319  458  1  0 98  0  0
 0  0      0 174960  75072 1115420    0    0     0    69  320  466  1  0 98  0  0
 0  0      0 174960  75072 1115424    0    0     0     6  321  463  1  0 98  0  0
 0  0      0 174960  75072 1115428    0    0     0    15  327  469  1  0 98  0  1
 0  0      0 174960  75072 1115428    0    0     0     6  321  453  1  0 99  0  0
 0  0      0 174960  75072 1115564    0    0     0     6  316  453  1  0 98  0  0
 0  0      0 174960  75072 1115568    0    0     0     6  326  461  1  0 98  0  1
 0  0      0 174960  75076 1115576    0    0     0    92  338  490  1  1 98  0  1
 0  0      0 174960  75076 1115576    0    0     0    11  307  436  1  0 99  0  0
 0  0      0 174960  75076 1115580    0    0     0     6  216  326  1  0 99  0  0
 0  0      0 174960  75076 1115584    0    0     0    12  147  217  0  0 99  0  0
