procs -----------memory---------- ---swap-- -----io---- -system-- ------cpu-----
 r  b   swpd   free   buff  cache   si   so    bi    bo   in   cs us sy id wa st
 1  0      0 161972  75176 1130848    0    0     2    12   11    9  6  1 93  0  1
 0  0      0 162504  75176 1130848    0    0     0   248  164  251  1  0 99  0  0
 0  0      0 162504  75176 1130852    0    0     0     6  181  274  0  0 99  0  0
 0  0      0 162504  75176 1130856    0    0     0     6  218  329  1  0 99  0  0
 0  0      0 162504  75176 1130860    0    0     0   212  298  431  1  0 98  0  1
 0  0      0 162504  75176 1130864    0    0     0     6  278  410  1  0 99  0  1
 0  0      0 163260  75176 1130868    0    0     0     6  288  419  1  0 99  0  0
 0  0      0 163260  75176 1130880    0    0     0    14  312  447  1  0 98  0  0
 0  0      0 163260  75176 1131016    0    0     0    75  295  431  1  1 98  0  0
 0  0      0 163260  75176 1131016    0    0     0     6  270  399  1  0 99  0  0
 0  0      0 163260  75176 1131024    0    0     0     9  294  422  1  0 99  0  0
 0  0      0 163260  75176 1131028    0    0     0     6  282  408  1  1 99  0  0
 0  0      0 163260  75176 1131032    0    0     0     6  274  405  1  0 99  0  0
 0  0      0 163260  75176 1131036    0    0     0    11  289  416  1  0 98  0  0
 0  0      0 163260  75176 1131044    0    0     0    65  282  417  1  0 99  0  0
 0  0      0 163260  75176 1131044    0    0     0    15  290  424  1  0 99  0  0
 0  0      0 163260  75176 1131048    0    0     0     8  265  392  1  0 98  0  1
 0  0      0 163260  75176 1131052    0    0     0     0  210  313  1  0 99  0  0
 0  0      0 163512  75176 1131056    0    0     0     6  126  187  0  0 100  0  0
