procs -----------memory---------- ---swap-- -----io---- -system-- ------cpu-----
 r  b   swpd   free   buff  cache   si   so    bi    bo   in   cs us sy id wa st
 1  0      0 440844   2168 317596    0    0     2    11  274  348  1  0 99  0  0
 0  0      0 433788   2168 317596    0    0     0     6  376  584  1  0 99  0  0
 0  0      0 433032   2168 317596    0    0     0     2  391  690  1  0 99  0  0
 0  0      0 432528   2168 317596    0    0     0     0  387  679  0  0 99  0  0
 0  0      0 432276   2168 317596    0    0     0     4  460  812  0  0 99  0  0
 0  0      0 432024   2168 317596    0    0     0     1  447  777  0  0 99  0  0
 0  0      0 431520   2168 317596    0    0     0     0  465  818  0  0 99  0  0
 0  0      0 431520   2168 317596    0    0     0    19  513  905  0  0 99  0  0
 0  0      0 431268   2168 317600    0    0     0     1  518  918  1  0 99  0  0
 0  0      0 426492   2168 317604    0    0     0     0  564  986  2  1 98  0  0
 0  0      0 426492   2168 317604    0    0     0     3  509  890  0  0 99  0  0
 0  0      0 426492   2168 317604    0    0     0     0  540  965  0  0 99  0  0
 0  0      0 426492   2168 317604    0    0     0     0  516  925  0  0 99  0  0
 0  0      0 426492   2168 317604    0    0     0    15  521  906  0  0 99  0  0
 0  0      0 426492   2168 317604    0    0     0     2  508  901  0  0 100  0  0
 0  0      0 426240   2168 317608    0    0     0   346  528  941  0  0 99  0  0
 0  0      0 426240   2168 317608    0    0     0     0  504  879  1  0 99  0  0
 0  0      0 426240   2168 317608    0    0     0     2  426  752  0  0 99  0  1
 0  0      0 425736   2168 317608    0    0     0     0  298  557  0  0 99  0  0
