procs -----------memory---------- ---swap-- -----io---- -system-- ------cpu-----
 r  b   swpd   free   buff  cache   si   so    bi    bo   in   cs us sy id wa st
 3  0      0 767284  40864 479464    0    0     6   532   17   19  6  1 91  0  2
 0  0      0 767284  40872 479616    0    0     0    51  233  363  1  0 98  0  0
 0  0      0 767284  40876 479648    0    0     0    71  339  506  2  0 97  0  0
 1  0      0 767284  40876 479692    0    0     0    28  494  741  3  1 96  0  0
 0  0      0 767284  40884 479764    0    0     0   230  648  934  6  1 87  0  6
 0  0      0 767060  40892 479836    0    0     0    39  588  891  4  0 94  0  1
 1  0      0 767060  40896 479900    0    0     0   203  651  974  5  1 94  0  0
 0  0      0 767060  40900 479968    0    0     0    50  625  957  4  1 94  0  0
 0  0      0 767060  40904 480028    0    0     0    42  617  934  4  0 95  0  0
 0  0      0 767060  40908 480104    0    0     0   154  609  923  4  1 95  0  0
 0  0      0 767060  40912 480156    0    0     0    47  602  919  4  1 95  0  0
 0  0      0 767060  40920 480240    0    0     0    50  604  934  4  1 95  0  0
 0  0      0 767060  40920 480300    0    0     0    94  631  957  4  1 95  0  0
 0  0      0 767060  40924 480496    0    0     0    60  606  928  4  0 95  0  0
 0  0      0 767060  40932 480556    0    0     0    54  609  932  4  1 95  0  0
 0  0      0 767060  40932 480640    0    0     0    49  602  917  4  0 96  0  0
 0  0      0 767060  40932 480696    0    0     0   171  617  932  4  1 91  0  4
 0  0      0 767060  40932 480748    0    0     0    49  466  706  3  0 96  0  0
 0  0      0 767060  40936 480776    0    0     0    81  263  401  1  0 98  0  0
