procs -----------memory---------- ---swap-- -----io---- -system-- ------cpu-----
 r  b   swpd   free   buff  cache   si   so    bi    bo   in   cs us sy id wa st
 1  0      0 441220   2168 317188    0    0     2    11  275  348  1  0 99  0  0
 0  0      0 433912   2168 317192    0    0     0     2  361  573  1  0 98  0  0
 0  0      0 433408   2168 317196    0    0     0    11  393  698  0  0 100  0  0
 0  0      0 432400   2168 317196    0    0     0     1  405  707  0  0 100  0  0
 0  0      0 432400   2168 317196    0    0     0     1  451  790  0  0 99  0  0
 0  0      0 432148   2168 317196    0    0     0     1  439  769  0  0 100  0  0
 0  0      0 431896   2168 317196    0    0     0     2  403  698  0  0 99  0  0
 0  0      0 431896   2168 317196    0    0     0     1  451  798  1  0 99  0  0
 0  0      0 431392   2168 317196    0    0     0    38  498  882  0  0 99  0  0
 0  0      0 431392   2168 317200    0    0     0     4  462  818  0  0 100  0  0
 0  0      0 430888   2168 317200    0    0     0     1  478  848  0  0 99  0  0
 0  0      0 426604   2168 317200    0    0     0     7  555  972  1  1 99  0  0
 0  0      0 426604   2168 317200    0    0     0   351  496  891  0  0 99  0  0
 0  0      0 426604   2168 317200    0    0     0     1  482  850  0  0 100  0  0
 0  0      0 426604   2168 317200    0    0     0     5  528  927  0  0 100  0  0
 0  0      0 426604   2168 317200    0    0     0     3  514  904  0  0 100  0  0
 0  0      0 426604   2168 317204    0    0     0     2  468  825  0  0 99  0  0
 0  0      0 426604   2168 317204    0    0     0     1  408  722  0  0 99  0  0
 0  0      0 426604   2168 317204    0    0     0     0  262  476  0  0 100  0  0
