procs -----------memory---------- ---swap-- -----io---- -system-- ------cpu-----
 r  b   swpd   free   buff  cache   si   so    bi    bo   in   cs us sy id wa st
 2  0      0 754708  42616 492432    0    0     6   532   17   20  6  1 91  0  2
 0  0      0 754708  42624 492460    0    0     0    88  208  324  1  0 99  0  0
 0  0      0 754708  42628 492492    0    0     0    22  319  472  1  0 98  0  0
 0  0      0 754708  42636 492544    0    0     0    27  407  608  2  0 98  0  0
 0  0      0 754708  42640 492608    0    0     0   454  566  843  3  1 94  0  2
 0  0      0 754708  42648 492676    0    0     0    34  523  788  3  0 96  0  1
 0  0      0 754708  42648 492748    0    0     0    36  550  821  3  0 96  0  0
 0  0      0 754708  42652 492812    0    0     0    46  528  786  2  1 97  0  0
 0  0      0 754708  42652 492884    0    0     0   126  529  782  2  1 98  0  0
 0  0      0 754708  42656 493076    0    0     0    44  529  788  3  1 97  0  0
 0  0      0 754708  42656 493144    0    0     0    62  568  850  3  0 97  0  0
 0  0      0 754708  42656 493216    0    0     0    54  549  826  3  1 96  0  0
 0  0      0 754708  42656 493284    0    0     0    50  516  773  3  1 97  0  0
 1  0      0 754708  42664 493352    0    0     0    57  542  812  3  1 96  0  0
 0  0      0 754708  42672 493424    0    0     0   152  574  857  3  1 96  0  0
 0  0      0 754708  42676 493488    0    0     0    53  539  801  2  0 97  0  0
 0  0      0 754708  42680 493552    0    0     0    94  505  757  3  1 94  0  2
 0  0      0 754708  42684 493600    0    0     0    40  380  563  2  1 98  0  0
 0  0      0 754708  42684 493628    0    0     0    46  260  390  1  0 98  0  0
