procs -----------memory---------- ---swap-- -----io---- -system-- ------cpu-----
 r  b   swpd   free   buff  cache   si   so    bi    bo   in   cs us sy id wa st
 1  0      0 677048  50668 557460    0    0     6   529   19    2  6  1 92  0  2
 0  0      0 677048  50672 557488    0    0     0    47  188  276  0  0 99  0  0
 0  0      0 677048  50676 557656    0    0     0    19  262  389  1  0 99  0  0
 0  0      0 677048  50680 557700    0    0     0    80  341  498  1  0 97  0  1
 0  0      0 677048  50684 557764    0    0     0    34  437  628  1  0 99  0  0
 0  0      0 677048  50688 557836    0    0     0   273  484  708  1  1 98  0  0
 1  0      0 677048  50688 557916    0    0     0    34  434  631  1  0 99  0  0
 0  0      0 677048  50688 557988    0    0     0   250  501  733  0  0 99  0  0
 0  0      0 677048  50692 558048    0    0     0    40  432  630  1  0 99  0  0
 0  0      0 677048  50700 558132    0    0     0    43  476  699  1  0 99  0  0
 0  0      0 677048  50704 558188    0    0     0   162  431  632  1  0 99  0  0
 0  0      0 677048  50704 558280    0    0     0    18  439  641  1  0 99  0  0
 0  0      0 677048  50704 558348    0    0     0    53  447  650  1  0 99  0  0
 0  0      0 677048  50716 558548    0    0     0   150  458  664  1  0 99  0  0
 0  0      0 677048  50724 558612    0    0     0    57  472  683  1  0 99  0  0
 0  0      0 677048  50728 558688    0    0     0    54  431  627  1  0 97  0  2
 0  0      0 677048  50736 558760    0    0     0    50  450  664  1  1 99  0  0
 0  0      0 677048  50740 558808    0    0     0   194  329  474  1  0 99  0  0
 0  0      0 677048  50740 558844    0    0     0    42  215  325  0  0 99  0  0
