procs -----------memory---------- ---swap-- -----io---- -system-- ------cpu-----
 r  b   swpd   free   buff  cache   si   so    bi    bo   in   cs us sy id wa st
 1  0      0 423120   2168 312736    0    0     3    11  276  344  1  0 99  0  0
 0  0      0 423120   2168 312740    0    0     0     6  370  561  1  0 98  0  0
 0  0      0 422868   2168 312744    0    0     0     2  375  662  0  0 99  0  0
 0  0      0 422868   2168 312744    0    0     0     2  416  749  0  0 99  0  0
 0  0      0 422616   2168 312744    0    0     0     1  513  913  0  0 99  0  0
 0  0      0 422364   2168 312744    0    0     0     1  515  932  0  0 99  0  0
 0  0      0 420880   2168 312752    0    0     0     3  563  999  1  1 99  0  0
 0  0      0 420880   2168 312752    0    0     0    23  533  943  0  0 99  0  0
 0  0      0 420880   2168 312752    0    0     0     1  499  894  1  0 99  0  0
 0  0      0 420880   2168 312752    0    0     0     0  514  908  1  0 99  0  0
 0  0      0 420880   2168 312756    0    0     0     2  539  961  0  0 99  0  0
 0  0      0 420880   2168 312756    0    0     0     1  544  952  0  0 99  0  0
 0  0      0 420880   2168 312760    0    0     0   313  552  993  0  0 99  0  0
 0  0      0 420880   2168 312760    0    0     0    31  533  943  0  0 99  0  0
 0  0      0 420880   2168 312760    0    0     0     1  524  935  0  0 99  0  0
 0  0      0 420880   2168 312760    0    0     0     0  466  825  1  0 99  0  1
 0  0      0 420880   2168 312760    0    0     0     3  521  927  0  0 99  0  0
 0  0      0 420880   2168 312764    0    0     0     2  417  748  0  0 100  0  0
 0  0      0 420880   2168 312764    0    0     0     1  348  633  0  0 100  0  0
