procs -----------memory---------- ---swap-- -----io---- -system-- ------cpu-----
 r  b   swpd   free   buff  cache   si   so    bi    bo   in   cs us sy id wa st
 2  0      0 777408  43196 495052    0    0     6   532   18    0  6  1 91  0  2
 0  0      0 775840  43204 496424    0    0     0    50  234  266  1  0 99  0  0
 0  0      0 771612  43212 499152    0    0     0    21  390  373  2  0 97  0  0
 0  0      0 770100  43212 502892    0    0     0    74  508  476  2  0 97  0  0
 0  0      0 766432  43216 508000    0    0     0   490  717  684  3  1 96  0  0
 0  0      0 760020  43224 513444    0    0     0    37  666  606  3  1 96  0  0
 0  0      0 753384  43224 518552    0    0     0    34  642  583  3  1 96  0  0
 0  0      0 745096  43224 524460    0    0     0   254  756  676  3  1 96  0  0
 0  0      0 739580  43224 529572    0    0     0   476  666  597  3  1 96  0  0
 0  0      0 733616  43224 534680    0    0     0   813  644  608  4  1 92  0  3
 0  0      0 726504  43224 540124    0    0     0  1170  728  668  3  1 95  0  1
 0  0      0 720708  43228 545572    0    0     0  1198  706  660  3  1 96  0  0
 0  0      0 714044  43232 551016    0    0     0  1057  712  648  3  1 96  0  0
 0  0      0 707856  43236 556128    0    0     0  1138  696  606  3  1 96  0  0
 0  0      0 701920  43236 561236    0    0     0  1134  691  620  3  1 96  0  0
 0  0      0 694304  43240 567020    0    0     0  1129  767  665  3  1 96  0  0
 0  0      0 688536  43240 572132    0    0     0  1226  707  638  2  0 97  0  0
 0  0      0 684756  43244 575960    0    0     0    41  521  475  2  0 97  0  0
 0  0      0 682740  43248 577712    0    0     0  1184  293  288  1  0 98  0  0
