procs -----------memory---------- ---swap-- -----io---- -system-- ------cpu-----
 r  b   swpd   free   buff  cache   si   so    bi    bo   in   cs us sy id wa st
 1  0      0 166956  89620 1305348    0    0     1     7   11   13  0  0 100  0  0
 0  0      0 167208  89620 1305360    0    0     0    18  103  157  0  0 100  0  0
 0  0      0 167460  89620 1305360    0    0     0   404  118  200  0  0 99  0  0
 0  0      0 167460  89620 1305360    0    0     0    11   54   96  0  0 100  0  0
 0  0      0 167460  89620 1305360    0    0     0     0   56   97  0  0 100  0  0
 0  0      0 167460  89620 1305360    0    0     0     2   54   95  0  0 100  0  0
 0  0      0 167964  89620 1305360    0    0     0     0   65  106  0  0 100  0  0
 0  0      0 167964  89620 1305360    0    0     0     3   87  134  0  0 100  0  0
 0  0      0 167964  89620 1305360    0    0     0     8   59  100  0  0 100  0  0
 0  0      0 167964  89620 1305360    0    0     0    11   55   95  0  0 100  0  0
 0  0      0 167712  89620 1305360    0    0     0    34   79  119  0  0 100  0  0
 0  0      0 167712  89620 1305360    0    0     0     0   56   97  0  0 100  0  0
 0  0      0 167712  89620 1305360    0    0     0     2   62  100  0  0 100  0  0
 0  0      0 167712  89620 1305360    0    0     0     0   57   94  0  0 100  0  0
 0  0      0 167712  89620 1305360    0    0     0     5   69  112  0  0 100  0  0
 0  0      0 167712  89620 1305360    0    0     0     1   56   99  0  0 100  0  0
 1  0      0 167712  89620 1305360    0    0     0     6   61  100  0  0 100  0  0
 0  0      0 167712  89620 1305360    0    0     0     0   57   97  0  0 100  0  0
 0  0      0 167712  89620 1305360    0    0     0     2   67  105  0  0 100  0  0
