procs -----------memory---------- ---swap-- -----io---- -system-- ------cpu-----
 r  b   swpd   free   buff  cache   si   so    bi    bo   in   cs us sy id wa st
 1  0      0 245164  73288 1057448    0    0     2    11    9    6  6  1 92  0  1
 0  0      0 245164  73288 1057440    0    0     0    15  220  353  1  0 98  0  0
 0  0      0 244940  73288 1057440    0    0     0     6  330  507  2  0 97  0  1
 0  0      0 244940  73288 1057444    0    0     0     6  441  686  4  1 95  0  1
 0  0      0 244940  73288 1057448    0    0     0     6  584  883  5  1 91  0  4
 0  0      0 244940  73288 1057452    0    0     0     6  592  899  5  1 92  0  2
 0  0      0 244940  73288 1057584    0    0     0    10  566  879  4  1 94  0  1
 0  0      0 244940  73288 1057588    0    0     0   421  612  957  4  1 93  0  1
 0  0      0 244940  73288 1057596    0    0     0     6  572  894  5  1 94  0  1
 0  0      0 244940  73288 1057596    0    0     0     6  607  947  5  1 93  0  1
 0  0      0 244716  73288 1057604    0    0     0     6  570  887  4  1 94  0  1
 0  0      0 244716  73288 1057736    0    0     0    63  595  934  5  1 94  0  1
 0  0      0 244716  73288 1057740    0    0     0     6  567  880  4  1 94  0  0
 0  0      0 244716  73288 1057744    0    0     0     6  559  869  4  1 95  0  1
 0  0      0 244716  73288 1058008    0    0     0     6  588  919  5  1 94  0  0
 0  0      0 244716  73288 1058008    0    0     0     6  565  889  4  1 95  0  0
 0  0      0 244716  73288 1058016    0    0     0     6  542  839  5  1 92  0  3
 2  0      0 244716  73288 1058144    0    0     0    67  415  638  3  1 96  0  1
 0  0      0 244716  73288 1058144    0    0     0     6  233  353  2  0 98  0  0
