procs -----------memory---------- ---swap-- -----io---- -system-- ------cpu-----
 r  b   swpd   free   buff  cache   si   so    bi    bo   in   cs us sy id wa st
 1  0      0 439888   2168 305488    0    0     3    12  241  303  0  0 99  0  0
 0  0      0 434876   2168 305496    0    0     0     2  376  580  1  0 98  0  0
 0  0      0 434624   2168 305496    0    0     0     3  352  628  0  0 100  0  0
 0  0      0 434372   2168 305496    0    0     0    25  420  753  0  0 100  0  0
 0  0      0 434372   2168 305496    0    0     0     1  484  866  0  0 100  0  0
 0  0      0 434120   2168 305496    0    0     0     1  473  847  0  0 99  0  0
 0  0      0 434120   2168 305496    0    0     0     3  481  868  0  0 99  0  0
 0  0      0 433868   2168 305500    0    0     0     2  473  859  0  0 99  0  0
 0  0      0 433616   2168 305500    0    0     0     1  501  889  0  0 99  0  0
 0  0      0 433616   2168 305500    0    0     0    18  449  802  0  0 99  0  1
 0  0      0 433364   2168 305500    0    0     0     1  442  803  1  0 98  0  1
 0  0      0 433364   2168 305500    0    0     0     1  475  855  0  0 99  0  0
 0  0      0 430856   2168 305500    0    0     0    10  525  937  1  0 99  0  0
 0  0      0 430856   2168 305500    0    0     0   326  475  869  0  0 100  0  0
 0  0      0 430856   2168 305504    0    0     0     2  460  826  0  0 100  0  0
 0  0      0 430856   2168 305504    0    0     0    10  459  807  1  0 99  0  0
 0  0      0 430856   2168 305504    0    0     0     1  460  823  0  0 100  0  0
 0  0      0 430856   2168 305504    0    0     0     1  412  736  1  0 99  0  0
 0  0      0 430856   2168 305504    0    0     0     3  271  507  0  0 100  0  0
