procs -----------memory---------- ---swap-- -----io---- -system-- ------cpu-----
 r  b   swpd   free   buff  cache   si   so    bi    bo   in   cs us sy id wa st
 2  0      0 682632  50748 558024    0    0     6   528   19    2  6  1 92  0  2
 0  0      0 682632  50756 558056    0    0     0    48  187  286  0  0 99  0  0
 0  0      0 682632  50764 558092    0    0     0    24  259  390  0  0 99  0  0
 0  0      0 682632  50768 558140    0    0     0    83  348  511  0  0 99  0  0
 0  0      0 682632  50772 558336    0    0     0   518  497  742  1  0 98  1  0
 0  0      0 682632  50772 559560    0    0     0     0  425  627  1  0 98  0  1
 0  0      0 682632  50772 559624    0    0     0    39  427  623  1  1 97  0  1
 0  0      0 682632  50772 559836    0    0     0    46  469  697  1  1 98  0  0
 0  0      0 682632  50772 559896    0    0     0    45  433  630  1  1 99  0  0
 0  0      0 682632  50776 559976    0    0     0    50  456  665  1  0 99  0  0
 0  0      0 682632  50780 560172    0    0     0   219  460  666  1  1 99  0  0
 0  0      0 682632  50780 560248    0    0     0    62  429  624  1  0 98  0  0
 0  0      0 682632  50784 560316    0    0     0    50  456  665  1  1 98  0  0
 0  0      0 682632  50784 560388    0    0     0    62  424  624  1  0 99  0  0
 0  0      0 682632  50788 560468    0    0     0    56  473  690  1  1 98  0  0
 0  0      0 682632  50788 560536    0    0     0    52  420  623  1  0 99  0  0
 0  0      0 682632  50788 560608    0    0     0    99  459  667  1  1 98  0  0
 0  0      0 682632  50788 560656    0    0     0   182  320  464  1  0 99  0  0
 0  0      0 682632  50788 560684    0    0     0    44  221  330  0  0 99  0  0
