procs -----------memory---------- ---swap-- -----io---- -system-- ------cpu-----
 r  b   swpd   free   buff  cache   si   so    bi    bo   in   cs us sy id wa st
 2  0      0 184660  74964 1109024    0    0     2    12   10    8  6  1 93  0  1
 1  0      0 184736  74964 1109024    0    0     0    12  181  280  1  0 99  0  0
 0  0      0 184736  74964 1109032    0    0     0     6  265  392  1  0 99  0  0
 0  0      0 184736  74964 1109032    0    0     0     6  352  531  1  0 98  0  0
 0  0      0 184736  74964 1109040    0    0     0   332  478  717  1  1 97  0  1
 0  0      0 184736  74964 1109040    0    0     0    20  416  632  1  0 98  0  0
 0  0      0 184736  74964 1109048    0    0     0    12  457  691  2  0 97  0  1
 0  0      0 184736  74964 1109052    0    0     0    18  433  637  1  1 96  0  2
 0  0      0 184484  74964 1109056    0    0     0     6  437  637  2  0 97  0  1
 0  0      0 184484  74964 1109060    0    0     0    66  445  667  2  1 97  0  1
 0  0      0 184484  74964 1109068    0    0     0     6  423  631  1  1 98  0  0
 0  0      0 184484  74968 1109068    0    0     0     6  423  630  2  0 98  0  0
 0  0      0 184236  74968 1109204    0    0     0     0  457  672  2  1 97  0  0
 0  0      0 184236  74968 1109208    0    0     0     6  448  659  1  0 98  0  0
 1  0      0 184236  74972 1109212    0    0     0     6  434  644  2  0 98  0  0
 0  0      0 184236  74972 1109216    0    0     0    58  466  690  2  1 97  0  0
 0  0      0 184236  74972 1109220    0    0     0    18  403  602  1  0 98  0  0
 0  0      0 184236  74972 1109224    0    0     0    42  311  466  1  1 98  0  0
 0  0      0 184236  74972 1109224    0    0     0    11  175  256  0  0 99  0  0
