procs -----------memory---------- ---swap-- -----io---- -system-- ------cpu-----
 r  b   swpd   free   buff  cache   si   so    bi    bo   in   cs us sy id wa st
 1  0      0 436348   2168 305740    0    0     3    12  241  303  0  0 99  0  0
 0  0      0 432316   2168 305748    0    0     0     2  327  525  1  1 98  0  0
 0  0      0 432064   2168 305752    0    0     0     1  304  536  0  0 100  0  0
 0  0      0 431812   2168 305752    0    0     0     3  404  723  1  0 99  0  0
 0  0      0 431560   2168 305752    0    0     0     1  431  764  0  0 99  0  0
 0  0      0 431308   2168 305752    0    0     0    33  442  793  0  0 99  0  0
 0  0      0 431308   2168 305752    0    0     0     3  434  774  0  0 100  0  0
 0  0      0 431308   2168 305756    0    0     0     2  443  790  0  0 99  0  0
 0  0      0 431308   2168 305760    0    0     0     7  456  817  1  0 99  0  0
 0  0      0 431056   2168 305760    0    0     0     3  470  833  0  0 100  0  0
 0  0      0 431056   2168 305760    0    0     0     1  434  773  0  0 99  0  0
 0  0      0 430804   2168 305760    0    0     0    22  471  840  0  0 99  0  0
 0  0      0 430804   2168 305760    0    0     0     1  456  809  0  0 99  0  0
 0  0      0 430804   2168 305760    0    0     0     2  470  829  0  0 100  0  0
 0  0      0 430552   2168 305760    0    0     0     2  461  820  0  0 99  0  0
 0  0      0 430552   2168 305764    0    0     0     0  465  823  0  0 99  0  0
 0  0      0 430300   2168 305764    0    0     0     3  448  804  0  0 100  0  0
 0  0      0 430300   2168 305764    0    0     0     7  379  685  0  0 99  0  0
 0  0      0 430300   2168 305768    0    0     0     1  270  504  0  0 100  0  0
