procs -----------memory---------- ---swap-- -----io---- -system-- ------cpu-----
 r  b   swpd   free   buff  cache   si   so    bi    bo   in   cs us sy id wa st
 2  0      0 695212  48968 543172    0    0     6   530   19    2  6  1 91  0  2
 0  0      0 695212  48976 543196    0    0     0    46  191  300  0  0 99  0  0
 0  0      0 695212  48976 543236    0    0     0    66  285  419  0  0 99  0  0
 0  0      0 695212  48988 543288    0    0     0   338  423  561  1  0 99  0  0
 0  0      0 695212  48988 543356    0    0     0    35  445  666  1  1 99  0  0
 0  0      0 695212  48988 543424    0    0     0     5  476  707  1  0 99  0  0
 0  0      0 695212  48996 543488    0    0     0    42  450  666  1  1 98  0  0
 0  0      0 695212  49000 543564    0    0     0    68  463  685  1  1 98  0  0
 0  0      0 695212  49000 543716    0    0     0    48  509  747  1  0 98  0  0
 0  0      0 695212  49004 543828    0    0     0   161  461  671  1  0 99  0  0
 0  0      0 695212  49008 543904    0    0     0    49  483  716  2  1 97  0  1
 0  0      0 695212  49008 543972    0    0     0    49  475  695  1  0 99  0  0
 0  0      0 695212  49008 544048    0    0     0    54  469  681  1  1 99  0  0
 0  0      0 695212  49012 544120    0    0     0    96  480  711  1  0 99  0  0
 0  0      0 695212  49016 544188    0    0     0    58  465  675  1  0 99  0  0
 0  0      0 695212  49020 544260    0    0     0    59  463  671  1  0 99  0  0
 0  0      0 695212  49024 544332    0    0     0   178  524  754  1  1 98  0  0
 0  0      0 695212  49024 544388    0    0     0    51  352  502  1  0 99  0  0
 0  0      0 695212  49028 544412    0    0     0    45  203  299  0  0 99  0  0
