procs -----------memory---------- ---swap-- -----io---- -system-- ------cpu-----
 r  b   swpd   free   buff  cache   si   so    bi    bo   in   cs us sy id wa st
 1  0      0 203304  88904 1291100    0    0     1     7   11   13  0  0 100  0  0
 2  0      0 203052  88904 1291104    0    0     0   233   91  160  0  0 100  0  0
 0  0      0 203052  88904 1291104    0    0     0   335   94  162  0  0 99  0  0
 0  0      0 201792  88904 1291104    0    0     0    11   70  107  0  0 100  0  0
 0  0      0 201792  88904 1291104    0    0     0     0   58   99  0  0 100  0  0
 0  0      0 202300  88904 1291104    0    0     0     2   69  110  0  0 100  0  0
 0  0      0 202300  88904 1291104    0    0     0     7   59   95  0  0 100  0  0
 0  0      0 202300  88904 1291104    0    0     0     0   65  105  0  0 100  0  0
 0  0      0 202300  88904 1291104    0    0     0     5   56   94  0  0 100  0  0
 0  0      0 202300  88904 1291104    0    0     0    14   64  101  0  0 100  0  0
 0  0      0 202300  88904 1291104    0    0     0     0   63  106  0  0 100  0  0
 0  0      0 202300  88904 1291104    0    0     0     2   75  112  0  0 100  0  0
 0  0      0 202300  88904 1291104    0    0     0    40   62  101  0  0 100  0  0
 0  0      0 202300  88904 1291104    0    0     0     4   60   99  0  0 100  0  0
 0  0      0 202300  88904 1291104    0    0     0     4   56   94  0  0 100  0  0
 0  0      0 202300  88904 1291104    0    0     0    11   75  114  0  0 100  0  0
 0  0      0 202300  88904 1291104    0    0     0     3   57   95  0  0 100  0  0
 0  0      0 202300  88904 1291104    0    0     0     6   63  101  0  0 100  0  0
 0  0      0 202300  88904 1291104    0    0     0     5   57   95  0  0 100  0  0
 1  0      0 201824  88904 1291116    0    0     0     9  152  230  3  1 97  0  0
