procs -----------memory---------- ---swap-- -----io---- -system-- ------cpu-----
 r  b   swpd   free   buff  cache   si   so    bi    bo   in   cs us sy id wa st
 2  0      0 196072  89384 1301556    0    0     1     7   11   13  0  0 100  0  0
 0  0      0 196072  89384 1301568    0    0     0    15   73  121  0  0 100  0  0
 0  0      0 196072  89384 1301568    0    0     0     0   65  103  0  0 100  0  0
 0  0      0 196072  89384 1301568    0    0     0     2   62   99  0  0 100  0  0
 0  0      0 196072  89384 1301568    0    0     0    18   59   96  0  0 100  0  0
 0  0      0 196072  89384 1301568    0    0     0     3   63  100  0  0 100  0  0
 0  0      0 196072  89384 1301568    0    0     0   448  110  187  0  0 99  1  0
 0  0      0 196072  89384 1301568    0    0     0    10   62   99  0  0 100  0  0
 0  0      0 196072  89384 1301568    0    0     0     1   59   99  0  0 100  0  0
 0  0      0 196072  89384 1301568    0    0     0     4   60   99  0  0 100  0  0
 0  0      0 196072  89384 1301568    0    0     0     0   66  104  0  0 100  0  0
 0  0      0 196072  89384 1301568    0    0     0    14   60   99  0  0 100  0  0
 0  0      0 196072  89384 1301568    0    0     0     3   58   97  0  0 100  0  0
 0  0      0 196072  89384 1301568    0    0     0     2   63   99  0  0 100  0  0
 0  0      0 196072  89384 1301568    0    0     0     6   74  110  0  0 100  0  0
 0  0      0 196072  89384 1301568    0    0     0     5   62  100  0  0 100  0  0
 0  0      0 196072  89384 1301568    0    0     0     2   66  104  0  0 100  0  0
 0  0      0 196072  89384 1301568    0    0     0    56   64  105  0  0 100  0  0
 0  0      0 196072  89384 1301568    0    0     0     5   69  109  0  0 100  0  0
