procs -----------memory---------- ---swap-- -----io---- -system-- ------cpu-----
 r  b   swpd   free   buff  cache   si   so    bi    bo   in   cs us sy id wa st
 1  0      0 170888  75096 1118540    0    0     2    12   11    9  6  1 93  0  1
 0  0      0 170888  75096 1118524    0    0     0    13  174  270  1  0 99  0  0
 0  0      0 170888  75096 1118524    0    0     0     6  247  372  1  0 99  0  0
 0  0      0 170888  75096 1118660    0    0     0     6  343  515  1  0 98  0  0
 0  0      0 170888  75096 1118664    0    0     0   212  427  636  1  1 98  0  0
 0  0      0 170888  75096 1118668    0    0     0    10  404  604  1  0 99  0  0
 0  0      0 170888  75096 1118672    0    0     0   187  428  639  2  0 98  0  0
 0  0      0 170888  75096 1118680    0    0     0    16  396  591  1  1 98  0  0
 0  0      0 170888  75096 1118680    0    0     0    10  411  618  1  1 98  0  0
 0  0      0 170888  75096 1118688    0    0     0     6  386  579  1  0 98  0  0
 0  0      0 170888  75096 1118688    0    0     0     6  411  615  2  0 97  0  1
 0  0      0 170888  75096 1118696    0    0     0    10  421  620  1  0 98  0  0
 1  0      0 170888  75096 1118828    0    0     0    63  439  650  1  0 98  0  0
 0  0      0 170888  75096 1118836    0    0     0    15  426  644  1  1 98  0  0
 0  0      0 170888  75096 1118964    0    0     0    10  393  583  1  1 98  0  0
 0  0      0 170888  75096 1118972    0    0     0     6  422  624  1  0 98  0  0
 0  0      0 170888  75096 1118976    0    0     0     6  376  557  1  0 98  0  0
 0  0      0 170888  75096 1119108    0    0     0     6  311  471  1  0 99  0  0
 0  0      0 170888  75096 1119108    0    0     0    14  178  267  0  0 99  0  0
