procs -----------memory---------- ---swap-- -----io---- -system-- ------cpu-----
 r  b   swpd   free   buff  cache   si   so    bi    bo   in   cs us sy id wa st
 1  0      0 172344  75152 1126268    0    0     2    12   11    9  6  1 93  0  1
 0  0      0 172344  75152 1126332    0    0     0    11  135  206  0  0 99  0  0
 0  0      0 172344  75152 1126332    0    0     0   240  210  303  1  0 99  0  0
 0  0      0 172344  75152 1126340    0    0     0    19  236  336  1  0 98  0  0
 0  0      0 172344  75152 1126340    0    0     0     6  284  415  1  0 99  0  0
 0  0      0 172344  75152 1126348    0    0     0   219  293  436  0  0 99  0  0
 0  0      0 172344  75152 1126352    0    0     0     6  288  428  1  0 99  0  0
 0  0      0 172344  75152 1126352    0    0     0     9  279  409  1  0 98  0  0
 0  0      0 172344  75152 1126360    0    0     0    62  287  420  1  0 98  0  0
 0  0      0 172344  75152 1126364    0    0     0     6  277  408  1  0 99  0  0
 0  0      0 172344  75152 1126496    0    0     0    16  291  419  1  0 99  0  0
 0  0      0 172344  75152 1126500    0    0     0    50  278  407  1  0 99  0  0
 0  0      0 172344  75156 1126632    0    0     0     6  276  409  1  0 99  0  0
 0  0      0 172344  75156 1126636    0    0     0     6  269  402  1  0 98  0  1
 0  0      0 172344  75156 1126644    0    0     0     6  293  430  1  1 99  0  0
 0  0      0 172344  75156 1126648    0    0     0     6  284  415  1  0 99  0  0
 0  0      0 172344  75156 1126648    0    0     0     6  264  388  1  0 99  0  0
 0  0      0 172344  75156 1126656    0    0     0    53  212  313  0  0 99  0  0
 0  0      0 172344  75156 1126656    0    0     0    18  121  185  1  0 99  0  0
