procs -----------memory---------- ---swap-- -----io---- -system-- ------cpu-----
 r  b   swpd   free   buff  cache   si   so    bi    bo   in   cs us sy id wa st
 1  0      0 446380   2168 307916    0    0     3    12  261  320  1  0 99  0  0
 0  0      0 437812   2168 307924    0    0     0     2  345  529  2  1 97  0  0
 0  0      0 432784   2168 307932    0    0     0     7  435  754  2  2 96  0  0
 0  0      0 432784   2168 307932    0    0     0     1  455  804  1  1 98  0  0
 0  0      0 432784   2168 307932    0    0     0     2  473  836  1  1 97  0  0
 0  0      0 432784   2168 307932    0    0     0     1  475  835  2  1 96  0  0
 0  0      0 432784   2168 307932    0    0     0    29  520  916  1  1 98  0  0
 0  0      0 432784   2168 307932    0    0     0     3  514  920  1  1 98  0  0
 0  0      0 432784   2168 307936    0    0     0   334  521  934  1  1 98  0  0
 0  0      0 432784   2168 307936    0    0     0     0  484  853  1  1 98  0  0
 0  0      0 432784   2168 307936    0    0     0     3  494  875  1  1 98  0  0
 0  0      0 432532   2168 307936    0    0     0     1  466  826  1  1 97  0  1
 0  0      0 432280   2168 307936    0    0     0    25  506  888  1  1 97  0  0
 0  0      0 432280   2168 307936    0    0     0     1  498  876  2  1 97  0  0
 0  0      0 432280   2168 307936    0    0     0     3  486  859  1  0 98  0  0
 0  0      0 432280   2168 307940    0    0     0     0  491  870  1  1 97  0  0
 0  0      0 431776   2168 307940    0    0     0     2  496  876  1  1 97  0  0
 0  0      0 431524   2168 307940    0    0     0     3  411  724  1  1 98  0  0
 0  0      0 431272   2168 307940    0    0     0    10  295  526  1  1 99  0  0
