procs -----------memory---------- ---swap-- -----io---- -system-- ------cpu-----
 r  b   swpd   free   buff  cache   si   so    bi    bo   in   cs us sy id wa st
 1  0      0 444744   2168 315044    0    0     3    11  276  347  1  0 99  0  0
 0  0      0 436176   2168 315048    0    0     0     3  342  554  1  0 98  0  0
 0  0      0 435420   2168 315052    0    0     0    25  369  656  0  0 99  0  0
 0  0      0 434916   2168 315052    0    0     0     0  403  711  0  0 99  0  0
 0  0      0 434412   2168 315052    0    0     0     3  464  817  0  0 100  0  0
 0  0      0 434160   2168 315052    0    0     0     1  448  779  1  0 99  0  0
 0  0      0 434160   2168 315052    0    0     0     1  443  774  0  0 99  0  0
 0  0      0 433908   2168 315052    0    0     0     3  425  741  0  0 99  0  0
 0  0      0 433656   2168 315052    0    0     0    13  476  826  0  0 99  0  0
 0  0      0 433404   2168 315056    0    0     0     0  460  814  0  0 99  0  1
 0  0      0 432648   2168 315056    0    0     0     4  507  897  1  0 99  0  0
 0  0      0 432648   2168 315056    0    0     0     1  506  901  0  0 99  0  0
 0  0      0 427608   2168 315064    0    0     0     7  565  997  1  1 98  0  0
 0  0      0 427608   2168 315064    0    0     0   365  527  948  1  0 99  0  0
 0  0      0 427608   2168 315064    0    0     0     7  491  860  0  0 99  0  0
 0  0      0 427608   2168 315064    0    0     0     0  494  869  0  0 99  0  0
 0  0      0 427608   2168 315068    0    0     0     1  539  939  0  0 99  0  0
 0  0      0 427608   2168 315068    0    0     0     4  461  828  0  0 99  0  0
 0  0      0 427608   2168 315068    0    0     0     1  355  653  0  0 100  0  0
