procs -----------memory---------- ---swap-- -----io---- -system-- ------cpu-----
 r  b   swpd   free   buff  cache   si   so    bi    bo   in   cs us sy id wa st
 2  0      0 190224  89384 1304496    0    0     1     7   11   13  0  0 100  0  0
 0  0      0 190224  89384 1304512    0    0     0   403  103  184  0  0 99  1  0
 1  0      0 190224  89384 1304512    0    0     0    12   65  106  0  0 100  0  0
 0  0      0 190224  89384 1304512    0    0     0     1   64  101  0  0 100  0  0
 0  0      0 190224  89384 1304512    0    0     0     3   59   99  0  0 100  0  0
 0  0      0 190224  89384 1304512    0    0     0     0   53   94  0  0 100  0  0
 0  0      0 190224  89384 1304512    0    0     0     6   69  109  0  0 100  0  0
 0  0      0 190224  89384 1304512    0    0     0    26   59   97  0  0 100  0  0
 0  0      0 190224  89384 1304512    0    0     0     4   62  100  0  0 100  0  0
 0  0      0 190224  89384 1304512    0    0     0     0   57   95  0  0 100  0  0
 0  0      0 190224  89384 1304512    0    0     0     4   67  109  0  0 100  0  0
 0  0      0 190224  89384 1304512    0    0     0     3   55   96  0  0 100  0  0
 0  0      0 190224  89384 1304512    0    0     0     0   53   96  0  0 100  0  0
 0  0      0 190224  89384 1304512    0    0     0     2   55   96  0  0 100  0  0
 1  0      0 190224  89384 1304512    0    0     0     3   60  100  0  0 100  0  0
 0  0      0 190224  89384 1304512    0    0     0     2   66  105  0  0 100  0  0
 0  0      0 190224  89384 1304512    0    0     0     1   55   95  0  0 100  0  0
 0  0      0 190224  89384 1304512    0    0     0     3   54   95  0  0 100  0  0
 0  0      0 190224  89384 1304512    0    0     0     0   66  105  0  0 100  0  0
