procs -----------memory---------- ---swap-- -----io---- -system-- ------cpu-----
 r  b   swpd   free   buff  cache   si   so    bi    bo   in   cs us sy id wa st
 2  0      0 192576  88908 1297836    0    0     1     7   11   13  0  0 100  0  0
 0  0      0 192576  88908 1297852    0    0     0    17   74  127  0  0 100  0  0
 0  0      0 192576  88908 1297852    0    0     0     0   67  105  0  0 100  0  0
 1  0      0 192576  88908 1297852    0    0     0    23   65  105  0  0 100  0  0
 0  0      0 192576  88908 1297852    0    0     0    12   56   97  0  0 100  0  0
 0  0      0 192576  88908 1297852    0    0     0     6   60   97  0  0 100  0  0
 0  0      0 192576  88908 1297852    0    0     0     0   67  105  0  0 100  0  0
 0  0      0 192576  88908 1297852    0    0     0   435  108  190  0  0 99  0  0
 0  0      0 192576  88908 1297852    0    0     0     6   58   95  0  0 100  0  0
 0  0      0 192576  88908 1297852    0    0     0     1   58   96  0  0 100  0  0
 0  0      0 192576  88908 1297852    0    0     0    13   69  106  0  0 100  0  0
 0  0      0 192576  88908 1297852    0    0     0     0   59   97  0  0 100  0  0
 0  0      0 192576  88908 1297852    0    0     0     2   57   96  0  0 100  0  0
 0  0      0 192576  88908 1297852    0    0     0     0   53   95  0  0 100  0  0
 0  0      0 192576  88908 1297852    0    0     0     3   67  105  0  0 100  0  0
 0  0      0 192576  88908 1297852    0    0     0     6   71  110  0  0 100  0  0
 0  0      0 192576  88908 1297852    0    0     0     0   63  102  0  0 100  0  0
 0  0      0 192576  88908 1297852    0    0     0     3   62  100  0  0 100  0  0
 0  0      0 192576  88908 1297852    0    0     0     2   67  105  0  0 100  0  0
