procs -----------memory---------- ---swap-- -----io---- -system-- ------cpu-----
 r  b   swpd   free   buff  cache   si   so    bi    bo   in   cs us sy id wa st
 1  0      0 186004  89384 1303948    0    0     1     7   11   13  0  0 100  0  0
 0  0      0 186004  89384 1303960    0    0     0    18   76  131  0  0 100  0  0
 0  0      0 186004  89384 1303960    0    0     0     3   56   97  0  0 100  0  0
 0  0      0 186004  89384 1303960    0    0     0     0   58   98  0  0 100  0  0
 0  0      0 186004  89384 1303960    0    0     0   126   70  120  0  0 100  0  0
 0  0      0 186004  89384 1303960    0    0     0    10   70  109  0  0 100  0  0
 0  0      0 186004  89384 1303960    0    0     0     0   58   98  0  0 100  0  0
 0  0      0 186004  89384 1303960    0    0     0     2   58  101  0  0 100  0  0
 0  0      0 186004  89384 1303960    0    0     0     0   57   96  0  0 100  0  0
 0  0      0 186004  89384 1303960    0    0     0     2   67  109  0  0 100  0  0
 0  0      0 186004  89384 1303960    0    0     0     0   58   98  0  0 100  0  0
 0  0      0 186004  89384 1303960    0    0     0     4   58   96  0  0 100  0  0
 0  0      0 186004  89384 1303960    0    0     0    10   59   98  0  0 100  0  0
 0  0      0 186004  89384 1303960    0    0     0     2   64  103  0  0 100  0  0
 0  0      0 186004  89384 1303960    0    0     0     7   65  102  0  0 100  0  0
 0  0      0 186004  89384 1303960    0    0     0     5   58   97  0  0 100  0  0
 0  0      0 186004  89384 1303960    0    0     0     5   61  102  0  0 100  0  0
 0  0      0 186004  89384 1303960    0    0     0     2   68  107  0  0 100  0  0
 0  0      0 186004  89384 1303960    0    0     0     6   61  102  0  0 100  0  0
