procs -----------memory---------- ---swap-- -----io---- -system-- ------cpu-----
 r  b   swpd   free   buff  cache   si   so    bi    bo   in   cs us sy id wa st
 1  0      0 180608  89844 1316588    0    0     1     8   12   14  0  0 100  0  0
 0  0      0 180608  89844 1316588    0    0     0     2   78  135  0  0 100  0  0
 0  0      0 180608  89844 1316588    0    0     0    10   54   94  0  0 100  0  0
 0  0      0 180608  89844 1316588    0    0     0     0   62  104  0  0 100  0  0
 0  0      0 180608  89844 1316588    0    0     0     2   54   96  0  0 100  0  0
 0  0      0 180608  89844 1316588    0    0     0   566  127  222  0  0 99  1  0
 0  0      0 180608  89844 1316588    0    0     0    10   53   94  0  0 100  0  0
 0  0      0 180608  89844 1316588    0    0     0     2   67  109  0  0 100  0  0
 0  0      0 180608  89844 1316588    0    0     0     5   57   96  0  0 100  0  0
 0  0      0 180608  89844 1316588    0    0     0     3   57   98  0  0 100  0  0
 0  0      0 180608  89844 1316588    0    0     0     0   55   97  0  0 100  0  0
 0  0      0 180608  89844 1316588    0    0     0     2   64  104  0  0 100  0  0
 1  0      0 180608  89844 1316588    0    0     0     9   58   97  0  0 100  0  0
 0  0      0 180608  89844 1316588    0    0     0     3   57  102  0  0 100  0  0
 0  0      0 180608  89844 1316588    0    0     0     2   59   98  0  0 100  0  0
 0  0      0 180608  89844 1316588    0    0     0     3   65  107  0  0 100  0  0
 0  0      0 180608  89844 1316588    0    0     0     0   54   97  0  0 100  0  0
 0  0      0 180608  89844 1316588    0    0     0     2   58   99  0  0 100  0  0
 0  0      0 180608  89844 1316588    0    0     0     0   56   95  0  0 100  0  0
 1  0      0 178112  89844 1316600    0    0     0     5  151  233  3  1 97  0  0
