procs -----------memory---------- ---swap-- -----io---- -system-- ------cpu-----
 r  b   swpd   free   buff  cache   si   so    bi    bo   in   cs us sy id wa st
 1  0      0 238084  73928 1074012    0    0     2    11    9    6  6  1 92  0  1
 0  0      0 239848  73928 1074152    0    0     0    12  202  316  1  0 99  0  0
 0  0      0 239848  73928 1074152    0    0     0     0  292  443  1  0 98  0  0
 0  0      0 239848  73928 1074156    0    0     0     6  388  590  3  1 96  0  1
 0  0      0 239596  73928 1074160    0    0     0     6  522  789  3  1 96  0  1
 0  0      0 239596  73928 1074164    0    0     0    10  499  758  3  1 96  0  0
 0  0      0 239596  73928 1074172    0    0     0   428  530  819  3  1 96  0  0
 0  0      0 239372  73928 1074172    0    0     0    75  515  783  2  1 96  0  1
 0  0      0 239372  73928 1074180    0    0     0     6  504  758  3  1 96  0  0
 0  0      0 239148  73928 1074184    0    0     0     6  508  775  3  0 96  0  0
 0  0      0 239148  73928 1074188    0    0     0     6  486  736  3  0 97  0  0
 0  0      0 239148  73928 1074256    0    0     0    10  486  729  3  1 96  0  0
 0  0      0 239148  73928 1074264    0    0     0    42  520  795  3  1 96  0  1
 0  0      0 239148  73928 1074264    0    0     0    18  490  741  3  1 96  0  0
 0  0      0 239148  73928 1074400    0    0     0     9  486  739  3  1 96  0  0
 0  0      0 239148  73928 1074400    0    0     0     6  512  771  3  0 93  0  3
 0  0      0 239148  73928 1074536    0    0     0    79  470  719  3  0 96  0  1
 0  0      0 239148  73928 1074536    0    0     0    11  347  530  2  1 97  0  0
 1  0      0 239148  73928 1074540    0    0     0    39  222  351  1  0 98  0  0
