procs -----------memory---------- ---swap-- -----io---- -system-- ------cpu-----
 r  b   swpd   free   buff  cache   si   so    bi    bo   in   cs us sy id wa st
 1  0      0 687796  49300 545492    0    0     6   529   19    2  6  1 91  0  2
 0  0      0 687572  49308 545528    0    0     0   298  253  376  1  0 99  0  0
 0  0      0 687572  49308 545564    0    0     0     2  318  447  1  0 99  0  0
 0  0      0 687572  49312 545624    0    0     0    25  395  565  1  0 99  0  0
 0  0      0 687324  49312 545692    0    0     0    29  461  677  1  0 98  0  0
 0  0      0 687324  49320 545752    0    0     0   259  521  757  1  0 98  0  0
 0  0      0 687324  49324 545824    0    0     0   111  486  695  1  1 98  0  0
 0  0      0 687324  49328 545892    0    0     0    40  481  699  1  1 98  0  0
 0  0      0 687324  49332 546100    0    0     0   142  513  752  1  1 95  0  3
 0  0      0 687324  49336 546164    0    0     0    40  481  693  1  1 98  0  0
 0  0      0 687324  49340 546244    0    0     0    53  493  702  1  0 99  0  0
 0  0      0 687324  49348 546320    0    0     0   293  546  792  1  1 98  0  0
 0  0      0 687324  49352 546384    0    0     0    38  454  672  1  0 99  0  0
 0  0      0 687324  49360 546456    0    0     0    38  487  722  1  1 99  0  0
 0  0      0 687324  49368 546656    0    0     0    35  487  700  1  1 98  0  0
 0  0      0 687324  49372 546728    0    0     0    40  476  695  1  1 98  0  0
 0  0      0 687324  49376 546796    0    0     0    39  524  764  1  1 98  0  0
 0  0      0 687324  49384 546856    0    0     0   152  388  536  1  0 99  0  0
 0  0      0 687324  49388 547008    0    0     0   168  247  347  1  0 99  0  0
