procs -----------memory---------- ---swap-- -----io---- -system-- ------cpu-----
 r  b   swpd   free   buff  cache   si   so    bi    bo   in   cs us sy id wa st
 3  0      0 765652  42272 490468    0    0     6   532   17   20  6  1 91  0  2
 0  0      0 765652  42280 490536    0    0     0    48  206  315  1  0 99  0  0
 0  0      0 765652  42284 490568    0    0     0    55  309  464  1  0 98  0  0
 0  0      0 765652  42292 490612    0    0     0    26  417  626  2  0 97  0  0
 0  0      0 765652  42296 490680    0    0     0    32  525  784  2  1 97  0  0
 0  0      0 765400  42300 490756    0    0     0   234  542  813  3  0 97  0  0
 0  0      0 765400  42308 490816    0    0     0    36  553  794  4  1 89  0  6
 1  0      0 765400  42312 490892    0    0     0   237  594  883  3  1 96  0  0
 0  0      0 765400  42312 490952    0    0     0   116  535  789  3  0 96  0  0
 0  0      0 765400  42312 491016    0    0     0    43  525  780  2  1 97  0  0
 0  0      0 765400  42320 491096    0    0     0    46  534  795  3  0 97  0  0
 0  0      0 765148  42324 491156    0    0     0   228  574  847  2  1 96  0  0
 0  0      0 765148  42328 491364    0    0     0    33  558  829  3  1 96  0  0
 0  0      0 765148  42328 491420    0    0     0    38  526  789  2  1 97  0  0
 0  0      0 765148  42336 491500    0    0     0    34  551  826  2  1 97  0  0
 1  0      0 764924  42340 491568    0    0     0    32  536  803  3  0 97  0  0
 0  0      0 764924  42344 491636    0    0     0    36  521  782  2  1 97  0  0
 0  0      0 764672  42352 491772    0    0     0   128  398  580  2  0 97  0  0
 0  0      0 764672  42356 491804    0    0     0   155  266  389  1  0 97  0  2
