procs -----------memory---------- ---swap-- -----io---- -system-- ------cpu-----
 r  b   swpd   free   buff  cache   si   so    bi    bo   in   cs us sy id wa st
 1  0      0 181828  89620 1305496    0    0     1     7   11   13  0  0 100  0  0
 0  0      0 181908  89620 1305508    0    0     0    15   71  132  0  0 100  0  0
 0  0      0 181908  89620 1305508    0    0     0     0   59   99  0  0 100  0  0
 0  0      0 181656  89620 1305508    0    0     0     4   67  109  0  0 100  0  0
 0  0      0 181656  89620 1305508    0    0     0    17   61   99  0  0 100  0  0
 0  0      0 181656  89620 1305508    0    0     0   552  118  219  0  0 99  1  0
 0  0      0 181656  89620 1305508    0    0     0    10   58   97  0  0 100  0  0
 0  0      0 181656  89620 1305508    0    0     0     2   65  106  0  0 100  0  0
 0  0      0 181656  89620 1305508    0    0     0     4   63  109  0  0 100  0  0
 0  0      0 181656  89620 1305508    0    0     0     1   56   95  0  0 100  0  0
 0  0      0 181656  89620 1305508    0    0     0    13   59   98  0  0 100  0  0
 0  0      0 181656  89620 1305508    0    0     0     0   61  104  0  0 100  0  0
 0  0      0 181656  89620 1305508    0    0     0     3   56   97  0  0 100  0  0
 0  0      0 181656  89620 1305508    0    0     0     0   53   94  0  0 100  0  0
 0  0      0 181656  89620 1305508    0    0     0     3   59   98  0  0 100  0  0
 0  0      0 181656  89620 1305508    0    0     0     2   67  106  0  0 100  0  0
 0  0      0 181656  89620 1305508    0    0     0     3   56   96  0  0 100  0  0
 0  0      0 181656  89620 1305508    0    0     0     0   53   93  0  0 100  0  0
 0  0      0 181656  89620 1305508    0    0     0     4   68  103  0  0 100  0  0
