procs -----------memory---------- ---swap-- -----io---- -system-- ------cpu-----
 r  b   swpd   free   buff  cache   si   so    bi    bo   in   cs us sy id wa st
 1  0      0 448960   2168 310256    0    0     3    12  270  332  1  0 99  0  0
 0  0      0 440644   2168 310264    0    0     0     4  343  540  1  1 98  0  1
 0  0      0 439636   2168 310264    0    0     0    24  410  728  0  0 100  0  0
 0  0      0 439384   2168 310264    0    0     0     1  454  810  0  0 100  0  0
 0  0      0 438880   2168 310264    0    0     0     2  518  913  0  0 99  0  0
 0  0      0 438628   2168 310264    0    0     0     1  522  928  0  0 100  0  0
 0  0      0 438628   2168 310264    0    0     0     1  518  918  0  0 99  0  0
 0  0      0 438124   2168 310264    0    0     0     3  529  942  1  0 99  0  0
 0  0      0 437872   2168 310268    0    0     0    30  520  940  1  0 99  0  0
 0  0      0 437872   2168 310268    0    0     0     1  518  932  0  0 99  0  0
 0  0      0 437620   2168 310268    0    0     0     2  510  899  0  0 100  0  0
 0  0      0 437116   2168 310268    0    0     0     1  491  864  0  0 99  0  0
 0  0      0 436864   2168 310268    0    0     0     1  483  864  1  0 98  0  1
 0  0      0 436612   2168 310268    0    0     0     1  456  817  0  0 98  0  1
 0  0      0 436612   2168 310268    0    0     0     6  484  863  0  0 99  0  0
 0  0      0 431584   2168 310280    0    0     0     2  527  933  1  1 98  0  0
 0  0      0 431584   2168 310280    0    0     0   362  492  874  0  0 99  0  0
 0  0      0 431584   2168 310280    0    0     0     3  418  751  0  0 100  0  0
 0  0      0 431584   2168 310280    0    0     0     1  304  554  0  0 99  0  0
