procs -----------memory---------- ---swap-- -----io---- -system-- ------cpu-----
 r  b   swpd   free   buff  cache   si   so    bi    bo   in   cs us sy id wa st
 1  0      0 454200   2168 305700    0    0     3    12  241  303  0  0 99  0  0
 0  0      0 446640   2168 305704    0    0     0     3  345  543  2  1 97  0  0
 0  0      0 446136   2168 305704    0    0     0    22  339  582  1  1 98  0  0
 0  0      0 445380   2168 305704    0    0     0     0  388  709  1  1 98  0  0
 0  0      0 444876   2168 305704    0    0     0     1  464  831  2  1 97  0  0
 0  0      0 444876   2168 305708    0    0     0     4  452  805  1  1 98  0  0
 0  0      0 444372   2168 305708    0    0     0     1  463  823  1  1 98  0  0
 0  0      0 444372   2168 305708    0    0     0     1  448  787  2  1 97  0  0
 0  0      0 444372   2168 305708    0    0     0    31  440  785  1  0 98  0  0
 0  0      0 443364   2168 305708    0    0     0     0  458  819  1  1 98  0  0
 0  0      0 443364   2168 305708    0    0     0     1  453  812  1  0 98  0  0
 0  0      0 443364   2168 305708    0    0     0     3  440  784  1  0 99  0  0
 0  0      0 442860   2168 305712    0    0     0     2  450  798  1  0 98  0  0
 1  0      0 442860   2168 305712    0    0     0     1  451  809  1  1 98  0  0
 0  0      0 442860   2168 305712    0    0     0     6  441  786  1  1 98  0  0
 0  0      0 442356   2168 305712    0    0     0     0  417  742  1  1 98  0  0
 0  0      0 442356   2168 305712    0    0     0     1  461  824  1  0 99  0  0
 0  0      0 436348   2168 305716    0    0     0     1  439  778  1  1 98  0  0
 0  0      0 436348   2168 305716    0    0     0     4  299  536  1  1 98  0  0
