procs -----------memory---------- ---swap-- -----io---- -system-- ------cpu-----
 r  b   swpd   free   buff  cache   si   so    bi    bo   in   cs us sy id wa st
 2  0      0 201976  88908 1295924    0    0     1     7   11   13  0  0 100  0  0
 0  0      0 201976  88908 1295924    0    0     0    15   82  136  0  0 100  0  0
 0  0      0 201976  88908 1295924    0    0     0     0   54   95  0  0 100  0  0
 0  0      0 201976  88908 1295924    0    0     0     3   61   99  0  0 100  0  0
 0  0      0 201976  88908 1295924    0    0     0   276   90  157  0  0 100  0  0
 0  0      0 201976  88908 1295924    0    0     0   278   95  160  0  0 100  0  0
 0  0      0 201976  88908 1295924    0    0     0     4   62   99  0  0 100  0  0
 0  0      0 201976  88908 1295924    0    0     0     2   60  101  0  0 100  0  0
 0  0      0 201976  88908 1295924    0    0     0    22   60   97  0  0 100  0  0
 0  0      0 201976  88908 1295924    0    0     0     2   67  104  0  0 100  0  0
 0  0      0 201976  88908 1295924    0    0     0     3   68  109  0  0 100  0  0
 0  0      0 201976  88908 1295924    0    0     0     0   58   97  0  0 100  0  0
 0  0      0 201976  88908 1295924    0    0     0     2   59   96  0  0 100  0  0
 0  0      0 201976  88908 1295924    0    0     0     0   69  105  0  0 100  0  0
 0  0      0 201976  88908 1295924    0    0     0     3   59   96  0  0 100  0  0
 0  0      0 201976  88908 1295924    0    0     0     1   59   97  0  0 100  0  0
 0  0      0 201976  88908 1295924    0    0     0     5   61   95  0  0 100  0  0
 0  0      0 201976  88908 1295924    0    0     0     0   65  106  0  0 100  0  0
 0  0      0 201976  88908 1295924    0    0     0     2   57   95  0  0 100  0  0
 1  0      0 192904  88908 1295936    0    0     0     0  130  203  2  1 97  0  0
