procs -----------memory---------- ---swap-- -----io---- -system-- ------cpu-----
 r  b   swpd   free   buff  cache   si   so    bi    bo   in   cs us sy id wa st
 3  0      0 247756  74012 1077988    0    0     2    11    9    7  6  1 92  0  1
 0  0      0 247756  74012 1078032    0    0     0    17  201  308  1  0 99  0  0
 0  0      0 247756  74012 1078036    0    0     0     6  291  447  2  0 98  0  0
 0  0      0 247756  74012 1078040    0    0     0     6  395  594  2  1 96  0  1
 0  0      0 247756  74012 1078040    0    0     0   202  532  816  3  1 96  0  0
 0  0      0 247756  74012 1078048    0    0     0    24  519  783  3  1 95  0  1
 0  0      0 247756  74012 1078048    0    0     0   220  502  775  3  0 97  0  0
 0  0      0 247756  74012 1078056    0    0     0    21  508  756  4  1 90  0  6
 0  0      0 247756  74012 1078060    0    0     0     6  528  813  3  1 95  0  1
 1  0      0 247756  74012 1078064    0    0     0     6  503  761  3  0 95  0  1
 0  0      0 247756  74016 1078192    0    0     0     6  506  773  4  0 95  0  1
 0  0      0 247756  74016 1078204    0    0     0     6  488  735  3  0 96  0  1
 0  0      0 247532  74016 1078204    0    0     0    81  506  760  3  1 95  0  0
 0  0      0 247532  74016 1078212    0    0     0    18  504  772  3  1 96  0  0
 0  0      0 247532  74016 1078216    0    0     0     1  485  742  3  0 96  0  0
 0  0      0 247532  74016 1078220    0    0     0    50  495  753  3  1 95  0  1
 0  0      0 247532  74016 1078224    0    0     0    11  461  708  3  1 95  0  1
 0  0      0 247532  74016 1078228    0    0     0     6  354  539  2  1 97  0  1
 0  0      0 247532  74016 1078228    0    0     0     6  206  318  1  0 98  0  0
