procs -----------memory---------- ---swap-- -----io---- -system-- ------cpu-----
 r  b   swpd   free   buff  cache   si   so    bi    bo   in   cs us sy id wa st
 3  0      0 188176  89384 1302876    0    0     1     7   11   13  0  0 100  0  0
 0  0      0 188248  89384 1302892    0    0     0    15   76  131  0  0 100  0  0
 0  0      0 188248  89384 1302892    0    0     0     0   64  102  0  0 100  0  0
 0  0      0 188248  89384 1302892    0    0     0     2   58   99  0  0 100  0  0
 0  0      0 188248  89384 1302892    0    0     0   570  112  203  0  0 99  1  0
 0  0      0 188248  89384 1302892    0    0     0    10   70  109  0  0 100  0  0
 0  0      0 188248  89384 1302892    0    0     0     3   56   95  0  0 100  0  0
 0  0      0 188248  89384 1302892    0    0     0     2   63  102  0  0 100  0  0
 0  0      0 188248  89384 1302892    0    0     0    22   62   98  0  0 100  0  0
 0  0      0 188500  89384 1302892    0    0     0     5   80  116  0  0 100  0  0
 0  0      0 188500  89384 1302892    0    0     0    60  136  177  0  0 100  0  0
 0  0      0 188500  89384 1302892    0    0     0   110  151  185  0  0 100  0  0
 0  0      0 188500  89384 1302892    0    0     0    55  133  177  0  0 100  0  0
 0  0      0 188500  89384 1302892    0    0     0   139  143  190  0  0 100  0  0
 0  0      0 188500  89384 1302892    0    0     0     1   97  133  0  0 100  0  0
 0  0      0 188500  89384 1302896    0    0     0     4  105  144  0  0 100  0  0
 0  0      0 188500  89384 1302896    0    0     0    30   87  128  0  0 100  0  0
 0  0      0 188500  89384 1302896    0    0     0     1   85  126  0  0 100  0  0
 0  0      0 188500  89384 1302896    0    0     0     3   54   93  0  0 100  0  0
