procs -----------memory---------- ---swap-- -----io---- -system-- ------cpu-----
 r  b   swpd   free   buff  cache   si   so    bi    bo   in   cs us sy id wa st
 1  0      0 421184   2168 313056    0    0     3    11  276  344  1  0 99  0  0
 0  0      0 420428   2168 313064    0    0     0   328  385  647  2  0 98  0  0
 0  0      0 419924   2168 313064    0    0     0     1  364  647  0  0 100  0  0
 0  0      0 419672   2168 313064    0    0     0    21  427  766  0  0 100  0  0
 0  0      0 419672   2168 313064    0    0     0     1  479  848  0  0 99  0  0
 0  0      0 419420   2168 313068    0    0     0     1  501  888  0  0 99  0  0
 0  0      0 419420   2168 313068    0    0     0     4  520  923  0  0 99  0  0
 0  0      0 419168   2168 313072    0    0     0     7  510  905  1  0 99  0  0
 0  0      0 419168   2168 313072    0    0     0     2  489  857  0  0 99  0  0
 0  0      0 419168   2168 313072    0    0     0    34  512  912  0  0 99  0  0
 0  0      0 418664   2168 313072    0    0     0     1  511  894  0  0 99  0  0
 0  0      0 418664   2168 313072    0    0     0     1  511  914  0  0 100  0  0
 0  0      0 418664   2168 313072    0    0     0     1  516  919  0  0 99  0  0
 0  0      0 418412   2168 313076    0    0     0     3  510  901  0  0 99  0  0
 0  0      0 418412   2168 313076    0    0     0     1  510  907  0  0 100  0  0
 0  0      0 418160   2168 313080    0    0     0     6  535  948  0  0 99  0  0
 0  0      0 417656   2168 313080    0    0     0     2  485  850  1  0 98  0  1
 0  0      0 417656   2168 313080    0    0     0     1  398  714  0  0 100  0  0
 0  0      0 417404   2168 313080    0    0     0     1  315  567  0  0 100  0  0
