procs -----------memory---------- ---swap-- -----io---- -system-- ------cpu-----
 r  b   swpd   free   buff  cache   si   so    bi    bo   in   cs us sy id wa st
 1  0      0 667336  50136 552764    0    0     6   529   19    2  6  1 91  0  2
 0  0      0 669384  50144 552856    0    0     0    50  183  254  1  0 99  0  0
 0  0      0 669888  50148 553148    0    0     0    22  259  342  1  0 99  0  0
 0  0      0 669952  50148 553380    0    0     0    30  317  404  1  0 99  0  0
 0  0      0 669916  50152 553712    0    0     0   257  447  571  1  1 98  0  0
 0  0      0 669768  50152 554040    0    0     0    41  419  537  1  0 99  0  0
 0  0      0 669768  50152 554368    0    0     0   390  443  572  1  1 98  0  0
 0  0      0 669768  50152 554692    0    0     0    59  408  524  1  1 98  0  0
 0  0      0 669768  50152 555024    0    0     0    77  416  528  1  1 99  0  0
 0  0      0 669768  50160 555352    0    0     0    87  410  532  1  0 99  0  0
 0  0      0 669768  50164 555676    0    0     0   111  419  533  1  1 98  0  0
 0  0      0 669768  50164 556136    0    0     0   106  411  534  1  1 99  0  0
 0  0      0 669516  50172 556468    0    0     0    42  426  544  1  1 98  0  0
 0  0      0 669516  50180 556792    0    0     0   219  431  554  1  0 98  0  0
 0  0      0 669264  50180 557120    0    0     0   238  405  523  1  1 97  0  1
 0  0      0 669264  50184 557432    0    0     0   104  418  534  1  1 96  0  2
 0  0      0 669264  50184 557776    0    0     0   106  418  543  1  1 98  0  0
 0  0      0 669264  50188 557984    0    0     0   106  318  408  1  0 99  0  0
 0  0      0 669264  50188 558112    0    0     0    95  200  260  0  0 99  0  0
