procs -----------memory---------- ---swap-- -----io---- -system-- ------cpu-----
 r  b   swpd   free   buff  cache   si   so    bi    bo   in   cs us sy id wa st
 1  0      0 179624  75056 1114680    0    0     2    12   11    8  6  1 93  0  1
 0  0      0 179624  75056 1114672    0    0     0   236  168  254  0  0 99  0  0
 1  0      0 179624  75056 1114680    0    0     0    10  214  314  1  0 99  0  0
 0  0      0 179624  75060 1114680    0    0     0   214  275  405  0  0 99  0  0
 0  0      0 179624  75060 1114684    0    0     0    10  322  458  1  0 99  0  0
 0  0      0 179624  75060 1114692    0    0     0     6  325  466  1  1 99  0  0
 0  0      0 179624  75060 1114692    0    0     0     6  321  455  1  0 98  0  0
 0  0      0 179624  75060 1114700    0    0     0     9  319  458  1  0 99  0  0
 0  0      0 179624  75060 1114704    0    0     0    65  321  461  1  0 99  0  0
 0  0      0 179624  75060 1114704    0    0     0     6  320  458  1  0 97  0  1
 0  0      0 179624  75060 1114712    0    0     0    56  331  474  1  0 98  0  0
 0  0      0 179624  75060 1114844    0    0     0     6  314  454  1  0 99  0  0
 0  0      0 179624  75060 1114848    0    0     0     6  313  453  1  1 98  0  0
 0  0      0 179624  75060 1114852    0    0     0     6  313  454  1  0 99  0  0
 0  0      0 179624  75060 1114860    0    0     0     6  331  476  1  0 98  0  0
 0  0      0 179624  75060 1114860    0    0     0     6  320  462  1  0 99  0  0
 0  0      0 179624  75060 1114868    0    0     0    63  302  438  1  0 99  0  0
 0  0      0 179624  75060 1114868    0    0     0    12  230  334  1  0 99  0  0
 0  0      0 179624  75060 1114868    0    0     0     6  138  212  0  0 99  0  0
