procs -----------memory---------- ---swap-- -----io---- -system-- ------cpu-----
 r  b   swpd   free   buff  cache   si   so    bi    bo   in   cs us sy id wa st
 3  0      0 192424  89384 1304284    0    0     1     7   11   13  0  0 100  0  0
 0  0      0 192172  89384 1304304    0    0     0    16   75  131  0  0 100  0  0
 0  0      0 192172  89384 1304304    0    0     0     2   56   96  0  0 100  0  0
 0  0      0 192172  89384 1304304    0    0     0     3   57   97  0  0 100  0  0
 0  0      0 192172  89384 1304304    0    0     0     0   71  105  0  0 100  0  0
 0  0      0 192172  89384 1304304    0    0     0   554  122  210  0  0 99  1  0
 0  0      0 192172  89384 1304304    0    0     0    10   59   98  0  0 100  0  0
 0  0      0 192172  89384 1304304    0    0     0     2   64  101  0  0 100  0  0
 0  0      0 192172  89384 1304304    0    0     0     5   71  112  0  0 100  0  0
 0  0      0 192172  89384 1304304    0    0     0     3   58   97  0  0 100  0  0
 0  0      0 192172  89384 1304304    0    0     0     0   60   99  0  0 100  0  0
 0  0      0 192172  89384 1304304    0    0     0     2   58   99  0  0 100  0  0
 0  0      0 192172  89384 1304304    0    0     0     8   68  105  0  0 100  0  0
 0  0      0 192172  89384 1304304    0    0     0     3   56   98  0  0 100  0  0
 0  0      0 192172  89384 1304304    0    0     0     2   67  106  0  0 100  0  0
 0  0      0 192172  89384 1304304    0    0     0     3   58   98  0  0 100  0  0
 0  0      0 192172  89384 1304304    0    0     0     0   67  108  0  0 100  0  0
 0  0      0 192172  89384 1304304    0    0     0     2   58   98  0  0 100  0  0
 0  0      0 192172  89384 1304304    0    0     0     0   53   92  0  0 100  0  0
