procs -----------memory---------- ---swap-- -----io---- -system-- ------cpu-----
 r  b   swpd   free   buff  cache   si   so    bi    bo   in   cs us sy id wa st
 1  0      0 181400  89620 1310304    0    0     1     8   12   14  0  0 100  0  0
 0  0      0 181400  89620 1310360    0    0     0    18   77  131  0  0 100  0  0
 0  0      0 181400  89620 1310360    0    0     0    32   68  105  0  0 100  0  0
 0  0      0 181400  89620 1310360    0    0     0   406  106  186  0  0 100  0  0
 0  0      0 181400  89620 1310360    0    0     0    11   57   95  0  0 100  0  0
 0  0      0 181400  89620 1310360    0    0     0     0   66   97  0  0 100  0  0
 0  0      0 181148  89620 1310364    0    0     0     2   74  108  0  0 100  0  0
 0  0      0 181148  89620 1310364    0    0     0     3   65  101  0  0 100  0  0
 0  0      0 181148  89620 1310364    0    0     0     0   59   92  0  0 100  0  0
 0  0      0 181148  89620 1310364    0    0     0     3   66  100  0  0 100  0  0
 0  0      0 181148  89620 1310364    0    0     0    16   78  117  0  0 100  0  0
 0  0      0 181148  89620 1310364    0    0     0     0   63  100  0  0 100  0  0
 0  0      0 181148  89620 1310364    0    0     0     4   66  103  0  0 100  0  0
 0  0      0 181148  89620 1310364    0    0     0     6   91  113  0  0 100  0  0
 0  0      0 181148  89620 1310368    0    0     0     0   91  112  0  0 100  0  0
 0  0      0 181148  89620 1310368    0    0     0     6   65  100  0  0 100  0  0
 0  0      0 181148  89620 1310368    0    0     0     3   60   96  0  0 100  0  0
 0  0      0 181148  89620 1310368    0    0     0     1   65   98  0  0 100  0  0
 0  0      0 181148  89620 1310368    0    0     0     8   73  109  0  0 100  0  0
 1  0      0 180392  89620 1310380    0    0     0     6  146  210  3  1 97  0  0
