procs -----------memory---------- ---swap-- -----io---- -system-- ------cpu-----
 r  b   swpd   free   buff  cache   si   so    bi    bo   in   cs us sy id wa st
 3  0      0 176028  89844 1312208    0    0     1     8   12   14  0  0 100  0  0
 0  0      0 176028  89844 1312212    0    0     0    15   80  138  0  0 100  0  0
 0  0      0 176028  89844 1312212    0    0     0     0   56   97  0  0 100  0  0
 0  0      0 176028  89844 1312212    0    0     0     2   53   94  0  0 100  0  0
 0  0      0 176028  89844 1312212    0    0     0   501  101  182  0  0 99  1  0
 0  0      0 176028  89844 1312212    0    0     0    30   67  108  0  0 100  0  0
 0  0      0 176028  89844 1312212    0    0     0     0   56   98  0  0 100  0  0
 0  0      0 176028  89844 1312212    0    0     0     4   57   96  0  0 100  0  0
 0  0      0 176028  89844 1312212    0    0     0     4   56   98  0  0 100  0  0
 0  0      0 176028  89844 1312212    0    0     0     0   64  105  0  0 100  0  0
 0  0      0 176028  89844 1312212    0    0     0     5   59   99  0  0 100  0  0
 0  0      0 176028  89844 1312212    0    0     0     0   52   93  0  0 100  0  0
 0  0      0 176028  89844 1312212    0    0     0     3   60   99  0  0 100  0  0
 0  0      0 176028  89844 1312212    0    0     0     6   66  104  0  0 100  0  0
 0  0      0 176028  89844 1312212    0    0     0     1   55   96  0  0 100  0  0
 0  0      0 176028  89844 1312212    0    0     0     2   54   95  0  0 100  0  0
 0  0      0 176028  89844 1312212    0    0     0     0   57  100  0  0 100  0  0
 0  0      0 176028  89844 1312212    0    0     0     3   66  106  0  0 100  0  0
 0  0      0 176028  89844 1312212    0    0     0     3   66  111  0  0 100  0  0
