procs -----------memory---------- ---swap-- -----io---- -system-- ------cpu-----
 r  b   swpd   free   buff  cache   si   so    bi    bo   in   cs us sy id wa st
 1  0      0 189560  74976 1110148    0    0     2    12   10    8  6  1 93  0  1
 0  0      0 189560  74976 1110160    0    0     0    11  183  281  0  0 100  0  0
 0  0      0 189560  74976 1110164    0    0     0     6  262  392  1  0 99  0  0
 0  0      0 189560  74976 1110164    0    0     0     7  347  514  1  1 97  0  1
 0  0      0 189560  74976 1110172    0    0     0   438  503  747  1  1 97  0  0
 0  0      0 189560  74976 1110172    0    0     0    14  420  630  2  1 98  0  0
 0  0      0 189560  74976 1110180    0    0     0     6  450  683  1  1 98  0  0
 0  0      0 189560  74976 1110184    0    0     0     7  434  643  2  0 98  0  0
 0  0      0 189560  74976 1110188    0    0     0     8  426  638  1  0 98  0  0
 0  0      0 189560  74976 1110192    0    0     0     9  451  673  1  0 98  0  0
 0  0      0 189560  74980 1110328    0    0     0    59  425  637  1  1 98  0  0
 0  0      0 189560  74980 1110328    0    0     0    15  434  641  1  0 98  0  0
 0  0      0 189560  74980 1110336    0    0     0    47  467  703  2  1 97  0  0
 0  0      0 189560  74980 1110340    0    0     0     6  428  635  1  1 98  0  0
 0  0      0 189560  74980 1110344    0    0     0     6  427  632  2  1 97  0  0
 0  0      0 189560  74980 1110348    0    0     0    43  469  702  2  1 97  0  1
 0  0      0 189560  74980 1110356    0    0     0    11  411  618  1  1 98  0  0
 0  0      0 189560  74980 1110356    0    0     0     6  309  458  1  0 98  0  0
 0  0      0 189560  74980 1110356    0    0     0     6  162  244  0  0 100  0  0
