procs -----------memory---------- ---swap-- -----io---- -system-- ------cpu-----
 r  b   swpd   free   buff  cache   si   so    bi    bo   in   cs us sy id wa st
 1  0      0 200316  88904 1291676    0    0     1     7   11   13  0  0 100  0  0
 0  0      0 200316  88904 1291732    0    0     0    15   73  126  0  0 100  0  0
 0  0      0 200316  88904 1291732    0    0     0     2   82  122  0  0 100  0  0
 0  0      0 200316  88904 1291732    0    0     0     3   61   97  0  0 100  0  0
 0  0      0 200316  88904 1291732    0    0     0   538  114  201  0  0 99  1  0
 0  0      0 200316  88904 1291732    0    0     0    10   61   99  0  0 100  0  0
 0  0      0 200316  88904 1291732    0    0     0     0   62  105  0  0 100  0  0
 0  0      0 200316  88904 1291732    0    0     0     4   61   98  0  0 100  0  0
 0  0      0 200316  88904 1291732    0    0     0    22   57   97  0  0 100  0  0
 0  0      0 200316  88904 1291732    0    0     0     0   60   99  0  0 100  0  0
 0  0      0 200316  88904 1291732    0    0     0     2   68  106  0  0 100  0  0
 0  0      0 200316  88904 1291732    0    0     0     0   57   97  0  0 100  0  0
 0  0      0 200316  88904 1291732    0    0     0     2   55   93  0  0 100  0  0
 0  0      0 200316  88904 1291732    0    0     0     0   57   95  0  0 100  0  0
 0  0      0 200316  88904 1291732    0    0     0     9   67  106  0  0 100  0  0
 0  0      0 200316  88904 1291732    0    0     0     0   56   96  0  0 100  0  0
 0  0      0 200316  88904 1291732    0    0     0     3   55   96  0  0 100  0  0
 0  0      0 200316  88904 1291732    0    0     0     0   59   95  0  0 100  0  0
 0  0      0 200316  88904 1291732    0    0     0     2   68  106  0  0 100  0  0
