procs -----------memory---------- ---swap-- -----io---- -system-- ------cpu-----
 r  b   swpd   free   buff  cache   si   so    bi    bo   in   cs us sy id wa st
 3  0      0 757252  40128 474944    0    0     6   533   17   19  6  1 91  0  2
 0  0      0 757252  40136 474980    0    0     0    52  241  371  1  0 99  0  0
 0  0      0 757252  40140 475012    0    0     0    22  336  499  2  0 98  0  0
 1  0      0 757252  40144 475060    0    0     0    69  518  777  3  0 96  0  0
 0  0      0 757252  40144 475128    0    0     0    32  636  957  4  1 95  0  0
 0  0      0 757252  40148 475192    0    0     0    35  594  912  4  0 96  0  0
 0  0      0 757252  40152 475264    0    0     0   467  638  980  4  1 95  0  0
 0  0      0 757252  40152 475328    0    0     0    36  619  931  3  1 96  0  0
 0  0      0 757028  40160 475400    0    0     0    35  611  938  4  1 94  0  0
 2  0      0 757720  40164 475596    0    0     0    37  624  946  4  1 94  0  0
 0  0      0 757564  40168 475664    0    0     0    33  610  903  5  1 90  0  5
 0  0      0 757088  40172 475728    0    0     0    38  610  920  4  0 95  0  0
 0  0      0 757088  40176 475796    0    0     0   119  645  988  3  0 96  0  0
 0  0      0 757088  40180 476028    0    0    17   164  620  938  4  1 95  0  0
 0  0      0 757088  40184 476088    0    0     0    52  621  934  4  0 95  0  0
 0  0      0 757088  40184 476160    0    0     0    49  603  912  4  1 96  0  0
 0  0      0 756864  40184 476224    0    0     0    50  585  902  4  0 96  0  0
 0  0      0 756864  40188 476272    0    0     0    44  460  699  3  0 96  0  0
 0  0      0 756864  40188 476296    0    0     0    63  249  375  2  0 98  0  0
