procs -----------memory---------- ---swap-- -----io---- -system-- ------cpu-----
 r  b   swpd   free   buff  cache   si   so    bi    bo   in   cs us sy id wa st
 1  0      0 210976  74612 1089308    0    0     2    12   10    7  6  1 92  0  1
 0  0      0 211304  74612 1089308    0    0     0    15  187  255  1  0 99  0  0
 0  0      0 210408  74612 1089312    0    0     0    12  242  313  1  0 98  0  0
 0  0      0 209960  74612 1089312    0    0     0    30  350  442  2  0 98  0  0
 0  0      0 209288  74616 1089316    0    0     0    10  400  503  2  1 98  0  0
 1  0      0 208392  74616 1089332    0    0     0     6  424  547  2  0 97  0  0
 0  0      0 207720  74616 1089332    0    0     0   112  399  514  2  0 97  0  0
 0  0      0 207080  74616 1089340    0    0     0   207  430  559  2  1 96  0  0
 0  0      0 206604  74616 1089344    0    0     0    11  393  517  2  1 96  0  1
 0  0      0 206540  74616 1089348    0    0     0     6  432  546  2  0 97  0  0
 0  0      0 206232  74616 1089352    0    0     0    21  391  490  2  0 97  0  0
 0  0      0 206220  74616 1089356    0    0     0     6  415  522  2  0 97  0  0
 0  0      0 206392  74616 1089360    0    0     0     9  419  523  1  0 98  0  0
 0  0      0 207108  74616 1089364    0    0     0    58  428  550  2  1 97  0  0
 0  0      0 206984  74616 1089372    0    0     0    12  418  521  2  1 97  0  0
 0  0      0 206832  74616 1089372    0    0     0     6  419  532  2  0 98  0  0
 0  0      0 214608  74632 1083836    0    0     1    82  408  519  2  1 97  0  0
 0  0      0 214384  74632 1083836    0    0     0    30  291  368  1  0 98  0  0
 0  0      0 213936  74632 1083840    0    0     0    10  158  208  0  0 99  0  0
