procs -----------memory---------- ---swap-- -----io---- -system-- ------cpu-----
 r  b   swpd   free   buff  cache   si   so    bi    bo   in   cs us sy id wa st
 2  0      0 190924  74960 1108540    0    0     2    12   10    8  6  1 93  0  1
 0  0      0 190924  74960 1108556    0    0     0    14  190  293  1  0 99  0  0
 0  0      0 190924  74960 1108556    0    0     0     8  262  390  1  0 99  0  0
 0  0      0 190924  74960 1108560    0    0     0     6  335  501  1  1 99  0  0
 0  0      0 190924  74960 1108564    0    0     0   372  484  750  1  1 98  0  0
 0  0      0 190924  74960 1108568    0    0     0     6  429  635  1  1 97  0  1
 0  0      0 190924  74960 1108576    0    0     0     6  461  675  1  1 98  0  0
 0  0      0 190924  74960 1108576    0    0     0    13  453  668  1  0 98  0  0
 0  0      0 190924  74960 1108584    0    0     0    12  429  632  1  0 98  0  0
 0  0      0 190924  74960 1108588    0    0     0     6  451  663  1  1 98  0  0
 0  0      0 190924  74960 1108592    0    0     0    65  445  653  1  1 98  0  1
 0  0      0 190924  74960 1108724    0    0     0     0  426  635  1  0 98  0  0
 0  0      0 190924  74960 1108728    0    0     0     6  450  674  1  0 98  0  0
 0  0      0 190924  74960 1108732    0    0     0     9  457  676  1  1 98  0  0
 0  0      0 190924  74960 1108740    0    0     0    13  433  646  1  0 98  0  0
 0  0      0 190924  74960 1108744    0    0     0    54  471  693  2  0 97  0  0
 0  0      0 190924  74960 1108748    0    0     0    10  408  602  2  0 97  0  0
 0  0      0 190924  74960 1108752    0    0     0    49  319  475  1  0 97  0  1
 0  0      0 190924  74964 1108752    0    0     0     6  172  260  0  0 99  0  0
