procs -----------memory---------- ---swap-- -----io---- -system-- ------cpu-----
 r  b   swpd   free   buff  cache   si   so    bi    bo   in   cs us sy id wa st
 3  0      0 700620  48692 540284    0    0     6   530   19    2  6  1 91  0  2
 0  0      0 700620  48700 540312    0    0     0    48  187  287  0  0 100  0  0
 0  0      0 700620  48708 540344    0    0     0   545  334  512  1  0 97  0  1
 0  0      0 700620  48712 540400    0    0     0    37  362  529  0  0 99  0  0
 0  0      0 700620  48716 540472    0    0     0    34  459  678  1  0 99  0  0
 0  0      0 700620  48724 540532    0    0     0    38  474  700  0  0 99  0  0
 0  0      0 700620  48724 540608    0    0     0     0  447  662  1  0 99  0  0
 0  0      0 700620  48728 540672    0    0     0    34  454  679  1  0 99  0  0
 0  0      0 700620  48744 540868    0    0     0   100  506  749  1  1 98  0  0
 0  0      0 700620  48744 540940    0    0     0    83  461  680  1  0 99  0  0
 0  0      0 700620  48748 541012    0    0     0   146  483  724  1  0 99  0  0
 0  0      0 700620  48752 541084    0    0     0    48  460  687  1  1 99  0  0
 0  0      0 700620  48760 541156    0    0     0    53  462  680  1  1 99  0  0
 0  0      0 700620  48764 541228    0    0     0    54  473  705  1  1 98  0  0
 0  0      0 700620  48768 541308    0    0     0    52  448  667  1  1 97  0  1
 0  0      0 700620  48768 541376    0    0     0   116  460  675  1  0 99  0  0
 0  0      0 700620  48772 541448    0    0     0    49  510  752  1  0 98  0  0
 0  0      0 700620  48776 541492    0    0     0   170  347  502  1  0 99  0  0
 0  0      0 700620  48780 541524    0    0     0    40  204  300  1  0 99  0  0
