procs -----------memory---------- ---swap-- -----io---- -system-- ------cpu-----
 r  b   swpd   free   buff  cache   si   so    bi    bo   in   cs us sy id wa st
 2  0      0 172276  89620 1306720    0    0     1     7   12   13  0  0 100  0  0
 0  0      0 172344  89620 1306732    0    0     0    15   68  120  0  0 100  0  0
 0  0      0 172344  89620 1306732    0    0     0   452  111  185  0  0 99  0  0
 0  0      0 172344  89620 1306732    0    0     0    11   58   95  0  0 100  0  0
 0  0      0 172344  89620 1306732    0    0     0     0   59   99  0  0 100  0  0
 0  0      0 172344  89620 1306732    0    0     0     2   65   94  0  0 100  0  0
 0  0      0 172344  89620 1306732    0    0     0     0   74  105  0  0 100  0  0
 0  0      0 172344  89620 1306732    0    0     0     2   63   97  0  0 100  0  0
 0  0      0 172344  89620 1306732    0    0     0     5   67  101  0  0 100  0  0
 0  0      0 172344  89620 1306732    0    0     0     9   60   95  0  0 100  0  0
 0  0      0 172344  89620 1306732    0    0     0     6   74  110  0  0 100  0  0
 0  0      0 172344  89620 1306732    0    0     0     0   59   94  0  0 100  0  0
 0  0      0 172344  89620 1306732    0    0     0     6   61   97  0  0 100  0  0
 0  0      0 172344  89620 1306732    0    0     0     5   63   99  0  0 100  0  0
 0  0      0 172344  89620 1306732    0    0     0     2   68  106  0  0 100  0  0
 0  0      0 172344  89620 1306732    0    0     0     6   57   95  0  0 100  0  0
 0  0      0 172344  89620 1306732    0    0     0     5   61  103  0  0 100  0  0
 0  0      0 172344  89620 1306732    0    0     0     2   54   94  0  0 100  0  0
 0  0      0 172344  89620 1306732    0    0     0     6   71  109  0  0 100  0  0
