procs -----------memory---------- ---swap-- -----io---- -system-- ------cpu-----
 r  b   swpd   free   buff  cache   si   so    bi    bo   in   cs us sy id wa st
 1  0      0 243920  74068 1082520    0    0     2    11   10    7  6  1 92  0  1
 0  0      0 243472  74068 1082572    0    0     0    14  200  265  1  0 99  0  0
 0  0      0 243248  74068 1082700    0    0     0   286  320  400  2  0 97  0  0
 0  0      0 242800  74068 1082704    0    0     0    15  391  477  3  0 95  0  1
 0  0      0 242352  74068 1082708    0    0     0   238  515  609  4  0 94  0  1
 0  0      0 242128  74068 1082712    0    0     0    10  462  546  3  1 95  0  1
 0  0      0 242128  74068 1082720    0    0     0     6  526  620  4  1 95  0  1
 0  0      0 241904  74068 1082720    0    0     0     9  472  548  4  0 95  0  1
 0  0      0 241232  74068 1082724    0    0     0    58  510  585  4  1 92  0  4
 0  0      0 241008  74068 1082732    0    0     0    20  500  566  3  1 96  0  0
 0  0      0 240784  74068 1082732    0    0     0     6  470  544  3  0 96  0  0
 0  0      0 240560  74068 1082740    0    0     0    52  476  572  3  1 96  0  0
 0  0      0 239412  74068 1082744    0    0     0     0  515  612  4  1 94  0  1
 0  0      0 239412  74068 1082876    0    0     0     6  483  573  3  0 95  0  1
 2  0      0 238740  74068 1082880    0    0     0     6  501  608  3  1 95  0  1
 0  0      0 238516  74068 1082884    0    0     0     6  482  560  3  0 96  0  0
 0  0      0 238264  74068 1082888    0    0     0     6  487  582  3  1 95  0  1
 0  0      0 238264  74068 1082892    0    0     0     6  298  373  2  1 97  0  0
 0  0      0 238012  74068 1082892    0    0     0    66  204  263  1  0 98  0  0
