procs -----------memory---------- ---swap-- -----io---- -system-- ------cpu-----
 r  b   swpd   free   buff  cache   si   so    bi    bo   in   cs us sy id wa st
 2  0      0 263656  73248 1055840    0    0     2    11    9    6  6  1 92  0  1
 0  0      0 263656  73248 1055892    0    0     0    14  236  364  1  0 98  0  0
 0  0      0 263656  73248 1055896    0    0     0     8  342  528  3  0 97  0  0
 0  0      0 263656  73252 1055900    0    0     0   262  469  721  3  1 95  0  0
 1  0      0 263656  73252 1055904    0    0     0   240  587  921  4  1 95  0  1
 0  0      0 263656  73256 1055908    0    0     0    10  592  920  5  1 94  0  0
 0  0      0 263656  73260 1056040    0    0     0     6  567  877  4  1 94  0  1
 0  0      0 263656  73260 1056048    0    0     0    13  561  873  4  1 94  0  0
 0  0      0 263656  73260 1056048    0    0     0    12  586  885  5  0 89  0  5
 0  0      0 263656  73260 1056056    0    0     0    54  622  970  5  0 93  0  1
 0  0      0 263656  73260 1056060    0    0     0    42  576  889  5  1 93  0  1
 0  0      0 263656  73260 1056064    0    0     0     6  583  905  4  1 95  0  0
 0  0      0 263656  73260 1056196    0    0     0     6  577  895  4  1 95  0  0
 0  0      0 263656  73264 1056200    0    0     0     9  587  908  4  1 95  0  0
 0  0      0 263656  73264 1056204    0    0     0    10  560  868  4  1 95  0  1
 1  0      0 263656  73268 1056212    0    0     0    55  588  916  4  1 94  0  0
 0  0      0 263656  73268 1056296    0    0     0     9  538  835  4  1 94  0  1
 0  0      0 263656  73268 1056344    0    0     0    12  408  637  3  0 96  0  0
 0  0      0 263656  73268 1056348    0    0     0    42  193  308  1  0 98  0  0
