procs -----------memory---------- ---swap-- -----io---- -system-- ------cpu-----
 r  b   swpd   free   buff  cache   si   so    bi    bo   in   cs us sy id wa st
 1  0      0 424752   2168 317432    0    0     2    11  274  348  1  0 99  0  0
 0  0      0 418452   2168 317440    0    0     0   334  397  636  2  1 97  0  0
 0  0      0 418200   2168 317440    0    0     0     0  347  604  1  1 98  0  0
 0  0      0 417948   2168 317440    0    0     0     2  395  690  1  1 98  0  0
 0  0      0 417948   2168 317440    0    0     0     8  458  786  1  1 98  0  0
 0  0      0 417696   2168 317440    0    0     0     1  467  815  1  1 98  0  0
 0  0      0 417696   2168 317440    0    0     0     1  468  824  1  1 98  0  0
 0  0      0 417696   2168 317444    0    0     0     2  469  813  1  0 98  0  0
 0  0      0 417444   2168 317444    0    0     0     0  455  782  2  2 97  0  0
 0  0      0 417444   2168 317444    0    0     0     2  467  825  1  2 97  0  0
 0  0      0 417192   2168 317444    0    0     0    41  508  890  1  1 98  0  0
 0  0      0 416940   2168 317444    0    0     0     0  532  931  1  1 97  0  0
 0  0      0 416940   2168 317444    0    0     0     2  526  942  1  0 99  0  0
 0  0      0 416940   2168 317444    0    0     0     2  528  923  1  1 97  0  0
 0  0      0 416688   2168 317448    0    0     0     0  534  930  1  1 97  0  0
 0  0      0 416184   2168 317448    0    0     0     0  533  912  1  1 97  0  0
 0  0      0 415932   2168 317448    0    0     0    11  499  864  2  1 97  0  0
 0  0      0 415428   2168 317448    0    0     0     0  448  785  2  1 97  0  0
 0  0      0 415428   2168 317448    0    0     0     0  300  548  1  1 98  0  0
