procs -----------memory---------- ---swap-- -----io---- -system-- ------cpu-----
 r  b   swpd   free   buff  cache   si   so    bi    bo   in   cs us sy id wa st
 2  0      0 186404  89384 1301392    0    0     1     7   11   13  0  0 100  0  0
 0  0      0 186404  89384 1301412    0    0     0   410  157  266  0  0 99  1  0
 0  0      0 186404  89384 1301416    0    0     0    14   60  103  0  0 100  0  0
 0  0      0 186404  89384 1301416    0    0     0     4   57   96  0  0 100  0  0
 0  0      0 186404  89384 1301416    0    0     0     0   71  111  0  0 100  0  0
 0  0      0 186404  89384 1301416    0    0     0     7   62   98  0  0 100  0  0
 0  0      0 186404  89384 1301416    0    0     0     0   68  104  0  0 100  0  0
 0  0      0 186404  89384 1301416    0    0     0    10   60   97  0  0 100  0  0
 0  0      0 186404  89384 1301416    0    0     0    44   72  110  0  0 100  0  0
 0  0      0 186404  89384 1301416    0    0     0     0   56   94  0  0 100  0  0
 0  0      0 186404  89384 1301416    0    0     0     7   61  101  0  0 100  0  0
 0  0      0 186404  89384 1301416    0    0     0     5   60   99  0  0 100  0  0
 0  0      0 186404  89384 1301416    0    0     0     2   67  105  0  0 100  0  0
 0  0      0 186404  89384 1301416    0    0     0     6   62   99  0  0 100  0  0
 0  0      0 186404  89384 1301416    0    0     0     5   60   99  0  0 100  0  0
 0  0      0 186404  89384 1301416    0    0     0     2   58   97  0  0 100  0  0
 0  0      0 186404  89384 1301416    0    0     0     6   67  105  0  0 100  0  0
 0  0      0 186404  89384 1301416    0    0     0     6   57   97  0  0 100  0  0
 0  0      0 186404  89384 1301416    0    0     0     2   62  101  0  0 100  0  0
 0  0      0 186404  89384 1301416    0    0     0     6   67  103  0  0 100  0  0
