procs -----------memory---------- ---swap-- -----io---- -system-- ------cpu-----
 r  b   swpd   free   buff  cache   si   so    bi    bo   in   cs us sy id wa st
 1  0      0 683348  50444 555216    0    0     6   529   19    2  6  1 92  0  2
 0  0      0 683348  50452 555212    0    0     0    44  189  285  0  0 99  0  0
 0  0      0 683348  50456 555380    0    0     0    22  263  388  0  0 99  0  0
 0  0      0 683348  50460 555412    0    0     0    31  343  495  1  0 99  0  0
 0  0      0 683348  50460 555492    0    0     0    36  450  659  1  1 98  0  0
 0  0      0 683348  50460 555560    0    0     0   513  494  736  1  1 98  0  0
 0  0      0 683348  50464 555632    0    0     0    39  429  633  1  0 98  0  0
 0  0      0 683348  50472 555712    0    0     0   140  468  683  1  0 96  0  2
 0  0      0 683348  50480 555764    0    0     0    48  424  622  1  1 99  0  0
 0  0      0 683348  50484 555848    0    0     0    46  462  674  1  0 99  0  0
 0  0      0 683348  50492 555916    0    0     0    46  435  642  1  1 98  0  0
 0  0      0 683348  50496 555984    0    0     0    91  434  627  1  0 99  0  0
 0  0      0 683348  50500 556060    0    0     0    59  448  654  1  0 99  0  0
 0  0      0 683348  50508 556264    0    0     0    62  431  629  1  0 99  0  0
 0  0      0 683348  50512 556328    0    0     0   175  471  689  1  0 99  0  0
 0  0      0 683348  50516 556416    0    0     0    54  427  623  1  0 99  0  0
 0  0      0 683348  50516 556472    0    0     0    53  454  667  1  0 99  0  0
 0  0      0 683348  50540 556508    0    0     0   129  346  495  0  0 99  0  0
 0  0      0 683348  50540 556560    0    0     0    48  217  320  0  0 99  0  0
