procs -----------memory---------- ---swap-- -----io---- -system-- ------cpu-----
 r  b   swpd   free   buff  cache   si   so    bi    bo   in   cs us sy id wa st
 1  0      0 437640   2168 321788    0    0     2    12  269   21  1  0 99  0  0
 0  0      0 429072   2168 321792    0    0     0     0  369  566  1  1 98  0  0
 0  0      0 428568   2168 321796    0    0     0     2  427  757  0  0 99  0  1
 0  0      0 427560   2168 321800    0    0     0    93  484  881  0  0 99  0  0
 0  0      0 427056   2168 321800    0    0     0     2  533  946  0  0 100  0  0
 0  0      0 426804   2168 321800    0    0     0    10  516  910  0  0 100  0  0
 0  0      0 426552   2168 321800    0    0     0    46  528  940  0  0 99  0  0
 0  0      0 426552   2168 321800    0    0     0     0  521  937  0  0 99  0  0
 0  0      0 425796   2168 321800    0    0     0     2  513  913  0  0 99  0  0
 0  0      0 425796   2168 321800    0    0     0     0  537  959  0  0 99  0  0
 0  0      0 425796   2168 321804    0    0     0     2  528  952  1  0 99  0  0
 0  0      0 424536   2168 321804    0    0     0     0  514  912  0  0 100  0  0
 0  0      0 424536   2168 321804    0    0     0     9  544  988  0  0 100  0  0
 0  0      0 423276   2168 321804    0    0     0     2  515  921  1  0 99  0  0
 0  0      0 423024   2168 321804    0    0     0     2  523  937  0  0 99  0  1
 0  0      0 422772   2168 321804    0    0     0     0  511  911  0  0 100  0  0
 0  0      0 422520   2168 321804    0    0     0     2  515  919  1  0 99  0  0
 0  0      0 417772   2168 321816    0    0     0     6  489  886  1  1 98  0  0
 0  0      0 417772   2168 321820    0    0     0   366  316  595  0  0 99  0  0
