procs -----------memory---------- ---swap-- -----io---- -system-- ------cpu-----
 r  b   swpd   free   buff  cache   si   so    bi    bo   in   cs us sy id wa st
 1  0      0 430856   2168 305528    0    0     3    12  241  303  0  0 99  0  0
 0  0      0 430856   2168 305532    0    0     0     1  314  474  1  0 98  0  0
 0  0      0 430856   2168 305536    0    0     0     2  309  549  0  0 100  0  0
 0  0      0 430856   2168 305536    0    0     0     2  417  751  0  0 99  0  0
 0  0      0 430856   2168 305536    0    0     0     1  468  848  0  0 99  0  0
 0  0      0 430856   2168 305536    0    0     0     1  451  829  0  0 100  0  0
 0  0      0 430856   2168 305536    0    0     0    16  442  779  0  0 99  0  0
 0  0      0 430856   2168 305536    0    0     0     2  448  798  1  0 99  0  0
 0  0      0 430856   2168 305536    0    0     0     1  463  839  0  0 100  0  0
 0  0      0 430856   2168 305540    0    0     0     0  470  840  0  0 99  0  0
 0  0      0 430856   2168 305540    0    0     0     4  460  820  0  0 100  0  0
 0  0      0 430856   2168 305540    0    0     0     1  465  825  0  0 99  0  0
 0  0      0 430856   2168 305540    0    0     0    13  399  720  1  0 99  0  0
 0  0      0 430856   2168 305540    0    0     0     3  452  811  0  0 100  0  0
 0  0      0 430856   2168 305540    0    0     0     1  436  780  1  0 99  0  0
 0  0      0 429608   2168 305672    0    0     1     0  499  883  1  1 98  0  0
 0  0      0 429608   2168 305672    0    0     0     2  458  818  0  0 100  0  0
 0  0      0 429608   2168 305676    0    0     0     2  382  692  0  0 99  0  0
 0  0      0 429608   2168 305676    0    0     0     7  307  571  0  0 100  0  0
