procs -----------memory---------- ---swap-- -----io---- -system-- ------cpu-----
 r  b   swpd   free   buff  cache   si   so    bi    bo   in   cs us sy id wa st
 0  0      0 189448  75076 1116052    0    0     2    12   11    8  6  1 93  0  1
 0  0      0 189448  75076 1116088    0    0     0    17  193  283  0  0 99  0  0
 0  0      0 189448  75076 1116088    0    0     0     7  276  396  1  1 97  0  1
 0  0      0 189448  75076 1116092    0    0     0     6  356  531  1  0 98  0  0
 0  0      0 189448  75076 1116096    0    0     0     8  396  587  1  0 98  0  0
 0  0      0 189448  75076 1116100    0    0     0    14  399  608  1  0 98  0  0
 0  0      0 189448  75076 1116104    0    0     0   328  453  671  2  0 97  0  0
 0  0      0 189448  75076 1116108    0    0     0    14  389  593  1  1 98  0  0
 0  0      0 189448  75076 1116244    0    0     0     6  406  613  1  0 98  0  0
 0  0      0 189448  75076 1116244    0    0     0     6  385  580  1  0 98  0  0
 0  0      0 189448  75076 1116252    0    0     0     9  420  639  1  1 98  0  0
 0  0      0 189448  75076 1116256    0    0     0     0  393  585  1  0 98  0  0
 0  0      0 189448  75076 1116260    0    0     0    62  406  612  1  1 98  0  0
 0  0      0 189448  75076 1116264    0    0     0    12  410  609  1  1 98  0  0
 0  0      0 189448  75076 1116272    0    0     0     9  387  577  1  0 97  0  1
 0  0      0 189448  75076 1116272    0    0     0     6  391  585  1  0 98  0  0
 0  0      0 189448  75076 1116280    0    0     0     7  392  580  1  1 98  0  0
 0  0      0 189448  75076 1116280    0    0     0     6  283  425  1  0 99  0  0
 0  0      0 189448  75076 1116284    0    0     0    46  179  278  1  0 99  0  0
