procs -----------memory---------- ---swap-- -----io---- -system-- ------cpu-----
 r  b   swpd   free   buff  cache   si   so    bi    bo   in   cs us sy id wa st
 1  0      0 430516   2168 307964    0    0     3    12  260  320  1  0 99  0  0
 0  0      0 429256   2168 307968    0    0     0     1  377  585  1  0 98  0  0
 0  0      0 429004   2168 307968    0    0     0     6  356  630  0  0 99  0  0
 0  0      0 428752   2168 307972    0    0     0     0  432  783  0  0 100  0  0
 0  0      0 425728   2168 307972    0    0     0     2  511  886  1  1 98  0  0
 0  0      0 425728   2168 307972    0    0     0     4  510  900  1  0 99  0  0
 0  0      0 425728   2168 307972    0    0     0     1  490  866  0  0 100  0  0
 0  0      0 425728   2168 307972    0    0     0     1  476  851  0  0 100  0  0
 0  0      0 425728   2168 307972    0    0     0    25  474  853  0  0 100  0  0
 0  0      0 425728   2168 307972    0    0     0     0  480  848  0  0 100  0  0
 0  0      0 425728   2168 307976    0    0     0   330  503  913  0  0 99  0  0
 0  0      0 425728   2168 307976    0    0     0     2  471  835  0  0 99  0  0
 0  0      0 425728   2168 307976    0    0     0     3  484  854  0  0 100  0  0
 0  0      0 425728   2168 307976    0    0     0     1  462  823  0  0 99  0  0
 0  0      0 425728   2168 307976    0    0     0    25  455  803  1  0 98  0  1
 0  0      0 425728   2168 307976    0    0     0     2  449  797  0  0 100  0  0
 0  0      0 425476   2168 307976    0    0     0     1  454  802  1  0 99  0  0
 0  0      0 425476   2168 307984    0    0     0     1  408  725  0  0 100  0  0
 0  0      0 425476   2168 307984    0    0     0     5  279  520  0  0 100  0  0
