procs -----------memory---------- ---swap-- -----io---- -system-- ------cpu-----
 r  b   swpd   free   buff  cache   si   so    bi    bo   in   cs us sy id wa st
 1  0      0 753936  43088 494712    0    0     6   532   18    0  6  1 91  0  2
 0  0      0 752920  43096 496076    0    0     0    44  242  264  1  0 99  0  0
 0  0      0 750988  43100 498800    0    0     0    18  388  375  2  0 98  0  0
 0  0      0 749224  43108 502544    0    0     0    83  524  469  2  0 97  0  0
 0  0      0 746704  43112 507648    0    0     0   234  702  669  3  1 96  0  0
 0  0      0 744212  43116 513224    0    0     0    42  684  600  3  1 96  0  0
 0  0      0 740992  43128 518328    0    0     0   264  682  623  3  1 95  0  1
 1  0      0 737800  43128 523776    0    0     0   249  713  657  4  1 94  0  2
 0  0      0 734608  43136 529224    0    0     0   444  723  659  3  1 96  0  0
 0  0      0 730268  43144 534328    0    0     0   714  653  597  3  1 97  0  0
 0  0      0 726880  43148 540116    0    0     0  1165  731  674  3  0 97  0  0
 0  0      0 723240  43152 545224    0    0     0  1195  661  611  3  1 96  0  0
 0  0      0 717052  43152 550664    0    0     0  1066  707  655  3  1 96  0  0
 0  0      0 711620  43152 555776    0    0     0  1203  664  611  2  1 97  0  0
 0  0      0 705180  43156 561220    0    0     0  1061  689  638  3  1 96  0  0
 0  0      0 698740  43160 566668    0    0     0  1129  705  644  3  1 96  0  0
 0  0      0 691376  43160 571904    0    0     0  1198  661  627  3  1 96  0  0
 0  0      0 688128  43164 575648    0    0     0  1183  518  497  2  1 97  0  0
 0  0      0 686364  43172 577352    0    0     0  1232  292  292  1  0 98  0  0
