procs -----------memory---------- ---swap-- -----io---- -system-- ------cpu-----
 r  b   swpd   free   buff  cache   si   so    bi    bo   in   cs us sy id wa st
 2  0      0 193556  88908 1295596    0    0     1     7   11   13  0  0 100  0  0
 0  0      0 193556  88908 1295608    0    0     0    16   69  117  0  0 100  0  0
 0  0      0 193556  88908 1295608    0    0     0     2   58   95  0  0 100  0  0
 0  0      0 193556  88908 1295608    0    0     0     3   67  106  0  0 100  0  0
 0  0      0 193556  88908 1295608    0    0     0     3   57   98  0  0 100  0  0
 0  0      0 193556  88908 1295608    0    0     0   543  117  213  0  0 99  1  0
 0  0      0 193556  88908 1295608    0    0     0    30   66  106  0  0 100  0  0
 0  0      0 193556  88908 1295608    0    0     0     2   70  108  0  0 100  0  0
 0  0      0 193556  88908 1295608    0    0     0     4   59   98  0  0 100  0  0
 0  0      0 193556  88908 1295608    0    0     0     2   56   96  0  0 100  0  0
 0  0      0 193556  88908 1295608    0    0     0     3   59   97  0  0 100  0  0
 0  0      0 193556  88908 1295608    0    0     0     0   63  103  0  0 100  0  0
 0  0      0 193556  88908 1295608    0    0     0     2   62  103  0  0 100  0  0
 0  0      0 193556  88908 1295608    0    0     0     0   67  106  0  0 100  0  0
 0  0      0 193556  88908 1295608    0    0     0    15   61   99  0  0 100  0  0
 0  0      0 193812  88908 1295608    0    0     0    49   76  120  0  0 100  0  0
 0  0      0 193812  88908 1295608    0    0     0     0   56   97  0  0 100  0  0
 0  0      0 193812  88908 1295608    0    0     0     2   59   97  0  0 100  0  0
 0  0      0 193812  88908 1295608    0    0     0     0   56   93  0  0 100  0  0
