procs -----------memory---------- ---swap-- -----io---- -system-- ------cpu-----
 r  b   swpd   free   buff  cache   si   so    bi    bo   in   cs us sy id wa st
 3  0      0 694824  48832 540780    0    0     6   530   19    2  6  1 91  0  2
 0  0      0 694824  48836 540808    0    0     0    51  204  300  0  0 99  0  0
 0  0      0 694824  48840 540848    0    0     0    78  309  448  1  0 99  0  0
 0  0      0 694824  48848 540896    0    0     0    27  394  561  1  0 99  0  0
 0  0      0 694824  48852 541604    0    0     0   266  458  682  1  0 99  0  0
 0  0      0 694824  48856 541664    0    0     0    39  489  707  1  1 95  0  3
 0  0      0 694824  48856 541856    0    0     0     2  473  674  1  1 98  0  0
 0  0      0 694824  48856 541940    0    0     0   252  491  713  1  0 99  0  0
 0  0      0 694824  48856 542004    0    0     0    50  501  721  1  1 98  0  0
 0  0      0 694824  48856 542212    0    0     0    45  489  711  1  0 99  0  0
 0  0      0 694824  48856 542272    0    0     0   171  474  687  1  0 99  0  0
 0  0      0 694824  48856 542488    0    0     0    46  523  753  1  1 98  0  0
 0  0      0 694824  48856 542540    0    0     0    53  473  682  1  1 99  0  0
 0  0      0 694824  48856 542748    0    0     0   108  471  687  1  0 98  0  0
 0  0      0 694824  48856 542812    0    0     0    63  506  730  1  1 98  0  0
 0  0      0 694824  48860 542884    0    0     0    58  472  690  1  0 99  0  0
 0  0      0 694824  48864 543096    0    0     0    50  496  718  1  0 99  0  0
 0  0      0 694824  48864 543148    0    0     0   176  375  538  1  1 96  0  2
 0  0      0 694824  48868 543168    0    0     0    45  204  303  0  0 99  0  0
