procs -----------memory---------- ---swap-- -----io---- -system-- ------cpu-----
 r  b   swpd   free   buff  cache   si   so    bi    bo   in   cs us sy id wa st
 2  0      0 668288  49600 548016    0    0     6   529   19    2  6  1 91  0  2
 0  0      0 669072  49604 548108    0    0     0    53  208  271  1  0 99  0  0
 0  0      0 669632  49608 548256    0    0     0    23  254  329  1  0 99  0  0
 0  0      0 669408  49612 548496    0    0     0    30  317  398  1  0 99  0  0
 1  0      0 671760  49612 548824    0    0     0   259  441  550  1  1 98  0  0
 0  0      0 671284  49620 549128    0    0     0   132  425  532  1  1 98  0  0
 0  0      0 671284  49624 549456    0    0     0   253  427  545  1  0 99  0  0
 0  0      0 671284  49628 549804    0    0     0    56  416  527  1  1 98  0  1
 0  0      0 671792  49632 550384    0    0     0    73  410  523  1  1 98  0  0
 0  0      0 672048  49636 550692    0    0     0    84  421  540  1  1 98  0  0
 0  0      0 672552  49636 551148    0    0     0    99  399  520  1  0 99  0  0
 0  0      0 674568  49644 551472    0    0     0   107  424  530  1  0 99  0  0
 0  0      0 676080  49644 551824    0    0     0   327  432  550  1  0 98  0  0
 0  0      0 678348  49648 552260    0    0     0   109  434  544  1  0 99  0  0
 0  0      0 679104  49668 552584    0    0     0   188  421  536  1  0 99  0  0
 0  0      0 680868  49672 552936    0    0     0   107  423  536  1  0 99  0  0
 0  0      0 682156  49672 553244    0    0     0   109  411  525  1  0 99  0  0
 0  0      0 682160  49676 553468    0    0     0    98  318  414  0  0 99  0  0
 0  0      0 682476  49676 553588    0    0     0     0  209  261  1  0 99  0  0
