procs -----------memory---------- ---swap-- -----io---- -system-- ------cpu-----
 r  b   swpd   free   buff  cache   si   so    bi    bo   in   cs us sy id wa st
 1  0      0 176808  89844 1311956    0    0     1     8   12   14  0  0 100  0  0
 0  0      0 176556  89844 1311960    0    0     0    16   84  135  0  0 100  0  0
 0  0      0 176556  89844 1311964    0    0     0   543  117  210  0  0 99  1  0
 0  0      0 176556  89844 1311964    0    0     0     6   63   99  0  0 100  0  0
 0  0      0 176556  89844 1311964    0    0     0     3   58   93  0  0 100  0  0
 0  0      0 176556  89844 1311964    0    0     0    18   75  108  0  0 100  0  0
 0  0      0 176556  89844 1311964    0    0     0     7   60   98  0  0 100  0  0
 0  0      0 176556  89844 1311964    0    0     0     2   61   96  0  0 100  0  0
 0  0      0 176556  89844 1311964    0    0     0     4   58   96  0  0 100  0  0
 0  0      0 176556  89844 1311964    0    0     0     1   71  108  0  0 100  0  0
 0  0      0 176556  89844 1311964    0    0     0     3   56   95  0  0 100  0  0
 0  0      0 176556  89844 1311964    0    0     0     0   59   95  0  0 100  0  0
 0  0      0 176556  89844 1311964    0    0     0    10   59   95  0  0 100  0  0
 0  0      0 176556  89844 1311964    0    0     0     0   73  112  0  0 100  0  0
 0  0      0 176556  89844 1311964    0    0     0     4   59   97  0  0 100  0  0
 0  0      0 176556  89844 1311964    0    0     0     2   60   98  0  0 100  0  0
 0  0      0 176556  89844 1311964    0    0     0     3   63   97  0  0 100  0  0
 0  0      0 176556  89844 1311964    0    0     0     0   71  108  0  0 100  0  0
 0  0      0 176556  89844 1311964    0    0     0     2   58   97  0  0 100  0  0
