procs -----------memory---------- ---swap-- -----io---- -system-- ------cpu-----
 r  b   swpd   free   buff  cache   si   so    bi    bo   in   cs us sy id wa st
 3  0      0 228448  74692 1090888    0    0     2    12   10    7  6  1 92  0  1
 0  0      0 228448  74692 1090896    0    0     0    12  187  279  0  0 99  0  0
 0  0      0 228448  74692 1090896    0    0     0    19  275  400  1  0 99  0  0
 0  0      0 228448  74692 1090900    0    0     0     6  357  533  1  0 98  0  0
 0  0      0 228448  74692 1090904    0    0     0     9  472  707  2  1 98  0  0
 0  0      0 228448  74692 1090912    0    0     0   386  465  710  2  1 97  0  0
 1  0      0 228448  74696 1090912    0    0     0     6  452  698  2  1 97  0  0
 0  0      0 228448  74696 1090920    0    0     0    13  453  680  1  1 98  0  0
 0  0      0 228448  74696 1090924    0    0     0    43  442  658  2  1 96  0  0
 0  0      0 228448  74696 1090928    0    0     0    15  458  692  2  0 98  0  0
 0  0      0 228448  74696 1091060    0    0     0    10  432  651  2  1 96  0  2
 0  0      0 228448  74696 1091068    0    0     0    45  457  670  2  0 96  0  1
 0  0      0 228448  74696 1091068    0    0     0     6  456  682  1  1 98  0  0
 0  0      0 228448  74696 1091076    0    0     0    51  471  703  2  1 97  0  0
 0  0      0 228448  74696 1091080    0    0     0     6  444  662  2  0 97  0  0
 0  0      0 228448  74696 1091084    0    0     0     6  462  687  2  1 97  0  0
 0  0      0 228448  74696 1091088    0    0     0     6  446  663  2  0 98  0  0
 0  0      0 228448  74696 1091092    0    0     0     6  318  478  1  0 98  0  0
 0  0      0 228448  74700 1091092    0    0     0    41  195  284  0  0 99  0  0
