procs -----------memory---------- ---swap-- -----io---- -system-- ------cpu-----
 r  b   swpd   free   buff  cache   si   so    bi    bo   in   cs us sy id wa st
 3  0      0 676068  50032 552248    0    0     6   529   19    2  6  1 91  0  2
 0  0      0 676068  50032 552324    0    0     0    50  193  265  0  0 99  0  0
 0  0      0 676068  50036 552516    0    0     0    22  250  323  0  0 99  0  0
 0  0      0 676068  50044 552720    0    0     0   314  359  472  1  0 99  0  0
 0  0      0 676068  50044 553072    0    0     0   256  432  557  1  0 99  0  0
 0  0      0 676068  50048 553504    0    0     0    42  422  545  1  1 98  0  0
 0  0      0 676068  50072 553856    0    0     0   249  442  554  1  1 98  0  0
 0  0      0 676068  50076 554144    0    0     0    66  420  538  1  1 98  0  0
 0  0      0 676068  50080 554516    0    0     0    62  411  531  1  1 99  0  0
 0  0      0 676068  50088 554800    0    0     0   150  433  550  1  1 98  0  0
 0  0      0 676068  50092 555124    0    0     0    98  417  533  1  0 99  0  0
 0  0      0 676068  50096 555492    0    0     0   114  422  538  1  1 97  0  1
 0  0      0 676068  50096 555824    0    0     0   107  413  528  1  0 98  0  0
 0  0      0 676068  50104 556280    0    0     0   231  425  543  1  1 98  0  0
 0  0      0 675816  50112 556596    0    0     0   106  417  534  1  0 98  0  0
 0  0      0 675816  50116 556916    0    0     0   214  433  553  1  0 99  0  0
 0  0      0 675816  50116 557248    0    0     0    70  413  522  1  0 99  0  0
 0  0      0 675816  50124 557476    0    0     0   106  321  411  0  0 99  0  0
 0  0      0 675816  50128 557596    0    0     0   102  196  257  0  0 99  0  0
