procs -----------memory---------- ---swap-- -----io---- -system-- ------cpu-----
 r  b   swpd   free   buff  cache   si   so    bi    bo   in   cs us sy id wa st
 3  0      0 187480  88904 1290816    0    0     1     7   11   13  0  0 100  0  0
 0  0      0 187480  88904 1290828    0    0     0    17   78  131  0  0 100  0  0
 0  0      0 187480  88904 1290828    0    0     0     0   68  107  0  0 100  0  0
 0  0      0 187480  88904 1290828    0    0     0     7   56   95  0  0 100  0  0
 0  0      0 187480  88904 1290828    0    0     0   474  114  197  0  0 99  1  0
 0  0      0 187480  88904 1290828    0    0     0     9   54   93  0  0 100  0  0
 0  0      0 187480  88904 1290828    0    0     0    19   58   97  0  0 100  0  0
 0  0      0 187480  88904 1290828    0    0     0     3   58   96  0  0 100  0  0
 0  0      0 187480  88904 1290828    0    0     0     0   67  109  0  0 100  0  0
 0  0      0 187480  88904 1290828    0    0     0     4   63   99  0  0 100  0  0
 0  0      0 187480  88904 1290828    0    0     0     1   59   99  0  0 100  0  0
 0  0      0 187480  88904 1290828    0    0     0     3   55   94  0  0 100  0  0
 0  0      0 187480  88904 1290828    0    0     0     0   66  105  0  0 100  0  0
 0  0      0 187480  88904 1290828    0    0     0     6   57   97  0  0 100  0  0
 0  0      0 187480  88904 1290828    0    0     0     0   58   99  0  0 100  0  0
 0  0      0 187480  88904 1290828    0    0     0     3   57   95  0  0 100  0  0
 0  0      0 187480  88904 1290828    0    0     0     0   65  107  0  0 100  0  0
 0  0      0 187480  88904 1290828    0    0     0     6   55   95  0  0 100  0  0
 0  0      0 187480  88904 1290828    0    0     0     3   57   97  0  0 100  0  0
