procs -----------memory---------- ---swap-- -----io---- -system-- ------cpu-----
 r  b   swpd   free   buff  cache   si   so    bi    bo   in   cs us sy id wa st
 1  0      0 437156   2168 321292    0    0     2    12  269   16  1  0 99  0  0
 0  0      0 430352   2168 321296    0    0     0     1  361  594  1  0 99  0  0
 0  0      0 429344   2168 321296    0    0     0     2  353  623  0  0 100  0  0
 0  0      0 428840   2168 321296    0    0     0     0  423  760  0  0 100  0  0
 0  0      0 428588   2168 321296    0    0     0     4  493  874  0  0 99  0  0
 0  0      0 428336   2168 321296    0    0     0    25  472  852  0  0 100  0  0
 0  0      0 428336   2168 321300    0    0     0     0  481  861  0  0 100  0  0
 0  0      0 427832   2168 321300    0    0     0     2  487  862  1  0 99  0  0
 2  0      0 427328   2168 321300    0    0     0     0  471  852  1  0 99  0  0
 0  0      0 427328   2168 321300    0    0     0     2  477  860  1  0 99  0  0
 0  0      0 426824   2168 321300    0    0     0     0  464  824  0  0 99  0  0
 0  0      0 426824   2168 321300    0    0     0    14  512  909  0  0 100  0  0
 0  0      0 426824   2168 321300    0    0     0     0  477  859  0  0 99  0  0
 0  0      0 426320   2168 321304    0    0     0     0  498  878  0  0 99  0  0
 0  0      0 425816   2168 321304    0    0     0     2  454  813  0  0 99  0  1
 0  0      0 425312   2168 321304    0    0     0     2  427  752  1  0 99  0  0
 0  0      0 425312   2168 321304    0    0     0     0  446  786  0  0 100  0  0
 0  0      0 420788   2168 321308    0    0     0    11  428  774  1  0 99  0  0
 0  0      0 420788   2168 321308    0    0     0     2  311  571  0  0 100  0  0
