procs -----------memory---------- ---swap-- -----io---- -system-- ------cpu-----
 r  b   swpd   free   buff  cache   si   so    bi    bo   in   cs us sy id wa st
 2  0      0 676240  50868 561052    0    0     6   528   19    2  6  1 92  0  2
 0  0      0 676064  50868 561128    0    0     0    48  191  291  0  0 99  0  0
 1  0      0 676064  50868 561168    0    0     0    69  260  388  0  0 100  0  0
 0  0      0 676064  50868 561204    0    0     0    30  333  488  0  0 99  0  0
 0  0      0 676064  50868 561284    0    0     0   278  463  687  1  0 99  0  0
 0  0      0 676316  50868 561340    0    0     0   218  457  682  1  1 99  0  0
 0  0      0 676316  50868 561416    0    0     0    41  421  624  1  0 99  0  0
 0  0      0 676316  50872 561500    0    0     0    46  460  690  1  0 98  0  0
 0  0      0 676316  50872 561552    0    0     0   138  434  642  1  0 99  0  0
 0  0      0 676316  50884 561644    0    0     0   105  485  714  1  0 99  0  0
 0  0      0 676316  50888 561720    0    0     0    48  418  625  1  1 99  0  0
 0  0      0 676316  50888 561780    0    0     0    81  438  638  2  1 95  0  2
 0  0      0 676316  50892 561976    0    0     0    58  450  650  1  0 99  0  0
 0  0      0 676316  50892 562060    0    0     0    38  431  628  1  0 99  0  0
 0  0      0 676316  50896 562120    0    0     0    61  477  694  1  0 99  0  0
 0  0      0 676316  50900 562196    0    0     0    55  427  626  1  1 99  0  0
 0  0      0 676316  50904 562268    0    0     0   179  456  663  1  1 98  0  0
 0  0      0 676316  50908 562316    0    0     0    50  326  468  1  0 99  0  0
 0  0      0 676316  50912 562348    0    0     0    89  218  328  0  0 99  0  0
