procs -----------memory---------- ---swap-- -----io---- -system-- ------cpu-----
 r  b   swpd   free   buff  cache   si   so    bi    bo   in   cs us sy id wa st
 2  0      0 196312  88904 1292720    0    0     1     7   11   13  0  0 100  0  0
 0  0      0 196312  88904 1292732    0    0     0    15   82  140  0  0 100  0  0
 0  0      0 196312  88904 1292732    0    0     0     1   60   97  0  0 100  0  0
 0  0      0 196312  88904 1292732    0    0     0    19   59   96  0  0 100  0  0
 0  0      0 196312  88904 1292732    0    0     0   534  126  206  0  0 99  1  0
 0  0      0 196312  88904 1292732    0    0     0    10   57   97  0  0 100  0  0
 0  0      0 196312  88904 1292732    0    0     0     0   59   98  0  0 100  0  0
 0  0      0 196312  88904 1292732    0    0     0     4   57   97  0  0 100  0  0
 0  0      0 196312  88904 1292732    0    0     0    15   73  113  0  0 100  0  0
 0  0      0 196312  88904 1292732    0    0     0    30   76  114  0  0 100  0  0
 0  0      0 196312  88904 1292732    0    0     0    11   62  100  0  0 100  0  0
 1  0      0 196312  88908 1292836    0    0    15     5   84  140  1  1 99  0  0
 0  0      0 196312  88908 1292924    0    0     2    42  142  176  5  1 94  0  0
 0  0      0 196312  88908 1292924    0    0     0    13   68  113  0  0 100  0  0
 0  0      0 196312  88908 1292924    0    0     0     0   62  102  0  0 100  0  0
 0  0      0 196312  88908 1292924    0    0     0     2   55   94  0  0 100  0  0
 0  0      0 196312  88908 1292924    0    0     0     0   69  107  0  0 100  0  0
 0  0      0 196312  88908 1292924    0    0     0     3   65  110  0  0 100  0  0
 0  0      0 196312  88908 1292924    0    0     0     2   57   97  0  0 100  0  0
 0  0      0 196312  88908 1292924    0    0     0    15   67  110  0  0 100  0  0
