procs -----------memory---------- ---swap-- -----io---- -system-- ------cpu-----
 r  b   swpd   free   buff  cache   si   so    bi    bo   in   cs us sy id wa st
 2  0      0 189536  88908 1298588    0    0     1     7   11   13  0  0 100  0  0
 0  0      0 189536  88908 1298604    0    0     0    16   73  121  0  0 100  0  0
 0  0      0 189536  88908 1298604    0    0     0     3   56   96  0  0 100  0  0
 0  0      0 189536  88908 1298604    0    0     0     0   59   97  0  0 100  0  0
 0  0      0 189536  88908 1298604    0    0     0     2   65  104  0  0 100  0  0
 1  0      0 189536  88908 1298604    0    0     0   552  122  211  0  0 99  1  0
 0  0      0 189536  88908 1298604    0    0     0    18   59   96  0  0 100  0  0
 0  0      0 189536  88908 1298604    0    0     0     4   62  101  0  0 100  0  0
 0  0      0 189536  88908 1298604    0    0     0     6   70  106  0  0 100  0  0
 0  0      0 189536  88908 1298604    0    0     0     0   62  101  0  0 100  0  0
 0  0      0 189536  88908 1298604    0    0     0     2   57   96  0  0 100  0  0
 0  0      0 189536  88908 1298604    0    0     0     0   58   97  0  0 100  0  0
 0  0      0 189536  88908 1298604    0    0     0     2   64  105  0  0 100  0  0
 0  0      0 189536  88908 1298604    0    0     0     2   63  101  0  0 100  0  0
 0  0      0 189536  88908 1298604    0    0     0     4   59   96  0  0 100  0  0
 0  0      0 189536  88908 1298604    0    0     0     3   62  100  0  0 100  0  0
 0  0      0 189536  88908 1298604    0    0     0     6   71  107  0  0 100  0  0
 0  0      0 189536  88908 1298604    0    0     0     0   62  101  0  0 100  0  0
 0  0      0 189536  88908 1298604    0    0     0     2   60   96  0  0 100  0  0
