procs -----------memory---------- ---swap-- -----io---- -system-- ------cpu-----
 r  b   swpd   free   buff  cache   si   so    bi    bo   in   cs us sy id wa st
 2  0      0 187792  89384 1300044    0    0     1     7   11   13  0  0 100  0  0
 0  0      0 187792  89384 1300056    0    0     0    18   78  130  0  0 100  0  0
 0  0      0 187792  89384 1300056    0    0     0     0   59   96  0  0 100  0  0
 0  0      0 187792  89384 1300056    0    0     0     4   58   95  0  0 100  0  0
 0  0      0 187792  89384 1300072    0    0     0    22  111  155  0  0 100  0  0
 0  0      0 187792  89384 1300072    0    0     0   114  136  184  0  0 100  0  0
 0  0      0 187792  89384 1300072    0    0     0   106  138  180  0  0 100  0  0
 0  0      0 187792  89384 1300072    0    0     0   450  153  228  0  0 99  0  0
 0  0      0 187792  89384 1300072    0    0     0   107  149  194  0  0 100  0  0
 0  0      0 187792  89384 1300072    0    0     0    55  130  179  0  0 100  0  0
 0  0      0 188044  89384 1300072    0    0     0   157  158  203  0  0 99  0  0
 0  0      0 188044  89384 1300072    0    0     0   114  128  185  0  0 100  0  0
 0  0      0 187820  89384 1300072    0    0     0    35  164  206  1  1 99  0  0
 0  0      0 187820  89384 1300072    0    0     0     4   87  127  0  0 100  0  0
 0  0      0 187820  89384 1300072    0    0     0     1   74  113  0  0 100  0  0
 0  0      0 187820  89384 1300072    0    0     0     5   57   98  0  0 100  0  0
 0  0      0 187820  89384 1300072    0    0     0    34   71  115  0  0 100  0  0
 0  0      0 187820  89384 1300072    0    0     0     5   59  101  0  0 100  0  0
 0  0      0 187820  89384 1300072    0    0     0     0   55   94  0  0 100  0  0
