procs -----------memory---------- ---swap-- -----io---- -system-- ------cpu-----
 r  b   swpd   free   buff  cache   si   so    bi    bo   in   cs us sy id wa st
 4  0      0 249544  73916 1072896    0    0     2    11    9    6  6  1 92  0  1
 0  0      0 249544  73916 1072916    0    0     0    18  231  340  1  0 98  0  0
 0  0      0 249544  73916 1072980    0    0     0     8  298  433  1  0 98  0  0
 0  0      0 249320  73916 1072984    0    0     0     6  404  602  2  0 97  0  0
 0  0      0 249320  73916 1072988    0    0     0     6  525  793  3  0 96  0  0
 1  0      0 249320  73920 1073120    0    0     0     6  501  767  3  1 95  0  1
 0  0      0 249320  73920 1073124    0    0     0   220  511  774  3  1 95  0  1
 0  0      0 249320  73920 1073132    0    0     0    23  487  749  3  1 96  0  0
 0  0      0 249096  73920 1073264    0    0     0     6  509  775  3  1 96  0  0
 0  0      0 249096  73920 1073264    0    0     0     6  502  776  3  1 96  0  0
 0  0      0 249096  73920 1073272    0    0     0     6  495  752  3  1 96  0  1
 0  0      0 249096  73920 1073272    0    0     0     0  489  751  3  1 96  0  0
 0  0      0 249096  73920 1073280    0    0     0    62  531  811  3  1 96  0  1
 0  0      0 249096  73924 1073288    0    0     0    14  502  754  3  1 94  0  2
 0  0      0 249096  73924 1073288    0    0     0    11  481  730  3  0 96  0  0
 0  0      0 249096  73924 1073292    0    0     0    53  487  748  3  1 96  0  0
 1  0      0 249096  73924 1073300    0    0     0    11  465  719  3  1 96  0  0
 0  0      0 249096  73924 1073300    0    0     0    41  401  607  2  0 97  0  0
 0  0      0 249096  73924 1073304    0    0     0    11  214  329  1  0 98  0  0
