procs -----------memory---------- ---swap-- -----io---- -system-- ------cpu-----
 r  b   swpd   free   buff  cache   si   so    bi    bo   in   cs us sy id wa st
 2  0      0 689552  48176 537352    0    0     6   530   18    1  6  1 91  0  2
 0  0      0 689552  48180 537828    0    0     0    57  180  249  1  0 99  0  0
 0  0      0 689552  48180 538512    0    0     0    23  269  336  1  0 99  0  0
 0  0      0 689808  48180 539444    0    0     0     0  334  399  1  0 99  0  0
 0  0      0 689808  48184 540792    0    0     0   477  492  594  1  1 96  0  1
 0  0      0 689808  48188 542148    0    0     0    40  440  527  2  0 98  0  0
 0  0      0 689808  48192 543496    0    0     0    38  448  535  1  1 98  0  0
 0  0      0 689808  48196 544852    0    0     0    95  446  534  1  0 98  0  0
 0  0      0 689808  48196 546208    0    0     0   236  456  540  1  0 98  0  0
 1  0      0 689808  48200 547472    0    0     0   219  450  528  1  0 99  0  0
 0  0      0 689808  48204 548824    0    0     0   338  464  541  1  0 98  0  0
 0  0      0 689808  48208 550176    0    0     0   310  456  537  1  0 98  0  0
 0  0      0 689556  48212 551652    0    0     0   311  459  535  1  0 98  0  0
 0  0      0 688800  48216 553004    0    0     0   333  464  544  1  1 98  0  0
 0  0      0 687792  48224 554356    0    0     0   311  462  548  1  0 99  0  0
 0  0      0 687036  48224 555708    0    0     0   430  461  534  1  0 98  0  0
 0  0      0 686532  48228 557060    0    0     0   395  478  563  1  1 97  0  1
 0  0      0 686280  48228 557988    0    0     0   314  337  402  1  0 99  0  0
 0  0      0 686028  48232 558416    0    0     0   302  192  252  1  0 99  0  0
