procs -----------memory---------- ---swap-- -----io---- -system-- ------cpu-----
 r  b   swpd   free   buff  cache   si   so    bi    bo   in   cs us sy id wa st
 2  0      0 769660  40764 478788    0    0     6   532   17   19  6  1 91  0  2
 0  0      0 769436  40772 478820    0    0     0    45  238  359  1  0 98  0  0
 0  0      0 769436  40776 478844    0    0     0    20  325  495  2  0 97  0  1
 0  0      0 769436  40780 478892    0    0     0   286  511  766  3  0 96  0  0
 0  0      0 769436  40784 478964    0    0     0   290  617  943  4  1 94  0  0
 0  0      0 769436  40792 479304    0    0    51    34  645  988  4  1 95  0  0
 0  0      0 769436  40796 479372    0    0     0    32  607  928  4  1 95  0  0
 0  0      0 769436  40804 479444    0    0     0    39  614  933  4  1 95  0  0
 0  0      0 769436  40804 479504    0    0     0    40  602  915  4  1 95  0  0
 1  0      0 769436  40812 479576    0    0     0    96  628  965  4  1 95  0  0
 0  0      0 769436  40820 479648    0    0     0    53  617  940  4  1 95  0  0
 0  0      0 769436  40832 479836    0    0     0   201  616  927  4  1 95  0  0
 0  0      0 769436  40836 479908    0    0     0    50  595  911  4  1 95  0  0
 0  0      0 769436  40840 479976    0    0     0    50  604  912  4  0 96  0  0
 0  0      0 769436  40840 480036    0    0     0    50  625  917  5  1 87  0  7
 0  0      0 769184  40844 480108    0    0     0   101  616  941  4  1 95  0  0
 0  0      0 769184  40848 480172    0    0     0    55  603  924  4  1 95  0  0
 0  0      0 769184  40848 480224    0    0     0   145  471  704  3  1 96  0  0
 0  0      0 769184  40852 480244    0    0     0    34  246  376  1  0 98  0  0
