procs -----------memory---------- ---swap-- -----io---- -system-- ------cpu-----
 r  b   swpd   free   buff  cache   si   so    bi    bo   in   cs us sy id wa st
 2  0      0 182732  89620 1306468    0    0     1     7   12   13  0  0 100  0  0
 0  0      0 182732  89620 1306480    0    0     0    19   71  125  0  0 100  0  0
 0  0      0 182732  89620 1306480    0    0     0     0   69  108  0  0 100  0  0
 0  0      0 182732  89620 1306480    0    0     0     2   60   99  0  0 100  0  0
 0  0      0 182732  89620 1306480    0    0     0     0   60   98  0  0 100  0  0
 0  0      0 182732  89620 1306480    0    0     0     2   57   94  0  0 100  0  0
 0  0      0 182732  89620 1306480    0    0     0   426  133  211  0  0 99  1  0
 0  0      0 182732  89620 1306480    0    0     0    28   74  104  0  0 100  0  0
 0  0      0 182732  89620 1306480    0    0     0     5   61   99  0  0 100  0  0
 0  0      0 182732  89620 1306480    0    0     0     0   65   97  0  0 100  0  0
 0  0      0 182732  89620 1306480    0    0     0     3   72  106  0  0 100  0  0
 0  0      0 182732  89620 1306480    0    0     0     0   54   93  0  0 100  0  0
 0  0      0 182732  89620 1306480    0    0     0     4   62   97  0  0 100  0  0
 0  0      0 182732  89620 1306480    0    0     0     1   59   93  0  0 100  0  0
 0  0      0 182732  89620 1306480    0    0     0     8   70  108  0  0 100  0  0
 0  0      0 182732  89620 1306480    0    0     0     5   64  102  0  0 100  0  0
 0  0      0 182732  89620 1306480    0    0     0     0   62   99  0  0 100  0  0
 0  0      0 182732  89620 1306480    0    0     0     2   64  100  0  0 100  0  0
 0  0      0 182732  89620 1306480    0    0     0     0   68  106  0  0 100  0  0
