procs -----------memory---------- ---swap-- -----io---- -system-- ------cpu-----
 r  b   swpd   free   buff  cache   si   so    bi    bo   in   cs us sy id wa st
 1  0      0 424860   2168 318568    0    0     2    11  272  349  1  0 99  0  0
 0  0      0 424860   2168 318572    0    0     0     2  363  558  1  0 98  0  0
 0  0      0 424860   2168 318572    0    0     0     1  368  639  0  0 99  0  0
 0  0      0 424356   2168 318572    0    0     0     6  430  763  0  0 99  0  0
 0  0      0 424104   2168 318572    0    0     0   365  440  779  0  0 99  0  0
 0  0      0 424104   2168 318572    0    0     0     1  421  738  0  0 100  0  0
 0  0      0 424104   2168 318576    0    0     0     2  426  740  0  0 100  0  0
 0  0      0 423852   2168 318576    0    0     0     3  440  763  0  0 99  0  1
 0  0      0 423852   2168 318576    0    0     0     1  497  883  0  0 100  0  0
 1  0      0 423852   2168 318576    0    0     0    46  484  855  0  0 99  0  0
 0  0      0 423348   2168 318576    0    0     0     3  513  906  0  0 99  0  0
 0  0      0 423348   2168 318576    0    0     0     1  525  937  1  0 99  0  0
 0  0      0 423096   2168 318576    0    0     0     1  506  902  0  0 99  0  0
 0  0      0 423096   2168 318580    0    0     0     4  509  888  1  0 99  0  0
 0  0      0 423096   2168 318580    0    0     0     1  479  841  0  0 99  0  0
 0  0      0 422340   2168 318580    0    0     0     7  467  806  0  0 100  0  0
 0  0      0 422340   2168 318580    0    0     0     1  476  838  0  0 99  0  0
 0  0      0 421836   2168 318580    0    0     0     3  439  773  0  0 100  0  0
 0  0      0 421836   2168 318580    0    0     0     1  312  574  0  0 100  0  0
