procs -----------memory---------- ---swap-- -----io---- -system-- ------cpu-----
 r  b   swpd   free   buff  cache   si   so    bi    bo   in   cs us sy id wa st
 1  0      0 242880  74020 1078816    0    0     2    11    9    7  6  1 92  0  1
 0  0      0 244248  74020 1078824    0    0     0    11  206  317  1  0 99  0  0
 0  0      0 244500  74020 1078828    0    0     0   264  318  486  1  0 98  0  0
 1  0      0 244500  74020 1078956    0    0     0    19  387  587  2  0 97  0  0
 0  0      0 244500  74020 1078964    0    0     0   233  541  836  3  1 96  0  1
 0  0      0 244504  74020 1078964    0    0     0     6  518  787  3  1 96  0  0
 0  0      0 244280  74020 1078972    0    0     0     6  481  732  2  0 97  0  0
 0  0      0 244536  74020 1078976    0    0     0     9  496  765  3  0 97  0  0
 0  0      0 244792  74020 1078980    0    0     0    66  522  798  3  1 96  0  0
 0  0      0 244568  74020 1078984    0    0     0    15  488  748  3  1 96  0  0
 0  0      0 244344  74020 1078988    0    0     0     6  473  731  3  1 96  0  1
 0  0      0 244372  74024 1078988    0    0     0     6  473  734  3  1 96  0  0
 0  0      0 244372  74024 1079000    0    0     0     6  519  790  3  1 94  0  2
 0  0      0 243112  74024 1079128    0    0     0     6  504  757  3  1 96  0  0
 0  0      0 243112  74024 1079136    0    0     0    64  479  731  3  1 96  0  0
 0  0      0 243112  74024 1079140    0    0     0     5  493  753  3  1 96  0  0
 1  0      0 243112  74024 1079144    0    0     0     6  496  756  3  1 96  0  0
 0  0      0 243148  74032 1079148    0    0     0    53  374  560  2  1 97  0  0
 0  0      0 243148  74036 1079148    0    0     0     6  216  328  1  0 98  0  0
