procs -----------memory---------- ---swap-- -----io---- -system-- ------cpu-----
 r  b   swpd   free   buff  cache   si   so    bi    bo   in   cs us sy id wa st
 1  0      0 182876  89620 1310020    0    0     1     8   12   14  0  0 100  0  0
 0  0      0 182876  89620 1310024    0    0     0    16   73  126  0  0 100  0  0
 0  0      0 182876  89620 1310024    0    0     0   466   99  170  0  0 99  0  0
 0  0      0 182876  89620 1310024    0    0     0    11   61  100  0  0 100  0  0
 0  0      0 183660  89620 1310024    0    0     0     0   71  105  0  0 100  0  0
 0  0      0 183660  89620 1310024    0    0     0     2   60   97  0  0 100  0  0
 0  0      0 183660  89620 1310024    0    0     0     0   59   95  0  0 100  0  0
 0  0      0 183660  89620 1310024    0    0     0     2   64  100  0  0 100  0  0
 0  0      0 183408  89620 1310024    0    0     0     1   70  112  0  0 100  0  0
 0  0      0 183408  89620 1310024    0    0     0    14   61   99  0  0 100  0  0
 0  0      0 183408  89620 1310024    0    0     0     0   58   95  0  0 100  0  0
 0  0      0 183408  89620 1310024    0    0     0     2   59   97  0  0 100  0  0
 0  0      0 183408  89620 1310024    0    0     0     0   63  104  0  0 100  0  0
 0  0      0 183408  89620 1310024    0    0     0     3   60   99  0  0 100  0  0
 0  0      0 183408  89620 1310024    0    0     0     2   58   98  0  0 100  0  0
 0  0      0 183408  89620 1310024    0    0     0     7   62  103  0  0 100  0  0
 0  0      0 183408  89620 1310024    0    0     0     1   68  107  0  0 100  0  0
 0  0      0 183408  89620 1310024    0    0     0     5   59   98  0  0 100  0  0
 0  0      0 183408  89620 1310024    0    0     0     0   55   96  0  0 100  0  0
