procs -----------memory---------- ---swap-- -----io---- -system-- ------cpu-----
 r  b   swpd   free   buff  cache   si   so    bi    bo   in   cs us sy id wa st
 1  0      0 186688  89620 1309364    0    0     1     7   12   14  0  0 100  0  0
 0  0      0 186688  89620 1309376    0    0     0    18   76  129  0  0 100  0  0
 0  0      0 186688  89620 1309376    0    0     0     0   76  119  0  0 100  0  0
 0  0      0 186688  89620 1309376    0    0     0     3   60   97  0  0 100  0  0
 0  0      0 186688  89620 1309376    0    0     0   551  135  225  0  0 99  1  0
 0  0      0 186688  89620 1309376    0    0     0    10   65  103  0  0 100  0  0
 0  0      0 186688  89620 1309376    0    0     0     0   60   96  0  0 100  0  0
 0  0      0 186688  89620 1309376    0    0     0     5   70  105  0  0 100  0  0
 0  0      0 186688  89620 1309376    0    0     0    20   66  101  0  0 100  0  0
 0  0      0 186688  89620 1309376    0    0     0     2   71  105  0  0 100  0  0
 0  0      0 186688  89620 1309376    0    0     0     3   65  101  0  0 100  0  0
 0  0      0 186688  89620 1309376    0    0     0     0   59   95  0  0 100  0  0
 0  0      0 186688  89620 1309376    0    0     0     2   61   96  0  0 100  0  0
 0  0      0 186688  89620 1309376    0    0     0     0   57   94  0  0 100  0  0
 1  0      0 186688  89620 1309376    0    0     0     6   76  112  0  0 100  0  0
 0  0      0 186688  89620 1309376    0    0     0     1   59   97  0  0 100  0  0
 0  0      0 186688  89620 1309376    0    0     0     3   63   98  0  0 100  0  0
 0  0      0 186688  89620 1309376    0    0     0     0   69  101  0  0 100  0  0
 0  0      0 186688  89620 1309376    0    0     0     2   61   98  0  0 100  0  0
