procs -----------memory---------- ---swap-- -----io---- -system-- ------cpu-----
 r  b   swpd   free   buff  cache   si   so    bi    bo   in   cs us sy id wa st
 2  0      0 749880  45460 505748    0    0     6   531   18    1  6  1 91  0  2
 0  0      0 749880  45464 505776    0    0     0    25  215  318  1  0 99  0  0
 0  0      0 749880  45464 505812    0    0     0    65  300  432  1  0 98  0  0
 0  0      0 749880  45464 505848    0    0     0     0  397  575  1  0 98  0  0
 0  0      0 749880  45464 505920    0    0     0   251  507  756  2  1 97  0  0
 0  0      0 749880  45464 506000    0    0     0    38  503  751  2  1 98  0  0
 0  0      0 749880  45468 506064    0    0     0   132  516  784  2  0 97  0  0
 0  0      0 749880  45476 506128    0    0     0    50  502  731  2  0 97  0  0
 0  0      0 749628  45480 506200    0    0     0   134  503  742  2  1 97  0  1
 0  0      0 749628  45488 506272    0    0     0    37  538  792  2  0 97  0  0
 0  0      0 749628  45492 506340    0    0     0    48  486  724  2  1 98  0  0
 0  0      0 749628  45496 506420    0    0     0    52  498  732  2  1 95  0  2
 0  0      0 749628  45500 506552    0    0     0    51  555  811  2  1 97  0  0
 0  0      0 749628  45504 506624    0    0     0   103  527  772  1  1 98  0  0
 0  0      0 749628  45508 506816    0    0     0    62  518  763  2  1 97  0  1
 0  0      0 749628  45508 506892    0    0     0    58  500  731  2  0 98  0  0
 0  0      0 749628  45512 506964    0    0     0   171  525  771  2  1 97  0  0
 0  0      0 749376  45516 507144    0    0     0    51  396  580  2  0 98  0  0
 0  0      0 749376  45524 507176    0    0     0    46  216  320  1  0 99  0  0
