procs -----------memory---------- ---swap-- -----io---- -system-- ------cpu-----
 r  b   swpd   free   buff  cache   si   so    bi    bo   in   cs us sy id wa st
 1  0      0 420244   2168 320732    0    0     2    12  270   12  1  0 99  0  0
 0  0      0 415708   2168 320740    0    0     0     1  334  516  1  0 98  0  0
 0  0      0 415204   2168 320740    0    0     0   366  358  654  1  0 99  0  0
 0  0      0 414700   2168 320740    0    0     0     0  395  692  0  0 99  0  0
 0  0      0 414700   2168 320740    0    0     0     2  493  872  0  0 99  0  0
 0  0      0 414448   2168 320740    0    0     0     2  470  830  1  0 99  0  1
 0  0      0 414448   2168 320744    0    0     0     0  471  841  0  0 100  0  0
 0  0      0 414196   2168 320744    0    0     0     2  492  883  1  0 99  0  0
 0  0      0 414196   2168 320744    0    0     0    51  473  830  0  0 99  0  0
 0  0      0 413944   2168 320744    0    0     0     0  462  807  1  0 99  0  0
 0  0      0 413944   2168 320744    0    0     0     2  447  782  0  0 100  0  0
 0  0      0 413692   2168 320744    0    0     0     2  433  758  0  0 99  0  0
 0  0      0 413440   2168 320744    0    0     0     0  449  788  0  0 99  0  0
 0  0      0 413440   2168 320744    0    0     0     0  450  808  0  0 100  0  0
 0  0      0 413188   2168 320748    0    0     0     6  435  770  0  0 99  0  0
 0  0      0 412936   2168 320748    0    0     0     0  430  763  0  0 99  0  0
 0  0      0 412936   2168 320748    0    0     0     0  445  784  0  0 99  0  0
 0  0      0 412684   2168 320748    0    0     0     2  370  651  0  0 99  0  0
 0  0      0 412432   2168 320748    0    0     0     0  273  496  0  0 100  0  0
