procs -----------memory---------- ---swap-- -----io---- -system-- ------cpu-----
 r  b   swpd   free   buff  cache   si   so    bi    bo   in   cs us sy id wa st
 1  0      0 231360  74580 1085780    0    0     2    12   10    7  6  1 92  0  1
 0  0      0 231360  74580 1085792    0    0     0    12  187  275  1  0 99  0  0
 0  0      0 231360  74580 1085796    0    0     0     0  276  417  1  1 98  0  0
 0  0      0 231360  74584 1085924    0    0     0     6  368  549  1  0 98  0  1
 0  0      0 231360  74584 1085932    0    0     0   444  538  827  2  1 96  1  1
 0  0      0 231360  74584 1085932    0    0     0    26  458  689  2  0 97  0  1
 0  0      0 231360  74584 1086024    0    0     0     6  444  675  2  1 97  0  0
 0  0      0 231360  74584 1086072    0    0     0    10  494  741  2  1 96  0  0
 0  0      0 231360  74584 1086076    0    0     0     9  469  707  2  1 97  0  0
 0  0      0 231360  74584 1086080    0    0     0     6  456  682  2  0 97  0  0
 0  0      0 231360  74584 1086088    0    0     0    55  479  716  2  1 97  0  0
 0  0      0 231360  74584 1086088    0    0     0    10  463  680  2  0 91  0  5
 0  0      0 231360  74584 1086096    0    0     0    14  467  702  2  0 96  0  1
 0  0      0 231360  74584 1086096    0    0     0     9  456  682  2  0 97  0  0
 0  0      0 231360  74584 1086104    0    0     0    56  501  755  2  0 97  0  1
 0  0      0 231360  74584 1086108    0    0     0    11  457  682  2  1 97  0  0
 0  0      0 231360  74584 1086112    0    0     0    44  476  712  2  1 96  0  1
 0  0      0 231360  74584 1086244    0    0     0    11  321  484  1  0 98  0  0
 0  0      0 231360  74584 1086228    0    0     0     6  200  309  1  0 98  0  0
