procs -----------memory---------- ---swap-- -----io---- -system-- ------cpu-----
 r  b   swpd   free   buff  cache   si   so    bi    bo   in   cs us sy id wa st
 1  0      0 421836   2168 318608    0    0     2    11  272    1  1  0 99  0  0
 0  0      0 418068   2168 318620    0    0     0     1  383  589  2  1 98  0  0
 0  0      0 418068   2168 318624    0    0     0   358  284  504  0  0 99  0  0
 0  0      0 418068   2168 318624    0    0     0     0  369  647  0  0 100  0  0
 0  0      0 418068   2168 318624    0    0     0     1  471  828  0  0 100  0  0
 0  0      0 418068   2168 318624    0    0     0     3  436  767  0  0 100  0  0
 0  0      0 418068   2168 318624    0    0     0    17  466  828  0  0 100  0  0
 0  0      0 418068   2168 318624    0    0     0     1  478  845  0  0 100  0  0
 0  0      0 418068   2168 318624    0    0     0     3  500  890  0  0 100  0  0
 0  0      0 418068   2168 318628    0    0     0     0  433  765  1  0 99  0  0
 0  0      0 418068   2168 318628    0    0     0     2  447  787  1  0 99  0  0
 0  0      0 418068   2168 318628    0    0     0     3  434  761  0  0 99  0  0
 0  0      0 418068   2168 318628    0    0     0    29  447  777  0  0 100  0  0
 0  0      0 418068   2168 318628    0    0     0     1  464  806  0  0 100  0  0
 0  0      0 418068   2168 318628    0    0     0     1  458  799  0  0 100  0  0
 0  0      0 418068   2168 318628    0    0     0     1  438  758  0  0 100  0  0
 0  0      0 418068   2168 318632    0    0     0     1  466  826  0  0 100  0  0
 0  0      0 418068   2168 318632    0    0     0     2  416  741  0  0 100  0  0
 0  0      0 417816   2168 318632    0    0     0    15  268  479  0  0 100  0  0
