procs -----------memory---------- ---swap-- -----io---- -system-- ------cpu-----
 r  b   swpd   free   buff  cache   si   so    bi    bo   in   cs us sy id wa st
 3  0      0 185492  89384 1304536    0    0     1     7   11   13  0  0 100  0  0
 0  0      0 185492  89384 1304548    0    0     0    18   84  135  0  0 100  0  0
 0  0      0 185492  89384 1304548    0    0     0     0   55   95  0  0 100  0  0
 0  0      0 185492  89384 1304548    0    0     0     2   57   99  0  0 100  0  0
 0  0      0 185492  89384 1304548    0    0     0     0   56   96  0  0 100  0  0
 0  0      0 185492  89384 1304548    0    0     0   548  141  241  0  0 99  1  0
 0  0      0 185492  89384 1304548    0    0     0    10   59   97  0  0 100  0  0
 0  0      0 185492  89384 1304548    0    0     0     2   59   98  0  0 100  0  0
 0  0      0 185492  89384 1304548    0    0     0    23   64   99  0  0 100  0  0
 0  0      0 185492  89384 1304548    0    0     0     0   73  109  0  0 100  0  0
 0  0      0 185492  89384 1304548    0    0     0     3   58   93  0  0 100  0  0
 0  0      0 185492  89384 1304548    0    0     0     0   63  104  0  0 100  0  0
 0  0      0 185492  89384 1304548    0    0     0     2   58   96  0  0 100  0  0
 0  0      0 185492  89384 1304548    0    0     0     2   70  105  0  0 100  0  0
 0  0      0 185492  89384 1304548    0    0     0     4   58   96  0  0 100  0  0
 0  0      0 185492  89384 1304548    0    0     0     0   59  101  0  0 100  0  0
 0  0      0 185492  89384 1304548    0    0     0     4   59   99  0  0 100  0  0
 0  0      0 185492  89384 1304548    0    0     0     0   65  107  0  0 100  0  0
 0  0      0 185492  89384 1304548    0    0     0     2   59   98  0  0 100  0  0
