procs -----------memory---------- ---swap-- -----io---- -system-- ------cpu-----
 r  b   swpd   free   buff  cache   si   so    bi    bo   in   cs us sy id wa st
 2  0      0 188824  88908 1299004    0    0     1     7   11   13  0  0 100  0  0
 0  0      0 188824  88908 1299016    0    0     0    15   70  125  0  0 100  0  0
 0  0      0 188824  88908 1299016    0    0     0     0   63  103  0  0 100  0  0
 0  0      0 188824  88908 1299016    0    0     0     3   64  103  0  0 100  0  0
 0  0      0 188824  88908 1299016    0    0     0     0   58  100  0  0 100  0  0
 0  0      0 188824  88908 1299016    0    0     0     4   63  103  0  0 100  0  0
 0  0      0 188824  88908 1299016    0    0     0    20   72  109  0  0 100  0  0
 0  0      0 188824  88908 1299016    0    0     0   433  112  188  0  0 99  1  0
 0  0      0 188824  88908 1299016    0    0     0    10   58   95  0  0 100  0  0
 0  0      0 188824  88908 1299016    0    0     0     0   57   96  0  0 100  0  0
 0  0      0 188824  88908 1299016    0    0     0     2   69  107  0  0 100  0  0
 0  0      0 188824  88908 1299016    0    0     0     1   61   99  0  0 100  0  0
 0  0      0 188824  88908 1299016    0    0     0     3   58   97  0  0 100  0  0
 0  0      0 188824  88908 1299016    0    0     0     9   58   95  0  0 100  0  0
 0  0      0 188824  88908 1299016    0    0     0     3   71  106  0  0 100  0  0
 0  0      0 188824  88908 1299016    0    0     0     3   65  102  0  0 100  0  0
 0  0      0 188824  88908 1299016    0    0     0     0   56   97  0  0 100  0  0
 0  0      0 188824  88908 1299016    0    0     0     4   60  100  0  0 100  0  0
 0  0      0 188824  88908 1299016    0    0     0     3   68  108  0  0 100  0  0
 1  0      0 175720  88908 1299028    0    0     0     1  142  226  3  1 96  0  0
