procs -----------memory---------- ---swap-- -----io---- -system-- ------cpu-----
 r  b   swpd   free   buff  cache   si   so    bi    bo   in   cs us sy id wa st
 1  0      0 171328  89844 1316404    0    0     1     8   12   14  0  0 100  0  0
 0  0      0 171328  89844 1316404    0    0     0    16   77  132  0  0 100  0  0
 0  0      0 171328  89844 1316404    0    0     0    15   56   97  0  0 100  0  0
 0  0      0 171328  89844 1316404    0    0     0     2   56   96  0  0 100  0  0
 0  0      0 171328  89844 1316404    0    0     0     0   64  103  0  0 100  0  0
 0  0      0 171328  89844 1316404    0    0     0   570  116  211  0  0 99  1  0
 0  0      0 171328  89844 1316404    0    0     0    13   58   99  0  0 100  0  0
 0  0      0 171328  89844 1316404    0    0     0     6   55   97  0  0 100  0  0
 0  0      0 171328  89844 1316404    0    0     0     2   73  110  0  0 100  0  0
 0  0      0 171328  89844 1316404    0    0     0    10   58   98  0  0 100  0  0
 0  0      0 171328  89844 1316404    0    0     0     2   58  100  0  0 100  0  0
 0  0      0 171328  89844 1316404    0    0     0     0   54   94  0  0 100  0  0
 0  0      0 171328  89844 1316404    0    0     0     3   64  106  0  0 100  0  0
 0  0      0 171328  89844 1316404    0    0     0     7   68  112  0  0 100  0  0
 0  0      0 171328  89844 1316404    0    0     0     1   56   98  0  0 100  0  0
 0  0      0 171328  89844 1316404    0    0     0     2   56   96  0  0 100  0  0
 0  0      0 171328  89844 1316404    0    0     0     2   63  105  0  0 100  0  0
 0  0      0 171328  89844 1316404    0    0     0     2   58   97  0  0 100  0  0
 0  0      0 171328  89844 1316404    0    0     0     5   66  101  0  0 100  0  0
