procs -----------memory---------- ---swap-- -----io---- -system-- ------cpu-----
 r  b   swpd   free   buff  cache   si   so    bi    bo   in   cs us sy id wa st
 1  0      0 187484  89384 1299792    0    0     1     7   11   13  0  0 100  0  0
 0  0      0 187232  89384 1299800    0    0     0    15   79  137  0  0 100  0  0
 0  0      0 187232  89384 1299800    0    0     0     0   56   98  0  0 100  0  0
 0  0      0 187232  89384 1299800    0    0     0     3   64  101  0  0 100  0  0
 0  0      0 187232  89384 1299800    0    0     0   550  113  203  0  0 99  1  0
 0  0      0 187232  89384 1299800    0    0     0     9   65  106  0  0 100  0  0
 0  0      0 187232  89384 1299800    0    0     0    11   64  101  0  0 100  0  0
 0  0      0 187232  89384 1299800    0    0     0     1   60   99  0  0 100  0  0
 0  0      0 187232  89384 1299800    0    0     0     4   58   97  0  0 100  0  0
 0  0      0 187232  89384 1299800    0    0     0     2   72  109  0  0 100  0  0
 0  0      0 187232  89384 1299800    0    0     0     2   59   94  0  0 100  0  0
 0  0      0 187232  89384 1299800    0    0     0     3   58   98  0  0 100  0  0
 0  0      0 187232  89384 1299800    0    0     0     9   59   93  0  0 100  0  0
 0  0      0 187232  89384 1299800    0    0     0     2   71  110  0  0 100  0  0
 0  0      0 187232  89384 1299800    0    0     0     1   59  101  0  0 100  0  0
 0  0      0 187232  89384 1299800    0    0     0     2   63   99  0  0 100  0  0
 0  0      0 187232  89384 1299800    0    0     0     1   56   94  0  0 100  0  0
 0  0      0 187232  89384 1299800    0    0     0     7   72  116  0  0 100  0  0
 0  0      0 187232  89384 1299800    0    0     0     3   65  101  0  0 100  0  0
