procs -----------memory---------- ---swap-- -----io---- -system-- ------cpu-----
 r  b   swpd   free   buff  cache   si   so    bi    bo   in   cs us sy id wa st
 1  0      0 184320  89384 1304256    0    0     1     7   11   13  0  0 100  0  0
 0  0      0 184320  89384 1304268    0    0     0   562  148  244  0  0 99  1  0
 0  0      0 184320  89384 1304268    0    0     0     0   54   93  0  0 100  0  0
 0  0      0 184320  89384 1304268    0    0     0     2   58   98  0  0 100  0  0
 0  0      0 184320  89384 1304268    0    0     0     0   56   96  0  0 100  0  0
 0  0      0 184068  89384 1304268    0    0     0    13   76  113  0  0 100  0  0
 0  0      0 184068  89384 1304268    0    0     0     8   57   95  0  0 100  0  0
 0  0      0 184068  89384 1304268    0    0     0     2   67  110  0  0 100  0  0
 0  0      0 184068  89384 1304268    0    0     0     8   56   95  0  0 100  0  0
 0  0      0 184068  89384 1304268    0    0     0     0   69  109  0  0 100  0  0
 0  0      0 184068  89384 1304268    0    0     0     3   57   96  0  0 100  0  0
 0  0      0 184068  89384 1304268    0    0     0    18   58   98  0  0 100  0  0
 0  0      0 184068  89384 1304268    0    0     0     3   54   95  0  0 100  0  0
 0  0      0 184068  89384 1304268    0    0     0    36   77  116  0  0 100  0  0
 0  0      0 184068  89384 1304268    0    0     0     4   61   96  0  0 100  0  0
 0  0      0 184068  89384 1304268    0    0     0     0   54   95  0  0 100  0  0
 0  0      0 184068  89384 1304268    0    0     0     2   63  101  0  0 100  0  0
 0  0      0 184068  89384 1304268    0    0     0     1   66  107  0  0 100  0  0
 0  0      0 184068  89384 1304268    0    0     0     5   61   99  0  0 100  0  0
 0  0      0 195948  89384 1304268    0    0     0     1  177  280  3  1 96  0  0
