procs -----------memory---------- ---swap-- -----io---- -system-- ------cpu-----
 r  b   swpd   free   buff  cache   si   so    bi    bo   in   cs us sy id wa st
 1  0      0 197460  88904 1291088    0    0     1     7   11   13  0  0 100  0  0
 0  0      0 197460  88904 1291104    0    0     0     0   64  110  0  0 100  0  0
 0  0      0 197208  88904 1291108    0    0     0    10   63   99  0  0 100  0  0
 0  0      0 197208  88904 1291108    0    0     0     3   70  108  0  0 100  0  0
 0  0      0 197208  88904 1291108    0    0     0     0   62   97  0  0 100  0  0
 0  0      0 197208  88904 1291108    0    0     0     3   59   97  0  0 100  0  0
 0  0      0 197208  88904 1291108    0    0     0   424  116  199  0  0 99  1  0
 0  0      0 197208  88904 1291108    0    0     0    10   65  106  0  0 100  0  0
 0  0      0 197208  88904 1291108    0    0     0     4   62   99  0  0 100  0  0
 0  0      0 197208  88904 1291108    0    0     0     0   59   94  0  0 100  0  0
 0  0      0 197208  88904 1291108    0    0     0     2   59   96  0  0 100  0  0
 0  0      0 197208  88904 1291108    0    0     0     2   65  106  0  0 100  0  0
 0  0      0 197208  88904 1291112    0    0     0     3   87  138  0  0 100  0  0
 0  0      0 197208  88904 1291112    0    0     0    18   58   97  0  0 100  0  0
 0  0      0 197208  88904 1291112    0    0     0     1   58   96  0  0 100  0  0
 0  0      0 196956  88904 1291112    0    0     0     2   71  108  0  0 100  0  0
 0  0      0 196956  88904 1291112    0    0     0     0   57   98  0  0 100  0  0
 0  0      0 196956  88904 1291112    0    0     0     3   58   97  0  0 100  0  0
 0  0      0 196956  88904 1291112    0    0     0    30   64  103  0  0 100  0  0
