procs -----------memory---------- ---swap-- -----io---- -system-- ------cpu-----
 r  b   swpd   free   buff  cache   si   so    bi    bo   in   cs us sy id wa st
 1  0      0 180248  89620 1307884    0    0     1     7   12   14  0  0 100  0  0
 0  0      0 182012  89620 1307900    0    0     0    17   74  129  0  0 100  0  0
 0  0      0 182012  89620 1307900    0    0     0     0   69  109  0  0 100  0  0
 0  0      0 182012  89620 1307900    0    0     0     2   59   98  0  0 100  0  0
 0  0      0 182012  89620 1307900    0    0     0     2   56   93  0  0 100  0  0
 0  0      0 182012  89620 1307900    0    0     0     3   56   97  0  0 100  0  0
 0  0      0 182012  89620 1307900    0    0     0   373  106  171  0  0 100  0  0
 0  0      0 182012  89620 1307900    0    0     0    27   63  100  0  0 100  0  0
 0  0      0 182012  89620 1307900    0    0     0     0   61   98  0  0 100  0  0
 0  0      0 182012  89620 1307900    0    0     0     4   59   96  0  0 100  0  0
 0  0      0 182012  89620 1307900    0    0     0     6   73  112  0  0 100  0  0
 0  0      0 182012  89620 1307900    0    0     0     0   58   94  0  0 100  0  0
 0  0      0 182012  89620 1307900    0    0     0     3   65  104  0  0 100  0  0
 0  0      0 182012  89620 1307900    0    0     0     0   56   93  0  0 100  0  0
 0  0      0 182012  89620 1307900    0    0     0     3   73  111  0  0 100  0  0
 0  0      0 182012  89620 1307900    0    0     0     3   63   97  0  0 100  0  0
 0  0      0 182012  89620 1307900    0    0     0     2   60   97  0  0 100  0  0
 0  0      0 182012  89620 1307900    0    0     0     1   64   97  0  0 100  0  0
 0  0      0 181760  89620 1307900    0    0     0     3   71  106  0  0 100  0  0
