procs -----------memory---------- ---swap-- -----io---- -system-- ------cpu-----
 r  b   swpd   free   buff  cache   si   so    bi    bo   in   cs us sy id wa st
 1  0      0 187668  89384 1300072    0    0     1     7   11   13  0  0 100  0  0
 0  0      0 187668  89384 1300084    0    0     0   576  136  244  0  0 99  1  0
 0  0      0 187668  89384 1300084    0    0     0     9   69  107  0  0 100  0  0
 0  0      0 187668  89384 1300084    0    0     0     3   58   94  0  0 100  0  0
 0  0      0 187668  89384 1300084    0    0     0    10   71  110  0  0 100  0  0
 0  0      0 187668  89384 1300084    0    0     0    21   59   96  0  0 100  0  0
 0  0      0 187668  89384 1300084    0    0     0     1   60   97  0  0 100  0  0
 0  0      0 187668  89384 1300084    0    0     0     3   57   95  0  0 100  0  0
 0  0      0 187668  89384 1300084    0    0     0    44   73  114  0  0 100  0  0
 0  0      0 187668  89384 1300084    0    0     0     4   68  115  0  0 100  0  0
 0  0      0 187668  89384 1300084    0    0     0     1   58   98  0  0 100  0  0
 0  0      0 187668  89384 1300084    0    0     0    10   56   95  0  0 100  0  0
 0  0      0 187668  89384 1300084    0    0     0     0   66  106  0  0 100  0  0
 0  0      0 187668  89384 1300084    0    0     0     2   57   96  0  0 100  0  0
 0  0      0 187668  89384 1300084    0    0     0     1   58   98  0  0 100  0  0
 0  0      0 187668  89384 1300084    0    0     0     2   57   95  0  0 100  0  0
 0  0      0 187668  89384 1300084    0    0     0     0   63  105  0  0 100  0  0
 0  0      0 187668  89384 1300084    0    0     0     5   56   95  0  0 100  0  0
 0  0      0 187668  89384 1300084    0    0     0     3   62  101  0  0 100  0  0
