procs -----------memory---------- ---swap-- -----io---- -system-- ------cpu-----
 r  b   swpd   free   buff  cache   si   so    bi    bo   in   cs us sy id wa st
 1  0      0 683460  49476 546992    0    0     6   529   19    2  6  1 91  0  2
 0  0      0 683460  49488 547080    0    0     0    57  200  271  0  0 99  0  0
 0  0      0 683460  49488 547240    0    0     0    22  264  339  1  0 98  0  1
 0  0      0 683460  49492 547580    0    0     0    31  326  410  1  0 99  0  0
 0  0      0 683460  49500 547904    0    0     0   135  435  556  1  1 98  0  0
 0  0      0 683460  49500 548240    0    0     0   111  407  522  1  1 98  0  0
 0  0      0 683460  49504 548568    0    0     0   286  435  568  1  0 98  0  0
 0  0      0 683460  49504 548892    0    0     0    18  423  537  1  0 99  0  0
 0  0      0 683460  49504 549224    0    0     0    63  421  532  1  1 98  0  0
 0  0      0 683460  49504 549556    0    0     0    77  434  561  1  0 99  0  0
 0  0      0 683460  49508 549884    0    0     0   102  419  537  1  0 99  0  0
 0  0      0 683460  49508 550216    0    0     0   106  419  532  1  0 98  0  0
 0  0      0 683460  49508 550676    0    0     0   348  437  560  1  1 98  0  0
 0  0      0 683460  49508 551008    0    0     0   114  427  540  1  0 99  0  0
 0  0      0 683460  49512 551340    0    0     0   113  414  530  1  0 96  0  2
 0  0      0 683460  49516 551672    0    0     0   110  418  540  1  1 98  0  0
 0  0      0 683460  49520 551996    0    0     0   108  420  534  1  1 98  0  0
 0  0      0 683460  49524 552224    0    0     0   110  325  415  1  0 99  0  0
 0  0      0 683460  49528 552332    0    0     0   218  222  289  1  0 99  0  0
