procs -----------memory---------- ---swap-- -----io---- -system-- ------cpu-----
 r  b   swpd   free   buff  cache   si   so    bi    bo   in   cs us sy id wa st
 3  0      0 180536  89620 1310192    0    0     1     8   12   14  0  0 100  0  0
 0  0      0 180536  89620 1310204    0    0     0    17   73  123  0  0 100  0  0
 0  0      0 180536  89620 1310204    0    0     0     0   68  105  0  0 100  0  0
 0  0      0 180536  89620 1310204    0    0     0     2   63   97  0  0 100  0  0
 0  0      0 180536  89620 1310204    0    0     0    19   64   97  0  0 100  0  0
 0  0      0 180536  89620 1310204    0    0     0     6   60   96  0  0 100  0  0
 0  0      0 180536  89620 1310204    0    0     0     8   71  108  0  0 100  0  0
 0  0      0 180536  89620 1310204    0    0     0   440  101  185  0  0 99  1  0
 0  0      0 180536  89620 1310204    0    0     0     6   61   98  0  0 100  0  0
 0  0      0 180536  89620 1310204    0    0     0     0   61   95  0  0 100  0  0
 0  0      0 180536  89620 1310204    0    0     0    12   63  100  0  0 100  0  0
 0  0      0 180536  89620 1310204    0    0     0     1   68  109  0  0 100  0  0
 0  0      0 180536  89620 1310204    0    0     0     3   62   98  0  0 100  0  0
 0  0      0 180536  89620 1310204    0    0     0     0   57   94  0  0 100  0  0
 0  0      0 180536  89620 1310204    0    0     0     3   72  108  0  0 100  0  0
 0  0      0 180536  89620 1310204    0    0     0     0   58   97  0  0 100  0  0
 0  0      0 180536  89620 1310204    0    0     0     3   66  103  0  0 100  0  0
 0  0      0 180536  89620 1310204    0    0     0     2   59   94  0  0 100  0  0
 0  0      0 180536  89620 1310204    0    0     0     5   72  109  0  0 100  0  0
