procs -----------memory---------- ---swap-- -----io---- -system-- ------cpu-----
 r  b   swpd   free   buff  cache   si   so    bi    bo   in   cs us sy id wa st
 2  0      0 185848  89384 1305540    0    0     1     7   11   13  0  0 100  0  0
 0  0      0 185596  89384 1305552    0    0     0    15   75  129  0  0 100  0  0
 0  0      0 185596  89384 1305556    0    0     0     0   59   95  0  0 100  0  0
 0  0      0 185596  89384 1305556    0    0     0     2   66  105  0  0 100  0  0
 0  0      0 185596  89384 1305556    0    0     0   551  126  214  0  0 99  1  0
 0  0      0 185596  89384 1305556    0    0     0    30   59   95  0  0 100  0  0
 0  0      0 185596  89384 1305556    0    0     0     4   62   98  0  0 100  0  0
 0  0      0 185596  89384 1305556    0    0     0     1   74  107  0  0 100  0  0
 0  0      0 185596  89384 1305556    0    0     0     4   62  100  0  0 100  0  0
 0  0      0 185596  89384 1305556    0    0     0     0   58   97  0  0 100  0  0
 0  0      0 185596  89384 1305556    0    0     0     2   59   98  0  0 100  0  0
 0  0      0 185596  89384 1305556    0    0     0     1   72  113  0  0 100  0  0
 0  0      0 185596  89384 1305556    0    0     0     8   63  100  0  0 100  0  0
 0  0      0 185596  89384 1305556    0    0     0    42   69  112  0  0 99  0  0
 0  0      0 185596  89384 1305556    0    0     0     9   60   97  0  0 100  0  0
 0  0      0 185596  89384 1305556    0    0     0     5   69  108  0  0 100  0  0
 0  0      0 185596  89384 1305556    0    0     0     0   61   99  0  0 100  0  0
 0  0      0 185596  89384 1305556    0    0     0     3   60   97  0  0 100  0  0
 0  0      0 185596  89384 1305556    0    0     0     9   60   99  0  0 100  0  0
