procs -----------memory---------- ---swap-- -----io---- -system-- ------cpu-----
 r  b   swpd   free   buff  cache   si   so    bi    bo   in   cs us sy id wa st
 1  0      0 186960  89844 1311412    0    0     1     8   12   14  0  0 100  0  0
 0  0      0 186960  89844 1311424    0    0     0    15   76  133  0  0 100  0  0
 1  0      0 186960  89844 1311424    0    0     0     0   74  109  0  0 100  0  0
 0  0      0 186960  89844 1311424    0    0     0     6   65  102  0  0 100  0  0
 0  0      0 186960  89844 1311424    0    0     0   288   88  148  0  0 100  0  0
 0  0      0 186960  89844 1311424    0    0     0   278   83  142  0  0 100  0  0
 0  0      0 186960  89844 1311424    0    0     0    22   66  101  0  0 100  0  0
 0  0      0 186960  89844 1311424    0    0     0     2   68  105  0  0 100  0  0
 0  0      0 186960  89844 1311424    0    0     0     4   60   99  0  0 100  0  0
 0  0      0 186960  89844 1311424    0    0     0     1   61   96  0  0 100  0  0
 0  0      0 186960  89844 1311424    0    0     0     3   71  103  0  0 100  0  0
 0  0      0 186960  89844 1311424    0    0     0     0   61   99  0  0 100  0  0
 0  0      0 186960  89844 1311424    0    0     0     3   60   93  0  0 100  0  0
 0  0      0 186960  89844 1311424    0    0     0     4   61   95  0  0 100  0  0
 0  0      0 186960  89844 1311424    0    0     0     3   68  104  0  0 100  0  0
 0  0      0 186960  89844 1311424    0    0     0     2   62   96  0  0 100  0  0
 0  0      0 186960  89844 1311424    0    0     0     3   61   95  0  0 100  0  0
 0  0      0 186960  89844 1311424    0    0     0     0   65  100  0  0 100  0  0
 0  0      0 186960  89844 1311424    0    0     0     2   68  102  0  0 100  0  0
 1  0      0 182424  89844 1311424    0    0     0     0  127  205  1  0 98  0  0
