procs -----------memory---------- ---swap-- -----io---- -system-- ------cpu-----
 r  b   swpd   free   buff  cache   si   so    bi    bo   in   cs us sy id wa st
 1  0      0 181800  75108 1120136    0    0     2    12   11    9  6  1 93  0  1
 0  0      0 181800  75108 1120144    0    0     0    11  172  270  0  0 99  0  0
 0  0      0 181800  75112 1120148    0    0     0   402  287  441  1  0 99  0  0
 0  0      0 181800  75112 1120232    0    0     0     6  347  524  1  0 98  0  0
 0  0      0 181800  75116 1120284    0    0     0     6  394  585  1  0 98  0  0
 0  0      0 181800  75116 1120416    0    0     0     6  410  616  1  1 98  0  1
 0  0      0 181800  75116 1120420    0    0     0     6  417  619  1  1 96  0  2
 0  0      0 181800  75116 1120552    0    0     0     6  401  595  1  0 98  0  0
 0  0      0 181800  75116 1120560    0    0     0    58  414  620  1  0 98  0  0
 0  0      0 181800  75116 1120560    0    0     0    16  393  584  1  0 98  0  0
 0  0      0 181800  75116 1120696    0    0     0     6  422  634  1  0 98  0  1
 0  0      0 181800  75120 1120700    0    0     0     6  403  606  1  1 98  0  0
 0  0      0 181800  75120 1120704    0    0     0    62  403  602  1  0 98  0  0
 0  0      0 181800  75120 1120836    0    0     0     0  424  633  1  0 98  0  1
 0  0      0 181800  75120 1120844    0    0     0     6  399  590  1  0 98  0  0
 0  0      0 181800  75124 1120844    0    0     0     6  411  614  1  0 98  0  0
 0  0      0 181800  75128 1120852    0    0     0     6  367  549  1  1 98  0  0
 0  0      0 181800  75128 1120852    0    0     0     6  305  462  1  0 99  0  0
 0  0      0 181800  75128 1120856    0    0     0   114  189  289  1  0 99  0  0
