procs -----------memory---------- ---swap-- -----io---- -system-- ------cpu-----
 r  b   swpd   free   buff  cache   si   so    bi    bo   in   cs us sy id wa st
 3  0      0 765152  43536 497288    0    0     6   532   18    0  6  1 91  0  2
 0  0      0 764256  43540 498660    0    0     0    42  251  288  1  0 99  0  0
 0  0      0 763584  43540 501384    0    0     0   262  406  425  2  1 98  0  0
 0  0      0 762884  43544 505120    0    0     0    82  501  473  2  1 97  0  0
 0  0      0 760868  43548 510232    0    0     0    28  659  585  3  1 96  0  0
 0  0      0 755868  43552 515680    0    0     0   251  729  669  3  1 95  0  1
 0  0      0 753852  43556 520792    0    0     0    37  683  595  3  1 96  0  1
 0  0      0 746908  43556 526228    0    0     0   111  728  644  3  1 96  0  0
 0  0      0 738984  43564 531340    0    0     0   348  711  645  5  1 90  0  4
 0  0      0 732068  43572 536792    0    0     0   654  736  635  3  1 95  0  0
 1  0      0 726832  43576 542236    0    0     0  1040  739  651  3  1 95  0  0
 0  0      0 719916  43576 547688    0    0     0  1129  735  642  3  1 96  0  0
 0  0      0 713616  43576 553268    0    0     0  1125  708  643  3  1 96  0  1
 0  0      0 707064  43576 558372    0    0     0  1069  727  612  3  1 96  0  0
 0  0      0 702276  43576 563480    0    0     0  1262  713  634  3  0 96  1  0
 0  0      0 696732  43580 568576    0    0     0  1064  711  639  3  1 96  0  0
 1  0      0 689984  43588 574368    0    0     0  1199  735  651  3  1 96  0  1
 0  0      0 684944  43588 577784    0    0     0  1262  492  465  2  1 97  0  1
 0  0      0 683432  43592 579824    0    0     0  1046  324  331  1  0 98  0  0
