procs -----------memory---------- ---swap-- -----io---- -system-- ------cpu-----
 r  b   swpd   free   buff  cache   si   so    bi    bo   in   cs us sy id wa st
 0  0      0 758044  43264 495416    0    0     6   532   18    0  6  1 91  0  2
 0  0      0 756488  43268 496792    0    0     0   294  269  308  1  0 98  0  0
 0  0      0 753800  43276 499516    0    0     0    71  387  385  2  0 98  0  0
 0  0      0 752064  43284 503260    0    0     0    28  505  457  2  0 97  0  0
 0  0      0 748368  43284 508608    0    0    41   241  698  665  3  1 96  0  0
 0  0      0 743916  43288 514068    0    0     0    40  687  618  3  1 96  0  0
 0  0      0 741256  43288 519176    0    0     0    34  644  601  3  1 97  0  0
 0  0      0 737364  43292 524964    0    0     0   246  729  650  3  1 97  0  0
 0  0      0 732912  43292 530200    0    0     0   625  665  601  3  1 96  0  0
 1  0      0 728264  43296 535644    0    0     0   968  718  653  3  1 95  0  0
 0  0      0 724064  43296 541092    0    0     0  1061  692  634  2  1 97  0  0
 0  0      0 719892  43296 546200    0    0     0  1130  672  615  3  0 96  0  0
 0  0      0 715272  43296 551644    0    0     0     0  718  638  4  1 92  0  3
 0  0      0 707768  43296 556752    0    0     0  1130  676  620  3  1 96  0  0
 1  0      0 702560  43296 562204    0    0     0  1130  711  649  3  1 96  0  0
 0  0      0 696344  43304 567648    0    0     0  1249  713  661  3  1 96  0  0
 0  0      0 689624  43304 573096    0    0     0  1062  688  644  3  0 96  0  0
 0  0      0 681448  43304 576504    0    0     0  1265  522  468  2  1 97  0  0
 0  0      0 677976  43308 578212    0    0     0  1189  272  288  1  0 98  0  0
