procs -----------memory---------- ---swap-- -----io---- -system-- ------cpu-----
 r  b   swpd   free   buff  cache   si   so    bi    bo   in   cs us sy id wa st
 1  0      0 424256   2168 317320    0    0     2    11  274  348  1  0 99  0  0
 0  0      0 419216   2168 317324    0    0     0   346  383  620  1  0 98  0  0
 0  0      0 418712   2168 317328    0    0     0     0  371  660  0  0 100  0  0
 0  0      0 418460   2168 317332    0    0     0     3  403  712  0  0 100  0  0
 0  0      0 418460   2168 317332    0    0     0     2  444  784  0  0 99  0  0
 0  0      0 417956   2168 317332    0    0     0    32  471  825  0  0 99  0  0
 0  0      0 417956   2168 317332    0    0     0     0  471  834  0  0 100  0  0
 0  0      0 417704   2168 317332    0    0     0     9  474  847  1  0 99  0  0
 0  0      0 417704   2168 317332    0    0     0     0  483  856  1  0 99  0  0
 0  0      0 417704   2168 317332    0    0     0     0  447  789  0  0 99  0  0
 0  0      0 416948   2168 317336    0    0     0     2  473  838  1  0 99  0  0
 0  0      0 416948   2168 317336    0    0     0    22  488  853  1  0 99  0  0
 0  0      0 416948   2168 317336    0    0     0     0  456  814  0  0 100  0  0
 0  0      0 416696   2168 317336    0    0     0     2  472  834  0  0 99  0  0
 0  0      0 416444   2168 317336    0    0     0     0  488  860  0  0 99  0  0
 0  0      0 416444   2168 317336    0    0     0     0  460  808  0  0 100  0  0
 0  0      0 416444   2168 317336    0    0     0     1  469  823  0  0 99  0  1
 0  0      0 416444   2168 317340    0    0     0     5  423  755  0  0 100  0  0
 0  0      0 416192   2168 317340    0    0     0     0  281  518  0  0 100  0  0
