procs -----------memory---------- ---swap-- -----io---- -system-- ------cpu-----
 r  b   swpd   free   buff  cache   si   so    bi    bo   in   cs us sy id wa st
 1  0      0 420032   2168 321340    0    0     2    12  269   16  1  0 99  0  0
 0  0      0 413480   2168 321344    0    0     0     0  320  496  1  0 99  0  0
 0  0      0 413228   2168 321344    0    0     0     2  397  717  0  0 99  0  0
 0  0      0 412976   2168 321344    0    0     0   390  498  924  0  0 100  0  0
 0  0      0 412724   2168 321344    0    0     0     3  519  936  0  0 100  0  0
 0  0      0 412724   2168 321348    0    0     0     2  516  923  0  0 99  0  0
 0  0      0 412472   2168 321348    0    0     0     1  513  925  0  0 100  0  0
 0  0      0 412472   2168 321348    0    0     0     3  531  951  0  0 99  0  0
 0  0      0 412220   2168 321348    0    0     0     1  510  912  0  0 99  0  0
 0  0      0 411968   2168 321348    0    0     0    35  521  937  0  0 99  0  0
 0  0      0 411968   2168 321348    0    0     0     3  517  933  0  0 100  0  0
 0  0      0 411716   2168 321348    0    0     0     1  524  942  0  0 100  0  0
 0  0      0 411464   2168 321352    0    0     0     2  518  943  0  0 100  0  0
 0  0      0 411464   2168 321352    0    0     0     3  523  934  0  0 99  0  0
 0  0      0 411212   2168 321352    0    0     0     1  507  909  0  0 100  0  0
 0  0      0 410960   2168 321352    0    0     0     8  487  881  0  0 100  0  0
 0  0      0 410960   2168 321352    0    0     0     1  506  916  0  0 100  0  0
 0  0      0 410960   2168 321352    0    0     0     3  439  788  0  0 99  0  0
 0  0      0 410708   2168 321352    0    0     0     1  289  529  0  0 99  0  0
