procs -----------memory---------- ---swap-- -----io---- -system-- ------cpu-----
 r  b   swpd   free   buff  cache   si   so    bi    bo   in   cs us sy id wa st
 2  0      0 669576  51244 565332    0    0     6   528   19    2  6  1 92  0  2
 0  0      0 669644  51248 565364    0    0     0   309  178  256  0  0 99  0  0
 0  0      0 669392  51272 565400    0    0     0   282  250  315  0  0 99  0  0
 0  0      0 669392  51276 565580    0    0     0    94  271  362  0  1 99  0  0
 0  0      0 669392  51280 565652    0    0     0    38  342  462  1  0 98  0  1
 1  0      0 669392  51284 565852    0    0     0    42  329  451  1  0 99  0  0
 0  0      0 669140  51288 566052    0    0     0    34  338  460  1  0 99  0  0
 0  0      0 669140  51296 566256    0    0     0    79  336  459  1  0 99  0  0
 0  0      0 669140  51304 566456    0    0     0    51  328  449  0  0 99  0  0
 0  0      0 669140  51308 566656    0    0     0    53  328  452  1  0 99  0  0
 0  0      0 669140  51308 566724    0    0     0   178  346  473  1  0 99  0  0
 0  0      0 669140  51312 566800    0    0     0    50  317  431  0  0 99  0  0
 0  0      0 669140  51312 566868    0    0     0    53  338  467  1  0 99  0  0
 0  0      0 669140  51316 566940    0    0     0   101  346  468  1  0 99  0  0
 0  0      0 669140  51320 567020    0    0     0    65  340  462  1  1 99  0  0
 0  0      0 669140  51324 567084    0    0     0    57  337  456  1  0 99  0  0
 0  0      0 669140  51328 567156    0    0     0    48  317  430  1  0 98  0  1
 3  0      0 669140  51332 567200    0    0     0   176  274  376  0  0 99  0  0
 0  0      0 669140  51332 567240    0    0     0    26  165  240  0  0 99  0  0
