procs -----------memory---------- ---swap-- -----io---- -system-- ------cpu-----
 r  b   swpd   free   buff  cache   si   so    bi    bo   in   cs us sy id wa st
 2  0      0 190992  89384 1299220    0    0     1     7   11   13  0  0 100  0  0
 0  0      0 190992  89384 1299232    0    0     0    16   71  127  0  0 100  0  0
 0  0      0 190992  89384 1299232    0    0     0     0   68  103  0  0 100  0  0
 0  0      0 190992  89384 1299232    0    0     0     3   55   94  0  0 100  0  0
 0  0      0 190992  89384 1299232    0    0     0   379  101  167  0  0 99  0  0
 0  0      0 190992  89384 1299232    0    0     0    10   59   97  0  0 100  0  0
 0  0      0 190992  89384 1299232    0    0     0     0   68  106  0  0 100  0  0
 0  0      0 190992  89384 1299232    0    0     0     5   64  104  0  0 100  0  0
 0  0      0 190992  89384 1299232    0    0     0     4   60   98  0  0 100  0  0
 0  0      0 190992  89384 1299232    0    0     0     0   55   95  0  0 100  0  0
 0  0      0 190992  89384 1299232    0    0     0     3   68  106  0  0 100  0  0
 0  0      0 190992  89384 1299232    0    0     0    11   64  104  0  0 100  0  0
 0  0      0 190992  89384 1299232    0    0     0     0   56   95  0  0 100  0  0
 0  0      0 190992  89384 1299232    0    0     0     2   55   96  0  0 100  0  0
 0  0      0 190992  89384 1299232    0    0     0     1   66  104  0  0 100  0  0
 0  0      0 190992  89384 1299232    0    0     0     3   58   96  0  0 100  0  0
 0  0      0 190992  89384 1299232    0    0     0     2   58   97  0  0 100  0  0
 0  0      0 190992  89384 1299232    0    0     0     5   60   97  0  0 100  0  0
 0  0      0 190992  89384 1299232    0    0     0     0   67  108  0  0 100  0  0
