procs -----------memory---------- ---swap-- -----io---- -system-- ------cpu-----
 r  b   swpd   free   buff  cache   si   so    bi    bo   in   cs us sy id wa st
 1  0      0 256424  73388 1062272    0    0     2    11    9    6  6  1 92  0  1
 0  0      0 256424  73388 1062300    0    0     0    22  251  294  2  0 98  0  0
 0  0      0 254156  73388 1062304    0    0     0    10  392  446  3  0 96  0  1
 0  0      0 253680  73388 1062436    0    0     0    10  527  563  4  1 94  0  1
 0  0      0 253680  73388 1062440    0    0     0   240  737  770  6  1 93  0  0
 0  0      0 253440  73388 1062572    0    0     0     6  655  672  5  1 94  0  1
 0  0      0 253216  73388 1062576    0    0     0   209  688  737  5  1 93  0  1
 0  0      0 252544  73388 1062708    0    0     0    13  681  722  6  0 93  0  1
 0  0      0 252544  73388 1062712    0    0     0    27  727  780  6  1 92  0  1
 0  0      0 251172  73388 1062716    0    0     0     6  683  716  6  1 93  0  0
 1  0      0 250276  73388 1062720    0    0     0    10  681  730  6  1 93  0  0
 0  0      0 248708  73388 1062724    0    0     0     6  718  719  5  1 93  0  0
 0  0      0 247112  73388 1062860    0    0     0    46  668  686  5  1 94  0  0
 0  0      0 247112  73388 1062860    0    0     0    12  679  737  6  1 92  0  1
 0  0      0 245544  73388 1062868    0    0     0     9  649  727  5  1 91  0  2
 0  0      0 244536  73388 1063084    0    0     0    12  665  726  6  1 90  0  3
 0  0      0 244156  73388 1063128    0    0     0     9  589  636  5  1 94  0  1
 0  0      0 244156  73392 1063136    0    0     0     6  421  489  3  0 96  0  0
 0  0      0 243904  73392 1063136    0    0     0    48  268  323  2  0 98  0  0
