procs -----------memory---------- ---swap-- -----io---- -system-- ------cpu-----
 r  b   swpd   free   buff  cache   si   so    bi    bo   in   cs us sy id wa st
 2  0      0 243604  73944 1074992    0    0     2    11    9    6  6  1 92  0  1
 0  0      0 243604  73944 1074988    0    0     0    12  207  322  1  0 99  0  0
 0  0      0 243604  73944 1074992    0    0     0   257  320  480  2  0 98  0  0
 2  0      0 243380  73948 1074992    0    0     0    10  387  592  2  0 97  0  0
 0  0      0 243380  73948 1075000    0    0     0   246  525  804  3  0 95  0  1
 0  0      0 243380  73948 1075008    0    0     0    10  526  801  3  1 96  0  0
 0  0      0 243380  73948 1075008    0    0     0     6  483  733  3  1 96  0  0
 0  0      0 243380  73948 1075012    0    0     0     7  522  784  3  1 96  0  0
 1  0      0 243380  73948 1075016    0    0     0    57  518  772  3  1 93  0  4
 0  0      0 243380  73948 1075152    0    0     0    11  522  788  3  1 95  0  1
 0  0      0 243380  73948 1075156    0    0     0     6  484  735  3  1 97  0  0
 0  0      0 243380  73948 1075156    0    0     0    16  493  753  3  0 96  0  0
 0  0      0 243380  73948 1075164    0    0     0     6  503  770  3  1 96  0  0
 0  0      0 243380  73948 1075168    0    0     0     6  496  763  3  1 97  0  0
 0  0      0 243156  73948 1075172    0    0     0     6  491  738  3  1 96  0  1
 0  0      0 243156  73948 1075176    0    0     0    64  495  758  3  1 96  0  0
 0  0      0 243156  73948 1075184    0    0     0     0  484  745  3  1 96  0  1
 0  0      0 243156  73948 1075184    0    0     0     6  367  548  2  0 97  0  0
 0  0      0 243156  73948 1075184    0    0     0     6  205  327  1  0 99  0  0
