procs -----------memory---------- ---swap-- -----io---- -system-- ------cpu-----
 r  b   swpd   free   buff  cache   si   so    bi    bo   in   cs us sy id wa st
 3  0      0 197716  89384 1301812    0    0     1     7   11   13  0  0 100  0  0
 0  0      0 197716  89384 1301956    0    0     0    15   88  147  0  0 100  0  0
 0  0      0 197716  89384 1301956    0    0     0     1   59   96  0  0 100  0  0
 0  0      0 197716  89384 1301956    0    0     0     3   59   97  0  0 100  0  0
 0  0      0 197716  89384 1301956    0    0     0     0   55   95  0  0 100  0  0
 0  0      0 197464  89384 1301956    0    0     0   562  118  202  0  0 99  1  0
 0  0      0 197464  89384 1301956    0    0     0    10   57   97  0  0 100  0  0
 0  0      0 197464  89384 1301956    0    0     0     2   60   98  0  0 100  0  0
 0  0      0 197464  89384 1301956    0    0     0     6   59   97  0  0 100  0  0
 0  0      0 197464  89384 1301956    0    0     0     3   73  110  0  0 100  0  0
 0  0      0 197464  89384 1301956    0    0     0     0   55   96  0  0 100  0  0
 0  0      0 197464  89384 1301956    0    0     0     2   63  102  0  0 100  0  0
 0  0      0 197464  89384 1301956    0    0     0     0   56   95  0  0 100  0  0
 0  0      0 197464  89384 1301956    0    0     0    12   73  109  0  0 100  0  0
 0  0      0 197464  89384 1301956    0    0     0     7   64  102  0  0 100  0  0
 0  0      0 197464  89384 1301956    0    0     0     0   57   97  0  0 100  0  0
 0  0      0 197464  89384 1301956    0    0     0     2   59   96  0  0 100  0  0
 0  0      0 197464  89384 1301956    0    0     0     0   65  104  0  0 100  0  0
 0  0      0 197464  89384 1301956    0    0     0     3   59   97  0  0 100  0  0
