procs -----------memory---------- ---swap-- -----io---- -system-- ------cpu-----
 r  b   swpd   free   buff  cache   si   so    bi    bo   in   cs us sy id wa st
 1  0      0 184072  89844 1314136    0    0     1     8   12   14  0  0 100  0  0
 0  0      0 184072  89844 1314148    0    0     0     2  100  168  0  0 100  0  0
 0  0      0 184072  89844 1314148    0    0     0    11   88  126  0  0 100  0  0
 0  0      0 184072  89844 1314148    0    0     0    30   92  131  0  0 100  0  0
 0  0      0 184072  89844 1314148    0    0     0   297  105  176  0  0 99  0  0
 0  0      0 184072  89844 1314148    0    0     0   279   81  141  0  0 100  0  0
 0  0      0 184072  89844 1314148    0    0     0     4   59   97  0  0 100  0  0
 0  0      0 184072  89844 1314148    0    0     0     2   62  103  0  0 100  0  0
 0  0      0 184072  89844 1314148    0    0     0     4   60  100  0  0 100  0  0
 0  0      0 184072  89844 1314148    0    0     0     3   54   95  0  0 100  0  0
 0  0      0 184072  89844 1314148    0    0     0    13   61   99  0  0 100  0  0
 0  0      0 184072  89844 1314148    0    0     0    44   69  113  0  0 100  0  0
 0  0      0 184072  89844 1314148    0    0     0     0   54   95  0  0 100  0  0
 0  0      0 184072  89844 1314148    0    0     0     6   67  111  0  0 100  0  0
 0  0      0 184072  89844 1314148    0    0     0     5   58   99  0  0 100  0  0
 0  0      0 184072  89844 1314148    0    0     0     2   57  100  0  0 100  0  0
 0  0      0 184072  89844 1314148    0    0     0     6   69  109  0  0 100  0  0
 0  0      0 184072  89844 1314148    0    0     0     5   55   96  0  0 100  0  0
 0  0      0 184072  89844 1314148    0    0     0     2   56   96  0  0 100  0  0
