procs -----------memory---------- ---swap-- -----io---- -system-- ------cpu-----
 r  b   swpd   free   buff  cache   si   so    bi    bo   in   cs us sy id wa st
 1  0      0 183776  88908 1295320    0    0     1     7   11   13  0  0 100  0  0
 0  0      0 183776  88908 1295336    0    0     0    67  154  211  0  0 100  0  0
 0  0      0 183776  88908 1295336    0    0     0   108  143  186  0  0 100  0  0
 0  0      0 183776  88908 1295336    0    0     0    55  127  178  0  0 100  0  0
 0  0      0 183776  88908 1295336    0    0     0   638  165  241  0  0 99  0  0
 0  0      0 183776  88908 1295336    0    0     0    82  132  179  0  0 100  0  0
 0  0      0 183776  88908 1295336    0    0     0   106  139  189  0  0 100  0  0
 0  0      0 183776  88908 1295336    0    0     0    55  134  179  0  0 100  0  0
 0  0      0 183776  88908 1295336    0    0     0   109  139  181  0  0 100  0  0
 0  0      0 183776  88908 1295336    0    0     0   106  122  176  0  0 100  0  0
 0  0      0 183776  88908 1295336    0    0     0    38  103  150  0  0 100  0  0
 0  0      0 183776  88908 1295336    0    0     0     5   87  126  0  0 100  0  0
 0  0      0 183776  88908 1295336    0    0     0    14   84  121  0  0 100  0  0
 0  0      0 183776  88908 1295336    0    0     0     2   55   96  0  0 100  0  0
 0  0      0 183776  88908 1295336    0    0     0     0   68  106  0  0 100  0  0
 0  0      0 183776  88908 1295336    0    0     0     5   56   97  0  0 100  0  0
 0  0      0 183776  88908 1295336    0    0     0     3   57   98  0  0 100  0  0
 0  0      0 183776  88908 1295336    0    0     0     0   66  102  0  0 100  0  0
 0  0      0 183776  88908 1295336    0    0     0     2   81  124  0  0 100  0  0
