procs -----------memory---------- ---swap-- -----io---- -system-- ------cpu-----
 r  b   swpd   free   buff  cache   si   so    bi    bo   in   cs us sy id wa st
 4  0      0 178864  88908 1299124    0    0     1     7   11   13  0  0 100  0  0
 0  0      0 178864  88908 1299136    0    0     0    15   92  145  0  0 100  0  0
 0  0      0 178864  88908 1299136    0    0     0     5   63  101  0  0 100  0  0
 0  0      0 178864  88908 1299136    0    0     0     0   55   95  0  0 100  0  0
 0  0      0 178864  88908 1299136    0    0     0     2   58   97  0  0 100  0  0
 0  0      0 178864  88908 1299136    0    0     0   546  132  223  0  0 99  1  0
 0  0      0 178864  88908 1299136    0    0     0    30   65  102  0  0 100  0  0
 0  0      0 178864  88908 1299136    0    0     0     2   64  104  0  0 100  0  0
 0  0      0 178864  88908 1299136    0    0     0     6   61  101  0  0 100  0  0
 0  0      0 178864  88908 1299136    0    0     0     3   72  108  0  0 100  0  0
 0  0      0 178864  88908 1299136    0    0     0     0   57   97  0  0 100  0  0
 0  0      0 178864  88908 1299136    0    0     0     2   59   96  0  0 100  0  0
 0  0      0 178864  88908 1299136    0    0     0     0   59   96  0  0 100  0  0
 0  0      0 178864  88908 1299136    0    0     0     2   70  109  0  0 100  0  0
 0  0      0 178864  88908 1299136    0    0     0     4   61   97  0  0 100  0  0
 0  0      0 178864  88908 1299136    0    0     0     3   56   96  0  0 100  0  0
 0  0      0 178864  88908 1299136    0    0     0     0   58   98  0  0 100  0  0
 0  0      0 178864  88908 1299136    0    0     0     2   71  111  0  0 100  0  0
 0  0      0 178864  88908 1299136    0    0     0     3   60   98  0  0 100  0  0
 1  0      0 176092  88908 1299136    0    0     0     0  131  206  3  1 97  0  0
