procs -----------memory---------- ---swap-- -----io---- -system-- ------cpu-----
 r  b   swpd   free   buff  cache   si   so    bi    bo   in   cs us sy id wa st
 3  0      0 174348  89844 1316272    0    0     1     8   12   14  0  0 100  0  0
 0  0      0 174348  89844 1316288    0    0     0    15   70  124  0  0 100  0  0
 0  0      0 174348  89844 1316288    0    0     0    15   65  103  0  0 100  0  0
 0  0      0 174348  89844 1316288    0    0     0     5   62  101  0  0 100  0  0
 0  0      0 174348  89844 1316288    0    0     0     3   59  100  0  0 100  0  0
 0  0      0 174348  89844 1316288    0    0     0   582  120  209  0  0 99  1  0
 0  0      0 174348  89844 1316288    0    0     0    10   67  104  0  0 100  0  0
 0  0      0 174348  89844 1316288    0    0     0     2   60  101  0  0 100  0  0
 0  0      0 174348  89844 1316288    0    0     0     4   58   99  0  0 100  0  0
 0  0      0 174348  89844 1316288    0    0     0    10   57   98  0  0 100  0  0
 0  0      0 174348  89844 1316288    0    0     0     3   64  105  0  0 100  0  0
 0  0      0 174348  89844 1316288    0    0     0     0   55   95  0  0 100  0  0
 0  0      0 174348  89844 1316288    0    0     0     2   57   97  0  0 100  0  0
 0  0      0 174348  89844 1316288    0    0     0     0   56   95  0  0 100  0  0
 0  0      0 174348  89844 1316288    0    0     0     3   65  105  0  0 100  0  0
 0  0      0 174348  89844 1316288    0    0     0     5   59  102  0  0 100  0  0
 0  0      0 174348  89844 1316288    0    0     0     1   56   96  0  0 100  0  0
 0  0      0 174348  89844 1316288    0    0     0     2   60   99  0  0 100  0  0
 0  0      0 174348  89844 1316288    0    0     0     0   67  106  0  0 100  0  0
