procs -----------memory---------- ---swap-- -----io---- -system-- ------cpu-----
 r  b   swpd   free   buff  cache   si   so    bi    bo   in   cs us sy id wa st
 1  0      0 425708   2168 318784    0    0     2    11  272    2  1  0 99  0  0
 0  0      0 423188   2168 318792    0    0     0     5  367  572  1  0 99  0  0
 0  0      0 422684   2168 318792    0    0     0     4  339  591  0  0 100  0  0
 0  0      0 422432   2168 318792    0    0     0     0  406  718  0  0 100  0  0
 0  0      0 422180   2168 318792    0    0     0     1  441  765  0  0 99  0  0
 0  0      0 422180   2168 318792    0    0     0     3  473  836  0  0 99  0  1
 0  0      0 422180   2168 318792    0    0     0     1  478  850  1  0 99  0  0
 0  0      0 421928   2168 318792    0    0     0    31  488  867  0  0 100  0  0
 0  0      0 419924   2168 318912    0    0     0     3  512  900  1  0 98  0  0
 0  0      0 419924   2168 318916    0    0     0     1  491  873  0  0 100  0  0
 0  0      0 419924   2168 318916    0    0     0     2  500  888  0  0 100  0  0
 0  0      0 419924   2168 318916    0    0     0     1  450  793  0  0 99  0  0
 0  0      0 419924   2168 318916    0    0     0     3  433  771  0  0 99  0  0
 0  0      0 419672   2168 318916    0    0     0   342  479  853  0  0 99  0  0
 0  0      0 419672   2168 318916    0    0     0     1  460  807  0  0 100  0  0
 0  0      0 419672   2168 318916    0    0     0     1  495  875  0  0 100  0  0
 0  0      0 419420   2168 318920    0    0     0     2  508  904  0  0 100  0  0
 0  0      0 419420   2168 318920    0    0     0     2  395  698  0  0 99  0  0
 0  0      0 419168   2168 318920    0    0     0     3  290  534  0  0 100  0  0
