procs -----------memory---------- ---swap-- -----io---- -system-- ------cpu-----
 r  b   swpd   free   buff  cache   si   so    bi    bo   in   cs us sy id wa st
 2  0      0 686692  47776 535284    0    0     6   530   18    1  6  1 91  0  2
 0  0      0 686468  47780 535640    0    0     0    49  194  257  0  0 99  0  0
 0  0      0 686020  47784 536316    0    0     0    20  273  319  1  0 99  0  0
 0  0      0 685796  47784 537248    0    0     0   332  370  450  1  0 96  0  2
 0  0      0 685348  47788 538604    0    0     0    34  472  538  1  0 99  0  0
 0  0      0 685124  47792 539952    0    0     0   262  485  583  1  1 98  0  0
 0  0      0 684900  47800 541304    0    0     0    34  454  533  1  0 98  0  0
 0  0      0 684676  47804 542784    0    0     0    46  458  531  1  0 99  0  0
 0  0      0 684452  47804 544132    0    0     0   141  470  544  1  1 98  0  0
 0  0      0 684228  47808 545484    0    0     0   218  468  540  1  1 98  0  0
 0  0      0 684228  47812 546752    0    0     0   360  441  509  1  1 98  0  0
 0  0      0 684004  47816 548184    0    0     0   326  482  562  1  1 98  0  0
 0  0      0 684004  47824 549536    0    0     0   309  442  528  1  0 98  0  0
 0  0      0 683556  47824 550888    0    0     0   309  461  545  1  1 98  0  0
 0  0      0 683556  47828 552152    0    0     0   318  435  509  1  0 98  0  0
 0  0      0 683108  47832 553504    0    0     0   378  462  539  1  0 97  0  1
 0  0      0 682884  47836 554856    0    0     0   310  467  543  2  0 98  0  0
 0  0      0 682884  47840 555784    0    0     0   431  347  421  1  0 98  0  0
 0  0      0 682436  47844 556416    0    0     0   315  213  269  0  0 99  0  0
