procs -----------memory---------- ---swap-- -----io---- -system-- ------cpu-----
 r  b   swpd   free   buff  cache   si   so    bi    bo   in   cs us sy id wa st
 1  0      0 192324  74808 1103244    0    0     2    12   10    8  6  1 93  0  1
 0  0      0 191876  74808 1103248    0    0     0   230  184  260  0  0 99  0  0
 0  0      0 191908  74808 1103248    0    0     0    11  244  320  1  0 99  0  0
 0  0      0 191940  74808 1103256    0    0     0     6  296  395  1  0 98  0  1
 0  0      0 191972  74808 1103256    0    0     0   212  399  522  2  0 98  0  0
 0  0      0 191972  74808 1103388    0    0     0    11  371  491  1  0 98  0  0
 0  0      0 191972  74808 1103396    0    0     0     6  343  468  1  0 98  0  0
 0  0      0 192004  74808 1103396    0    0     0    12  368  488  1  0 98  0  0
 0  0      0 192004  74812 1103404    0    0     0    54  376  506  2  0 98  0  0
 0  0      0 192260  74812 1103408    0    0     0    11  368  484  1  0 98  0  0
 0  0      0 192036  74812 1103412    0    0     0    55  376  505  1  1 98  0  0
 0  0      0 192068  74812 1103416    0    0     0    11  350  474  2  0 98  0  0
 0  0      0 192068  74812 1103424    0    0     0     6  364  495  1  0 98  0  0
 0  0      0 191844  74812 1103424    0    0     0    49  360  497  2  0 97  0  0
 0  0      0 192100  74812 1103428    0    0     0    10  359  487  2  0 98  0  0
 1  0      0 191876  74812 1103436    0    0     0     6  362  489  2  0 98  0  0
 0  0      0 192132  74812 1103564    0    0     0    54  354  476  2  0 98  0  0
 0  0      0 192188  74812 1103572    0    0     0    11  255  347  1  1 99  0  0
 0  0      0 191964  74812 1103572    0    0     0     0  164  237  0  0 99  0  0
