procs -----------memory---------- ---swap-- -----io---- -system-- ------cpu-----
 r  b   swpd   free   buff  cache   si   so    bi    bo   in   cs us sy id wa st
 6  0      0 666580  51084 563196    0    0     6   528   19    2  6  1 92  0  2
 0  0      0 666580  51088 563188    0    0     0    53  161  231  0  0 99  0  0
 0  0      0 666580  51092 563224    0    0     0    22  202  279  0  0 99  0  0
 0  0      0 666580  51100 563276    0    0     0   289  286  386  0  0 100  0  0
 0  0      0 666580  51100 563352    0    0     0   274  369  507  1  0 99  0  0
 0  0      0 666580  51108 563540    0    0     0    37  342  462  1  0 99  0  0
 0  0      0 666580  51116 563608    0    0     0    34  334  451  0  0 99  0  0
 0  0      0 666580  51120 563688    0    0     0   134  338  454  0  0 99  0  0
 0  0      0 666580  51120 563748    0    0     0    49  336  461  0  0 99  0  0
 0  0      0 666580  51124 563828    0    0     0    94  343  460  0  0 99  0  0
 0  0      0 666580  51128 563892    0    0     0    54  350  473  1  0 99  0  0
 0  0      0 666580  51132 563960    0    0     0    54  325  443  0  1 97  0  2
 0  0      0 666580  51132 564048    0    0     0    52  355  470  1  0 99  0  0
 0  0      0 666580  51140 564100    0    0     0    50  356  473  1  0 99  0  0
 0  0      0 666580  51144 564192    0    0     0   176  337  461  0  0 99  0  0
 0  0      0 666580  51152 564380    0    0     0   124  344  467  1  1 99  0  0
 0  0      0 666580  51156 564452    0    0     0    52  325  429  1  0 99  0  0
 0  0      0 666580  51156 564520    0    0     0    14  299  394  0  0 99  0  0
 0  0      0 666580  51160 564540    0    0     0    51  152  216  0  0 100  0  0
