procs -----------memory---------- ---swap-- -----io---- -system-- ------cpu-----
 r  b   swpd   free   buff  cache   si   so    bi    bo   in   cs us sy id wa st
 2  0      0 173384  89844 1316076    0    0     1     8   12   14  0  0 100  0  0
 0  0      0 173132  89844 1316080    0    0     0    31   74  130  0  0 100  0  0
 0  0      0 173132  89844 1316084    0    0     0   565  108  208  0  0 99  1  0
 0  0      0 173132  89844 1316084    0    0     0    11   57  101  0  0 100  0  0
 0  0      0 173132  89844 1316084    0    0     0     3   55   94  0  0 100  0  0
 0  0      0 173132  89844 1316084    0    0     0     0   67  108  0  0 100  0  0
 0  0      0 173132  89844 1316084    0    0     0     2   55   95  0  0 100  0  0
 0  0      0 173132  89844 1316084    0    0     0     0   59  100  0  0 100  0  0
 0  0      0 173132  89844 1316084    0    0     0     2   66  105  0  0 100  0  0
 0  0      0 173132  89844 1316084    0    0     0    11   60  101  0  0 100  0  0
 0  0      0 173132  89844 1316084    0    0     0     3   54   97  0  0 100  0  0
 0  0      0 173132  89844 1316084    0    0     0     3   59   99  0  0 100  0  0
 0  0      0 173132  89844 1316084    0    0     0     6   67  108  0  0 100  0  0
 0  0      0 173132  89844 1316084    0    0     0     5   58   99  0  0 100  0  0
 0  0      0 173132  89844 1316084    0    0     0     2   53   94  0  0 100  0  0
 0  0      0 173132  89844 1316084    0    0     0    11   64  105  0  0 100  0  0
 0  0      0 173132  89844 1316084    0    0     0     0   57  101  0  0 100  0  0
 0  0      0 173132  89844 1316084    0    0     0    10   84  125  0  0 100  0  0
 0  0      0 173132  89844 1316084    0    0     0     0   54   94  0  0 100  0  0
