procs -----------memory---------- ---swap-- -----io---- -system-- ------cpu-----
 r  b   swpd   free   buff  cache   si   so    bi    bo   in   cs us sy id wa st
 0  0      0 752448  41020 480332    0    0     6   532   17   19  6  1 91  0  2
 0  0      0 752448  41020 480364    0    0     0    48  221  345  1  0 99  0  0
 0  0      0 752448  41024 480392    0    0     0    22  324  487  2  0 98  0  0
 0  0      0 752448  41032 480428    0    0     0    27  511  773  4  0 96  0  0
 0  0      0 752448  41040 480512    0    0     0   243  633  951  4  1 96  0  0
 0  0      0 752448  41048 480568    0    0     0    38  593  911  3  1 96  0  0
 0  0      0 752448  41052 480764    0    0     0   259  628  950  4  1 95  0  0
 0  0      0 752448  41080 480840    0    0     0    74  620  929  4  1 95  0  0
 0  0      0 752448  41084 480896    0    0     0    43  610  920  4  1 95  0  0
 1  0      0 752448  41084 480964    0    0     0    46  625  943  4  0 93  0  2
 1  0      0 752448  41084 481028    0    0     0    52  608  911  4  1 94  0  2
 0  0      0 752448  41088 481096    0    0     0    42  631  956  4  1 95  0  0
 0  0      0 752448  41092 481180    0    0     0    50  614  938  4  1 95  0  0
 0  0      0 752448  41096 481228    0    0     0   202  610  924  4  1 95  0  0
 0  0      0 752448  41100 481308    0    0     0    62  608  928  4  1 95  0  0
 1  0      0 752448  41104 481376    0    0     0    50  636  965  4  1 95  0  0
 0  0      0 752448  41108 481452    0    0     0    48  597  907  4  0 95  0  0
 0  0      0 752448  41108 481612    0    0     0    51  435  656  3  1 97  0  0
 0  0      0 752448  41108 481648    0    0     0    12  243  371  1  0 98  0  0
