procs -----------memory---------- ---swap-- -----io---- -system-- ------cpu-----
 r  b   swpd   free   buff  cache   si   so    bi    bo   in   cs us sy id wa st
 1  0      0 431596   2168 313336    0    0     3    11  275  344  1  0 99  0  0
 0  0      0 428824   2168 313344    0    0     0     0  364  565  1  0 98  0  0
 0  0      0 428320   2168 313344    0    0     0     0  377  661  0  0 100  0  0
 0  0      0 426064   2168 313352    0    0     0     2  465  814  1  1 98  0  0
 0  0      0 426064   2168 313352    0    0     0     2  501  891  0  0 100  0  0
 0  0      0 426064   2168 313352    0    0     0    26  504  891  0  0 100  0  0
 0  0      0 426064   2168 313352    0    0     0     0  509  901  1  0 99  0  0
 0  0      0 426064   2168 313352    0    0     0     1  480  846  0  0 99  0  0
 0  0      0 426064   2168 313356    0    0     0     0  495  880  0  0 100  0  0
 0  0      0 426064   2168 313356    0    0     0   325  505  908  0  0 99  0  0
 0  0      0 426064   2168 313356    0    0     0     1  482  851  0  0 99  0  0
 0  0      0 426064   2168 313356    0    0     0    36  496  876  0  0 99  0  0
 0  0      0 426064   2168 313356    0    0     0     0  486  867  0  0 99  0  0
 0  0      0 426064   2168 313356    0    0     0     2  519  915  0  0 99  0  0
 0  0      0 426064   2168 313356    0    0     0     0  490  869  0  0 100  0  0
 0  0      0 426064   2168 313360    0    0     0     6  508  889  1  0 99  0  0
 0  0      0 426064   2168 313360    0    0     0     1  483  850  0  0 99  0  0
 0  0      0 426064   2168 313360    0    0     0    22  427  762  0  0 99  0  0
 0  0      0 426064   2168 313360    0    0     0     1  301  541  0  0 100  0  0
