procs -----------memory---------- ---swap-- -----io---- -system-- ------cpu-----
 r  b   swpd   free   buff  cache   si   so    bi    bo   in   cs us sy id wa st
 1  0      0 771936  40332 475992    0    0     6   533   17   19  6  1 91  0  2
 0  0      0 772004  40332 476148    0    0     0    54  229  355  1  0 99  0  0
 0  0      0 772004  40336 476180    0    0     0    21  318  483  1  0 98  0  0
 0  0      0 771780  40344 476224    0    0     0    26  493  720  4  0 90  0  5
 0  0      0 771528  40348 476292    0    0     0   234  622  968  4  1 95  0  0
 0  0      0 771528  40356 476352    0    0     0    40  638  976  4  0 95  0  0
 0  0      0 771528  40360 476428    0    0     0   314  622  953  4  0 95  0  0
 0  0      0 771528  40368 476500    0    0     0    45  588  903  4  1 95  0  0
 0  0      0 771528  40372 476568    0    0     0    49  599  921  4  0 96  0  0
 0  0      0 771528  40376 476632    0    0     0    46  602  918  4  0 95  0  0
 0  0      0 771528  40396 476696    0    0     0    84  632  947  4  0 95  0  0
 0  0      0 771528  40396 476768    0    0     0    50  647  980  4  1 95  0  0
 0  0      0 771276  40404 476832    0    0     0   101  650  972  4  1 94  0  1
 0  0      0 771276  40412 477032    0    0     0    38  606  918  4  1 95  0  1
 0  0      0 771052  40420 477096    0    0     0   167  603  922  4  1 95  0  0
 0  0      0 771052  40424 477164    0    0     0    56  638  949  5  1 89  0  5
 0  0      0 770800  40428 477228    0    0     0    50  610  935  4  1 95  0  0
 0  0      0 770800  40436 477276    0    0     0    50  481  733  3  0 96  0  0
 0  0      0 770800  40444 477304    0    0     0    42  250  382  1  0 98  0  0
