procs -----------memory---------- ---swap-- -----io---- -system-- ------cpu-----
 r  b   swpd   free   buff  cache   si   so    bi    bo   in   cs us sy id wa st
 2  0      0 252272  73896 1070776    0    0     2    11    9    6  6  1 92  0  1
 0  0      0 250480  73896 1070744    0    0     0    18  259  322  2  0 98  0  0
 0  0      0 248688  73896 1070748    0    0     0    10  410  439  3  1 96  0  1
 0  0      0 245104  73896 1070748    0    0     0    11  522  543  4  1 95  0  0
 0  0      0 242864  73896 1070752    0    0     0   220  764  791  5  1 92  0  1
 1  0      0 239728  73896 1070760    0    0     0    13  697  747  6  1 93  0  1
 0  0      0 237712  73896 1070760    0    0     0     6  690  727  5  1 93  0  1
 0  0      0 235472  73896 1070768    0    0     0   226  688  718  5  1 93  0  0
 0  0      0 234344  73896 1070776    0    0     0     9  668  741  6  1 90  0  3
 0  0      0 233580  73896 1070780    0    0     0     6  697  739  5  1 93  0  1
 2  0      0 233632  73896 1070868    0    0     0    10  715  748  6  1 93  0  0
 0  0      0 233084  73896 1070916    0    0     0     6  709  713  5  1 93  0  0
 0  0      0 232440  73896 1070920    0    0     0     6  674  706  6  1 93  0  1
 1  0      0 231328  73896 1070924    0    0     0    81  696  726  6  1 93  0  0
 0  0      0 231016  73896 1070928    0    0     0    11  724  757  5  1 93  0  1
 0  0      0 231468  73896 1070932    0    0     0     0  679  719  6  1 93  0  1
 0  0      0 230348  73896 1070940    0    0     0     9  622  646  5  1 93  0  1
 0  0      0 229552  73896 1070940    0    0     0     6  447  475  3  0 96  0  0
 0  0      0 229284  73896 1070940    0    0     0     6  261  305  2  0 98  0  0
