procs -----------memory---------- ---swap-- -----io---- -system-- ------cpu-----
 r  b   swpd   free   buff  cache   si   so    bi    bo   in   cs us sy id wa st
 3  0      0 165296  75140 1124544    0    0     2    12   11    9  6  1 93  0  1
 0  0      0 167128  75140 1124620    0    0     0    14  132  214  0  0 100  0  0
 0  0      0 167128  75140 1124620    0    0     0     6  185  272  1  0 99  0  0
 0  0      0 167128  75140 1124620    0    0     0     6  233  342  0  0 99  0  0
 0  0      0 167128  75140 1124628    0    0     0     6  276  408  1  0 98  0  0
 0  0      0 167128  75140 1124632    0    0     0     6  277  406  1  0 99  0  0
 0  0      0 167128  75140 1124636    0    0     0    28  271  407  1  1 97  0  1
 0  0      0 167128  75140 1124640    0    0     0   233  304  442  1  0 98  0  0
 0  0      0 167128  75140 1124644    0    0     0    11  282  419  1  0 99  0  0
 0  0      0 167128  75140 1124648    0    0     0     6  267  394  1  0 99  0  0
 0  0      0 167128  75148 1124652    0    0     0     6  283  416  1  0 98  0  0
 0  0      0 167380  75148 1124660    0    0     0     6  290  419  1  0 98  0  0
 0  0      0 167380  75148 1124788    0    0     0     8  282  414  1  0 99  0  0
 0  0      0 167380  75148 1124796    0    0     0    70  289  419  1  0 99  0  0
 0  0      0 167380  75148 1124800    0    0     0    11  272  405  1  0 99  0  0
 0  0      0 168136  75148 1124800    0    0     0     6  300  432  1  0 98  0  0
 0  0      0 168136  75148 1124808    0    0     0     6  267  385  1  0 99  0  0
 0  0      0 168136  75148 1124808    0    0     0     6  205  309  1  0 99  0  0
 0  0      0 168136  75148 1124812    0    0     0     7  123  183  0  0 99  0  0
