procs -----------memory---------- ---swap-- -----io---- -system-- ------cpu-----
 r  b   swpd   free   buff  cache   si   so    bi    bo   in   cs us sy id wa st
 1  0      0 192300  89384 1300932    0    0     1     7   11   13  0  0 100  0  0
 0  0      0 192368  89384 1300944    0    0     0   550  134  241  0  0 99  1  0
 0  0      0 192368  89384 1300944    0    0     0     1   55   93  0  0 100  0  0
 0  0      0 192368  89384 1300944    0    0     0     3   68  111  0  0 100  0  0
 0  0      0 192368  89384 1300944    0    0     0    17   57   96  0  0 100  0  0
 0  0      0 192368  89384 1300944    0    0     0     6   62   98  0  0 100  0  0
 0  0      0 192368  89384 1300944    0    0     0     7   68  106  0  0 100  0  0
 0  0      0 192368  89384 1300944    0    0     0     2   62   97  0  0 100  0  0
 0  0      0 192368  89384 1300944    0    0     0     6   59   96  0  0 100  0  0
 0  0      0 192368  89384 1300944    0    0     0     3   66  105  0  0 100  0  0
 0  0      0 192368  89384 1300944    0    0     0     0   67  106  0  0 100  0  0
 0  0      0 192368  89384 1300944    0    0     0    10   61  100  0  0 100  0  0
 0  0      0 192368  89384 1300944    0    0     0     0   57   99  0  0 100  0  0
 0  0      0 192368  89384 1300944    0    0     0     2   55   95  0  0 100  0  0
 0  0      0 192368  89384 1300944    0    0     0     2   57   96  0  0 100  0  0
 0  0      0 192368  89384 1300944    0    0     0     3   67  105  0  0 100  0  0
 0  0      0 192368  89384 1300944    0    0     0     2   57   97  0  0 100  0  0
 0  0      0 192368  89384 1300944    0    0     0     0   54   94  0  0 100  0  0
 0  0      0 192368  89384 1300944    0    0     0     2   73  110  0  0 100  0  0
