procs -----------memory---------- ---swap-- -----io---- -system-- ------cpu-----
 r  b   swpd   free   buff  cache   si   so    bi    bo   in   cs us sy id wa st
 1  0      0 205420  74792 1099872    0    0     2    12   10    8  6  1 92  0  1
 0  0      0 205420  74792 1100008    0    0     0    14  184  283  0  0 99  0  0
 0  0      0 205420  74792 1100008    0    0     0     6  286  415  1  0 99  0  0
 1  0      0 205420  74792 1100136    0    0     0   234  388  577  1  0 98  0  0
 0  0      0 205420  74792 1100144    0    0     0   186  478  716  2  0 97  0  0
 0  0      0 205420  74792 1100148    0    0     0     9  430  650  2  0 97  0  1
 0  0      0 205420  74796 1100280    0    0     0     6  448  660  2  1 94  0  3
 0  0      0 205420  74796 1100284    0    0     0    11  458  691  2  1 97  0  0
 0  0      0 205420  74796 1100420    0    0     0    66  473  704  2  0 97  0  0
 0  0      0 205420  74796 1100420    0    0     0    11  453  676  2  0 98  0  0
 0  0      0 205420  74796 1100428    0    0     0     6  442  667  2  0 97  0  0
 0  0      0 205420  74796 1100432    0    0     0     0  434  652  2  0 98  0  0
 0  0      0 205420  74796 1100436    0    0     0     6  464  688  2  1 97  0  0
 0  0      0 205420  74796 1100440    0    0     0     6  459  690  2  0 98  0  0
 0  0      0 205420  74796 1100448    0    0     0    59  453  667  1  0 98  0  0
 0  0      0 205420  74796 1100448    0    0     0    11  441  664  1  1 98  0  0
 0  0      0 205420  74796 1100456    0    0     0    12  459  689  2  1 97  0  0
 0  0      0 205420  74796 1100456    0    0     0     6  319  470  1  0 98  0  0
 0  0      0 205420  74796 1100520    0    0     0     6  172  259  0  0 99  0  0
