procs -----------memory---------- ---swap-- -----io---- -system-- ------cpu-----
 r  b   swpd   free   buff  cache   si   so    bi    bo   in   cs us sy id wa st
 3  0      0 193236  88908 1298852    0    0     1     7   11   13  0  0 100  0  0
 0  0      0 193236  88908 1298856    0    0     0    15   88  140  0  0 100  0  0
 0  0      0 193236  88908 1298856    0    0     0     2   56   93  0  0 100  0  0
 0  0      0 193236  88908 1298856    0    0     0     3   58   97  0  0 100  0  0
 0  0      0 193236  88908 1298856    0    0     0     0   53   93  0  0 100  0  0
 0  0      0 193236  88908 1298856    0    0     0   567  126  213  0  0 99  1  0
 0  0      0 193236  88908 1298856    0    0     0    10   59   96  0  0 100  0  0
 0  0      0 193236  88908 1298856    0    0     0     2   59   98  0  0 100  0  0
 0  0      0 193236  88908 1298856    0    0     0     5   57   95  0  0 100  0  0
 0  0      0 193236  88908 1298856    0    0     0     3   69  109  0  0 100  0  0
 0  0      0 193236  88908 1298856    0    0     0     3   59  100  0  0 100  0  0
 0  0      0 193236  88908 1298856    0    0     0     0   56   97  0  0 100  0  0
 0  0      0 193236  88908 1298856    0    0     0     2   60   99  0  0 100  0  0
 0  0      0 193236  88908 1298856    0    0     0     9   72  109  0  0 100  0  0
 0  0      0 193236  88908 1298856    0    0     0     5   59   96  0  0 100  0  0
 0  0      0 193236  88908 1298856    0    0     0     3   60   99  0  0 100  0  0
 0  0      0 193236  88908 1298856    0    0     0     0   58   93  0  0 100  0  0
 0  0      0 193236  88908 1298856    0    0     0     2   71  110  0  0 100  0  0
 0  0      0 193236  88908 1298856    0    0     0     0   57   96  0  0 100  0  0
 0  0      0 193236  88908 1298856    0    0     0     2   69  112  0  0 99  0  0
