procs -----------memory---------- ---swap-- -----io---- -system-- ------cpu-----
 r  b   swpd   free   buff  cache   si   so    bi    bo   in   cs us sy id wa st
 2  0      0 185656  74972 1109144    0    0     2    12   10    8  6  1 93  0  1
 0  0      0 185656  74972 1109256    0    0     0    11  182  281  0  0 99  0  0
 0  0      0 185656  74972 1109260    0    0     0     0  262  393  1  0 99  0  0
 0  0      0 185656  74972 1109376    0    0     0     6  356  544  2  0 98  0  0
 0  0      0 185656  74972 1109380    0    0     0     6  439  662  1  0 98  0  0
 0  0      0 185656  74972 1109388    0    0     0     8  422  631  1  0 98  0  0
 0  0      0 185656  74972 1109388    0    0     0   343  494  758  1  1 98  0  1
 0  0      0 185656  74972 1109396    0    0     0    16  426  638  1  0 98  0  0
 0  0      0 185656  74972 1109404    0    0     0    10  414  626  1  1 98  0  0
 0  0      0 185656  74972 1109404    0    0     0     6  441  668  2  0 98  0  0
 0  0      0 185656  74972 1109412    0    0     0    58  422  636  1  1 97  0  1
 0  0      0 185656  74972 1109416    0    0     0    11  431  640  1  0 98  0  0
 0  0      0 185656  74972 1109416    0    0     0     6  462  691  2  0 98  0  0
 0  0      0 185656  74972 1109424    0    0     0     6  421  629  1  0 98  0  0
 1  0      0 185656  74972 1109432    0    0     0     6  457  684  1  0 98  0  0
 0  0      0 185656  74972 1109432    0    0     0     6  443  651  1  1 98  0  0
 0  0      0 185656  74972 1109436    0    0     0    60  409  605  1  0 98  0  0
 0  0      0 185656  74972 1109440    0    0     0    18  308  458  1  0 99  0  0
 0  0      0 185656  74972 1109440    0    0     0     0  165  244  0  0 99  0  0
