procs -----------memory---------- ---swap-- -----io---- -system-- ------cpu-----
 r  b   swpd   free   buff  cache   si   so    bi    bo   in   cs us sy id wa st
 4  0      0 687048  48344 538424    0    0     6   530   18    1  6  1 91  0  2
 0  0      0 687048  48348 538780    0    0     0    56  185  240  0  0 99  0  0
 0  0      0 687048  48352 539452    0    0     0    22  275  326  1  0 99  0  0
 0  0      0 686796  48356 540388    0    0     0    27  363  413  1  0 99  0  0
 0  0      0 686796  48360 541736    0    0     0   257  493  562  1  0 99  0  0
 0  0      0 686796  48360 543092    0    0     0    43  474  538  1  0 99  0  0
 0  0      0 686796  48368 544448    0    0     0   241  492  560  1  1 98  0  0
 0  0      0 686572  48376 545796    0    0     0   211  482  547  1  0 98  0  0
 0  0      0 686348  48384 547152    0    0     0   173  460  539  1  0 98  0  0
 0  0      0 686348  48388 548584    0    0     0   239  461  533  1  1 97  0  1
 0  0      0 686124  48388 549900    0    0     0   291  445  514  1  1 98  0  0
 0  0      0 685900  48388 551336    0    0     0   329  487  564  2  0 98  0  0
 0  0      0 685676  48392 552604    0    0     0    38  452  510  1  0 98  0  0
 0  0      0 685452  48392 553952    0    0     0   353  477  555  1  1 99  0  0
 0  0      0 685228  48392 555304    0    0     0   292  459  517  1  0 99  0  0
 0  0      0 685004  48396 556656    0    0     0   436  477  546  1  1 98  0  0
 0  0      0 684780  48396 558004    0    0     0   307  483  541  2  1 98  0  0
 0  0      0 684780  48396 558936    0    0     0   314  346  404  1  0 99  0  0
 0  0      0 684780  48396 559444    0    0     0   320  213  268  0  0 99  0  0
