procs -----------memory---------- ---swap-- -----io---- -system-- ------cpu-----
 r  b   swpd   free   buff  cache   si   so    bi    bo   in   cs us sy id wa st
 2  0      0 183524  89384 1305124    0    0     1     7   11   13  0  0 100  0  0
 0  0      0 183272  89384 1305140    0    0     0    18   72  120  0  0 100  0  0
 0  0      0 183272  89384 1305140    0    0     0     0   53   95  0  0 100  0  0
 0  0      0 183272  89384 1305140    0    0     0     2   63  100  0  0 100  0  0
 0  0      0 183272  89384 1305140    0    0     0   550  130  219  0  0 99  1  0
 0  0      0 183272  89384 1305140    0    0     0    10   58   99  0  0 100  0  0
 0  0      0 183272  89384 1305140    0    0     0     0   55   92  0  0 100  0  0
 0  0      0 183272  89384 1305140    0    0     0     5   72  110  0  0 100  0  0
 0  0      0 183272  89384 1305140    0    0     0     5   57   96  0  0 100  0  0
 0  0      0 183272  89384 1305140    0    0     0     0   59   99  0  0 100  0  0
 0  0      0 183272  89384 1305140    0    0     0     2   58   98  0  0 100  0  0
 0  0      0 183272  89384 1305140    0    0     0     9   73  110  0  0 100  0  0
 0  0      0 183272  89384 1305140    0    0     0     2   59   97  0  0 100  0  0
 0  0      0 183272  89384 1305140    0    0     0     2   58   97  0  0 100  0  0
 0  0      0 183272  89384 1305140    0    0     0     4   61  101  0  0 100  0  0
 0  0      0 183272  89384 1305140    0    0     0     5   63  104  0  0 100  0  0
 0  0      0 183272  89384 1305140    0    0     0     0   68  110  0  0 100  0  0
 0  0      0 183272  89384 1305140    0    0     0     2   58   99  0  0 100  0  0
 0  0      0 183272  89384 1305140    0    0     0     2   61   99  0  0 100  0  0
 1  0      0 182012  89384 1305152    0    0     0     8  183  290  4  1 95  0  0
