procs -----------memory---------- ---swap-- -----io---- -system-- ------cpu-----
 r  b   swpd   free   buff  cache   si   so    bi    bo   in   cs us sy id wa st
 3  0      0 181912  89620 1308204    0    0     1     7   12   14  0  0 100  0  0
 0  0      0 181972  89620 1308208    0    0     0    15   71  125  0  0 100  0  0
 0  0      0 181972  89620 1308208    0    0     0     0   58   96  0  0 100  0  0
 0  0      0 181972  89620 1308208    0    0     0     2   62   95  0  0 100  0  0
 0  0      0 181720  89620 1308208    0    0     0     0   72  104  0  0 100  0  0
 1  0      0 181720  89620 1308208    0    0     0   562  131  218  0  0 99  1  0
 0  0      0 181720  89620 1308208    0    0     0    10   63   98  0  0 100  0  0
 0  0      0 181720  89620 1308208    0    0     0     2   62   99  0  0 100  0  0
 0  0      0 181720  89620 1308208    0    0     0    22   75  114  0  0 100  0  0
 0  0      0 181720  89620 1308208    0    0     0     0   54   96  0  0 100  0  0
 0  0      0 181720  89620 1308208    0    0     0     2   65   96  0  0 100  0  0
 0  0      0 181720  89620 1308208    0    0     0     1   61   96  0  0 100  0  0
 0  0      0 181720  89620 1308208    0    0     0     3   68  106  0  0 100  0  0
 0  0      0 181720  89620 1308208    0    0     0     0   56   96  0  0 100  0  0
 0  0      0 181720  89620 1308208    0    0     0     3   67  100  0  0 100  0  0
 0  0      0 181720  89620 1308208    0    0     0     0   56   94  0  0 100  0  0
 0  0      0 181720  89620 1308208    0    0     0     3   75  110  0  0 100  0  0
 0  0      0 181720  89620 1308208    0    0     0     5   62   98  0  0 100  0  0
 0  0      0 181720  89620 1308208    0    0     0     3   66  107  0  0 100  0  0
