procs -----------memory---------- ---swap-- -----io---- -system-- ------cpu-----
 r  b   swpd   free   buff  cache   si   so    bi    bo   in   cs us sy id wa st
 1  0      0 189352  89384 1300328    0    0     1     7   11   13  0  0 100  0  0
 0  0      0 189604  89384 1300344    0    0     0    15   79  138  0  0 100  0  0
 0  0      0 189604  89384 1300344    0    0     0     0   60  102  0  0 100  0  0
 0  0      0 189604  89384 1300344    0    0     0     2   57   95  0  0 100  0  0
 0  0      0 189604  89384 1300344    0    0     0    15   59   98  0  0 100  0  0
 0  0      0 189604  89384 1300344    0    0     0   546  101  163  0  0 99  0  0
 0  0      0 189604  89384 1300344    0    0     0    10   71  113  0  0 100  0  0
 0  0      0 189604  89384 1300344    0    0     0     2   57   94  0  0 100  0  0
 0  0      0 189604  89384 1300344    0    0     0     4   58   98  0  0 100  0  0
 0  0      0 189604  89384 1300344    0    0     0    10   71  107  0  0 100  0  0
 0  0      0 189604  89384 1300344    0    0     0     7   60   99  0  0 100  0  0
 0  0      0 189604  89384 1300344    0    0     0     5   56   96  0  0 100  0  0
 0  0      0 189604  89384 1300344    0    0     0     2   61   99  0  0 100  0  0
 0  0      0 189856  89384 1300344    0    0     0     6   69  108  0  0 100  0  0
 0  0      0 189856  89384 1300344    0    0     0     9   73  120  0  0 100  0  0
 0  0      0 189856  89384 1300344    0    0     0     3   55   98  0  0 100  0  0
 0  0      0 189856  89384 1300344    0    0     0     6   59   96  0  0 100  0  0
 0  0      0 189856  89384 1300344    0    0     0     5   58   97  0  0 100  0  0
 0  0      0 190108  89384 1300344    0    0     0     2   76  114  0  0 100  0  0
