procs -----------memory---------- ---swap-- -----io---- -system-- ------cpu-----
 r  b   swpd   free   buff  cache   si   so    bi    bo   in   cs us sy id wa st
 1  0      0 179980  88908 1298268    0    0     1     7   11   13  0  0 100  0  0
 0  0      0 179980  88908 1298280    0    0     0    16   80  131  0  0 100  0  0
 0  0      0 179980  88908 1298280    0    0     0     0   58   96  0  0 100  0  0
 1  0      0 179980  88908 1298280    0    0     0    19   60   96  0  0 100  0  0
 0  0      0 179980  88908 1298280    0    0     0   539  108  181  0  0 99  1  0
 0  0      0 180236  88908 1298280    0    0     0    10   69  105  0  0 100  0  0
 0  0      0 180236  88908 1298280    0    0     0     2   61   98  0  0 100  0  0
 0  0      0 180236  88908 1298280    0    0     0     6   62  100  0  0 100  0  0
 0  0      0 180236  88908 1298280    0    0     0     6   70  108  0  0 100  0  0
 0  0      0 180236  88908 1298280    0    0     0     0   58   96  0  0 100  0  0
 0  0      0 180236  88908 1298280    0    0     0     2   60   98  0  0 100  0  0
 0  0      0 180236  88908 1298280    0    0     0    10   59   94  0  0 100  0  0
 0  0      0 180236  88908 1298280    0    0     0     3   62   98  0  0 100  0  0
 0  0      0 180236  88908 1298280    0    0     0     0   62  104  0  0 100  0  0
 0  0      0 180236  88908 1298280    0    0     0     4   61   97  0  0 100  0  0
 0  0      0 180236  88908 1298280    0    0     0     0   58   96  0  0 100  0  0
 0  0      0 180236  88908 1298280    0    0     0     2   64   99  0  0 100  0  0
 0  0      0 180236  88908 1298280    0    0     0     0   65  108  0  0 100  0  0
 0  0      0 180236  88908 1298280    0    0     0     5   60   99  0  0 100  0  0
 1  0      0 180236  88908 1298280    0    0     0     2  134  209  2  1 97  0  0
