procs -----------memory---------- ---swap-- -----io---- -system-- ------cpu-----
 r  b   swpd   free   buff  cache   si   so    bi    bo   in   cs us sy id wa st
 1  0      0 240524  74020 1078612    0    0     2    11    9    7  6  1 92  0  1
 0  0      0 240524  74020 1078600    0    0     0    19  196  301  1  0 99  0  0
 0  0      0 240524  74020 1078600    0    0     0     6  316  475  2  0 97  0  0
 2  0      0 240524  74020 1078608    0    0     0     6  386  589  2  0 97  0  0
 0  0      0 240524  74020 1078608    0    0     0   249  543  823  3  0 96  0  0
 0  0      0 240300  74020 1078616    0    0     0     6  510  777  2  1 96  0  1
 0  0      0 240300  74020 1078620    0    0     0   214  511  774  3  0 96  0  1
 0  0      0 240300  74020 1078624    0    0     0    23  508  771  3  1 95  0  1
 0  0      0 240300  74020 1078628    0    0     0     6  517  795  3  1 96  0  1
 1  0      0 240300  74020 1078632    0    0     0     6  497  741  3  1 93  0  4
 0  0      0 240300  74020 1078636    0    0     0     6  521  781  3  1 94  0  2
 0  0      0 240300  74020 1078640    0    0     0     6  495  754  3  1 96  0  1
 0  0      0 240300  74020 1078772    0    0     0    59  501  764  3  1 96  0  1
 0  0      0 240300  74020 1078780    0    0     0    11  515  781  3  0 96  0  0
 0  0      0 240300  74020 1078784    0    0     0     7  507  764  3  1 96  0  1
 0  0      0 240300  74020 1078784    0    0     0     6  486  737  2  1 97  0  0
 1  0      0 240300  74020 1078792    0    0     0     6  468  715  3  0 97  0  0
 1  0      0 240300  74020 1078796    0    0     0    53  345  527  1  0 98  0  0
 0  0      0 240300  74020 1078796    0    0     0    11  229  347  1  0 98  0  0
