procs -----------memory---------- ---swap-- -----io---- -system-- ------cpu-----
 r  b   swpd   free   buff  cache   si   so    bi    bo   in   cs us sy id wa st
 1  0      0 722084  46332 511280    0    0     6   531   18    1  6  1 91  0  2
 0  0      0 721412  46340 511984    0    0     0    46  188  240  0  0 99  0  0
 0  0      0 721412  46344 513360    0    0     0    19  290  338  1  0 99  0  0
 0  0      0 721412  46344 515264    0    0     0    26  374  429  1  0 98  0  0
 0  0      0 721188  46344 518020    0    0     0   266  540  604  2  1 97  0  0
 0  0      0 720264  46348 520620    0    0     0    42  483  535  2  0 98  0  0
 0  0      0 719816  46348 523544    0    0     0   319  545  631  2  1 97  0  1
 0  0      0 719144  46352 526140    0    0     0   148  514  557  2  1 94  0  3
 0  0      0 718472  46352 528904    0    0     0   242  497  568  1  1 98  0  0
 0  0      0 718024  46352 531664    0    0     0   414  493  560  2  1 98  0  0
 0  0      0 717576  46356 534548    0    0     0   557  510  578  2  1 97  0  0
 0  0      0 716904  46360 537132    0    0     0   593  479  541  1  1 98  0  0
 0  0      0 716680  46360 539896    0    0     0   783  544  609  1  1 98  0  0
 0  0      0 716008  46364 542656    0    0     0   596  504  556  2  0 98  0  0
 1  0      0 715336  46372 545420    0    0     0   590  512  583  2  1 97  0  0
 0  0      0 715112  46376 548172    0    0     0   589  486  556  1  0 98  0  0
 0  0      0 713684  46376 550768    0    0     0   626  503  557  2  1 97  0  0
 0  0      0 712424  46384 552820    0    0     0   585  387  455  2  0 98  0  0
 0  0      0 711276  46384 553696    0    0     0   699  214  260  1  0 99  0  0
