procs -----------memory---------- ---swap-- -----io---- -system-- ------cpu-----
 r  b   swpd   free   buff  cache   si   so    bi    bo   in   cs us sy id wa st
 1  0      0 443732   2168 315196    0    0     3    11  275  347  1  0 99  0  0
 0  0      0 436172   2168 315200    0    0     0     1  376  601  1  0 98  0  0
 0  0      0 435668   2168 315204    0    0     0     4  380  676  0  0 99  0  0
 0  0      0 434660   2168 315204    0    0     0     0  399  701  0  0 100  0  0
 2  0      0 434660   2168 315204    0    0     0    46  465  814  0  0 100  0  0
 0  0      0 434660   2168 315204    0    0     0     3  478  846  0  0 99  0  0
 0  0      0 433904   2168 315204    0    0     0     1  520  919  0  0 99  0  0
 0  0      0 433652   2168 315204    0    0     0     1  503  896  0  0 99  0  0
 0  0      0 433148   2168 315204    0    0     0    10  486  850  1  0 99  0  0
 0  0      0 432896   2168 315204    0    0     0     0  531  951  0  0 99  0  0
 0  0      0 432644   2168 315212    0    0     0    19  523  929  1  0 99  0  0
 0  0      0 432392   2168 315212    0    0     0     4  515  918  0  0 99  0  0
 0  0      0 432140   2168 315212    0    0     0     1  522  930  0  0 100  0  0
 0  0      0 431888   2168 315212    0    0     0     1  494  880  0  0 100  0  0
 0  0      0 431636   2168 315212    0    0     0     1  508  897  0  0 99  0  0
 0  0      0 431132   2168 315212    0    0     0     2  519  925  0  0 100  0  0
 0  0      0 430880   2168 315212    0    0     0     5  498  888  0  0 99  0  0
 0  0      0 430628   2168 315216    0    0     0     2  435  776  0  0 99  0  1
 0  0      0 430124   2168 315216    0    0     0    10  327  582  0  0 99  0  0
