procs -----------memory---------- ---swap-- -----io---- -system-- ------cpu-----
 r  b   swpd   free   buff  cache   si   so    bi    bo   in   cs us sy id wa st
 3  0      0 679116  48408 538788    0    0     6   530   18    1  6  1 91  0  2
 0  0      0 678892  48408 539144    0    0     0    23  184  245  0  0 100  0  0
 0  0      0 678444  48416 539820    0    0     0    22  277  327  1  0 99  0  0
 0  0      0 678220  48420 540748    0    0     0   289  376  466  1  1 98  0  0
 0  0      0 678220  48424 542232    0    0     0   250  481  557  1  1 98  0  0
 0  0      0 678220  48432 543584    0    0     0    40  466  538  1  1 98  0  0
 0  0      0 678220  48432 544936    0    0     0     0  470  538  1  1 97  0  0
 0  0      0 678220  48436 546288    0    0     0    36  465  547  1  0 98  0  0
 0  0      0 678220  48440 547644    0    0     0   190  455  531  1  1 98  0  0
 0  0      0 677772  48444 548992    0    0     0   173  457  532  2  0 98  0  0
 0  0      0 677548  48448 550264    0    0     0   282  466  531  1  0 98  0  0
 0  0      0 677548  48452 551828    0    0     0   306  480  545  1  1 97  0  1
 0  0      0 677324  48456 553092    0    0     0   327  443  511  1  0 97  0  1
 0  0      0 677100  48456 554444    0    0     0   309  464  537  2  0 98  0  0
 0  0      0 676876  48456 555796    0    0     0   443  473  545  1  1 98  0  0
 0  0      0 676876  48456 557144    0    0     0   326  461  534  1  0 99  0  0
 0  0      0 676652  48460 558496    0    0     0   356  472  536  1  1 98  0  0
 0  0      0 676652  48480 559428    0    0     0   378  355  419  1  0 99  0  0
 0  0      0 676652  48480 559936    0    0     0   296  216  273  0  0 99  0  0
