procs -----------memory---------- ---swap-- -----io---- -system-- ------cpu-----
 r  b   swpd   free   buff  cache   si   so    bi    bo   in   cs us sy id wa st
 2  0      0 270956  73204 1055116    0    0     2    11    9    6  6  1 92  0  1
 0  0      0 270956  73204 1055128    0    0     0    11  213  338  1  0 99  0  0
 0  0      0 270956  73204 1055260    0    0     0   275  361  566  3  0 97  0  0
 0  0      0 270956  73204 1055264    0    0     0     6  459  695  4  1 93  0  3
 0  0      0 270956  73204 1055268    0    0     0   236  575  888  5  1 94  0  0
 0  0      0 270956  73204 1055272    0    0     0     6  545  858  5  1 94  0  1
 1  0      0 270956  73208 1055276    0    0     0     6  567  890  5  1 94  0  0
 1  0      0 270956  73208 1055280    0    0     0     9  570  899  6  1 93  0  0
 0  0      0 270956  73208 1055284    0    0     0    64  577  895  4  1 94  0  1
 0  0      0 270956  73208 1055292    0    0     0     6  587  917  4  1 94  0  1
 0  0      0 270956  73212 1055292    0    0     0     6  585  899  5  1 94  0  0
 0  0      0 270732  73212 1055300    0    0     0    15  567  882  4  1 95  0  1
 0  0      0 270732  73212 1055304    0    0     0     6  570  891  4  1 94  0  1
 0  0      0 270508  73212 1055436    0    0     0     6  554  871  4  1 94  0  1
 0  0      0 270508  73216 1055440    0    0     0    62  551  865  4  1 94  0  0
 0  0      0 270508  73216 1055448    0    0     0     6  596  910  5  0 90  0  4
 0  0      0 270508  73216 1055448    0    0     0     6  541  844  4  1 94  0  1
 0  0      0 270508  73220 1055452    0    0     0    52  440  679  3  1 96  0  0
 0  0      0 270508  73220 1055456    0    0     0    11  204  305  1  0 98  0  0
