procs -----------memory---------- ---swap-- -----io---- -system-- ------cpu-----
 r  b   swpd   free   buff  cache   si   so    bi    bo   in   cs us sy id wa st
 1  0      0 187856  89384 1304704    0    0     1     7   11   13  0  0 100  0  0
 0  0      0 187856  89384 1304716    0    0     0    16   71  125  0  0 100  0  0
 0  0      0 187856  89384 1304716    0    0     0     0   58   99  0  0 100  0  0
 0  0      0 187856  89384 1304716    0    0     0    18   61   98  0  0 100  0  0
 0  0      0 187856  89384 1304716    0    0     0   552  142  231  0  0 99  1  0
 0  0      0 187856  89384 1304716    0    0     0    11   55   96  0  0 100  0  0
 0  0      0 187856  89384 1304716    0    0     0     0   57   97  0  0 100  0  0
 0  0      0 187856  89384 1304716    0    0     0     2   56   94  0  0 100  0  0
 0  0      0 187856  89384 1304716    0    0     0     0   69  113  0  0 100  0  0
 0  0      0 187856  89384 1304716    0    0     0     2   57   97  0  0 100  0  0
 0  0      0 187856  89384 1304716    0    0     0     1   59   98  0  0 100  0  0
 0  0      0 187856  89384 1304716    0    0     0    14   59   96  0  0 100  0  0
 0  0      0 187856  89384 1304716    0    0     0     0   66  105  0  0 100  0  0
 0  0      0 187856  89384 1304716    0    0     0     3   56   94  0  0 100  0  0
 0  0      0 187856  89384 1304716    0    0     0     0   54   98  0  0 100  0  0
 0  0      0 187856  89384 1304716    0    0     0     2   55   94  0  0 100  0  0
 0  0      0 187856  89384 1304716    0    0     0     2   71  108  0  0 100  0  0
 0  0      0 187856  89384 1304716    0    0     0     7   64  103  0  0 100  0  0
 0  0      0 187856  89384 1304716    0    0     0     1   63  100  0  0 100  0  0
