procs -----------memory---------- ---swap-- -----io---- -system-- ------cpu-----
 r  b   swpd   free   buff  cache   si   so    bi    bo   in   cs us sy id wa st
 3  0      0 658228  51436 567476    0    0     6   528   19    2  6  1 92  0  2
 0  0      0 658228  51440 567516    0    0     0    92  154  229  0  0 99  0  0
 0  0      0 658228  51440 567672    0    0     0    19  198  280  0  0 99  0  0
 0  0      0 658228  51440 567732    0    0     0    30  258  354  0  0 99  0  0
 0  0      0 658228  51440 567792    0    0     0   535  384  536  1  0 99  0  0
 0  0      0 658228  51440 567876    0    0     0    45  358  505  0  0 99  0  0
 0  0      0 658228  51444 567952    0    0     0    35  335  458  0  0 99  0  0
 0  0      0 658228  51444 568028    0    0     0    45  332  454  0  0 99  0  0
 0  0      0 658228  51444 568088    0    0     0   154  328  455  0  0 99  0  0
 0  0      0 658228  51444 568168    0    0     0    48  344  463  0  1 99  0  0
 0  0      0 658228  51448 568312    0    0     0   109  347  477  1  0 99  0  0
 0  0      0 658228  51452 568564    0    0     0    56  321  434  1  0 98  0  1
 0  0      0 658228  51452 568624    0    0     0    53  347  475  1  0 99  0  0
 0  0      0 658228  51456 568712    0    0     0    56  340  462  0  0 99  0  0
 0  0      0 658228  51464 568768    0    0     0    56  333  451  0  0 99  0  0
 0  0      0 658228  51464 568844    0    0     0   190  339  458  1  0 99  0  0
 0  0      0 658228  51468 568928    0    0     0    34  319  434  1  0 99  0  0
 0  0      0 658228  51472 568980    0    0     0    94  297  415  1  0 99  0  0
 0  0      0 658228  51472 569004    0    0     0    37  161  221  0  0 100  0  0
