procs -----------memory---------- ---swap-- -----io---- -system-- ------cpu-----
 r  b   swpd   free   buff  cache   si   so    bi    bo   in   cs us sy id wa st
 2  0      0 235580  74576 1084544    0    0     2    11   10    7  6  1 92  0  1
 0  0      0 235580  74576 1084544    0    0     0    23  197  302  1  0 99  0  0
 0  0      0 235580  74576 1084544    0    0     0   270  313  477  1  0 98  0  0
 0  0      0 235580  74576 1084680    0    0     0     6  352  543  1  1 98  0  0
 0  0      0 235580  74576 1084680    0    0     0    10  486  746  2  1 97  0  0
 0  0      0 235580  74576 1084944    0    0     0   230  465  711  2  1 97  0  1
 1  0      0 235580  74576 1085076    0    0     0     6  451  692  2  0 97  0  0
 0  0      0 235580  74576 1085080    0    0     0    17  495  755  2  1 96  0  1
 0  0      0 235580  74576 1085084    0    0     0    63  449  686  2  1 97  0  0
 0  0      0 235580  74576 1085220    0    0     0    12  472  704  3  1 95  0  2
 0  0      0 235580  74576 1085220    0    0     0     6  461  705  2  0 97  0  0
 0  0      0 235580  74576 1085228    0    0     0     0  462  692  2  0 96  0  1
 0  0      0 235580  74580 1085356    0    0     0     6  460  691  3  0 96  0  1
 1  0      0 235580  74580 1085364    0    0     0    12  478  723  2  0 95  0  2
 0  0      0 235580  74580 1085368    0    0     0    52  505  768  2  1 95  0  1
 0  0      0 235580  74580 1085500    0    0     0    17  464  693  2  0 97  0  1
 0  0      0 235580  74580 1085632    0    0     0     8  456  690  2  1 97  0  0
 0  0      0 235580  74580 1085760    0    0     0    54  352  524  1  1 97  0  1
 0  0      0 235580  74580 1085768    0    0     0     6  193  295  1  0 99  0  0
