procs -----------memory---------- ---swap-- -----io---- -system-- ------cpu-----
 r  b   swpd   free   buff  cache   si   so    bi    bo   in   cs us sy id wa st
 1  0      0 188788  89384 1300612    0    0     1     7   11   13  0  0 100  0  0
 0  0      0 188788  89384 1300640    0    0     0    15   73  132  0  0 100  0  0
 0  0      0 188788  89384 1300640    0    0     0     0   53   94  0  0 100  0  0
 0  0      0 188788  89384 1300640    0    0     0     2   58   98  0  0 100  0  0
 0  0      0 188788  89384 1300640    0    0     0     0   66  108  0  0 100  0  0
 0  0      0 188788  89384 1300640    0    0     0     3   59   97  0  0 100  0  0
 0  0      0 188788  89384 1300640    0    0     0    17   62  100  0  0 100  0  0
 0  0      0 188788  89384 1300640    0    0     0   434  105  191  0  0 99  1  0
 0  0      0 188788  89384 1300640    0    0     0    15   69  110  0  0 100  0  0
 0  0      0 188788  89384 1300640    0    0     0     0   60   97  0  0 100  0  0
 0  0      0 188788  89384 1300640    0    0     0     2   56   97  0  0 100  0  0
 0  0      0 188788  89384 1300640    0    0     0     2   60   98  0  0 100  0  0
 0  0      0 188788  89384 1300640    0    0     0     3   68  104  0  0 100  0  0
 0  0      0 188788  89384 1300640    0    0     0     9   60   97  0  0 100  0  0
 0  0      0 188788  89384 1300640    0    0     0     3   60  100  0  0 100  0  0
 0  0      0 188788  89384 1300640    0    0     0     3   57   97  0  0 100  0  0
 0  0      0 188788  89384 1300640    0    0     0     0   70  110  0  0 100  0  0
 0  0      0 188788  89384 1300640    0    0     0     4   57   97  0  0 100  0  0
 0  0      0 188788  89384 1300640    0    0     0     3   55   97  0  0 100  0  0
 1  0      0 198876  89384 1300640    0    0     0     6  159  251  3  1 96  0  0
