procs -----------memory---------- ---swap-- -----io---- -system-- ------cpu-----
 r  b   swpd   free   buff  cache   si   so    bi    bo   in   cs us sy id wa st
 1  0      0 441848   2168 317272    0    0     2    11  274  348  1  0 99  0  0
 0  0      0 432776   2168 317280    0    0     0     2  347  551  1  0 98  0  0
 0  0      0 432020   2168 317280    0    0     0    28  343  590  0  0 99  0  0
 0  0      0 431516   2168 317280    0    0     0     0  404  719  0  0 100  0  0
 0  0      0 431264   2168 317280    0    0     0     1  414  720  1  0 99  0  0
 0  0      0 431012   2168 317280    0    0     0     2  480  839  0  0 100  0  0
 0  0      0 431012   2168 317280    0    0     0     1  414  722  0  0 100  0  0
 0  0      0 430508   2168 317284    0    0     0     2  419  729  0  0 99  0  0
 0  0      0 430256   2168 317284    0    0     0    25  455  798  0  0 99  0  0
 0  0      0 430004   2168 317284    0    0     0     2  420  731  0  0 99  0  0
 0  0      0 430004   2168 317284    0    0     0     1  427  738  0  0 100  0  0
 0  0      0 429500   2168 317284    0    0     0     1  442  772  0  0 100  0  0
 0  0      0 429500   2168 317284    0    0     0     3  438  767  0  0 100  0  0
 0  0      0 428996   2168 317284    0    0     0     1  447  783  0  0 99  0  1
 0  0      0 428744   2168 317288    0    0     0     6  525  919  0  0 100  0  0
 0  0      0 428492   2168 317288    0    0     0     2  475  827  0  0 100  0  0
 0  0      0 424220   2168 317292    0    0     0     1  505  868  0  1 99  0  0
 0  0      0 424220   2168 317292    0    0     0     2  419  740  0  0 100  0  0
 0  0      0 424220   2168 317292    0    0     0     3  304  544  0  0 100  0  0
