procs -----------memory---------- ---swap-- -----io---- -system-- ------cpu-----
 r  b   swpd   free   buff  cache   si   so    bi    bo   in   cs us sy id wa st
 1  0      0 185076  74996 1110732    0    0     2    12   10    8  6  1 93  0  1
 0  0      0 185076  74996 1110744    0    0     0    28  197  299  0  0 99  0  0
 0  0      0 185076  74996 1110744    0    0     0     6  265  397  1  0 99  0  0
 0  0      0 185076  74996 1110880    0    0     0     8  354  532  1  1 98  0  0
 0  0      0 185076  74996 1110884    0    0     0   408  477  727  2  0 97  0  0
 0  0      0 185076  74996 1110888    0    0     0    11  422  630  1  1 97  0  1
 0  0      0 185076  74996 1110892    0    0     0    10  473  705  2  1 97  0  0
 0  0      0 185076  74996 1110900    0    0     0    14  432  649  1  1 97  0  0
 0  0      0 185076  74996 1110900    0    0     0    86  434  644  1  1 97  0  1
 0  0      0 185076  74996 1110908    0    0     0     9  456  676  1  1 98  0  0
 0  0      0 185076  74996 1110908    0    0     0    34  425  630  2  0 98  0  0
 0  0      0 185076  74996 1110916    0    0     0     6  421  630  1  0 98  0  0
 0  0      0 185076  74996 1110920    0    0     0    11  491  734  1  1 98  0  0
 0  0      0 185076  74996 1111056    0    0     0    14  436  648  2  1 97  0  0
 0  0      0 185076  74996 1111056    0    0     0     9  427  636  2  0 98  0  0
 0  0      0 185076  74996 1111064    0    0     0    16  466  699  1  0 98  0  0
 0  0      0 185076  74996 1111068    0    0     0    60  413  612  2  1 97  0  0
 0  0      0 185076  74996 1111072    0    0     0     0  310  460  1  1 99  0  0
 0  0      0 185076  74996 1111072    0    0     0    10  162  245  0  0 99  0  0
