procs -----------memory---------- ---swap-- -----io---- -system-- ------cpu-----
 r  b   swpd   free   buff  cache   si   so    bi    bo   in   cs us sy id wa st
 1  0      0 688288  47596 533664    0    0     6   530   18    1  6  1 91  0  2
 0  0      0 688360  47604 533688    0    0     0    22  200  302  1  0 99  0  0
 0  0      0 688360  47604 533740    0    0     0   509  345  516  1  0 98  0  0
 0  0      0 688612  47604 533784    0    0     0     0  369  550  0  0 99  0  0
 0  0      0 688612  47604 533860    0    0     0    30  462  693  1  0 98  0  0
 0  0      0 688612  47608 533924    0    0     0    33  479  728  1  1 97  0  1
 0  0      0 688388  47616 533992    0    0     0    38  489  703  1  1 98  0  1
 0  0      0 688388  47620 534060    0    0     0    34  484  710  1  1 98  0  0
 0  0      0 688388  47624 534124    0    0     0    90  515  744  1  0 99  0  0
 0  0      0 688388  47624 534200    0    0     0   130  508  740  1  0 99  0  0
 0  0      0 688388  47648 534392    0    0     0   111  499  716  1  0 98  0  0
 0  0      0 688388  47652 534472    0    0     0    50  485  703  1  0 98  0  0
 0  0      0 688388  47660 534528    0    0     0    50  517  760  1  0 98  0  0
 0  0      0 688388  47660 534608    0    0     0    53  488  715  1  0 98  0  0
 0  0      0 688388  47660 534696    0    0     0   103  508  744  1  1 98  0  0
 0  0      0 688388  47660 534748    0    0     0   163  497  712  1  1 98  0  0
 0  0      0 688388  47660 534828    0    0     0    52  475  700  1  0 98  0  0
 0  0      0 688388  47664 534880    0    0     0    46  396  584  1  0 98  0  0
 0  0      0 688388  47668 534912    0    0     0    39  217  318  0  0 99  0  0
