procs -----------memory---------- ---swap-- -----io---- -system-- ------cpu-----
 r  b   swpd   free   buff  cache   si   so    bi    bo   in   cs us sy id wa st
 1  0      0 190372  88908 1298336    0    0     1     7   11   13  0  0 100  0  0
 0  0      0 192208  88908 1298348    0    0     0     0   73  123  0  0 100  0  0
 0  0      0 192208  88908 1298348    0    0     0   421   88  144  0  0 100  0  0
 0  0      0 191956  88908 1298348    0    0     0     6   70  110  0  0 100  0  0
 0  0      0 191956  88908 1298348    0    0     0     0   58   99  0  0 100  0  0
 0  0      0 191956  88908 1298348    0    0     0    19   64   99  0  0 100  0  0
 0  0      0 191956  88908 1298348    0    0     0     3   60   96  0  0 100  0  0
 0  0      0 191956  88908 1298348    0    0     0     7   73  111  0  0 100  0  0
 0  0      0 191956  88908 1298348    0    0     0     6   57   96  0  0 100  0  0
 0  0      0 191956  88908 1298348    0    0     0     0   56   98  0  0 100  0  0
 0  0      0 191956  88908 1298348    0    0     0     2   54   92  0  0 100  0  0
 0  0      0 191956  88908 1298348    0    0     0     0   64  108  0  0 100  0  0
 0  0      0 191956  88908 1298348    0    0     0     3   57   97  0  0 100  0  0
 0  0      0 191956  88908 1298348    0    0     0     5   68  110  0  0 100  0  0
 0  0      0 191956  88908 1298348    0    0     0     5   60   95  0  0 100  0  0
 0  0      0 191956  88908 1298348    0    0     0     3   72  111  0  0 100  0  0
 0  0      0 191956  88908 1298348    0    0     0     0   57   96  0  0 100  0  0
 0  0      0 191956  88908 1298348    0    0     0     2   62  100  0  0 100  0  0
 0  0      0 191956  88908 1298348    0    0     0     0   55   94  0  0 100  0  0
 1  0      0 177596  88908 1298348    0    0     0     2  136  210  2  1 98  0  0
