procs -----------memory---------- ---swap-- -----io---- -system-- ------cpu-----
 r  b   swpd   free   buff  cache   si   so    bi    bo   in   cs us sy id wa st
 1  0      0 447616   2168 311516    0    0     3    11  275  339  1  0 99  0  0
 0  0      0 439048   2168 311520    0    0     0     1  350  548  1  0 99  0  0
 0  0      0 438040   2168 311520    0    0     0     1  396  714  0  0 100  0  0
 3  0      0 437536   2168 311524    0    0     0   349  468  866  0  0 100  0  0
 0  0      0 437284   2168 311524    0    0     0     2  492  878  0  0 100  0  0
 0  0      0 437032   2168 311524    0    0     0     1  496  895  0  0 100  0  0
 0  0      0 437032   2168 311524    0    0     0     3  475  859  0  0 99  0  1
 0  0      0 436780   2168 311524    0    0     0     1  474  840  0  0 99  0  1
 0  0      0 436528   2168 311524    0    0     0     1  491  879  1  1 98  0  0
 0  0      0 436528   2168 311524    0    0     0    41  492  877  0  0 99  0  0
 0  0      0 435520   2168 311528    0    0     0     3  505  908  0  0 100  0  0
 0  0      0 435520   2168 311528    0    0     0     2  475  851  0  0 99  0  0
 0  0      0 435520   2168 311528    0    0     0     1  504  902  0  0 100  0  0
 0  0      0 435268   2168 311528    0    0     0     3  503  889  0  0 99  0  0
 0  0      0 435016   2168 311528    0    0     0     1  504  898  0  0 99  0  0
 0  0      0 434764   2168 311528    0    0     0     6  516  910  0  0 99  0  0
 0  0      0 430744   2168 311540    0    0     0     3  536  956  1  1 98  0  0
 0  0      0 430744   2168 311544    0    0     0   364  434  794  0  0 99  0  0
 0  0      0 430744   2168 311544    0    0     0     2  297  544  0  0 99  0  1
