procs -----------memory---------- ---swap-- -----io---- -system-- ------cpu-----
 r  b   swpd   free   buff  cache   si   so    bi    bo   in   cs us sy id wa st
 1  0      0 182644  89384 1305368    0    0     1     7   11   13  0  0 100  0  0
 0  0      0 183176  89384 1305380    0    0     0    16   88  135  0  0 100  0  0
 0  0      0 183176  89384 1305380    0    0     0     2   61   98  0  0 100  0  0
 0  0      0 183176  89384 1305380    0    0     0     3   66  105  0  0 100  0  0
 0  0      0 183176  89384 1305380    0    0     0   555  116  208  0  0 99  1  0
 0  0      0 183176  89384 1305380    0    0     0    30   72  108  0  0 100  0  0
 0  0      0 183176  89384 1305380    0    0     0     0   55   93  0  0 100  0  0
 0  0      0 183176  89384 1305380    0    0     0     4   62   99  0  0 100  0  0
 0  0      0 183176  89384 1305380    0    0     0     6   60   99  0  0 100  0  0
 0  0      0 184184  89384 1305380    0    0     0     0   67  107  0  0 100  0  0
 0  0      0 184184  89384 1305380    0    0     0     2   60   97  0  0 100  0  0
 0  0      0 184184  89384 1305380    0    0     0     0   58   97  0  0 100  0  0
 0  0      0 184184  89384 1305380    0    0     0     2   58   94  0  0 100  0  0
 0  0      0 184184  89384 1305380    0    0     0     2   72  106  0  0 100  0  0
 0  0      0 184184  89384 1305380    0    0     0     6   59   97  0  0 100  0  0
 0  0      0 184184  89384 1305380    0    0     0     0   61  100  0  0 100  0  0
 0  0      0 184184  89384 1305380    0    0     0     3   60   97  0  0 100  0  0
 0  0      0 183932  89384 1305380    0    0     0     0   72  113  0  0 100  0  0
 0  0      0 183932  89384 1305380    0    0     0     2   57   96  0  0 100  0  0
