procs -----------memory---------- ---swap-- -----io---- -system-- ------cpu-----
 r  b   swpd   free   buff  cache   si   so    bi    bo   in   cs us sy id wa st
 1  0      0 449924   2168 309872    0    0     3    12  270  331  1  0 99  0  0
 0  0      0 441860   2168 309876    0    0     0     1  357  565  1  1 98  0  0
 0  0      0 441356   2168 309876    0    0     0     6  411  726  1  1 98  0  0
 0  0      0 436104   2168 309900    0    0     0     0  490  879  2  1 97  0  0
 0  0      0 436104   2168 309904    0    0     0     5  555  975  1  1 98  0  0
 0  0      0 436104   2168 309904    0    0     0     4  524  938  1  1 98  0  0
 0  0      0 436104   2168 309904    0    0     0     1  544  966  1  1 98  0  0
 0  0      0 436104   2168 309908    0    0     0     1  505  893  1  1 97  0  0
 0  0      0 436104   2168 309908    0    0     0    30  507  884  2  1 98  0  0
 0  0      0 436104   2168 309908    0    0     0   358  541  978  2  1 97  0  0
 0  0      0 436104   2168 309912    0    0     0     1  527  923  1  1 98  0  0
 0  0      0 436104   2168 309912    0    0     0     4  517  906  1  1 98  0  0
 0  0      0 436104   2168 309912    0    0     0     1  481  863  1  1 98  0  1
 0  0      0 436104   2168 309912    0    0     0     1  505  895  1  1 98  0  0
 0  0      0 435852   2168 309912    0    0     0    22  484  859  1  0 99  0  0
 0  0      0 434592   2168 309912    0    0     0     9  526  925  1  0 99  0  0
 0  0      0 434592   2168 309896    0    0     0     1  512  906  2  0 98  0  0
 0  0      0 434088   2168 309900    0    0     0     1  419  750  1  1 98  0  0
 0  0      0 433584   2168 309900    0    0     0     4  296  527  0  1 99  0  0
