procs -----------memory---------- ---swap-- -----io---- -system-- ------cpu-----
 r  b   swpd   free   buff  cache   si   so    bi    bo   in   cs us sy id wa st
 2  0      0 165544  74996 1111256    0    0     2    12   10    8  6  1 93  0  1
 0  0      0 165544  74996 1111376    0    0     0   234  201  304  1  0 99  0  0
 0  0      0 165544  74996 1111376    0    0     0     7  281  412  1  0 99  0  0
 0  0      0 165544  74996 1111384    0    0     0    11  348  529  1  0 98  0  0
 0  0      0 165544  74996 1111384    0    0     0   211  469  711  1  1 98  0  0
 0  0      0 165544  74996 1111388    0    0     0     8  418  630  1  0 98  0  0
 0  0      0 165544  74996 1111392    0    0     0     8  460  694  1  1 97  0  0
 0  0      0 165544  75000 1111396    0    0     0    58  432  643  1  0 98  0  0
 0  0      0 165544  75000 1111404    0    0     0    10  419  633  1  0 98  0  0
 0  0      0 165544  75000 1111408    0    0     0    13  436  662  1  1 98  0  0
 0  0      0 165544  75000 1111412    0    0     0     6  420  636  1  1 96  0  2
 0  0      0 165544  75000 1111548    0    0     0     6  437  649  2  0 98  0  0
 0  0      0 165544  75004 1111548    0    0     0     9  456  681  1  1 98  0  0
 0  0      0 165544  75008 1111556    0    0     0    50  434  645  1  1 98  0  0
 0  0      0 165544  75008 1111560    0    0     0    18  426  630  1  1 98  0  0
 0  0      0 165544  75008 1111564    0    0     0    10  445  662  1  0 98  0  0
 0  0      0 165544  75008 1111696    0    0     0     8  436  642  1  1 98  0  0
 0  0      0 165544  75012 1111692    0    0     0     6  306  455  1  0 98  0  0
 0  0      0 165544  75012 1111696    0    0     0     9  162  248  0  0 100  0  0
