procs -----------memory---------- ---swap-- -----io---- -system-- ------cpu-----
 r  b   swpd   free   buff  cache   si   so    bi    bo   in   cs us sy id wa st
 1  0      0 786312  41944 484856    0    0     6   532   17   20  6  1 91  0  2
 0  0      0 783624  41956 486896    0    0     0    46  270  270  2  0 95  0  3
 0  0      0 777436  41960 491636    0    0     0    22  491  430  3  1 97  0  0
 0  0      0 771388  41960 499204    0    0     0    22  683  572  4  1 95  0  0
 0  0      0 753816  41960 510028    0    0     0    34  997  822  5  1 93  0  1
 0  0      0 736260  41964 520848    0    0     0   296  990  813  6  1 93  0  0
 0  0      0 722384  41968 530996    0    0     0    35  908  773  5  1 94  0  0
 0  0      0 713492  41968 541144    0    0     0   236  927  780  5  1 94  0  0
 1  0      0 702840  41968 551292    0    0     0   722  958  793  6  1 94  0  0
 0  0      0 692696  41968 562112    0    0     0  1121  957  769  5  1 94  0  0
 0  0      0 682620  41968 572264    0    0     0  1660  913  787  5  1 93  0  0
 0  0      0 671956  41972 582408    0    0     0  2337  935  768  5  1 94  0  0
 1  0      0 662036  41976 592560    0    0     0  2314  948  785  5  1 93  0  1
 0  0      0 651560  41976 602708    0    0     0  2248  907  771  6  1 88  0  5
 0  0      0 640276  41984 613652    0    0     0  2078  967  821  5  1 93  0  0
 0  0      0 630620  41988 623804    0    0     0  2206  891  791  6  1 93  0  1
 0  0      0 621008  41988 633952    0    0     0  2066  885  778  6  1 93  0  0
 0  0      0 614660  41992 640720    0    0     0  2063  612  564  3  1 96  0  0
 0  0      0 607540  41996 644776    0    0     0  2460  432  401  2  0 97  0  0
