procs -----------memory---------- ---swap-- -----io---- -system-- ------cpu-----
 r  b   swpd   free   buff  cache   si   so    bi    bo   in   cs us sy id wa st
 1  0      0 218888  74076 1083476    0    0     2    11   10    7  6  1 92  0  1
 0  0      0 218416  74076 1083500    0    0     0    17  196  259  1  0 98  0  1
 0  0      0 217296  74076 1083628    0    0     0     0  302  366  2  1 98  0  1
 0  0      0 215056  74076 1083636    0    0     0    28  361  439  2  1 97  0  0
 0  0      0 212684  74076 1083636    0    0     0   235  519  610  3  0 95  0  1
 0  0      0 212548  74076 1083644    0    0     0    16  500  575  3  1 96  0  0
 1  0      0 212420  74080 1083648    0    0     0   243  531  614  4  1 95  0  1
 0  0      0 212388  74080 1083648    0    0     0    14  501  575  3  1 96  0  0
 0  0      0 212668  74080 1083656    0    0     0     9  469  533  3  0 96  0  0
 0  0      0 212564  74080 1083660    0    0     0     6  505  590  3  1 96  0  0
 0  0      0 212588  74080 1083664    0    0     0     6  468  546  3  1 96  0  0
 1  0      0 212720  74080 1083668    0    0     0    69  489  586  3  1 96  0  0
 0  0      0 212704  74080 1083672    0    0     0     6  494  560  3  1 96  0  0
 0  0      0 212284  74080 1083804    0    0     0    50  480  581  4  0 93  0  3
 0  0      0 212824  74080 1083808    0    0     0     6  514  595  3  1 95  0  1
 0  0      0 212500  74080 1083812    0    0     0     6  488  557  3  1 96  0  0
 0  0      0 212388  74080 1083816    0    0     0     0  438  511  2  1 97  0  0
 0  0      0 212612  74080 1083820    0    0     0     6  349  422  2  0 98  0  0
 0  0      0 212572  74080 1083824    0    0     0     6  202  255  1  0 98  0  0
