procs -----------memory---------- ---swap-- -----io---- -system-- ------cpu-----
 r  b   swpd   free   buff  cache   si   so    bi    bo   in   cs us sy id wa st
 3  0      0 207804  88908 1295472    0    0     1     7   11   13  0  0 100  0  0
 1  0      0 207804  88908 1295528    0    0     0     0   81  128  0  0 100  0  0
 0  0      0 207804  88908 1295528    0    0     0   300   89  156  0  0 100  0  0
 0  0      0 207804  88908 1295528    0    0     0     7   66  104  0  0 100  0  0
 0  0      0 207804  88908 1295528    0    0     0     0   55   93  0  0 100  0  0
 1  0      0 207804  88908 1295528    0    0     0   269   93  158  0  0 99  0  0
 0  0      0 207804  88908 1295528    0    0     0    23   56   98  0  0 100  0  0
 0  0      0 207804  88908 1295528    0    0     0     2   58   97  0  0 100  0  0
 0  0      0 207804  88908 1295528    0    0     0     4   59   99  0  0 100  0  0
 0  0      0 207804  88908 1295528    0    0     0     0   66  106  0  0 100  0  0
 0  0      0 207804  88908 1295528    0    0     0     2   55   94  0  0 100  0  0
 0  0      0 207804  88908 1295528    0    0     0     0   56   96  0  0 100  0  0
 0  0      0 207804  88908 1295528    0    0     0    10   58   98  0  0 100  0  0
 0  0      0 207804  88908 1295528    0    0     0     3   67  108  0  0 100  0  0
 0  0      0 207804  88908 1295528    0    0     0     1   58   96  0  0 100  0  0
 0  0      0 207804  88908 1295528    0    0     0     2   59   98  0  0 100  0  0
 0  0      0 207804  88908 1295528    0    0     0     0   55   95  0  0 100  0  0
 0  0      0 207804  88908 1295528    0    0     0     2   64  105  0  0 100  0  0
 0  0      0 207804  88908 1295528    0    0     0     2   60   99  0  0 100  0  0
 1  0      0 205536  88908 1295528    0    0     0     5  121  193  1  0 98  0  0
