procs -----------memory---------- ---swap-- -----io---- -system-- ------cpu-----
 r  b   swpd   free   buff  cache   si   so    bi    bo   in   cs us sy id wa st
 4  0      0 726800  44684 504092    0    0     6   532   18    0  6  1 91  0  2
 0  0      0 726620  44724 504116    0    0     0    60  224  336  1  0 99  0  0
 0  0      0 726620  44772 504224    0    0     0    19  322  470  1  0 99  0  0
 0  0      0 726620  44820 504284    0    0     0    25  413  592  2  0 94  0  4
 0  0      0 726620  44820 504348    0    0     0    33  512  749  2  1 98  0  0
 0  0      0 726396  44836 504544    0    0     0    35  496  735  2  1 97  0  0
 0  0      0 726396  44900 504616    0    0     0    39  517  769  2  1 97  0  0
 0  0      0 726396  44952 504684    0    0     0   490  548  815  2  0 97  0  0
 0  0      0 726396  44956 504748    0    0     0    41  491  730  2  1 98  0  0
 0  0      0 726396  44956 504816    0    0     0    47  521  772  2  0 98  0  0
 0  0      0 726396  44956 504880    0    0     0    51  519  772  2  0 98  0  0
 0  0      0 726396  44960 504956    0    0     0    49  505  743  2  1 98  0  0
 0  0      0 726144  45020 505032    0    0     0    56  530  788  2  1 97  0  0
 0  0      0 726144  45084 505088    0    0     0   200  502  732  1  1 98  0  0
 0  0      0 726144  45144 505172    0    0     0    54  490  722  1  0 98  0  0
 0  0      0 726144  45204 505240    0    0     0    53  504  736  2  1 95  0  2
 0  0      0 726144  45228 505436    0    0     0    51  544  767  1  1 98  0  0
 0  0      0 726144  45228 505484    0    0     0    47  402  578  1  0 98  0  0
 0  0      0 726144  45232 505508    0    0     0    46  216  319  1  0 99  0  0
