procs -----------memory---------- ---swap-- -----io---- -system-- ------cpu-----
 r  b   swpd   free   buff  cache   si   so    bi    bo   in   cs us sy id wa st
 1  0      0 441824   2168 318736    0    0     2    11  272    2  1  0 99  0  0
 0  0      0 433508   2168 318740    0    0     0     2  387  600  1  0 99  0  0
 0  0      0 433004   2168 318740    0    0     0     1  367  647  0  0 100  0  0
 0  0      0 432248   2168 318740    0    0     0     0  397  708  0  0 99  0  0
 0  0      0 431744   2168 318740    0    0     0     3  467  822  1  0 99  0  0
 0  0      0 431744   2168 318740    0    0     0    22  467  823  1  0 99  0  0
 0  0      0 426464   2168 318752    0    0     0     7  520  902  1  0 98  0  0
 0  0      0 426464   2168 318752    0    0     0     3  465  821  1  0 99  0  0
 0  0      0 426464   2168 318752    0    0     0   313  454  806  0  0 99  0  0
 0  0      0 426464   2168 318752    0    0     0     0  437  769  0  0 100  0  0
 0  0      0 426464   2168 318752    0    0     0     3  473  830  1  0 99  0  0
 0  0      0 426464   2168 318752    0    0     0    10  441  771  0  0 99  0  0
 0  0      0 426464   2168 318752    0    0     0     1  463  816  0  0 99  0  0
 0  0      0 426464   2168 318760    0    0     0     1  453  794  1  0 99  0  0
 0  0      0 426212   2168 318760    0    0     0     5  414  709  1  0 98  0  1
 0  0      0 426212   2168 318760    0    0     0     0  433  767  0  0 99  0  0
 0  0      0 425960   2168 318760    0    0     0     1  483  835  1  0 99  0  0
 0  0      0 425960   2168 318760    0    0     0    29  395  704  0  0 99  0  0
 0  0      0 425960   2168 318760    0    0     0     1  279  505  0  0 100  0  0
