procs -----------memory---------- ---swap-- -----io---- -system-- ------cpu-----
 r  b   swpd   free   buff  cache   si   so    bi    bo   in   cs us sy id wa st
 2  0      0 723408  45872 507980    0    0     6   531   18    1  6  1 91  0  2
 0  0      0 723408  45876 508004    0    0     0    21  203  315  1  0 99  0  1
 0  0      0 723408  45880 508044    0    0     0    24  277  411  1  0 99  0  0
 0  0      0 723408  45880 508480    0    0     0     2  576  748  2  1 97  0  0
 0  0      0 724708  45884 508680    0    0     0   254  727  946  3  2 94  0  0
 0  0      0 730792  45884 508744    0    0     0    39  674  882  3  1 96  0  0
 0  0      0 736876  45888 508948    0    0     0    37  690  911  3  1 96  0  0
 0  0      0 739052  45892 509016    0    0     0   293  682  906  2  1 96  0  0
 0  0      0 739620  45896 509084    0    0     0   124  693  903  3  1 96  0  0
 0  0      0 739396  45900 509188    0    0     0    44  625  855  2  1 96  0  0
 0  0      0 739396  45900 509252    0    0     0    48  522  772  2  1 97  0  0
 0  0      0 739396  45900 509328    0    0     0    63  504  736  1  0 98  0  0
 0  0      0 739396  45900 509400    0    0     0   373  542  814  2  0 97  0  0
 0  0      0 739396  45904 509464    0    0     0    36  523  772  2  1 96  0  2
 0  0      0 739396  45908 509676    0    0     0    42  497  733  2  0 98  0  0
 0  0      0 739396  45912 509736    0    0     0    38  529  777  1  1 98  0  0
 0  0      0 739396  45916 509820    0    0     0   238  503  744  1  0 98  0  0
 0  0      0 739396  45924 509864    0    0     0    34  410  579  1  0 98  0  0
 0  0      0 739396  45924 509892    0    0     0    27  215  313  1  0 99  0  0
