procs -----------memory---------- ---swap-- -----io---- -system-- ------cpu-----
 r  b   swpd   free   buff  cache   si   so    bi    bo   in   cs us sy id wa st
 1  0      0 735388  45932 508940    0    0     6   531   18    1  6  1 91  0  2
 0  0      0 735416  45940 508968    0    0     0   311  231  353  0  0 99  0  0
 0  0      0 735416  45948 509004    0    0     0    26  302  440  1  1 99  0  0
 0  0      0 735416  45952 509056    0    0     0    28  391  574  1  0 98  0  1
 0  0      0 735416  45956 509124    0    0     0    33  500  733  2  1 95  0  2
 0  0      0 735196  45960 509316    0    0     0   266  520  757  2  1 98  0  0
 0  0      0 735196  45964 509392    0    0     0    35  523  767  2  0 98  0  0
 0  0      0 734944  45968 509452    0    0     0    87  493  736  1  0 98  0  0
 0  0      0 734720  45972 509532    0    0     0   151  509  739  1  0 98  0  0
 0  0      0 734976  45976 509600    0    0     0    47  551  808  2  0 97  0  0
 0  0      0 734976  45984 509668    0    0     0    47  502  737  1  0 98  0  0
 0  0      0 734752  45984 509744    0    0     0   191  499  738  1  1 98  0  0
 0  0      0 734752  45992 509824    0    0     0    50  515  767  1  0 98  0  0
 0  0      0 734752  45992 509884    0    0     0    39  527  776  2  0 98  0  0
 0  0      0 734752  45992 509964    0    0     0    36  493  727  1  0 98  0  0
 0  0      0 734752  45996 510160    0    0     0    34  509  749  2  1 97  0  0
 0  0      0 734752  46004 510232    0    0     0    34  523  759  2  1 93  0  4
 0  0      0 734500  46028 510272    0    0     0   161  417  595  2  0 98  0  0
 0  0      0 734500  46028 510312    0    0     0   138  220  320  1  0 99  0  0
