procs -----------memory---------- ---swap-- -----io---- -system-- ------cpu-----
 r  b   swpd   free   buff  cache   si   so    bi    bo   in   cs us sy id wa st
 1  0      0 192764  88908 1298296    0    0     1     7   11   13  0  0 100  0  0
 0  0      0 192764  88908 1298312    0    0     0    20   89  143  0  0 100  0  0
 0  0      0 192764  88908 1298312    0    0     0     0   54   92  0  0 100  0  0
 0  0      0 192764  88908 1298312    0    0     0     2   60   98  0  0 100  0  0
 0  0      0 192764  88908 1298312    0    0     0     0   57   94  0  0 100  0  0
 0  0      0 192764  88908 1298312    0    0     0     3   85  130  0  0 100  0  0
 0  0      0 192764  88908 1298312    0    0     0     3   57   96  0  0 100  0  0
 0  0      0 192516  88908 1298312    0    0     0   402  109  189  0  0 99  1  0
 0  0      0 192516  88908 1298312    0    0     0    32   60   97  0  0 100  0  0
 0  0      0 192516  88908 1298312    0    0     0     6   70  112  0  0 100  0  0
 0  0      0 192516  88908 1298312    0    0     0     0   55   94  0  0 100  0  0
 0  0      0 192516  88908 1298312    0    0     0     4   65  105  0  0 100  0  0
 0  0      0 192516  88908 1298312    0    0     0     3   60  100  0  0 100  0  0
 0  0      0 192516  88908 1298312    0    0     0     0   65  107  0  0 100  0  0
 0  0      0 192516  88908 1298312    0    0     0     3   62  101  0  0 100  0  0
 0  0      0 192516  88908 1298312    0    0     0     2   58   96  0  0 100  0  0
 0  0      0 192516  88908 1298312    0    0     0     2   61  100  0  0 100  0  0
 0  0      0 192516  88908 1298312    0    0     0     1   66  108  0  0 100  0  0
 0  0      0 192516  88908 1298312    0    0     0     3   61   99  0  0 100  0  0
