procs -----------memory---------- ---swap-- -----io---- -system-- ------cpu-----
 r  b   swpd   free   buff  cache   si   so    bi    bo   in   cs us sy id wa st
 2  0      0 194028  89620 1307320    0    0     1     7   12   13  0  0 100  0  0
 0  0      0 194028  89620 1307332    0    0     0    16   91  143  0  0 100  0  0
 0  0      0 194028  89620 1307332    0    0     0     0   61   96  0  0 100  0  0
 0  0      0 194028  89620 1307332    0    0     0    18   61   96  0  0 100  0  0
 0  0      0 194028  89620 1307332    0    0     0   290   96  159  0  0 100  0  0
 0  0      0 193776  89620 1307336    0    0     0   262   94  152  0  0 100  0  0
 0  0      0 193776  89620 1307336    0    0     0     6   62   98  0  0 100  0  0
 0  0      0 193776  89620 1307336    0    0     0     2   62   99  0  0 100  0  0
 0  0      0 193776  89620 1307336    0    0     0     4   63   98  0  0 100  0  0
 0  0      0 193776  89620 1307336    0    0     0    10   76  116  0  0 100  0  0
 0  0      0 193776  89620 1307336    0    0     0     6   66   99  0  0 100  0  0
 0  0      0 193776  89620 1307336    0    0     0     5   63   99  0  0 100  0  0
 0  0      0 193776  89620 1307336    0    0     0     2   61   96  0  0 100  0  0
 0  0      0 193776  89620 1307336    0    0     0     6   81  113  0  0 100  0  0
 0  0      0 193776  89620 1307336    0    0     0     5   64  101  0  0 100  0  0
 0  0      0 193776  89620 1307336    0    0     0     2   64   97  0  0 100  0  0
 0  0      0 193776  89620 1307336    0    0     0     6   65   97  0  0 100  0  0
 0  0      0 193776  89620 1307336    0    0     0     6   72  105  0  0 100  0  0
 0  0      0 193776  89620 1307336    0    0     0     2   63   98  0  0 100  0  0
 1  0      0 193552  89620 1307336    0    0     0     6  116  192  0  0 99  0  0
