procs -----------memory---------- ---swap-- -----io---- -system-- ------cpu-----
 r  b   swpd   free   buff  cache   si   so    bi    bo   in   cs us sy id wa st
 1  0      0 178792  89844 1310944    0    0     1     8   12   14  0  0 100  0  0
 0  0      0 178792  89844 1310956    0    0     0    16   76  131  0  0 100  0  0
 0  0      0 178792  89844 1310956    0    0     0     0   54   93  0  0 100  0  0
 0  0      0 178792  89844 1310956    0    0     0     2   68  108  0  0 100  0  0
 0  0      0 178792  89844 1310956    0    0     0   563  109  193  0  0 99  1  0
 0  0      0 178792  89844 1310956    0    0     0     0   56   95  0  0 100  0  0
 0  0      0 178792  89844 1310956    0    0     0     4   63   98  0  0 100  0  0
 0  0      0 178792  89844 1310956    0    0     0     6   71  110  0  0 100  0  0
 0  0      0 178792  89844 1310956    0    0     0     2   64  100  0  0 100  0  0
 0  0      0 178792  89844 1310956    0    0     0     0   59   94  0  0 100  0  0
 0  0      0 178792  89844 1310956    0    0     0     2   62   96  0  0 100  0  0
 0  0      0 178792  89844 1310956    0    0     0     9   71  111  0  0 100  0  0
 0  0      0 178792  89844 1310956    0    0     0     3   75  109  0  0 99  0  0
 0  0      0 178792  89844 1310956    0    0     0     8   63  100  0  0 100  0  0
 0  0      0 178792  89844 1310956    0    0     0     1   62   98  0  0 100  0  0
 0  0      0 178792  89844 1310956    0    0     0     2   78  119  0  0 100  0  0
 0  0      0 178792  89844 1310956    0    0     0     3   65  102  0  0 100  0  0
 0  0      0 178792  89844 1310956    0    0     0     0   58   93  0  0 100  0  0
 0  0      0 178792  89844 1310956    0    0     0    48   68  110  0  0 100  0  0
 1  0      0 178792  89844 1311040    0    0     0     4  126  205  2  0 98  0  0
