procs -----------memory---------- ---swap-- -----io---- -system-- ------cpu-----
 r  b   swpd   free   buff  cache   si   so    bi    bo   in   cs us sy id wa st
 1  0      0 188672  89384 1300024    0    0     1     7   11   13  0  0 100  0  0
 0  0      0 188672  89384 1300024    0    0     0    15   73  128  0  0 100  0  0
 0  0      0 188672  89384 1300024    0    0     0     0   55   95  0  0 100  0  0
 0  0      0 188672  89384 1300024    0    0     0     2   68  109  0  0 100  0  0
 0  0      0 188672  89384 1300024    0    0     0     2   53   94  0  0 100  0  0
 0  0      0 188672  89384 1300024    0    0     0   555  119  215  0  0 99  1  0
 0  0      0 188672  89384 1300024    0    0     0    19   56   97  0  0 100  0  0
 0  0      0 188672  89384 1300024    0    0     0     2   66  109  0  0 100  0  0
 0  0      0 188672  89384 1300024    0    0     0     4   66  109  0  0 100  0  0
 0  0      0 188672  89384 1300024    0    0     0     0   54   95  0  0 100  0  0
 0  0      0 188672  89384 1300024    0    0     0     3   60  100  0  0 100  0  0
 0  0      0 188672  89384 1300024    0    0     0     3   65  107  0  0 100  0  0
 0  0      0 188672  89384 1300024    0    0     0     9   57   98  0  0 100  0  0
 0  0      0 188672  89384 1300024    0    0     0     2   65  105  0  0 100  0  0
 0  0      0 188672  89384 1300024    0    0     0     1   61   99  0  0 100  0  0
 0  0      0 188672  89384 1300024    0    0     0     2   68  105  0  0 100  0  0
 1  0      0 188672  89384 1300024    0    0     0     2   60   98  0  0 100  0  0
 0  0      0 188672  89384 1300024    0    0     0     3   55   95  0  0 100  0  0
 0  0      0 188672  89384 1300024    0    0     0     0   59   97  0  0 100  0  0
