procs -----------memory---------- ---swap-- -----io---- -system-- ------cpu-----
 r  b   swpd   free   buff  cache   si   so    bi    bo   in   cs us sy id wa st
 2  0      0 172736  89844 1316560    0    0     1     8   12   14  0  0 100  0  0
 0  0      0 172736  89844 1316564    0    0     0     0   69  127  0  0 100  0  0
 0  0      0 172736  89844 1316564    0    0     0    10   58   99  0  0 100  0  0
 0  0      0 172736  89844 1316564    0    0     0    20   58   97  0  0 100  0  0
 0  0      0 172736  89844 1316564    0    0     0     0   58  101  0  0 100  0  0
 0  0      0 172736  89844 1316564    0    0     0     3   63  104  0  0 100  0  0
 0  0      0 172736  89844 1316564    0    0     0    13   57  100  0  0 100  0  0
 0  0      0 172736  89844 1316564    0    0     0   110   67  121  0  0 100  0  0
 0  0      0 172736  89844 1316564    0    0     0     6   65  105  0  0 100  0  0
 0  0      0 172736  89844 1316564    0    0     0     0   56   98  0  0 100  0  0
 0  0      0 172736  89844 1316564    0    0     0     3   57   97  0  0 100  0  0
 0  0      0 172736  89844 1316564    0    0     0    10   57   97  0  0 100  0  0
 0  0      0 172736  89844 1316564    0    0     0     3   65  108  0  0 100  0  0
 0  0      0 172736  89844 1316564    0    0     0     0   55   96  0  0 100  0  0
 0  0      0 172736  89844 1316564    0    0     0     3   59   98  0  0 100  0  0
 0  0      0 172736  89844 1316564    0    0     0     0   60  100  0  0 100  0  0
 0  0      0 172736  89844 1316564    0    0     0     2   55   98  0  0 100  0  0
 0  0      0 172736  89844 1316564    0    0     0     1   68  109  0  0 100  0  0
 0  0      0 172736  89844 1316564    0    0     0     5   58   98  0  0 100  0  0
 1  0      0 156860  89844 1316564    0    0     0     0  125  199  2  1 97  0  0
