procs -----------memory---------- ---swap-- -----io---- -system-- ------cpu-----
 r  b   swpd   free   buff  cache   si   so    bi    bo   in   cs us sy id wa st
 2  0      0 203928  89384 1301516    0    0     1     7   11   13  0  0 100  0  0
 0  0      0 203928  89384 1301528    0    0     0    15   84  140  0  0 100  0  0
 0  0      0 203928  89384 1301528    0    0     0     2   58  101  0  0 100  0  0
 0  0      0 203928  89384 1301528    0    0     0    19   63  108  0  0 100  0  0
 0  0      0 203928  89384 1301528    0    0     0     0   57   97  0  0 100  0  0
 0  0      0 203928  89384 1301528    0    0     0   555  138  235  0  0 99  1  0
 0  0      0 203928  89384 1301528    0    0     0    10   60   99  0  0 100  0  0
 0  0      0 203928  89384 1301528    0    0     0     2   56   96  0  0 100  0  0
 0  0      0 203928  89384 1301528    0    0     0     5   61   99  0  0 100  0  0
 0  0      0 203928  89384 1301528    0    0     0     3   63  104  0  0 100  0  0
 0  0      0 203928  89384 1301528    0    0     0     3   62   99  0  0 100  0  0
 0  0      0 203928  89384 1301528    0    0     0     9   53   93  0  0 100  0  0
 0  0      0 203928  89384 1301528    0    0     0     2   60   98  0  0 100  0  0
 0  0      0 203928  89384 1301528    0    0     0     0   63  104  0  0 100  0  0
 0  0      0 203928  89384 1301528    0    0     0     5   61  101  0  0 100  0  0
 0  0      0 203928  89384 1301528    0    0     0     3   55   99  0  0 100  0  0
 0  0      0 203928  89384 1301528    0    0     0     0   55   96  0  0 100  0  0
 0  0      0 203928  89384 1301528    0    0     0     6   72  112  0  0 100  0  0
 0  0      0 203928  89384 1301528    0    0     0     2   64  100  0  0 100  0  0
 1  0      0 203928  89384 1301528    0    0     0    10   93  142  0  0 99  0  0
