procs -----------memory---------- ---swap-- -----io---- -system-- ------cpu-----
 r  b   swpd   free   buff  cache   si   so    bi    bo   in   cs us sy id wa st
 1  0      0 423216   2168 317632    0    0     2    11  273  348  1  0 99  0  0
 0  0      0 417420   2168 317640    0    0     0     0  366  576  1  0 98  0  0
 0  0      0 417168   2168 317640    0    0     0     3  384  683  0  0 99  0  0
 0  0      0 416664   2168 317644    0    0     0     3  404  717  0  0 100  0  0
 0  0      0 416160   2168 317644    0    0     0     2  440  763  0  0 99  0  0
 0  0      0 416160   2168 317644    0    0     0     3  433  753  1  0 99  0  0
 0  0      0 416160   2168 317644    0    0     0     0  441  774  0  0 99  0  0
 0  0      0 416160   2168 317644    0    0     0     2  450  789  0  0 99  0  0
 0  0      0 415908   2168 317644    0    0     0     2  462  808  0  0 99  0  0
 0  0      0 415908   2168 317644    0    0     0    26  457  815  0  0 100  0  0
 0  0      0 415656   2168 317648    0    0     0     0  498  872  1  0 99  0  0
 0  0      0 411656   2168 317652    0    0     0     0  541  942  1  1 98  0  0
 0  0      0 411656   2168 317652    0    0     0     3  488  850  1  0 99  0  0
 0  0      0 411656   2168 317652    0    0     0     2  508  886  0  0 99  0  0
 0  0      0 411656   2168 317652    0    0     0     0  510  896  0  0 99  0  0
 0  0      0 411656   2168 317652    0    0     0    11  477  840  0  0 99  0  0
 0  0      0 411656   2168 317652    0    0     0     0  483  853  0  0 100  0  0
 0  0      0 411656   2168 317652    0    0     0   328  441  794  0  0 99  0  0
 0  0      0 411656   2168 317656    0    0     0     2  290  532  0  0 100  0  0
