procs -----------memory---------- ---swap-- -----io---- -system-- ------cpu-----
 r  b   swpd   free   buff  cache   si   so    bi    bo   in   cs us sy id wa st
 1  0      0 191128  89384 1301708    0    0     1     7   11   13  0  0 100  0  0
 0  0      0 191128  89384 1301720    0    0     0    16   75  132  0  0 100  0  0
 0  0      0 191128  89384 1301720    0    0     0   562  120  212  0  0 99  1  0
 0  0      0 191128  89384 1301720    0    0     0     5   59   98  0  0 100  0  0
 0  0      0 191128  89384 1301720    0    0     0    20   70  108  0  0 100  0  0
 0  0      0 191128  89384 1301720    0    0     0     9   59   98  0  0 100  0  0
 0  0      0 191128  89384 1301720    0    0     0     3   58   99  0  0 100  0  0
 0  0      0 191128  89384 1301720    0    0     0     2   61   99  0  0 100  0  0
 0  0      0 191128  89384 1301720    0    0     0     4   66  107  0  0 100  0  0
 0  0      0 191128  89384 1301720    0    0     0     0   57   97  0  0 100  0  0
 0  0      0 191128  89384 1301720    0    0     0     2   56   94  0  0 100  0  0
 0  0      0 191128  89384 1301720    0    0     0     7   59   98  0  0 100  0  0
 0  0      0 191128  89384 1301720    0    0     0     3   64  103  0  0 100  0  0
 0  0      0 191128  89384 1301720    0    0     0     7   59  100  0  0 100  0  0
 0  0      0 191128  89384 1301720    0    0     0     5   56   97  0  0 100  0  0
 0  0      0 191128  89384 1301720    0    0     0     2   58   99  0  0 100  0  0
 0  0      0 191128  89384 1301720    0    0     0     6   67  105  0  0 100  0  0
 0  0      0 191128  89384 1301720    0    0     0     5   60  101  0  0 100  0  0
 0  0      0 191128  89384 1301720    0    0     0     2   57   95  0  0 100  0  0
 1  0      0 182812  89384 1301720    0    0     0     6  135  210  2  1 97  0  0
