procs -----------memory---------- ---swap-- -----io---- -system-- ------cpu-----
 r  b   swpd   free   buff  cache   si   so    bi    bo   in   cs us sy id wa st
 3  0      0 165216  89620 1307716    0    0     1     7   12   13  0  0 100  0  0
 0  0      0 165216  89620 1307724    0    0     0    17   81  135  0  0 100  0  0
 0  0      0 165496  89620 1307724    0    0     0     2   73  107  0  0 100  0  0
 0  0      0 165496  89620 1307724    0    0     0     3   63  101  0  0 100  0  0
 0  0      0 165496  89620 1307724    0    0     0    21   57   95  0  0 100  0  0
 0  0      0 165496  89620 1307724    0    0     0     7   61   97  0  0 100  0  0
 0  0      0 165496  89620 1307724    0    0     0   327   99  163  0  0 100  0  0
 0  0      0 165496  89620 1307724    0    0     0     6   62  100  0  0 100  0  0
 0  0      0 165496  89620 1307724    0    0     0     6   58   96  0  0 100  0  0
 0  0      0 165496  89620 1307724    0    0     0     0   64   98  0  0 100  0  0
 0  0      0 166504  89620 1307724    0    0     0     2   71  107  0  0 100  0  0
 0  0      0 166504  89620 1307724    0    0     0     8   63   98  0  0 100  0  0
 0  0      0 166504  89620 1307724    0    0     0     3   59   96  0  0 100  0  0
 0  0      0 166504  89620 1307724    0    0     0     0   61   99  0  0 100  0  0
 0  0      0 166504  89620 1307724    0    0     0     3   70  109  0  0 100  0  0
 0  0      0 166504  89620 1307724    0    0     0     2   64   98  0  0 100  0  0
 0  0      0 166504  89620 1307724    0    0     0     3   64   94  0  0 100  0  0
 0  0      0 166504  89620 1307724    0    0     0     0   62   96  0  0 100  0  0
 0  0      0 166504  89620 1307724    0    0     0     4   74  112  0  0 100  0  0
