procs -----------memory---------- ---swap-- -----io---- -system-- ------cpu-----
 r  b   swpd   free   buff  cache   si   so    bi    bo   in   cs us sy id wa st
 4  0      0 711424  47148 531516    0    0     6   531   18    1  6  1 91  0  2
 0  0      0 711424  47160 531532    0    0     0    46  199  296  0  0 99  0  0
 0  0      0 711424  47164 531556    0    0     0    21  304  442  1  1 99  0  0
 0  0      0 711424  47172 531620    0    0     0   244  382  567  1  0 99  0  0
 0  0      0 711424  47176 531684    0    0     0    33  471  691  2  1 95  0  2
 0  0      0 711424  47184 531744    0    0     0    43  505  732  1  1 98  0  0
 0  0      0 711424  47188 531944    0    0     0    42  487  715  1  1 98  0  0
 0  0      0 711424  47196 532012    0    0     0   355  489  729  1  0 98  0  0
 1  0      0 711424  47196 532088    0    0     0    39  493  721  1  1 98  0  0
 0  0      0 711424  47196 532160    0    0     0     7  494  731  1  1 98  0  0
 0  0      0 711424  47200 532232    0    0     0    48  471  699  1  0 98  0  0
 0  0      0 711424  47204 532292    0    0     0    55  497  737  1  0 98  0  0
 0  0      0 711424  47208 532376    0    0     0    51  487  719  1  1 98  0  0
 0  0      0 711424  47212 532436    0    0     0    97  473  699  1  1 98  0  0
 0  0      0 711424  47216 532520    0    0     0   174  508  753  1  1 98  0  0
 0  0      0 711424  47216 532584    0    0     0    56  467  693  1  0 99  0  0
 0  0      0 711424  47220 532652    0    0     0    52  479  698  2  1 94  0  3
 0  0      0 711424  47220 532832    0    0     0    54  377  553  1  0 99  0  0
 0  0      0 711424  47220 532860    0    0     0    43  245  356  1  0 99  0  0
