procs -----------memory---------- ---swap-- -----io---- -system-- ------cpu-----
 r  b   swpd   free   buff  cache   si   so    bi    bo   in   cs us sy id wa st
 1  0      0 439268   2168 318276    0    0     2    11  273  349  1  0 99  0  0
 0  0      0 432716   2168 318284    0    0     0    22  360  557  1  1 98  0  0
 0  0      0 432212   2168 318284    0    0     0     1  349  613  0  0 100  0  0
 0  0      0 431708   2168 318284    0    0     0     3  319  546  0  0 99  0  0
 0  0      0 431204   2168 318284    0    0     0     1  294  486  0  0 99  0  0
 0  0      0 430952   2168 318284    0    0     0     1  405  695  1  0 99  0  0
 0  0      0 430448   2168 318288    0    0     0     2  445  794  0  0 100  0  0
 0  0      0 430448   2168 318288    0    0     0    45  415  721  0  0 99  0  0
 0  0      0 429944   2168 318288    0    0     0     0  423  741  0  0 100  0  0
 0  0      0 429944   2168 318288    0    0     0     1  426  748  0  0 100  0  0
 0  0      0 429692   2168 318288    0    0     0     3  426  746  0  0 100  0  0
 0  0      0 429188   2168 318288    0    0     0     1  414  722  0  0 100  0  0
 0  0      0 428936   2168 318288    0    0     0     1  414  730  0  0 99  0  1
 0  0      0 428684   2168 318292    0    0     0     7  469  820  0  0 99  0  0
 0  0      0 427928   2168 318292    0    0     0     0  455  801  1  0 99  0  0
 0  0      0 424400   2168 318292    0    0     0     1  508  884  1  1 99  0  0
 0  0      0 424400   2168 318292    0    0     0     4  446  780  0  0 99  0  0
 0  0      0 424400   2168 318292    0    0     0     1  367  650  0  0 100  0  0
 0  0      0 424400   2168 318292    0    0     0     1  270  504  0  0 100  0  0
