procs -----------memory---------- ---swap-- -----io---- -system-- ------cpu-----
 r  b   swpd   free   buff  cache   si   so    bi    bo   in   cs us sy id wa st
 2  0      0 751280  43320 496104    0    0     6   532   18    0  6  1 91  0  2
 0  0      0 751780  43324 497480    0    0     0    25  249  283  1  0 99  0  0
 0  0      0 750884  43356 500200    0    0     0   461  527  411  1  0 97  1  0
 0  0      0 749288  43360 503952    0    0     0    32  528  477  3  0 96  0  1
 0  0      0 745872  43360 509064    0    0     0    38  676  608  3  1 96  0  0
 0  0      0 742204  43364 514568    0    0     0    38  691  617  3  0 97  0  0
 0  0      0 737472  43372 519684    0    0     0    35  641  597  3  1 96  0  0
 0  0      0 733272  43376 525468    0    0     0    77  707  667  3  1 96  0  0
 0  0      0 729352  43380 530704    0    0     0   386  676  607  3  1 96  0  0
 0  0      0 724788  43388 536136    0    0     0   514  690  638  3  1 96  0  0
 0  0      0 721344  43388 541732    0    0     0   935  695  623  3  1 96  0  0
 0  0      0 717900  43396 546836    0    0     0  1195  692  616  3  1 96  0  0
 0  0      0 712972  43400 552272    0    0     0  1058  736  652  3  1 96  0  0
 0  0      0 706336  43408 557384    0    0     0  1245  681  611  3  1 96  0  0
 1  0      0 699196  43412 562836    0    0     0  1072  736  667  3  1 95  0  1
 0  0      0 692336  43416 568280    0    0     0  1133  703  630  3  0 94  0  2
 0  0      0 685088  43420 573392    0    0     0  1195  684  607  3  1 96  0  0
 0  0      0 681448  43428 577140    0    0     0  1249  529  490  2  0 97  0  0
 0  0      0 679684  43432 578848    0    0     0  1118  281  284  1  0 99  0  0
