procs -----------memory---------- ---swap-- -----io---- -system-- ------cpu-----
 r  b   swpd   free   buff  cache   si   so    bi    bo   in   cs us sy id wa st
 1  0      0 217656  74704 1091316    0    0     2    12   10    8  6  1 92  0  1
 0  0      0 217656  74704 1091320    0    0     0    11  182  280  1  0 99  0  1
 0  0      0 217656  74704 1091320    0    0     0     6  282  414  1  0 98  0  0
 0  0      0 217656  74704 1091324    0    0     0     6  357  525  1  0 98  0  0
 0  0      0 217656  74704 1091328    0    0     0   374  504  765  1  1 97  0  0
 0  0      0 217656  74704 1091332    0    0     0    20  434  649  2  0 97  0  0
 0  0      0 217656  74704 1091340    0    0     0     6  453  685  2  1 97  0  1
 0  0      0 217656  74704 1091340    0    0     0    13  455  691  2  0 97  0  0
 0  0      0 217656  74704 1091348    0    0     0     6  429  648  1  1 98  0  0
 0  0      0 217656  74704 1091352    0    0     0    61  458  690  2  1 98  0  0
 0  0      0 217656  74704 1091356    0    0     0     0  440  657  2  0 97  0  0
 0  0      0 217656  74704 1091488    0    0     0     6  431  655  2  1 97  0  0
 0  0      0 217656  74708 1091496    0    0     0     6  447  682  2  1 97  0  0
 0  0      0 217656  74708 1091496    0    0     0     6  451  676  2  1 95  0  2
 0  0      0 217656  74708 1091504    0    0     0     6  445  662  2  0 97  0  0
 0  0      0 217656  74708 1091508    0    0     0    60  467  695  2  0 97  0  0
 0  0      0 217656  74708 1091512    0    0     0    18  438  650  2  0 98  0  0
 0  0      0 217656  74708 1091516    0    0     0     6  320  474  1  0 98  0  0
 0  0      0 217656  74708 1091516    0    0     0     6  173  257  1  0 99  0  0
