procs -----------memory---------- ---swap-- -----io---- -system-- ------cpu-----
 r  b   swpd   free   buff  cache   si   so    bi    bo   in   cs us sy id wa st
 1  0      0 423224   2168 308028    0    0     3    12  260  320  1  0 99  0  0
 0  0      0 416420   2168 308032    0    0     0     2  344  530  1  1 99  0  0
 0  0      0 416168   2168 308036    0    0     0     1  391  687  0  0 100  0  0
 0  0      0 415916   2168 308036    0    0     0     3  441  791  0  0 100  0  0
 0  0      0 415664   2168 308036    0    0     0     1  443  789  0  0 99  0  0
 0  0      0 415664   2168 308040    0    0     0    14  477  842  0  0 99  0  0
 0  0      0 415412   2168 308040    0    0     0     4  475  846  0  0 99  0  0
 0  0      0 412892   2168 308048    0    0     0     1  533  955  1  1 98  0  0
 0  0      0 412892   2168 308048    0    0     0   330  497  904  1  0 99  0  0
 0  0      0 412892   2168 308048    0    0     0     0  471  840  0  0 99  0  0
 0  0      0 412892   2168 308048    0    0     0     3  483  862  0  0 99  0  0
 0  0      0 412892   2168 308048    0    0     0    17  452  809  0  0 99  0  0
 0  0      0 412892   2168 308052    0    0     0     1  496  881  0  0 100  0  0
 0  0      0 412892   2168 308052    0    0     0     4  461  822  0  0 99  0  0
 0  0      0 412892   2168 308052    0    0     0     1  494  878  0  0 99  0  0
 0  0      0 412892   2168 308052    0    0     0     0  487  872  1  0 99  0  0
 0  0      0 412892   2168 308052    0    0     0     3  459  819  0  0 99  0  0
 0  0      0 412892   2168 308052    0    0     0    28  404  729  1  0 99  0  0
 0  0      0 412640   2168 308052    0    0     0     1  313  572  0  0 100  0  0
