procs -----------memory---------- ---swap-- -----io---- -system-- ------cpu-----
 r  b   swpd   free   buff  cache   si   so    bi    bo   in   cs us sy id wa st
 3  0      0 191864  89384 1299488    0    0     1     7   11   13  0  0 100  0  0
 0  0      0 191928  89384 1299500    0    0     0     0   73  130  0  0 100  0  0
 0  0      0 191928  89384 1299500    0    0     0   418   94  170  0  0 100  0  0
 0  0      0 191928  89384 1299500    0    0     0     7   61  100  0  0 100  0  0
 0  0      0 191928  89384 1299500    0    0     0    16   71  108  0  0 100  0  0
 0  0      0 191928  89384 1299500    0    0     0     2   60   97  0  0 100  0  0
 0  0      0 191928  89384 1299500    0    0     0     4   55   96  0  0 100  0  0
 0  0      0 191928  89384 1299500    0    0     0     9   60  100  0  0 100  0  0
 0  0      0 192936  89384 1299500    0    0     0     4   71  114  0  0 100  0  0
 0  0      0 192936  89384 1299500    0    0     0     1   59   99  0  0 100  0  0
 0  0      0 192688  89384 1299500    0    0     0     3   68  106  0  0 100  0  0
 0  0      0 192688  89384 1299500    0    0     0    17   62   99  0  0 100  0  0
 0  0      0 192688  89384 1299500    0    0     0     0   65  103  0  0 100  0  0
 0  0      0 192688  89384 1299500    0    0     0     3   58   97  0  0 100  0  0
 0  0      0 192688  89384 1299500    0    0     0     1   57   95  0  0 100  0  0
 0  0      0 192688  89384 1299500    0    0     0     4   62   99  0  0 100  0  0
 0  0      0 192688  89384 1299500    0    0     0    40   72  115  0  0 100  0  0
 0  0      0 192688  89384 1299500    0    0     0     0   58   97  0  0 100  0  0
 0  0      0 192688  89384 1299500    0    0     0     2   60   98  0  0 100  0  0
