procs -----------memory---------- ---swap-- -----io---- -system-- ------cpu-----
 r  b   swpd   free   buff  cache   si   so    bi    bo   in   cs us sy id wa st
 1  0      0 200912  88908 1298728    0    0     1     7   11   13  0  0 100  0  0
 0  0      0 200912  88908 1298740    0    0     0    15   74  131  0  0 100  0  0
 0  0      0 200912  88908 1298740    0    0     0   544  135  230  0  0 99  1  0
 0  0      0 200912  88908 1298740    0    0     0     5   68  108  0  0 100  0  0
 0  0      0 200912  88908 1298740    0    0     0     0   59   98  0  0 100  0  0
 0  0      0 200912  88908 1298740    0    0     0     6   57   97  0  0 100  0  0
 0  0      0 200912  88908 1298740    0    0     0    21   61   99  0  0 100  0  0
 0  0      0 200912  88908 1298740    0    0     0     2   67  109  0  0 100  0  0
 0  0      0 200912  88908 1298740    0    0     0     5   59   98  0  0 100  0  0
 0  0      0 200912  88908 1298740    0    0     0     0   64  106  0  0 100  0  0
 0  0      0 200912  88908 1298740    0    0     0     2   63  101  0  0 100  0  0
 0  0      0 200912  88908 1298740    0    0     0     2   70  106  0  0 100  0  0
 0  0      0 200912  88908 1298740    0    0     0    10   62   97  0  0 100  0  0
 0  0      0 200912  88908 1298740    0    0     0     2   56   94  0  0 100  0  0
 0  0      0 200912  88908 1298740    0    0     0     1   59   99  0  0 100  0  0
 0  0      0 200912  88908 1298740    0    0     0     2   64  105  0  0 100  0  0
 0  0      0 200912  88908 1298740    0    0     0     0   59   96  0  0 100  0  0
 0  0      0 200912  88908 1298740    0    0     0     3   58   93  0  0 100  0  0
 0  0      0 200912  88908 1298740    0    0     0     3   64  100  0  0 100  0  0
 0  0      0 200912  88908 1298740    0    0     0     0   63  106  0  0 100  0  0
