procs -----------memory---------- ---swap-- -----io---- -system-- ------cpu-----
 r  b   swpd   free   buff  cache   si   so    bi    bo   in   cs us sy id wa st
 2  0      0 184236  89384 1302136    0    0     1     7   11   13  0  0 100  0  0
 0  0      0 184236  89384 1302144    0    0     0    15   80  132  0  0 100  0  0
 0  0      0 184236  89384 1302144    0    0     0     2   67  104  0  0 100  0  0
 0  0      0 184236  89384 1302144    0    0     0     3   60   99  0  0 100  0  0
 0  0      0 184236  89384 1302144    0    0     0   551  118  210  0  0 99  1  0
 0  0      0 184236  89384 1302148    0    0     0    10   59   99  0  0 100  0  0
 0  0      0 184236  89384 1302148    0    0     0     0   65  103  0  0 100  0  0
 0  0      0 184236  89384 1302148    0    0     0     4   65  101  0  0 100  0  0
 0  0      0 184236  89384 1302148    0    0     0    22   71  108  0  0 100  0  0
 0  0      0 184236  89384 1302148    0    0     0     0   59   98  0  0 100  0  0
 0  0      0 184236  89384 1302148    0    0     0     2   67  105  0  0 100  0  0
 0  0      0 184236  89384 1302148    0    0     0     3   60   98  0  0 100  0  0
 0  0      0 184236  89384 1302148    0    0     0     0   52   92  0  0 100  0  0
 0  0      0 184236  89384 1302148    0    0     0     2   59   97  0  0 100  0  0
 0  0      0 184236  89384 1302148    0    0     0    46   68  111  0  0 100  0  0
 0  0      0 184236  89384 1302148    0    0     0     5   59   98  0  0 100  0  0
 0  0      0 184236  89384 1302148    0    0     0     0   56   98  0  0 100  0  0
 0  0      0 184236  89384 1302148    0    0     0     2   58   96  0  0 100  0  0
 0  0      0 184236  89384 1302148    0    0     0     0   72  108  0  0 100  0  0
