procs -----------memory---------- ---swap-- -----io---- -system-- ------cpu-----
 r  b   swpd   free   buff  cache   si   so    bi    bo   in   cs us sy id wa st
 3  0      0 200988  88904 1289636    0    0     1     7   11   13  0  0 100  0  0
 0  0      0 200988  88904 1289652    0    0     0    16   69  116  0  0 100  0  0
 0  0      0 200988  88904 1289652    0    0     0     0   56   95  0  0 100  0  0
 0  0      0 200988  88904 1289652    0    0     0     2   66  108  0  0 100  0  0
 0  0      0 200988  88904 1289652    0    0     0   565  123  215  0  0 99  1  0
 0  0      0 200988  88904 1289652    0    0     0    10   57   96  0  0 100  0  0
 0  0      0 200988  88904 1289652    0    0     0     1   60   97  0  0 100  0  0
 0  0      0 200988  88904 1289652    0    0     0     5   66  106  0  0 100  0  0
 0  0      0 200988  88904 1289652    0    0     0     4   67  108  0  0 100  0  0
 0  0      0 200988  88904 1289652    0    0     0     0   56   99  0  0 100  0  0
 0  0      0 200988  88904 1289652    0    0     0     2   61   98  0  0 100  0  0
 0  0      0 200988  88904 1289652    0    0     0     8   66  104  0  0 100  0  0
 0  0      0 200988  88904 1289652    0    0     0     5   59  100  0  0 100  0  0
 0  0      0 200988  88904 1289652    0    0     0     3   57   97  0  0 100  0  0
 0  0      0 200736  88904 1289656    0    0     0    26  118  183  0  0 100  0  0
 0  0      0 200484  88904 1289656    0    0     0    24   82  119  0  0 100  0  0
 0  0      0 200484  88904 1289656    0    0     0     0   60   98  0  0 100  0  0
 0  0      0 200484  88904 1289656    0    0     0    14   65  100  0  0 100  0  0
 0  0      0 200484  88904 1289656    0    0     0     5   62   98  0  0 100  0  0
 1  0      0 189144  88904 1289668    0    0     0     8  136  211  2  1 97  0  0
