procs -----------memory---------- ---swap-- -----io---- -system-- ------cpu-----
 r  b   swpd   free   buff  cache   si   so    bi    bo   in   cs us sy id wa st
 1  0      0 171156  89844 1311816    0    0     1     8   12   14  0  0 100  0  0
 0  0      0 171156  89844 1311828    0    0     0    16   66  116  0  0 100  0  0
 0  0      0 171156  89844 1311828    0    0     0     0   65  103  0  0 100  0  0
 0  0      0 171156  89844 1311828    0    0     0     2   60   97  0  0 100  0  0
 0  0      0 171156  89844 1311828    0    0     0     0   59   95  0  0 100  0  0
 0  0      0 171156  89844 1311828    0    0     0   560  114  193  0  0 99  1  0
 0  0      0 171156  89844 1311828    0    0     0    11   73  107  0  0 100  0  0
 0  0      0 171156  89844 1311828    0    0     0     2   58   98  0  0 100  0  0
 0  0      0 171156  89844 1311828    0    0     0     4   60   98  0  0 100  0  0
 0  0      0 171156  89844 1311828    0    0     0     0   60   97  0  0 100  0  0
 0  0      0 171156  89844 1311828    0    0     0     2   69  108  0  0 100  0  0
 0  0      0 171156  89844 1311828    0    0     0     0   58   97  0  0 100  0  0
 0  0      0 171156  89844 1311828    0    0     0    14   70  107  0  0 100  0  0
 0  0      0 171156  89844 1311828    0    0     0     3   59   97  0  0 100  0  0
 0  0      0 171156  89844 1311828    0    0     0     1   71  109  0  0 100  0  0
 0  0      0 171156  89844 1311828    0    0     0     2   60   97  0  0 100  0  0
 0  0      0 171156  89844 1311828    0    0     0     0   59   95  0  0 100  0  0
 0  0      0 171156  89844 1311828    0    0     0     6   65  104  0  0 100  0  0
 0  0      0 171156  89844 1311828    0    0     0     1   75  109  0  0 100  0  0
