procs -----------memory---------- ---swap-- -----io---- -system-- ------cpu-----
 r  b   swpd   free   buff  cache   si   so    bi    bo   in   cs us sy id wa st
 4  0      0 175256  89620 1308900    0    0     1     7   12   14  0  0 100  0  0
 0  0      0 176016  89620 1308916    0    0     0    15   80  138  0  0 100  0  0
 0  0      0 176016  89620 1308916    0    0     0     0   55   93  0  0 100  0  0
 0  0      0 176016  89620 1308916    0    0     0     2   60   97  0  0 100  0  0
 0  0      0 176016  89620 1308916    0    0     0   546  115  199  0  0 99  1  0
 0  0      0 176016  89620 1308916    0    0     0    10   66  105  0  0 100  0  0
 0  0      0 176016  89620 1308916    0    0     0    19   63   98  0  0 100  0  0
 0  0      0 176016  89620 1308916    0    0     0     2   64   98  0  0 100  0  0
 0  0      0 176016  89620 1308916    0    0     0     5   70  110  0  0 100  0  0
 0  0      0 176016  89620 1308916    0    0     0     7   63  101  0  0 100  0  0
 0  0      0 176016  89620 1308916    0    0     0     2   67  101  0  0 100  0  0
 0  0      0 176016  89620 1308916    0    0     0     6   66  101  0  0 100  0  0
 0  0      0 176016  89620 1308916    0    0     0     5   72  109  0  0 100  0  0
 0  0      0 176016  89620 1308916    0    0     0     2   62  100  0  0 100  0  0
 0  0      0 176016  89620 1308916    0    0     0     6   59   95  0  0 100  0  0
 0  0      0 176016  89620 1308916    0    0     0     5   61   98  0  0 100  0  0
 0  0      0 176016  89620 1309048    0    0     0    40  101  144  0  0 100  0  0
 0  0      0 176016  89620 1309048    0    0     0     0   64  101  0  0 100  0  0
 0  0      0 176016  89620 1309048    0    0     0     6   58   94  0  0 100  0  0
