procs -----------memory---------- ---swap-- -----io---- -system-- ------cpu-----
 r  b   swpd   free   buff  cache   si   so    bi    bo   in   cs us sy id wa st
 3  0      0 714056  46280 510840    0    0     6   531   18    1  6  1 91  0  2
 0  0      0 713608  46284 511548    0    0     0   266  238  300  1  0 99  0  0
 0  0      0 712488  46284 512920    0    0     0   267  335  381  1  0 98  0  0
 0  0      0 711688  46288 514828    0    0     0    27  385  418  1  0 98  0  0
 0  0      0 710764  46288 517584    0    0     0    35  535  579  2  1 97  0  1
 0  0      0 709840  46292 520176    0    0     0    48  531  542  2  0 97  0  0
 2  0      0 709392  46296 523016    0    0     0   123  555  593  2  1 97  0  0
 0  0      0 708944  46300 525684    0    0     0   118  527  545  2  0 98  0  0
 0  0      0 708496  46300 528460    0    0     0   254  550  572  2  1 97  0  0
 0  0      0 707572  46300 531340    0    0     0   310  537  572  2  0 98  0  0
 0  0      0 706900  46300 534104    0    0     0   518  546  576  1  1 98  0  0
 0  0      0 705976  46304 536692    0    0     0   590  506  531  2  0 98  0  0
 0  0      0 705528  46308 539620    0    0     0   626  560  588  2  1 98  0  0
 0  0      0 704604  46308 542208    0    0     0   719  538  559  2  1 97  0  0
 0  0      0 703904  46312 545136    0    0     0   640  562  598  2  1 97  0  0
 0  0      0 703232  46320 547736    0    0     0   595  508  542  1  1 98  0  0
 0  0      0 702980  46320 550320    0    0     0   623  530  571  2  1 93  0  4
 0  0      0 702084  46324 552216    0    0     0   589  383  443  1  1 98  0  0
 0  0      0 701188  46324 553260    0    0     0   581  236  289  1  0 99  0  0
