procs -----------memory---------- ---swap-- -----io---- -system-- ------cpu-----
 r  b   swpd   free   buff  cache   si   so    bi    bo   in   cs us sy id wa st
 3  0      0 200896  88904 1292128    0    0     1     7   11   13  0  0 100  0  0
 0  0      0 200896  88904 1292144    0    0     0    15   72  129  0  0 100  0  0
 0  0      0 200896  88904 1292144    0    0     0   544  111  195  0  0 99  1  0
 0  0      0 200644  88904 1292144    0    0     0     6   63  105  0  0 100  0  0
 0  0      0 200644  88904 1292144    0    0     0     5   54   94  0  0 100  0  0
 0  0      0 200644  88904 1292144    0    0     0     7   60  100  0  0 100  0  0
 0  0      0 200644  88904 1292144    0    0     0     0   57   94  0  0 100  0  0
 0  0      0 200392  88904 1292144    0    0     0     5   78  125  0  0 100  0  0
 0  0      0 200140  88904 1292148    0    0     0     6   61   98  0  0 100  0  0
 0  0      0 200140  88904 1292148    0    0     0     9   57   96  0  0 100  0  0
 0  0      0 200140  88904 1292148    0    0     0     2   55   96  0  0 100  0  0
 0  0      0 200140  88904 1292148    0    0     0     0   71  109  0  0 100  0  0
 0  0      0 200140  88904 1292148    0    0     0     2   61  101  0  0 100  0  0
 0  0      0 200140  88904 1292148    0    0     0     0   58   98  0  0 100  0  0
 0  0      0 200140  88904 1292148    0    0     0     4   61   95  0  0 100  0  0
 0  0      0 200140  88904 1292148    0    0     0     3   68  110  0  0 100  0  0
 0  0      0 200140  88904 1292148    0    0     0     1   55   97  0  0 100  0  0
 0  0      0 200140  88904 1292148    0    0     0     2   66  109  0  0 100  0  0
 0  0      0 200140  88904 1292148    0    0     0     7   56   96  0  0 100  0  0
