procs -----------memory---------- ---swap-- -----io---- -system-- ------cpu-----
 r  b   swpd   free   buff  cache   si   so    bi    bo   in   cs us sy id wa st
 2  0      0 189544  75012 1111952    0    0     2    12   10    8  6  1 93  0  1
 0  0      0 189544  75012 1111948    0    0     0    28  150  228  0  0 100  0  0
 0  0      0 189544  75012 1111948    0    0     0     8  211  306  0  0 99  0  1
 0  0      0 189544  75012 1111952    0    0     0     6  268  382  1  0 99  0  0
 0  0      0 189544  75016 1111956    0    0     0     7  329  459  1  1 98  0  0
 0  0      0 189544  75016 1111960    0    0     0    97  332  469  1  0 98  0  0
 0  0      0 189544  75016 1111968    0    0     0   197  352  493  1  0 98  0  0
 0  0      0 189544  75016 1111968    0    0     0    14  328  466  1  0 99  0  0
 0  0      0 189544  75016 1111972    0    0     0    10  323  459  1  1 99  0  0
 0  0      0 189544  75016 1111980    0    0     0    15  319  458  1  0 98  0  0
 0  0      0 189544  75016 1111980    0    0     0     6  320  461  1  0 98  0  0
 0  0      0 189544  75016 1112116    0    0     0    10  326  463  1  0 98  0  0
 0  0      0 189544  75016 1112120    0    0     0     6  323  458  1  0 98  0  0
 0  0      0 189544  75016 1112128    0    0     0    49  323  462  1  0 98  0  0
 0  0      0 189544  75020 1112128    0    0     0    18  327  460  1  0 98  0  1
 0  0      0 189544  75020 1112136    0    0     0     0  336  479  1  1 98  0  0
 0  0      0 189544  75020 1112136    0    0     0    12  313  441  1  1 99  0  0
 0  0      0 189544  75020 1112140    0    0     0     7  229  323  1  0 99  0  0
 0  0      0 189544  75020 1112140    0    0     0     6  146  211  0  0 99  0  0
