procs -----------memory---------- ---swap-- -----io---- -system-- ------cpu-----
 r  b   swpd   free   buff  cache   si   so    bi    bo   in   cs us sy id wa st
 4  0      0 202232  88904 1291940    0    0     1     7   11   13  0  0 100  0  0
 0  0      0 202232  88904 1291996    0    0     0    15   77  132  0  0 100  0  0
 0  0      0 202232  88904 1291996    0    0     0     0   61   98  0  0 100  0  0
 0  0      0 202232  88904 1291996    0    0     0     2   57   96  0  0 100  0  0
 0  0      0 202236  88904 1291996    0    0     0   539  122  209  0  0 99  1  0
 0  0      0 202236  88904 1291996    0    0     0    12   69  113  0  0 100  0  0
 0  0      0 202236  88904 1291996    0    0     0     3   58   95  0  0 100  0  0
 0  0      0 202236  88904 1291996    0    0     0     2   64  105  0  0 100  0  0
 0  0      0 203244  88904 1291996    0    0     0    22   73  109  0  0 100  0  0
 0  0      0 203244  88904 1291996    0    0     0     0   57   98  0  0 100  0  0
 0  0      0 203244  88904 1291996    0    0     0     2   60   97  0  0 100  0  0
 0  0      0 203244  88904 1291996    0    0     0     1   59   95  0  0 100  0  0
 0  0      0 203496  88904 1291996    0    0     0     3   67  105  0  0 100  0  0
 0  0      0 203496  88904 1291996    0    0     0     0   54   94  0  0 100  0  0
 0  0      0 203496  88904 1291996    0    0     0     3   61   98  0  0 100  0  0
 0  0      0 203496  88904 1291996    0    0     0     0   56   94  0  0 100  0  0
 0  0      0 202992  88904 1291996    0    0     0     3   66  106  0  0 100  0  0
 0  0      0 202992  88904 1291996    0    0     0     6   68  109  0  0 100  0  0
 0  0      0 202992  88904 1291996    0    0     0     2   64  102  0  0 100  0  0
 0  0      0 202992  88904 1291996    0    0     0     3   56   98  0  0 100  0  0
