procs -----------memory---------- ---swap-- -----io---- -system-- ------cpu-----
 r  b   swpd   free   buff  cache   si   so    bi    bo   in   cs us sy id wa st
 1  0      0 240200  74656 1085760    0    0     2    12   10    7  6  1 92  0  1
 0  0      0 239976  74656 1085776    0    0     0    15  181  239  0  0 99  0  0
 0  0      0 239752  74656 1085776    0    0     0    10  250  319  1  0 98  0  0
 0  0      0 239752  74656 1085780    0    0     0   290  403  472  2  0 97  0  1
 0  0      0 239752  74656 1085780    0    0     0     2  399  495  2  0 97  0  0
 0  0      0 239752  74656 1085788    0    0     0    15  424  527  2  0 97  0  0
 0  0      0 239304  74656 1085788    0    0     0     6  401  490  2  1 97  0  0
 0  0      0 239080  74656 1085796    0    0     0    84  427  551  2  1 96  0  1
 0  0      0 238632  74656 1085928    0    0     0    14  395  502  2  0 97  0  0
 1  0      0 238408  74656 1085932    0    0     0     6  426  546  2  0 97  0  0
 0  0      0 238408  74656 1085936    0    0     0     6  388  480  2  1 97  0  0
 0  0      0 238184  74656 1085944    0    0     0     9  412  527  2  1 97  0  0
 0  0      0 237736  74656 1085944    0    0     0     6  427  518  2  0 97  0  0
 0  0      0 237512  74656 1085948    0    0     0    54  429  535  2  0 97  0  0
 0  0      0 237288  74656 1085956    0    0     0    21  415  509  2  1 97  0  0
 0  0      0 237064  74656 1085956    0    0     0     6  425  536  2  0 97  0  0
 0  0      0 237064  74660 1085964    0    0     0     6  375  459  2  0 98  0  0
 0  0      0 237064  74660 1085964    0    0     0     9  308  385  1  0 98  0  0
 0  0      0 237064  74660 1085952    0    0     0     6  157  211  1  0 99  0  0
