procs -----------memory---------- ---swap-- -----io---- -system-- ------cpu-----
 r  b   swpd   free   buff  cache   si   so    bi    bo   in   cs us sy id wa st
 1  0      0 673484  50604 557092    0    0     6   529   19    2  6  1 92  0  2
 1  0      0 673740  50608 557124    0    0     0    42  180  281  0  0 99  0  0
 0  0      0 673740  50616 557160    0    0     0   278  290  421  1  0 99  0  0
 0  0      0 673740  50624 557212    0    0     0    26  329  488  1  0 99  0  0
 0  0      0 673740  50628 557280    0    0     0    78  435  632  1  0 99  0  0
 1  0      0 673740  50628 557348    0    0     0   269  472  706  1  0 98  0  0
 0  0      0 673740  50628 557416    0    0     0    34  436  633  1  0 99  0  0
 1  0      0 673740  50628 557496    0    0     0    41  469  687  1  0 99  0  0
 0  0      0 673740  50628 557560    0    0     0    95  428  630  1  0 99  0  0
 0  0      0 673740  50636 557632    0    0     0    42  456  672  1  0 99  0  0
 0  0      0 673740  50644 557712    0    0     0   144  450  662  1  1 98  0  0
 1  0      0 673740  50652 557776    0    0     0    57  439  645  1  1 98  0  0
 0  0      0 673740  50652 557984    0    0     0    53  439  644  1  1 96  0  2
 0  0      0 673740  50656 558052    0    0     0    50  435  626  1  0 99  0  0
 0  0      0 673740  50656 558128    0    0     0   112  486  710  1  1 98  0  0
 0  0      0 673740  50660 558200    0    0     0    54  435  632  1  0 99  0  0
 0  0      0 673740  50664 558268    0    0     0    51  458  664  1  1 98  0  0
 0  0      0 673740  50664 558320    0    0     0   174  326  468  1  0 99  0  0
 0  0      0 673740  50664 558344    0    0     0    41  224  327  0  0 99  0  0
