procs -----------memory---------- ---swap-- -----io---- -system-- ------cpu-----
 r  b   swpd   free   buff  cache   si   so    bi    bo   in   cs us sy id wa st
 1  0      0 738568  46040 509352    0    0     6   531   18    1  6  1 91  0  2
 0  0      0 738344  46044 510048    0    0     0    19  208  257  1  0 99  0  0
 0  0      0 737448  46048 511436    0    0     0    24  311  339  1  0 99  0  0
 0  0      0 737448  46048 513336    0    0     0   306  420  466  1  0 98  0  0
 0  0      0 737224  46048 516092    0    0     0    89  546  571  2  1 97  0  0
 1  0      0 733752  46052 518680    0    0     0   110  531  559  2  1 98  0  0
 0  0      0 732800  46060 521612    0    0     0    43  550  584  2  0 98  0  0
 0  0      0 731092  46064 524204    0    0     0   142  530  546  1  1 98  0  0
 0  0      0 729132  46068 526948    0    0     0   310  525  563  3  1 93  0  4
 0  0      0 725912  46068 529716    0    0     0   474  538  589  2  0 98  0  0
 0  0      0 724456  46068 532480    0    0     0   593  553  571  2  1 98  0  0
 1  0      0 722272  46068 535128    0    0     0   589  527  552  2  0 98  0  0
 0  0      0 719808  46072 538068    0    0     0   706  550  584  1  1 98  0  0
 0  0      0 715580  46072 540788    0    0     0   589  532  559  2  1 97  0  0
 0  0      0 714376  46072 543552    0    0     0    41  546  567  2  0 97  0  0
 0  0      0 712192  46076 546312    0    0     0   590  555  578  2  1 98  0  0
 0  0      0 709756  46080 549032    0    0     0   657  536  552  2  0 98  0  0
 0  0      0 708272  46088 551096    0    0     0   621  433  473  2  0 98  0  0
 0  0      0 708020  46096 551960    0    0     0   583  223  258  1  0 99  0  0
