procs -----------memory---------- ---swap-- -----io---- -system-- ------cpu-----
 r  b   swpd   free   buff  cache   si   so    bi    bo   in   cs us sy id wa st
 1  0      0 665356  51476 568064    0    0     6   528   19    3  6  1 92  0  2
 0  0      0 665356  51476 568096    0    0     0   320  180  278  0  0 100  0  0
 2  0      0 665356  51476 568128    0    0     0    25  214  296  0  0 98  0  1
 0  0      0 665356  51480 568184    0    0     0    32  252  348  0  0 99  0  0
 0  0      0 665356  51484 568256    0    0     0   264  375  520  0  0 99  0  0
 0  0      0 665356  51488 568456    0    0     0    39  334  458  1  0 99  0  0
 0  0      0 665356  51488 568536    0    0     0    38  337  462  0  1 99  0  0
 0  0      0 665356  51488 568600    0    0     0   169  333  454  0  0 99  0  0
 0  0      0 665356  51492 568676    0    0     0   114  340  468  0  0 99  0  0
 0  0      0 665356  51496 568748    0    0     0    51  333  455  1  0 99  0  0
 0  0      0 665356  51500 568816    0    0     0    50  340  472  1  0 99  0  0
 0  0      0 665356  51504 569016    0    0     0    52  319  434  1  0 99  0  0
 0  0      0 665356  51512 569092    0    0     0    54  352  480  1  1 99  0  0
 0  0      0 665356  51512 569164    0    0     0    58  330  455  1  0 99  0  0
 0  0      0 665356  51512 569236    0    0     0   233  332  453  1  0 98  0  1
 0  0      0 665356  51512 569308    0    0     0    39  340  458  0  0 99  0  0
 0  0      0 665356  51516 569372    0    0     0    50  325  444  0  0 99  0  0
 0  0      0 665356  51516 569432    0    0     0    13  268  366  1  0 99  0  0
 0  0      0 665356  51524 569460    0    0     0    45  163  241  0  0 100  0  0
