procs -----------memory---------- ---swap-- -----io---- -system-- ------cpu-----
 r  b   swpd   free   buff  cache   si   so    bi    bo   in   cs us sy id wa st
 3  0      0 681152  49040 543728    0    0     6   530   19    2  6  1 91  0  2
 0  0      0 680928  49048 543744    0    0     0    90  208  306  1  0 99  0  0
 0  0      0 680928  49056 543776    0    0     0    22  319  443  1  1 98  0  0
 0  0      0 681688  49060 543820    0    0     0    26  373  534  1  0 99  0  0
 0  0      0 681464  49068 543888    0    0     0   528  512  747  1  0 98  1  0
 0  0      0 681464  49072 543964    0    0     0    41  503  729  1  1 98  0  0
 0  0      0 681464  49072 544024    0    0     0    35  475  686  1  0 99  0  0
 0  0      0 681464  49072 544100    0    0     0    46  480  694  1  1 98  0  0
 0  0      0 681212  49072 544176    0    0     0    50  515  752  1  1 98  0  0
 0  0      0 680988  49076 544372    0    0     0   154  474  693  1  0 98  0  0
 0  0      0 680988  49080 544452    0    0     0    49  505  728  1  1 98  0  0
 0  0      0 680988  49084 544516    0    0     0   151  512  739  1  1 98  0  0
 0  0      0 681748  49088 544596    0    0     0    56  489  700  2  1 92  0  5
 0  0      0 681748  49088 544656    0    0     0    60  523  735  1  1 98  0  0
 0  0      0 681748  49096 544736    0    0     0    58  483  693  1  1 98  0  0
 0  0      0 681748  49096 544808    0    0     0    16  477  680  1  0 99  0  0
 1  0      0 681748  49100 544880    0    0     0   177  484  688  1  0 98  0  0
 0  0      0 681748  49104 544932    0    0     0   146  425  597  1  1 98  0  0
 0  0      0 681748  49108 544960    0    0     0    45  235  324  1  0 99  0  0
