procs -----------memory---------- ---swap-- -----io---- -system-- ------cpu-----
 r  b   swpd   free   buff  cache   si   so    bi    bo   in   cs us sy id wa st
 1  0      0 198272  89384 1299492    0    0     1     7   11   13  0  0 100  0  0
 0  0      0 198272  89384 1299504    0    0     0    42   67  117  0  0 100  0  0
 0  0      0 198272  89384 1299504    0    0     0     0   55   96  0  0 100  0  0
 0  0      0 198272  89384 1299504    0    0     0     2   56   97  0  0 100  0  0
 0  0      0 198272  89384 1299504    0    0     0   590  133  231  0  0 99  1  0
 0  0      0 198272  89384 1299504    0    0     0    10   56   97  0  0 100  0  0
 0  1      0 198272  89384 1299504    0    0     0     5   55   98  0  0 100  0  0
 0  0      0 198272  89384 1299504    0    0     0     1   55   96  0  0 100  0  0
 0  0      0 198272  89384 1299504    0    0     0     2   67  107  0  0 100  0  0
 0  0      0 198272  89384 1299504    0    0     0     3   59   98  0  0 100  0  0
 0  0      0 198272  89384 1299504    0    0     0     0   56   94  0  0 100  0  0
 0  0      0 198272  89384 1299504    0    0     0    14   61  100  0  0 100  0  0
 0  0      0 198272  89384 1299504    0    0     0     3   66  106  0  0 100  0  0
 0  0      0 198272  89384 1299504    0    0     0     1   58   96  0  0 100  0  0
 0  0      0 198272  89384 1299504    0    0     0     2   56   95  0  0 100  0  0
 0  0      0 198272  89384 1299504    0    0     0     5   64  102  0  0 100  0  0
 0  0      0 198272  89384 1299504    0    0     0     0   65  108  0  0 100  0  0
 0  0      0 198272  89384 1299504    0    0     0     3   65  103  0  0 100  0  0
 0  0      0 198272  89384 1299504    0    0     0     4   61  101  0  0 100  0  0
