procs -----------memory---------- ---swap-- -----io---- -system-- ------cpu-----
 r  b   swpd   free   buff  cache   si   so    bi    bo   in   cs us sy id wa st
 5  0      0 246252  73960 1075328    0    0     2    11    9    7  6  1 92  0  1
 0  0      0 246252  73960 1075332    0    0     0    12  192  306  1  0 99  0  0
 0  0      0 246252  73960 1075336    0    0     0     0  294  449  1  0 98  0  0
 0  0      0 246252  73968 1075340    0    0     0   443  507  634  2  0 97  1  0
 1  0      0 246252  73968 1075344    0    0     0     8  525  809  3  1 95  0  0
 0  0      0 246252  73968 1075348    0    0     0     9  499  758  3  1 96  0  0
 0  0      0 246028  73968 1075352    0    0     0    26  494  758  3  1 96  0  0
 2  0      0 246028  73968 1075356    0    0     0    47  507  780  3  1 96  0  0
 0  0      0 245804  73968 1075364    0    0     0     3  508  773  3  1 95  0  0
 0  0      0 245580  73968 1075364    0    0     0     8  488  741  3  1 96  0  0
 0  0      0 245580  73968 1075372    0    0     0     6  482  744  3  0 96  0  0
 0  0      0 245580  73968 1075504    0    0     0     6  504  753  3  1 91  0  5
 0  0      0 245580  73972 1075508    0    0     0     9  510  787  3  1 95  0  1
 0  0      0 245356  73972 1075512    0    0     0    60  492  744  3  1 97  0  0
 0  0      0 245356  73976 1075520    0    0     0    13  485  732  3  1 96  0  0
 0  0      0 245356  73976 1075520    0    0     0    50  484  738  3  1 95  0  0
 0  0      0 245356  73976 1075524    0    0     0    11  502  770  3  1 96  0  0
 0  0      0 245356  73976 1075528    0    0     0    42  354  539  2  0 98  0  0
 0  0      0 245356  73976 1075528    0    0     0    11  209  316  1  0 99  0  0
